@fffff
v@aTR'
@wKA
 !"#$%&'()*+,-./0123456789:;<=>?@ABCDEFGHIJKLMNOPQRSTUVWXYZ[\]^_`abcdefghijklmnopqrstuvwxyz{|}~
3.16.0
 !"#$%&'()*+,-./0123456789:;<=>?@abcdefghijklmnopqrstuvwxyz[\]^_`abcdefghijklmnopqrstuvwxyz{|}~

******""""""""""""""""""""
@@@@@@@@@@@@@@@@@@@@@@@@@@@@@@@@@@@@@@@@@@@@@@@@@@@@@@@@@@@@@@@@@@@@@@@@@@@@@@@@@@@@@@@@@@@@@@@@@@@@@@@@@@@@@@@@@@@@@@@@@@@@@@@@
pragma page_size=1024
pragma page_size=2048
pragma page_size=4096
pragma page_size=8192
pragma auto_vacuum=0
pragma auto_vacuum=1
pragma auto_vacuum=2
SQLite format 3
-wal
-journal
-shm
-journal
-wal
BINARY
  !!""##$$%%&&''(())**++,,--..//00112233445566778899
REINDEXEDESCAPEACHECKEYBEFOREIGNOREGEXPLAINSTEADDATABASELECTABLEFTHENDEFERRABLELSEXCEPTRANSACTIONATURALTERAISEXCLUSIVEXISTSAVEPOINTERSECTRIGGEREFERENCESCONSTRAINTOFFSETEMPORARYUNIQUERYWITHOUTERELEASEATTACHAVINGROUPDATEBEGINNERECURSIVEBETWEENOTNULLIKECASCADELETECASECOLLATECREATECURRENT_DATEDETACHIMMEDIATEJOINSERTMATCHPLANALYZEPRAGMABORTVALUESVIRTUALIMITWHENWHERENAMEAFTEREPLACEANDEFAULTAUTOINCREMENTCASTCOLUMNCOMMITCONFLICTCROSSCURRENT_TIMESTAMPRIMARYDEFERREDISTINCTDROPFAILFROMFULLGLOBYIFISNULLORDERESTRICTRIGHTROLLBACKROWUNIONUSINGVACUUMVIEWINITIALLY
LiuJ
tU6p
|j<{9
_\aXm
xPq>.T
^(;r
F*HhO?qJK
vXic
bT #
<R9x[
Db__f
rI{b
"~VbWs}YZLt
&&&&&&&&&&
 !"#$%&'()
+,-./012345
 !"#$%&'()
+,-./012345/012345=aa
12345F
 !"#$%&'()
+,-./012345
 !"#$%&'()Q+,-./01234578
 !"#$%&'()O+,-./012345
 !"#$%&'()
+,-./012345
 !"#$%&'()
+,-./012345
 !"#$%&'()
+,-./012345
 !"#$%&'()
+,-./012345
 !"#$%&'()
+,-./012345
 !"#$%&'()
+,-./012345
 !"#$%&'()
+,-./012345
 !"#$%&'()
+,-./012345
8787
 !"#$%&'()
+,-./012345
 !"#$%&'()
+,-./012345
 !"#$%&'()
+,-./012345
 !"#$%&'()
+,-./012345
cdefghi
lmn678
/0wx
B678
fghB
_Sab
NT/01b
V678
o&'()S+,-./012345_
e/0aU\
678\1
Blmn
S+,-./012345_
ab78eab
lmn78tI
ab/0
B/0ab
_Fab
abGd78
&'()*+,-./012345
XIZK
%ade7
%o%8%%@z
7777
7777
777777777777777777777777777777777777777I
=;:<
naturaleftouterightfullinnercross
onoffalseyestruextrafull
0123456789ABCDEF
(*+*
aceinouyyacdeeghijklnorstuuwyzouaiougkojgnaeiorusthaeoy
abddefghhikllmnprrstuvwwxyzhtwyaeiouy
@(#)PROGRAM:sqlite3  PROJECT:SQLite-254.5
SQLITE_
unix
unix-none
unix-dotfile
unix-excl
unix-posix
unix-flock
unix-afp
unix-nfs
unix-proxy
/usr/lib/libSystem.dylib
guarded_open_np
guarded_close_np
guarded_pwrite_np
guarded_write_np
v8@?0
source and destination must be distinct
string or blob too big
cannot open virtual table: %s
cannot open table without rowid: %s
cannot open view: %s
no such column: "%s"
foreign key
indexed
cannot open %s column for writing
create
trigger
temp
temporary
explain
2016-11-04 19:09:39 0e5ffd9123d6d2d2b8f3701e8a73cc98a3a7ff5f
unknown database: %s
Query: %s
 Execution Time: %llu ms
TraceSQL(%p): %s
INTEGER
no such table column: %s.%s
CREATE VIRTUAL TABLE temp.%Q USING %Q
carray
COMPILER=clang-8.1.0
ENABLE_API_ARMOR
ENABLE_FTS3
ENABLE_FTS3_PARENTHESIS
ENABLE_JSON1
ENABLE_LOCKING_STYLE=1
ENABLE_RTREE
ENABLE_UPDATE_DELETE_LIMIT
HAVE_ISNAN
MAX_MMAP_SIZE=20971520
OMIT_AUTORESET
OMIT_BUILTIN_TEST
OMIT_LOAD_EXTENSION
SYSTEM_MALLOC
THREADSAFE=2
BUG IN CLIENT OF sqlite3.dylib: illegal multi-threaded access to database connection
Set a breakpoint in sqlite3MutexMisuseAssert to debug.
Paper
GooglePhotos
thstndrd
0123456789ABCDEF0123456789abcdef
NULL
(NULL)
unopened
API call with %s database connection pointer
apfs
afpfs
smbfs
webdav
cannot fstat db file %s
file unlinked while open: %s
multiple links to file: %s
file renamed while open: %s
open
close
access
getcwd
stat
fstat
ftruncate
fcntl
read
pread
pread64
write
pwrite
pwrite64
fchmod
fallocate
unlink
openDirectory
mkdir
rmdir
fchown
geteuid
mmap
munmap
mremap
getpagesize
readlink
lstat
attempt to open "%s" as file descriptor %d
/dev/null
[%.10s]:%d: (%d) %s(%s) - %s
cannot open file
%s at line %d of [%.10s]
denying read from invalidated fd %d
denying illegal read from offset %u, length: %u, file: %s (heap corruption?)
denying write to invalidated fd %d
denying illegal write to offset %u, length: %u, file: %s (heap corruption?)
denying truncate of invalidated fd %d
denying sync of invalidated fd %d
full_fsync
denying fileSize on invalidated fd %d
denying fcntl on invalidated fd %d
%s/etilqs_%llx%c
/var/tmp
/usr/tmp
/tmp
sqlite3_temp_directory
$SQLITE_TMPDIR
confstr(_CS_DARWIN_USER_TEMP_DIR)
$TMPDIR
SQLITE_TMPDIR
TMPDIR
No temporary directory is accessible.  This is not a legitimate configuration.  Either the process environment or its sandbox is misconfigured.  Various library routines will error out abruptly.
 Attempted temporary directory type '%s' at path '%s' with stat() errno %d and access errno %d
 Did not attempt temporary directory type '%s' as its value is NULL
_CS_DARWIN_USER_TEMP_DIR was deleted out from underneath this process.  This is illegal and likely to cause crashes and data corruption.
:auto: (not held)
:auto:
ERROR: sqlite database is locked because it is in use by another host that holds a host-exclusive lock on %s; this host (UUID %s) cannot override the host-exclusive lock until the other host (UUID %s) releases its locks on %s
break
path error (len %d)
read error (len %d)
create failed (%d)
write failed (%d)
rename failed (%d)
broke stale lock on %s
failed to break stale lock on %s, %s
sqliteplocks
dummy
psow
%s.lock
invalidated open fd: %d (0x%02lx)
<unresolvable path>
truncated
unlinked
linked
renamed
revoked
affected by unexpected operation
affected by unexpected operations
BUG IN CLIENT OF libsqlite3.dylib: database integrity compromised by API violation: vnode %s while in use: %s
BUG IN CLIENT OF libsqlite3.dylib: database integrity compromised by API violation: vnode %s while in use
-shm
-wal
-journal
-conch
0x%08llx
/AppleInternal
%s: %s
%s. See syslog for more information
/iTunes/MediaLibrary.sqlitedb
/PhotoData/Photos.sqlite
/Notes/notes.sqlite
/Accounts/Accounts3.sqlite
/Calendar/Calendar.sqlitedb
/AddressBook/AddressBook.sqlitedb
/NoteStore.sqlite
Truncate database failed because TMPDIR is not set correctly
tmpsqlitetruncatedbXXXXXX
pragma journal_mode=wal
failed to open temp database '%s' to reset truncated database %s with flags %x: %d
failed to set '%s' on truncated database %s, %d: %s
<dst db null>
<dst path null>
unixTruncateDatabase() failed with %d for replacing '%s' with flags %x
BEGIN EXCLUSIVE
COMMIT
PRAGMA main.journal_mode
main
Replace database failed because TMPDIR is not set correctly
BEGIN DEFERRED; PRAGMA schema_version
tmpsqlitereplacedbXXXXXX
PRAGMA main.cache_size
PRAGMA cache_size=%d
PRAGMA main.cache_spill
PRAGMA cache_spill=%d
BEGIN DEFERRED; PRAGMA schema_version; COMMIT;
PRAGMA journal_mode=WAL
PRAGMA journal_mode=DELETE
BEGIN DEFERRED; PRAGMA schema_version;
PRAGMA schema_version
<src path null>
unixReplaceDatabase() failed with error %d for replacing '%s' with '%s' 
modeof
fcntl(%d) failed: errno=%d
denying shm read from invalidated fd %d
%s-shm
readonly_shm
msdos
exfat
SQLITE_FORCE_PROXY_LOCKING
acfs
fsync
/dev/urandom
no such table: 
statement aborts at 
unknown database %s
unable to open a temporary database file for storing temporary tables
:memory:
nolock
immutable
recovered %d frames from WAL file %s
database corruption
cannot limit WAL size: %s
recovered %d pages from %s
assetsd
backupd
bird
callservicesd
cloudd
dataaccessd
duetexpert
healthd
IMDPersistence
IMDPersistenceAgent
itunesstored
keybagd
mediaanalysisd
medialibraryd
MobileMail
MobileNotes
MobileSafari
nsurlstoraged
pipelined
resentsd
searchd
securityd
SpringBoard
suggestd
destination database is in use
API called with finalized prepared statement
FOREIGN KEY constraint failed
%s using SQLite master journal facility for transaction spanning multiple files.  rdar://problem/24758127 
%s-mjXXXXXX9XXz
MJ delete: %s
MJ collide: %s
-mj%06X9%02X
%lld
%!.15g
922337203685477580
API called with NULL prepared statement
%.2x
Savepoint
AutoCommit
Transaction
SorterNext
PrevIfOpen
NextIfOpen
Prev
Next
Checkpoint
JournalMode
Vacuum
VFilter
VUpdate
Goto
Gosub
InitCoroutine
Yield
MustBeInt
Jump
Once
IfNot
SeekLT
SeekLE
SeekGE
SeekGT
NoConflict
NotFound
Found
SeekRowid
NotExists
IsNull
NotNull
ElseNotEq
BitAnd
BitOr
ShiftLeft
ShiftRight
Subtract
Multiply
Divide
Remainder
Concat
Last
BitNot
SorterSort
Sort
Rewind
IdxLE
IdxGT
IdxLT
IdxGE
RowSetRead
RowSetTest
Program
FkIfZero
IfPos
IfNotZero
DecrJumpZero
IncrVacuum
VNext
Init
Return
EndCoroutine
HaltIfNull
Halt
Integer
Int64
String
Null
SoftNull
Blob
Variable
Move
Copy
SCopy
IntCopy
ResultRow
CollSeq
Function0
Function
AddImm
RealAffinity
Cast
Permutation
Compare
Column
String8
Affinity
MakeRecord
Count
ReadCookie
SetCookie
ReopenIdx
OpenRead
OpenWrite
OpenAutoindex
OpenEphemeral
SorterOpen
SequenceTest
OpenPseudo
Close
ColumnsUsed
Sequence
NewRowid
Insert
InsertInt
Delete
ResetCount
SorterCompare
SorterData
RowKey
RowData
Rowid
NullRow
SorterInsert
IdxInsert
IdxDelete
Seek
IdxRowid
Destroy
Clear
Real
ResetSorter
CreateIndex
CreateTable
ParseSchema
LoadAnalysis
DropTable
DropIndex
DropTrigger
IntegrityCk
RowSetAdd
Param
FkCounter
MemMax
OffsetLimit
AggStep0
AggStep
AggFinal
Expire
TableLock
VBegin
VCreate
VDestroy
VOpen
VColumn
VRename
Pagecount
MaxPgcnt
CursorHint
Noop
Explain
k(%d
,%s%s
(%.20s)
%s(%d)
%.16g
(blob)
vtab:%p
program
NOT NULL
UNIQUE
CHECK
FOREIGN KEY
%s constraint failed
%z: %s
abort at %d in [%s]: %s
cannot open savepoint - SQL statements in progress
no such savepoint: %s
cannot release savepoint - SQL statements in progress
cannot commit transaction - SQL statements in progress
cannot start a transaction within a transaction
cannot rollback - no transaction is active
cannot commit - no transaction is active
database schema has changed
sqlite_temp_master
sqlite_master
SELECT name, rootpage, sql FROM '%q'.%s WHERE %s ORDER BY rowid
too many levels of trigger recursion
cannot change %s wal mode from within a transaction
into
out of
database table is locked: %s
statement aborts at %d: [%s] %s
out of memory
create 
invalid rootpage
malformed database schema (%s)
%z - %s
sqlite_stat1
SELECT tbl,idx,stat FROM %Q.sqlite_stat1
unordered*
sz=[0-9]*
noskipscan*
Main freelist: 
Page %d is never used
Pointer map page %d is referenced
%d of %d pages missing from overflow list starting at %d
failed to get page %d
freelist leaf count too big on page %d
free-page count in header is too small
invalid page number %d
2nd reference to page %d
Failed to read ptrmap key=%d
Bad ptr map entry key=%d expected=(%d,%d) got=(%d,%d)
Page %d: 
unable to get the page. error code=%d
btreeInitPage() returns error code %d
On tree page %d cell %d: 
On page %d at right child: 
Offset %d out of range %d..%d
Extends off end of page
Rowid %lld out of order
Child page depth differs
Multiple uses for byte %u of page %d
Fragmentation of %d bytes reported as %d on page %d
delete
persist
truncate
memory
cannot VACUUM from within a transaction
cannot VACUUM - SQL statements in progress
ATTACH''AS vacuum_db
BEGIN
SELECT sql FROM "%w".sqlite_master WHERE type='table'AND name<>'sqlite_sequence' AND coalesce(rootpage,1)>0
SELECT sql FROM "%w".sqlite_master WHERE type='index' AND length(sql)>10
SELECT'INSERT INTO vacuum_db.'||quote(name)||' SELECT*FROM"%w".'||quote(name)FROM vacuum_db.sqlite_master WHERE type='table'AND coalesce(rootpage,1)>0
INSERT INTO vacuum_db.sqlite_master SELECT*FROM "%w".sqlite_master WHERE type IN('view','trigger') OR(type='table'AND rootpage=0)
no such module: %s
vtable constructor called recursively: %s
vtable constructor failed: %s
vtable constructor did not declare schema: %s
bind on a busy prepared statement: [%s]
'%.*q'
zeroblob(%d)
%02x
cannot open value of type %s
null
real
integer
no such rowid: %lld
no such view
no such table
%s: %s.%s
database schema is locked: %s
statement too long
addr
opcode
comment
selectid
order
from
detail
sqlite3_get_table() called with two or more incompatible queries
unrecognized token: "%T"
parser stack overflow
rowid
unknown table option: %.*s
DELETE
set list
UPDATE
near "%T": syntax error
too many arguments on function %T
qualified table names are not allowed on INSERT, UPDATE, and DELETE statements within triggers
the INDEXED BY clause is not allowed on UPDATE or DELETE statements within triggers
the NOT INDEXED clause is not allowed on UPDATE or DELETE statements within triggers
no such collation sequence: %s
misuse of aggregate: %s()
unknown function: %s()
row value misused
RAISE() may only be used within a trigger-program
%s%s
hex literal too big: %s
sub-select returns %d columns - expected %d
EXECUTE %s%s SUBQUERY %d
CORRELATED 
LIST
SCALAR
USING INDEX %s FOR IN-OPERATOR
not authorized
authorizer malfunction
ROLLBACK
RELEASE
temporary table name must be unqualified
table %T already exists
there is already an index named %s
sqlite_sequence
corrupt database
unknown database %T
sqlite_
object name reserved for internal use: %s
AUTOINCREMENT not allowed on WITHOUT ROWID tables
PRIMARY KEY missing on table %s
table
TABLE
view
VIEW
CREATE %s %.*s
UPDATE %Q.%s SET type='%s', name=%Q, tbl_name=%Q, rootpage=#%d, sql=%Q WHERE rowid=#%d
CREATE TABLE %Q.sqlite_sequence(name,seq)
tbl_name='%q' AND type!='trigger'
Expression tree is too large (maximum depth %d)
the "." operator
second argument to likelihood() must be a constant between 0.0 and 1.0
not authorized to use function: %s
non-deterministic functions
misuse of aggregate function %.*s()
no such function: %.*s
wrong number of arguments to function %.*s()
subqueries
parameters
misuse of aliased aggregate %s
no such column
ambiguous column name
%s: %s.%s.%s
ROWID
access to %s.%s.%s is prohibited
access to %s.%s is prohibited
partial index WHERE clauses
index expressions
CHECK constraints
%s prohibited in %s
a GROUP BY clause is required before HAVING
ORDER
GROUP
aggregate functions are not allowed in the GROUP BY clause
sqlite_sq_%p
too many references to "%s": max 65535
%s.%s
%s.%s.%s
no such table: %s
no tables specified
too many columns in result set
multiple references to recursive table: %s
circular reference: %s
table %s has %d values for %d columns
multiple recursive references: %s
recursive reference in a subquery: %s
%.*z:%u
'%s' is not a function
view %s is circularly defined
no such index: %s
a NATURAL join may not have an ON or USING clause
cannot have both ON and USING clauses in the same join
cannot join using column %s - column not present in both tables
%r %s BY term out of range - should be between 1 and %d
too many terms in %s BY clause
all VALUES must have the same number of terms
SELECTs to the left and right of %s do not have the same number of result columns
UNION ALL
INTERSECT
EXCEPT
UNION
too many terms in ORDER BY clause
%r ORDER BY term does not match any column in the result set
CREATE TABLE 
 TEXT
 NUM
 INT
 REAL
too many columns on %s
duplicate column name: %s
default value of column [%s] is not constant
table "%s" has more than one primary key
AUTOINCREMENT is only allowed on an INTEGER PRIMARY KEY
index
cannot create a TEMP index on non-TEMP table "%s"
altertab_
table %s may not be indexed
views may not be indexed
virtual tables may not be indexed
there is already a table named %s
index %s already exists
sqlite_autoindex_%s_%d
expressions prohibited in PRIMARY KEY and UNIQUE constraints
conflicting ON CONFLICT clauses specified
CREATE%s INDEX %.*s
 UNIQUE
INSERT INTO %Q.%s VALUES('index',%Q,%Q,#%d,%Q);
name='%q' AND type='index'
%s %T cannot reference objects in database %s
%s cannot use variables
index '%q'
foreign key on %s should reference only one column of table %T
number of columns in foreign key does not match the number of columns in the referenced table
unknown column "%s" in foreign key definition
sqlite_stat
table %s may not be dropped
use DROP TABLE to delete table %s
use DROP VIEW to delete view %s
sqlite_stat%d
DELETE FROM %Q.%s WHERE %s=%Q
DELETE FROM %Q.sqlite_sequence WHERE name=%Q
DELETE FROM %Q.%s WHERE tbl_name=%Q and type!='trigger'
DELETE FROM %Q.%s WHERE name=%Q AND type='trigger'
UPDATE %Q.%s SET rootpage=%d WHERE #%d AND rootpage=#%d
parameters are not allowed in views
expected %d columns for '%s' but got %d
DISTINCT
GROUP BY
RIGHT PART OF ORDER BY
ORDER BY
ORDER BY clause should come after %s not before
LIMIT clause should come after %s not before
recursive aggregate queries not supported
COMPOUND SUBQUERIES %d AND %d %s(%s)
USING TEMP B-TREE 
at most %d tables in a join
too many arguments on %s() - max %d
NOCASE
match
glob
like
regexp
%s.xBestIndex malfunction
no query solution
automatic index on %s(%s)
auto-index
SEARCH
SCAN
 SUBQUERY %d
 TABLE %s
 AS %s
PRIMARY KEY
AUTOMATIC PARTIAL COVERING INDEX
AUTOMATIC COVERING INDEX
COVERING INDEX %s
INDEX %s
 USING 
>? AND rowid<
 USING INTEGER PRIMARY KEY (rowid%s?)
 VIRTUAL TABLE INDEX %d:%s
 AND 
%s=?
ANY(%s)
<expr>
USE TEMP B-TREE FOR %s
DISTINCT aggregates must have exactly one argument
SCAN TABLE %s%s%s
 USING COVERING INDEX 
column%d
too many terms in compound SELECT
a JOIN clause is required before %s
USING
unknown or unsupported join type: %T %T%s%T
RIGHT and FULL OUTER JOINs are not currently supported
ORDER BY without LIMIT on %s
rows deleted
table %s may not be modified
cannot modify %s because it is a view
-- TRIGGER %s
foreign key mismatch - "%w" referencing "%w"
too many columns in %s
no such column: %s
rows updated
%s.rowid
%d columns assigned %d values
table %S has no column named %s
table %S has %d columns but %d values were supplied
%d values for %d columns
rows inserted
variable number must be between ?1 and ?%d
too many SQL variables
syntax error after column name "%.*s"
no such index: %S
index associated with UNIQUE or PRIMARY KEY constraint cannot be dropped
DELETE FROM %Q.%s WHERE name=%Q AND type='index'
result
cache_size
page_size
secure_delete
normal
exclusive
locking_mode
journal_mode
journal_size_limit
auto_vacuum
cache_spill
mmap_size
temp_store
temp_store_directory
not a writable directory
lock_proxy_file
failed to set lock proxy file
synchronous
Safety level may not be changed inside a transaction
name
type
notnull
dflt_value
issisi
width
height
ssii
seqno
desc
coll
unique
origin
partial
isisi
file
on_update
on_delete
iissssss
NONE
parent
fkid
integrity_check
*** in database %s ***
NULL value in %s.%s
row 
 missing from index 
non-unique entry in index 
wrong # of entries in index 
UTF8
UTF-8
UTF-16le
UTF-16be
UTF16le
UTF16be
UTF-16
UTF16
encoding
unsupported encoding: %s
compile_option
busy
checkpointed
full
restart
wal_autocheckpoint
timeout
soft_heap_limit
threads
application_id
automatic_index
busy_timeout
case_sensitive_like
cell_size_check
checkpoint_fullfsync
collation_list
compile_options
count_changes
data_version
database_list
default_cache_size
defer_foreign_keys
empty_result_callbacks
foreign_key_check
foreign_key_list
foreign_keys
freelist_count
full_column_names
fullfsync
ignore_check_constraints
incremental_vacuum
index_info
index_list
index_xinfo
legacy_file_format
max_page_count
page_count
query_only
quick_check
read_uncommitted
recursive_triggers
reverse_unordered_selects
schema_version
short_column_names
shrink_memory
stats
table_info
user_version
wal_checkpoint
writable_schema
none
incremental
temporary storage cannot be changed from within a transaction
SET NULL
SET DEFAULT
CASCADE
RESTRICT
NO ACTION
LIKE or GLOB pattern too complex
ESCAPE expression must be a single character
INSERT INTO %Q.%s VALUES('trigger',%Q,%Q,0,'CREATE TRIGGER %q')
type='trigger' AND name='%q'
temporary trigger may not have qualified name
cannot create triggers on virtual tables
trigger %T already exists
cannot create trigger on system table
cannot create %s trigger on view: %S
BEFORE
AFTER
cannot create INSTEAD OF trigger on table: %S
no such trigger: %S
sqlite_attach
too many attached databases - max %d
cannot ATTACH database within transaction
database %s is already in use
database is already attached
attached databases must use the same text encoding as main database
unable to open database: %s
file:
localhost
invalid uri authority: %.*s
cache
shared
private
mode
no such %s mode: %s
%s mode not allowed: %s
no such vfs: %s
sqlite_detach
no such database: %s
cannot detach database %s
cannot DETACH database within transaction
database %s is locked
unable to identify the object to be reindexed
tbl,idx,stat
sqlite_stat3
sqlite_stat4
CREATE TABLE %Q.%s(%s)
sqlite_%
stat_init
stat_push
stat_get
%llu
 %llu
there is already another table or index with this name: %s
view %s may not be altered
UPDATE "%w".%s SET sql = sqlite_rename_parent(sql, %Q, %Q) WHERE %s;
UPDATE %Q.%s SET sql = CASE WHEN type = 'trigger' THEN sqlite_rename_trigger(sql, %Q)ELSE sqlite_rename_table(sql, %Q) END, tbl_name = %Q, name = CASE WHEN type='table' THEN %Q WHEN name LIKE 'sqlite_autoindex%%' AND type='index' THEN 'sqlite_autoindex_' || %Q || substr(name,%d+18) ELSE name END WHERE tbl_name=%Q COLLATE nocase AND (type='table' OR type='index' OR type='trigger');
UPDATE "%w".sqlite_sequence set name = %Q WHERE name = %Q
UPDATE sqlite_temp_master SET sql = sqlite_rename_trigger(sql, %Q), tbl_name = %Q WHERE %s;
table %s may not be altered
name=%Q
%s OR name=%Q
type='trigger' AND (%s)
tbl_name=%Q
Cannot add a PRIMARY KEY column
Cannot add a UNIQUE column
Cannot add a REFERENCES column with non-NULL default value
Cannot add a NOT NULL column with default value NULL
Cannot add a column with non-constant default
UPDATE "%w".%s SET sql = substr(sql,1,%d) || ', ' || %Q || substr(sql,%d) WHERE type = 'table' AND name = %Q
virtual tables may not be altered
Cannot add a column to a view
sqlite_altertab_%s
CREATE VIRTUAL TABLE %T
UPDATE %Q.%s SET type='table', name=%Q, tbl_name=%Q, rootpage=0, sql=%Q WHERE rowid=#%d
name='%q' AND type='table'
duplicate WITH table name: %s
SQLITE_ENABLE_LOGGING
SQLITE_ENABLE_FILE_ASSERTIONS
SQLITE_ENABLE_THREAD_ASSERTIONS
com.apple.libsqlite3
logging
sqlite_compileoption_used
sqlite_compileoption_get
unlikely
likelihood
likely
ltrim
rtrim
trim
typeof
length
instr
printf
unicode
char
round
upper
lower
ifnull
random
randomblob
nullif
sqlite_version
sqlite_source_id
sqlite_log
quote
last_insert_rowid
changes
total_changes
replace
zeroblob
substr
total
count
group_concat
coalesce
text
blob
integer overflow
%.*f
%!.20e
sqlite_rename_table
sqlite_rename_trigger
sqlite_rename_parent
%.*s"%w"%s
%s%.*s"%w"
julianday
date
time
datetime
strftime
current_time
current_timestamp
current_date
40f-21a-21d
20c:20e
20b:20e
localtime
unixepoch
weekday 
start of 
month
year
hour
minute
second
local time unavailable
%04d-%02d-%02d
%02d:%02d:%02d
%04d-%02d-%02d %02d:%02d:%02d
%02d
%06.3f
%03d
%04d
failed to allocate %u bytes of memory
failed memory resize %u to %u bytes
hw.ncpu
Sqlite_Heap
unable to close due to unfinalized statements or unfinished backups
not an error
SQL logic error or missing database
access permission denied
callback requested query abort
database is locked
database table is locked
attempt to write a readonly database
interrupted
disk I/O error
database disk image is malformed
unknown operation
database or disk is full
unable to open database file
locking protocol
table contains no data
constraint failed
datatype mismatch
library routine called out of sequence
large file support is disabled
authorization denied
auxiliary database format error
bind or column index out of range
file is encrypted or is not a database
unknown error
abort due to ROLLBACK
unable to delete/modify user-function due to active statements
unable to use function %s in the requested context
invalid
RTRIM
MATCH
simple
porter
unicode61
fts3_tokenizer
snippet
offsets
matchinfo
optimize
fts3
fts4
remove_diacritics=1
remove_diacritics=0
tokenchars=
separators=
fts4aux
CREATE TABLE x(term, col, documents, occurrences, languageid HIDDEN)
invalid arguments to fts4aux constructor
DELETE FROM %Q.'%q_content' WHERE rowid = ?
SELECT NOT EXISTS(SELECT docid FROM %Q.'%q_content' WHERE rowid!=?)
DELETE FROM %Q.'%q_content'
DELETE FROM %Q.'%q_segments'
DELETE FROM %Q.'%q_segdir'
DELETE FROM %Q.'%q_docsize'
DELETE FROM %Q.'%q_stat'
SELECT %s WHERE rowid=?
SELECT (SELECT max(idx) FROM %Q.'%q_segdir' WHERE level = ?) + 1
REPLACE INTO %Q.'%q_segments'(blockid, block) VALUES(?, ?)
SELECT coalesce((SELECT max(blockid) FROM %Q.'%q_segments') + 1, 1)
REPLACE INTO %Q.'%q_segdir' VALUES(?,?,?,?,?,?)
SELECT idx, start_block, leaves_end_block, end_block, root FROM %Q.'%q_segdir' WHERE level = ? ORDER BY idx ASC
SELECT idx, start_block, leaves_end_block, end_block, root FROM %Q.'%q_segdir' WHERE level BETWEEN ? AND ?ORDER BY level DESC, idx ASC
SELECT count(*) FROM %Q.'%q_segdir' WHERE level = ?
SELECT max(level) FROM %Q.'%q_segdir' WHERE level BETWEEN ? AND ?
DELETE FROM %Q.'%q_segdir' WHERE level = ?
DELETE FROM %Q.'%q_segments' WHERE blockid BETWEEN ? AND ?
INSERT INTO %Q.'%q_content' VALUES(%s)
DELETE FROM %Q.'%q_docsize' WHERE docid = ?
REPLACE INTO %Q.'%q_docsize' VALUES(?,?)
SELECT size FROM %Q.'%q_docsize' WHERE docid=?
SELECT value FROM %Q.'%q_stat' WHERE id=?
REPLACE INTO %Q.'%q_stat' VALUES(?,?)
DELETE FROM %Q.'%q_segdir' WHERE level BETWEEN ? AND ?
SELECT ? UNION SELECT level / (1024 * ?) FROM %Q.'%q_segdir'
SELECT level, count(*) AS cnt FROM %Q.'%q_segdir'   GROUP BY level HAVING cnt>=?  ORDER BY (level %% 1024) ASC LIMIT 1
SELECT 2 * total(1 + leaves_end_block - start_block)   FROM %Q.'%q_segdir' WHERE level = ? AND idx < ?
DELETE FROM %Q.'%q_segdir' WHERE level = ? AND idx = ?
UPDATE %Q.'%q_segdir' SET idx = ? WHERE level=? AND idx=?
SELECT idx, start_block, leaves_end_block, end_block, root FROM %Q.'%q_segdir' WHERE level = ? AND idx = ?
UPDATE %Q.'%q_segdir' SET start_block = ?, root = ?WHERE level = ? AND idx = ?
SELECT 1 FROM %Q.'%q_segments' WHERE blockid=? AND block IS NULL
SELECT idx FROM %Q.'%q_segdir' WHERE level=? ORDER BY 1 ASC
SELECT max( level %% 1024 ) FROM %Q.'%q_segdir'
SELECT level, idx, end_block FROM %Q.'%q_segdir' WHERE level BETWEEN ? AND ? ORDER BY level DESC, idx ASC
UPDATE OR FAIL %Q.'%q_segdir' SET level=-1,idx=? WHERE level=? AND idx=?
UPDATE OR FAIL %Q.'%q_segdir' SET level=? WHERE level=-1
%s_segments
block
argument type mismatch
fts3tokenize disabled
unknown tokenizer: %s
tokenize
prefix
compress
uncompress
content
languageid
notindexed
unrecognized parameter: %s
unrecognized matchinfo: %s
unrecognized order: %s
error parsing prefix parameter: %s
missing %s parameter in fts4 constructor
unknown tokenizer
SELECT * FROM %Q.%Q
docid
,%s(x.'c%d%q')
, x.%Q
langid
, x.'%q'
 FROM '%q'.'%q%s' AS x
_content
,%s(?)
docid INTEGER PRIMARY KEY
%z, 'c%d%q'
%z, langid
CREATE TABLE %Q.'%q_content'(%s)
CREATE TABLE %Q.'%q_segments'(blockid INTEGER PRIMARY KEY, block BLOB);
CREATE TABLE %Q.'%q_segdir'(level INTEGER,idx INTEGER,start_block INTEGER,leaves_end_block INTEGER,end_block INTEGER,root BLOB,PRIMARY KEY(level, idx));
CREATE TABLE %Q.'%q_docsize'(docid INTEGER PRIMARY KEY, size BLOB);
CREATE TABLE IF NOT EXISTS %Q.'%q_stat'(id INTEGER PRIMARY KEY, value BLOB);
PRAGMA %Q.page_size
__langid
%Q, 
%z%Q, 
CREATE TABLE x(%s %Q HIDDEN, docid HIDDEN, %Q HIDDEN)
DESC
DROP TABLE IF EXISTS %Q.'%q_content'
DROP TABLE IF EXISTS %Q.'%q_segments'
DROP TABLE IF EXISTS %Q.'%q_segdir'
DROP TABLE IF EXISTS %Q.'%q_docsize'
DROP TABLE IF EXISTS %Q.'%q_stat'
SELECT %s WHERE rowid BETWEEN %lld AND %lld ORDER BY rowid %s
SELECT %s ORDER BY rowid %s
FTS expression tree is too large (maximum depth %d)
malformed MATCH expression: [%s]
NEAR
SELECT %s WHERE rowid = ?
rebuild
integrity-check
merge=
automerge=
%lld %lld
SELECT %s
SELECT 1 FROM %Q.sqlite_master WHERE tbl_name='%q_stat'
</b>
<b>...</b>
wrong number of arguments to function snippet()
illegal first argument to %s
%d %d %d %d 
Index optimized
Index already optimal
SAVEPOINT fts3
RELEASE fts3
ROLLBACK TO fts3
unrecognized matchinfo request: %c
ALTER TABLE %Q.'%q_content'  RENAME TO '%q_content';
ALTER TABLE %Q.'%q_docsize'  RENAME TO '%q_docsize';
ALTER TABLE %Q.'%q_stat'  RENAME TO '%q_stat';
ALTER TABLE %Q.'%q_segments' RENAME TO '%q_segments';
ALTER TABLE %Q.'%q_segdir'   RENAME TO '%q_segdir';
fts3tokenize
CREATE TABLE x(input, token, start, end, position)
rtreenode
rtreedepth
rtree
rtree_i32
%s {%s}
{%s}
Invalid argument to rtreedepth()
Wrong number of columns for an rtree table
Too few columns for an rtree table
Too many columns for an rtree table
CREATE TABLE x(%s
%s, %s
%s);
SELECT length(data) FROM '%q'.'%q_node' WHERE nodeno = 1
SELECT data FROM '%q'.'%q_node' WHERE nodeno = :1
INSERT OR REPLACE INTO '%q'.'%q_node' VALUES(:1, :2)
DELETE FROM '%q'.'%q_node' WHERE nodeno = :1
SELECT nodeno FROM '%q'.'%q_rowid' WHERE rowid = :1
INSERT OR REPLACE INTO '%q'.'%q_rowid' VALUES(:1, :2)
DELETE FROM '%q'.'%q_rowid' WHERE rowid = :1
SELECT parentnode FROM '%q'.'%q_parent' WHERE nodeno = :1
INSERT OR REPLACE INTO '%q'.'%q_parent' VALUES(:1, :2)
DELETE FROM '%q'.'%q_parent' WHERE nodeno = :1
CREATE TABLE "%w"."%w_node"(nodeno INTEGER PRIMARY KEY, data BLOB);CREATE TABLE "%w"."%w_rowid"(rowid INTEGER PRIMARY KEY, nodeno INTEGER);CREATE TABLE "%w"."%w_parent"(nodeno INTEGER PRIMARY KEY, parentnode INTEGER);INSERT INTO '%q'.'%q_node' VALUES(1, zeroblob(%d))
SELECT stat FROM %Q.sqlite_stat1 WHERE tbl = '%q_rowid'
DROP TABLE '%q'.'%q_node';DROP TABLE '%q'.'%q_rowid';DROP TABLE '%q'.'%q_parent';
UNIQUE constraint failed: %s.%s
rtree constraint failed: %s.(%s<=%s)
ALTER TABLE %Q.'%q_node'   RENAME TO "%w_node";ALTER TABLE %Q.'%q_parent' RENAME TO "%w_parent";ALTER TABLE %Q.'%q_rowid'  RENAME TO "%w_rowid";
json
json_array
json_array_length
json_extract
json_insert
json_object
json_quote
json_remove
json_replace
json_set
json_type
json_valid
json_group_array
json_group_object
json_each
json_tree
malformed JSON
true
false
JSON path error near '%q'
0123456789abcdef
JSON cannot hold BLOB values
insert
json_%s() needs an odd number of arguments
json_object() requires an even number of arguments
json_object() labels must be TEXT
array
object
CREATE TABLE x(key,value,type,atom,id,parent,fullkey,path,json HIDDEN,root HIDDEN)
[%d]
.%.*s
SQLITE_AUTO_PROFILE
stderr
syslog
SQLITE_AUTO_TRACE
unable to delete/modify collation sequence due to active statements
misuse
CREATE TABLE x(type text,name text,tbl_name text,rootpage integer,sql text)
unsupported file format
SELECT name, rootpage, sql FROM "%w".%s ORDER BY rowid
_ROWID_
CREATE TABLE x(value INTEGER PRIMARY KEY)
CREATE TABLE x(value,pointer hidden,count hidden,ctype hidden)
unknown datatype: %Q
int32
int64
double
char*
filename
data
schema
header
more than one 'header' parameter
unrecognized argument to 'header': %s
columns
more than one 'columns' parameter
must have at least one column
unrecognized parameter '%s'
must either filename= or data= but not both
CREATE TABLE x(
%z%sc%d TEXT
%z);
more than one '%s' parameter
cannot open '%s' for reading
line %d: unescaped %c character
line %d: unterminated %c-quoted field
SQLITE_SQLLOG_DIR
SQLITE_SQLLOG_CONDITIONAL
sqllogTraceDb(): database name too long (%d bytes)
-sqllog
PRAGMA database_list
sqllogFindAttached(): error in "PRAGMA database_list"
%s/sqllog_%d
%s.idx
SQLITE_SQLLOG_REUSE_FILES
%s_%d.sql
sqllogOpenlog(): Failed to open log file
%s_%d.db
PRAGMA synchronous = 0
%d %s
sqllogCopydb(): error backing up database
ATTACH '%q' AS '%q'; -- clock=%d
-- Main database is '%q'
sqllogFindFile(): error in fopen()
%s_%s.db
sqllogFindFile(): error reading index file
ATTACH
%s; -- clock=%d
Query: %s
 Execution Time: %llu ms
TraceSQL(%p): %s
