runStarted
testStarted
testCaseStarted
issueRecorded
testCaseEnded
testEnded
testSkipped
runEnded
default
skip
pass
passWithKnownIssue
fail
difference
warning
details
suite
function
version
kind
payload
listTests
parallel
verbose
veryVerbose
quiet
verbosity
xunitOutput
experimentalEventStreamOutput
experimentalEventStreamVersion
filter
repetitions
repeatUntil
name
displayName
sourceLocation
testCases
parameters
comments
tags
associatedBugs
timeLimit
The @Test attribute cannot be applied to methods on a subclass of XCTestCase.
Invalid number of keys found, expected one.
failingBecauseOfBug
 and any of these build identifiers: 
.enabled(if:atLeast:) is not available because the regular expressions library is unavailable on this system.
com.apple.dt.swift-testing
Unrecognized record kind '
truecolor
--experimental-configuration-path
--experimental-event-stream-output
--experimental-event-stream-version
' option is not supported on this OS version.
Testing Library Version: 87.1 (x86_64-apple-watchos7.0-simulator)
Test run started.
OS Version (Simulator): 
OS Version (Host): 
conciseStringValue
<?xml version="1.0" encoding="UTF-8"?>
<testsuites>
  <testsuite name="TestResults" errors="0" tests="
  </testsuite>
</testsuites>
    <testcase classname="
      <failure message="
arrow.turn.down.right
exclamationmark.triangle.fill
plus.forwardslash.minus
xmark.diamond.fill
checkmark.diamond.fill
arrow.triangle.turn.up.right.diamond.fill
iterationStarted
expectationChecked
%lld.%03d seconds
evaluatedExpression
mismatchedErrorDescription
differenceDescription
an error was thrown when none was expected: 
unexpected error 
 was thrown when checking error 
an error was expected but none was thrown
 was thrown instead
expected error of type 
A system failure occurred
An API was misused
Known issue was not recorded
Time limit was exceeded: 
Confirmation was confirmed 
, but expected to be confirmed 
Expectation failed: 
Unconditionally failed
Value found did not match any of the existing cases for Issue.Kind.
expectationFailed
confirmationMiscounted
timeLimitExceeded
knownIssueNotRecorded
Testing/KnownIssue.swift
org.swift.testing.coding-user-info-key.parameter
key value 
fullyQualifiedName
Filtering by regular expression matching is unavailable
 membership 
_Concurrency/x86_64-apple-watchos-simulator.private.swiftinterface
Testing/Runner.RuntimeState.swift
isParallelizationEnabled
An issue occurred planning for this test: 
This test was skipped
debugDescription
offset element associatedWith 
environ_unlock_np
environ_lock_np
SWT_PRETTY_PRINT_JSON
kern.osproductversion
SIMULATOR_RUNTIME_VERSION
SIMULATOR_RUNTIME_BUILD_VERSION
Unsupported tag color constant "
documentationLine
documentationBlock
Marked @available(*, unavailable)
Testing/TimeLimitTrait.swift
Fatal error
$test_container__
XCTestCase
__TEXT
__swift5_types
vector
SaySSG
_A55At
SvSg
SvSgXCSg
SvSg_Spy
GSgAAtXCSg
SvSg_AA
tXCSg
SvSg_SPy
GSgAAtXCSg
_A2At
ypXmT_
ySb_
Sg7commentt
SiSg
SJSg
ySs_SiSgSsABSJSgtG
Ss_SiSgSsAASJSgt
ySs_SiSgSsABSJSgt_G
ySs_SiSgSsABSJSgt_GSg
ySsG
ySsG
ySs_SiSgtG
ySs_SiSgtG
ySsG
Ss_SiSgt
ySs_SstG
ySs_SstG
ySsG
Ss_Sst
ySs_SJSgtG
ySs_SJSgtG
ySs_SJtG
ySs_SJtG
Ss_SJt
Ss_SJSgt
ySs_SiSgSstG
Ss_SiSgSst
ySs_SiSgSsABtG
Ss_SiSgSsAAt
ySSG
_pIeghdzo_
_pIeghHdzo_
qd__
ypSSIegnr_
ySay
GypG
ySay
GSSG
SSSg
SbSg
Ieghnn_
SaySSGSg
SS_SS5valuet
ySSG
SWIeghy_
13colorBitDepth_t
3key_
5valuet
S2SIegnr_
yAAySay
GSSSgGGSSG
ySay
GSSSgGG
ySay
GSSSgG
SgGG
SgGG
ySSSbGG
SgGG
SgGSg
SgGG
3key_yp5valuet
3key_yp5valuetSg
_ypt
ySOyXlG
_pSg
SaySsG
SgGG
SgSg
ySSG
ySay
GSSG
yS2SG
SSIegnr_
SaySSG7keyPath_
Sg5valuet
Si15knownIssueCount_t
$ss5ClockP
$ss15InstantProtocolP
SgGG
3key_
5valuetG
ySS3key_
SgG5valuetG
SS3key_
SgG5valuet
_pSg
SY_p
SY_pSg
SE_p
SE_pSg
_pSg
SH_p
SSIgr_
xXMT
ypXp
_Sb15isParentheticalt
5value_AA7keyPatht
ypSg
Sg5value_SS12functionNameSay
G9argumentst
3lhs_SS8operatorAA3rhst
_ypSgt
ypSgSg
7ElementSTQz
y7ElementSTQz_G
q_Igr_
ySi_G
ySiG
Si6actual_Si8expectedt
ySay
GSSG
7seconds_AA11attosecondst19timeLimitComponents_t
SbIeghnd_
SbIeghnd_Sg
SbIeghnr_
$s7Testing27CustomTestArgumentEncodableP
_yptG
$sST
qd__qd_0_
_pIeghHnnzo_
qd_0_
yypG
qd___qd_0_t
qd__3key_qd_0_5valuet
7ElementSTQyd__AASTQyd_0_
_pIeghHnnzo_
7ElementSTQyd___AASTQyd_0_t
7ElementSTQz
_pIeghHnzo_
Sg_ABt
7ElementStQyd__
$ss12IdentifiableP
SaySSG24fullyQualifiedComponents_SS11unqualifiedSSSg7mangledt
SbIeghnnr_
SbIeghnnd_
ytIeghnnr_
10membershipt
G_Sb5anyOf
10membershipt
SaySSG_
10membershipt
SgGSg
SgSg
10membershipt
SgGSg
SO3key_
5valuet
SgSg
Sg_Sb16recursivelyApplytSg
SDySS
SS3key_
SgG5valuetSg
Sg_Sb16recursivelyApplytSg
SDySS
Sg_ACtGG
ySb_G
ySbG
_pSg
yytG
ytIeghHr_
_pIeghHzo_
_pSgSg
_pSg
_pIeghHrzo_
_pIeghHrzo_
SgytAA_pIeghHnnnrzo_
_pIeghHzo_
SgAA_pIeghHgnnzo_
_pIeghHnzo_
AAIeghyy_
_pIeghHgnzo_
SS3key_
SgG5valuet
_pIeghHnzo_
SgSg
7options_t
_pSg
Sg_ADtGG
_pSgSg
_pSg
ySaySSGSay
ySay
_pGSSG
ySnySiGG
SVSg
ySDySO
yXlSgXw
_pSg
_pSg
_pSg
_pSg
$s7Testing27CustomTestStringConvertibleP
ySay
GSSG
SS10sourceCode_SS11stringValuet
SSSg_SStSSIegnr_
ySay
GSSSg_SStG
yxq_G
$ss20LazySequenceProtocolP
7ElementSTQz_AASTQy_t
yxAByq_7ElementSTQz_ACSTQy_tGG_G
SDyx
yxq_GG
SS3key_
SgG5valuetSg
SDySS
SgGG
SS3key_
tG5valuetSg
SDySS
SDySS
SgGG
SS3key_
Sg_ADtG5valuetSg
SS3key_
SgG5valuetSg
SS3key_
SgG5valuetSg
_yptSg
Sb8inserted_
17memberAfterInsertt
ySay
GSSG
ySay
_pGG
$sSY
$ss26ExpressibleByStringLiteralP
$ss32ExpressibleByStringInterpolationP
$ss43ExpressibleByExtendedGraphemeClusterLiteralP
$ss33ExpressibleByUnicodeScalarLiteralP
Sg7commentt
SbIeghd_
5major_AASg5minorAC5patchtSg
$s7Testing13SPIAwareTraitP
Iegnr_
yAAySay
SgGGAEG
Iegh_
$s7Testing5TraitP
$s7Testing9TestTraitP
$s7Testing10SuiteTraitP
$s7Testing20CustomExecutionTraitP
y__xG
_pIeghHrzo_
ySsG
yypSgG
ySiG
ySSSbG
$s7Testing15__TestContainerP
AASgIegnr_
ypXmTSbIgyl_
ypXmTSbIegyl_
ySay
ySay
_pXmT
GIeghHr_
yytGGIegho_
yytGG
_pIeghHozo_
_pIeghHrzo_
_pIeghHrzo_
7ElementSTQzAASTQy_
_pIeghHnnzo_
q_q0_
_pIeghHnnzo_
SDyxq_G
_pIeghHozo_
_pIeghHnnzo_
y__SDyxq_GG
_pIeghHozo_
yxq_G
_pIeghHrzo_
yXlXp
yytGG
_pIeghHrzo_
yytGGG
_opaque_pthread_mutex_t
__sFILE
__sbuf
Relationship
CodingKeys
UnspecifiedCodingKeys
UncoveredBugCodingKeys
ReproducesBugCodingKeys
VerifiesFixCodingKeys
FailingBecauseOfBugCodingKeys
Error
Testing
AppleBuildIdentifier
OSVariant
CodingKeys
EncodedEvent
Kind
CodingKeys
EncodedInstant
CodingKeys
EncodedIssue
CodingKeys
EncodedMessage
Symbol
CodingKeys
EncodedTest
Kind
EncodedTestCase
ABIv0
Kind
CodingKeys
Record
CodingKeys
EventAndContextSnapshot
__CommandLineArguments_v0
CodingKeys
_EntryPointError
ConsoleOutputRecorder
Options
Option
HumanReadableOutputRecorder
Message
CodingKeys
_Context
TestData
JUnitXMLRecorder
_Context
TestData
Symbol
CodingKeys
DefaultCodingKeys
SkipCodingKeys
PassCodingKeys
FailCodingKeys
DifferenceCodingKeys
WarningCodingKeys
DetailsCodingKeys
Clock
Instant
CodingKeys
Event
Kind
Context
Snapshot
CodingKeys
RunStartedCodingKeys
IterationStartedCodingKeys
PlanStepStartedCodingKeys
TestStartedCodingKeys
TestCaseStartedCodingKeys
TestCaseEndedCodingKeys
ExpectationCheckedCodingKeys
IssueRecordedCodingKeys
TestEndedCodingKeys
TestSkippedCodingKeys
PlanStepEndedCodingKeys
IterationEndedCodingKeys
RunEndedCodingKeys
TimeValue
CodingKeys
ExitCondition
Expectation
ExpectationFailedError
Snapshot
CodingKeys
Confirmation
ErrorSnapshot
CodingKeys
Issue
Kind
Snapshot
_ExpectationFailedKeys
_ConfirmationMiscountedKeys
_CodingKeys
_ErrorCaughtKeys
CodingKeys
CustomTestArgumentEncodable
_CustomArgumentWrapper
Case
Argument
Parameter
Snapshot
CodingKeys
Generator
CodingKeys
TypeInfo
_Kind
CodingKeys
EncodedForm
Configuration
RepetitionPolicy
ContinuationCondition
TestFilter
CombinationOperator
Kind
Membership
Operation
Runner
Plan
Action
RunOptions
Step
Snapshot
CodingKeys
RunCodingKeys
SkipCodingKeys
RecordIssueCodingKeys
_CodingKeys
RuntimeState
_All
SkipInfo
CodingKeys
Backtrace
_ErrorMappingCacheEntry
CustomTestStringConvertible
__Expression
Value
CodingKeys
Kind
FunctionCallArgument
GenericCodingKeys
StringLiteralCodingKeys
BinaryOperationCodingKeys
FunctionCallCodingKeys
PropertyAccessCodingKeys
NegationCodingKeys
_ExpandedDescriptionContext
SourceContext
CodingKeys
SourceLocation
CodingKeys
CartesianProduct
CError
FileHandle
Graph
_Storage
Locked
SystemError
Kind
_CodingKey
Color
List
CodingKeys
Comment
Kind
CodingKeys
LineCodingKeys
BlockCodingKeys
DocumentationLineCodingKeys
DocumentationBlockCodingKeys
TraitCodingKeys
StringLiteralCodingKeys
ConditionTrait
Kind
HiddenTrait
ParallelizationTrait
SPIAwareTrait
TimeLimitTrait
Duration
Trait
TestTrait
SuiteTrait
CustomExecutionTrait
Test
Snapshot
CodingKeys
TestCasesState
CodingKeys
Selection
__TestContainer
__sig
__opaque
_flags
_file
_lbfsize
_cookie
_close
_read
_seek
_write
_extra
_ubuf
_nbuf
_blksize
_offset
_base
_size
unspecified
uncoveredBug
reproducesBug
verifiesFix
failingBecauseOfBug
major
minor
childType
update
rebuild
unableToObtainCurrentOSBuild
unexpectedFormat
missingRequiredComponents
appleInternalOnly
appleInternalUIOnly
runStarted
testStarted
testCaseStarted
issueRecorded
testCaseEnded
testEnded
testSkipped
runEnded
kind
instant
issue
messages
testID
_testCase
RawValue
absolute
since1970
isKnown
sourceLocation
default
skip
pass
passWithKnownIssue
fail
difference
warning
details
symbol
text
RawValue
displayName
suite
function
kind
name
sourceLocation
_testCases
isParameterized
stringValue
RawValue
version
kind
payload
test
event
RawValue
event
eventContext
listTests
parallel
verbose
veryVerbose
quiet
_verbosity
xunitOutput
experimentalEventStreamOutput
experimentalEventStreamVersion
filter
skip
repetitions
repeatUntil
featureUnavailable
invalidArgument
RawValue
options
write
_humanReadableOutputRecorder
useANSIEscapeCodes
ansiColorBitDepth
verbosity
_tagColors
useTagColors
useVerboseOutput
_context
symbol
stringValue
conciseStringValue
runStartInstant
iterationStartInstant
testCount
suiteCount
testData
startInstant
issueCount
knownIssueCount
write
_context
startInstant
endInstant
issues
runStartInstant
testCount
testData
pass
default
skip
fail
difference
warning
details
knownIssueCount
Duration
Instant
suspending
wall
kind
testID
testCaseID
instant
runStartedNew
iterationStarted
planStepStarted
expectationChecked
issueRecorded
testSkipped
planStepEnded
iterationEnded
runStarted
testStarted
testCaseStarted
testCaseEnded
testEnded
runEnded
test
testCase
seconds
attoseconds
exitCode
signal
failure
evaluatedExpression
mismatchedErrorDescription
differenceDescription
isPassing
isRequired
sourceLocation
expectation
count
description
typeInfo
kind
comments
sourceContext
isKnown
expectationFailed
confirmationMiscounted
errorCaught
timeLimitExceeded
unconditional
knownIssueNotRecorded
apiMisused
system
error
actual
expected
expectation
rawValue
RawValue
arguments
body
value
parameter
bytes
index
firstName
secondName
typeInfo
_sequence
_mapElement
Element
Iterator
argumentIDs
_kind
type
nameOnly
fullyQualifiedName
unqualifiedName
mangledName
isParallelizationEnabled
repetitionPolicy
isMainActorIsolationEnforced
_defaultTestTimeLimit
_maximumTestTimeLimit
_testTimeLimitGranularity
deliverExpectationCheckedEvents
eventHandler
testFilter
testCaseFilter
continuationCondition
maximumIterationCount
untilIssueRecorded
whileIssueRecorded
_kind
includeHiddenTests
testIDs
tags
patterns
combination
unfiltered
including
excluding
precomputed
function
plan
configuration
stepGraph
skip
recordIssue
isParallelizationEnabled
test
action
_stepGraph
tests
options
configuration
test
testCase
instances
nextID
comment
sourceContext
addresses
errorObject
backtrace
kind
runtimeValue
description
debugDescription
typeInfo
label
isCollection
children
generic
stringLiteral
binaryOperation
functionCall
propertyAccess
negation
value
isParenthetical
keyPath
functionName
arguments
operator
sourceCode
stringValue
depth
includeTypeNames
includeParenthesesIfNeeded
backtrace
sourceLocation
fileID
_filePath
line
column
collection1
collection2
Elements
Element
Iterator
rawValue
RawValue
_fileHandle
_closeWhenDone
value
children
_storage
RawValue
description
kind
staticMember
stringLiteral
stringValue
intValue
redComponent
greenComponent
blueComponent
tags
title
RawValue
StringLiteralType
StringInterpolation
ExtendedGraphemeClusterLiteralType
UnicodeScalarLiteralType
rawValue
kind
line
block
documentationLine
documentationBlock
trait
stringLiteral
comment
kind
sourceLocation
conditional
unconditional
timeLimit
underlyingDuration
name
displayName
traits
sourceLocation
containingTypeInfo
xcTestCompatibleSelector
testCasesState
parameters
isSynthesized
testCases
comments
tags
associatedBugs
_timeLimit
unevaluated
evaluated
failed
RawValue
moduleName
nameComponents
sourceLocation
_testIDsGraph
runStarted
testStarted
testCaseStarted
issueRecorded
testCaseEnded
testEnded
testSkipped
runEnded
default
skip
pass
passWithKnownIssue
fail
difference
warning
details
suite
function
version
kind
payload
listTests
parallel
verbose
veryVerbose
quiet
verbosity
xunitOutput
experimentalEventStreamOutput
experimentalEventStreamVersion
filter
repetitions
repeatUntil
name
displayName
sourceLocation
testCases
parameters
comments
tags
associatedBugs
timeLimit
The @Test attribute cannot be applied to methods on a subclass of XCTestCase.
Invalid number of keys found, expected one.
failingBecauseOfBug
 and any of these build identifiers: 
.enabled(if:atLeast:) is not available because the regular expressions library is unavailable on this system.
com.apple.dt.swift-testing
Unrecognized record kind '
truecolor
--experimental-configuration-path
--experimental-event-stream-output
--experimental-event-stream-version
' option is not supported on this OS version.
Testing Library Version: 87.1 (arm64-apple-watchos7.0-simulator)
Test run started.
OS Version (Simulator): 
OS Version (Host): 
conciseStringValue
<?xml version="1.0" encoding="UTF-8"?>
<testsuites>
  <testsuite name="TestResults" errors="0" tests="
  </testsuite>
</testsuites>
    <testcase classname="
      <failure message="
arrow.turn.down.right
exclamationmark.triangle.fill
plus.forwardslash.minus
xmark.diamond.fill
checkmark.diamond.fill
arrow.triangle.turn.up.right.diamond.fill
iterationStarted
expectationChecked
%lld.%03d seconds
evaluatedExpression
mismatchedErrorDescription
differenceDescription
an error was thrown when none was expected: 
unexpected error 
 was thrown when checking error 
an error was expected but none was thrown
 was thrown instead
expected error of type 
A system failure occurred
An API was misused
Known issue was not recorded
Time limit was exceeded: 
Confirmation was confirmed 
, but expected to be confirmed 
Expectation failed: 
Unconditionally failed
Value found did not match any of the existing cases for Issue.Kind.
expectationFailed
confirmationMiscounted
timeLimitExceeded
knownIssueNotRecorded
Testing/KnownIssue.swift
org.swift.testing.coding-user-info-key.parameter
key value 
fullyQualifiedName
Filtering by regular expression matching is unavailable
 membership 
_Concurrency/arm64-apple-watchos-simulator.private.swiftinterface
Testing/Runner.RuntimeState.swift
isParallelizationEnabled
An issue occurred planning for this test: 
This test was skipped
debugDescription
offset element associatedWith 
environ_unlock_np
environ_lock_np
SWT_PRETTY_PRINT_JSON
kern.osproductversion
SIMULATOR_RUNTIME_VERSION
SIMULATOR_RUNTIME_BUILD_VERSION
Unsupported tag color constant "
documentationLine
documentationBlock
Marked @available(*, unavailable)
Testing/TimeLimitTrait.swift
Fatal error
$test_container__
XCTestCase
__TEXT
__swift5_types
vector
SaySSG
_A55At
SvSg
SvSgXCSg
SvSg_Spy
GSgAAtXCSg
SvSg_AA
tXCSg
SvSg_SPy
GSgAAtXCSg
_A2At
ypXmT_
ySb_
Sg7commentt
SiSg
SJSg
ySs_SiSgSsABSJSgtG
Ss_SiSgSsAASJSgt
ySs_SiSgSsABSJSgt_G
ySs_SiSgSsABSJSgt_GSg
ySsG
ySsG
ySs_SiSgtG
ySs_SiSgtG
ySsG
Ss_SiSgt
ySs_SstG
ySs_SstG
ySsG
Ss_Sst
ySs_SJSgtG
ySs_SJSgtG
ySs_SJtG
ySs_SJtG
Ss_SJt
Ss_SJSgt
ySs_SiSgSstG
Ss_SiSgSst
ySs_SiSgSsABtG
Ss_SiSgSsAAt
ySSG
_pIeghdzo_
_pIeghHdzo_
qd__
ypSSIegnr_
ySay
GypG
ySay
GSSG
SSSg
SbSg
Ieghnn_
SaySSGSg
SS_SS5valuet
ySSG
SWIeghy_
13colorBitDepth_t
3key_
5valuet
S2SIegnr_
yAAySay
GSSSgGGSSG
ySay
GSSSgGG
ySay
GSSSgG
SgGG
SgGG
ySSSbGG
SgGG
SgGSg
SgGG
3key_yp5valuet
3key_yp5valuetSg
_ypt
ySOyXlG
_pSg
SaySsG
SgGG
SgSg
ySSG
ySay
GSSG
yS2SG
SSIegnr_
SaySSG7keyPath_
Sg5valuet
Si15knownIssueCount_t
$ss5ClockP
$ss15InstantProtocolP
SgGG
3key_
5valuetG
ySS3key_
SgG5valuetG
SS3key_
SgG5valuet
_pSg
SY_p
SY_pSg
SE_p
SE_pSg
_pSg
SH_p
SSIgr_
xXMT
ypXp
_Sb15isParentheticalt
5value_AA7keyPatht
ypSg
Sg5value_SS12functionNameSay
G9argumentst
3lhs_SS8operatorAA3rhst
_ypSgt
ypSgSg
7ElementSTQz
y7ElementSTQz_G
q_Igr_
ySi_G
ySiG
Si6actual_Si8expectedt
ySay
GSSG
7seconds_AA11attosecondst19timeLimitComponents_t
SbIeghnd_
SbIeghnd_Sg
SbIeghnr_
$s7Testing27CustomTestArgumentEncodableP
_yptG
$sST
qd__qd_0_
_pIeghHnnzo_
qd_0_
yypG
qd___qd_0_t
qd__3key_qd_0_5valuet
7ElementSTQyd__AASTQyd_0_
_pIeghHnnzo_
7ElementSTQyd___AASTQyd_0_t
7ElementSTQz
_pIeghHnzo_
Sg_ABt
7ElementStQyd__
$ss12IdentifiableP
SaySSG24fullyQualifiedComponents_SS11unqualifiedSSSg7mangledt
SbIeghnnr_
SbIeghnnd_
ytIeghnnr_
10membershipt
G_Sb5anyOf
10membershipt
SaySSG_
10membershipt
SgGSg
SgSg
10membershipt
SgGSg
SO3key_
5valuet
SgSg
Sg_Sb16recursivelyApplytSg
SDySS
SS3key_
SgG5valuetSg
Sg_Sb16recursivelyApplytSg
SDySS
Sg_ACtGG
ySb_G
ySbG
_pSg
yytG
ytIeghHr_
_pIeghHzo_
_pSgSg
_pSg
_pIeghHrzo_
_pIeghHrzo_
SgytAA_pIeghHnnnrzo_
_pIeghHzo_
SgAA_pIeghHgnnzo_
_pIeghHnzo_
AAIeghyy_
_pIeghHgnzo_
SS3key_
SgG5valuet
_pIeghHnzo_
SgSg
7options_t
_pSg
Sg_ADtGG
_pSgSg
_pSg
ySaySSGSay
ySay
_pGSSG
ySnySiGG
SVSg
ySDySO
yXlSgXw
_pSg
_pSg
_pSg
_pSg
$s7Testing27CustomTestStringConvertibleP
ySay
GSSG
SS10sourceCode_SS11stringValuet
SSSg_SStSSIegnr_
ySay
GSSSg_SStG
yxq_G
$ss20LazySequenceProtocolP
7ElementSTQz_AASTQy_t
yxAByq_7ElementSTQz_ACSTQy_tGG_G
SDyx
yxq_GG
SS3key_
SgG5valuetSg
SDySS
SgGG
SS3key_
tG5valuetSg
SDySS
SDySS
SgGG
SS3key_
Sg_ADtG5valuetSg
SS3key_
SgG5valuetSg
SS3key_
SgG5valuetSg
_yptSg
Sb8inserted_
17memberAfterInsertt
ySay
GSSG
ySay
_pGG
$sSY
$ss26ExpressibleByStringLiteralP
$ss32ExpressibleByStringInterpolationP
$ss43ExpressibleByExtendedGraphemeClusterLiteralP
$ss33ExpressibleByUnicodeScalarLiteralP
Sg7commentt
SbIeghd_
5major_AASg5minorAC5patchtSg
$s7Testing13SPIAwareTraitP
Iegnr_
yAAySay
SgGGAEG
Iegh_
$s7Testing5TraitP
$s7Testing9TestTraitP
$s7Testing10SuiteTraitP
$s7Testing20CustomExecutionTraitP
y__xG
_pIeghHrzo_
ySsG
yypSgG
ySiG
ySSSbG
$s7Testing15__TestContainerP
AASgIegnr_
ypXmTSbIgyl_
ypXmTSbIegyl_
ySay
ySay
_pXmT
GIeghHr_
yytGGIegho_
yytGG
_pIeghHozo_
_pIeghHrzo_
_pIeghHrzo_
7ElementSTQzAASTQy_
_pIeghHnnzo_
q_q0_
_pIeghHnnzo_
SDyxq_G
_pIeghHozo_
_pIeghHnnzo_
y__SDyxq_GG
_pIeghHozo_
yxq_G
_pIeghHrzo_
yXlXp
yytGG
_pIeghHrzo_
yytGGG
_opaque_pthread_mutex_t
__sFILE
__sbuf
Relationship
CodingKeys
UnspecifiedCodingKeys
UncoveredBugCodingKeys
ReproducesBugCodingKeys
VerifiesFixCodingKeys
FailingBecauseOfBugCodingKeys
kern.osversion
Error
Testing
AppleBuildIdentifier
OSVariant
%,4#
)1:&
CodingKeys
EncodedEvent
Kind
CodingKeys
EncodedInstant
CodingKeys
EncodedIssue
CodingKeys
EncodedMessage
Symbol
CodingKeys
EncodedTest
Kind
EncodedTestCase
ABIv0
%,4=
"-6D
Kind
CodingKeys
Record
CodingKeys
EventAndContextSnapshot
--repeat-until
NO_COLOR
COLORTERM
TERM
'.6;?GN
'.6;?G
__CommandLineArguments_v0
CodingKeys
_EntryPointError
ConsoleOutputRecorder
Options
Option
HumanReadableOutputRecorder
Message
CodingKeys
_Context
TestData
JUnitXMLRecorder
_Context
TestData
 *6A
*8FTb
Symbol
CodingKeys
DefaultCodingKeys
SkipCodingKeys
PassCodingKeys
FailCodingKeys
DifferenceCodingKeys
WarningCodingKeys
DetailsCodingKeys
Clock
Instant
CodingKeys
#+5<DMV
-<KZi
Event
Kind
Context
Snapshot
CodingKeys
RunStartedCodingKeys
IterationStartedCodingKeys
PlanStepStartedCodingKeys
TestStartedCodingKeys
TestCaseStartedCodingKeys
TestCaseEndedCodingKeys
ExpectationCheckedCodingKeys
IssueRecordedCodingKeys
TestEndedCodingKeys
TestSkippedCodingKeys
PlanStepEndedCodingKeys
IterationEndedCodingKeys
RunEndedCodingKeys
TimeValue
CodingKeys
ExitCondition
Expectation
ExpectationFailedError
Snapshot
CodingKeys
Confirmation
ErrorSnapshot
CodingKeys
Issue
Kind
Snapshot
_ExpectationFailedKeys
_ConfirmationMiscountedKeys
_CodingKeys
_ErrorCaughtKeys
CodingKeys
CustomTestArgumentEncodable
_CustomArgumentWrapper
Case
Argument
Parameter
Snapshot
CodingKeys
Generator
CodingKeys
TypeInfo
_Kind
CodingKeys
EncodedForm
Configuration
RepetitionPolicy
ContinuationCondition
TestFilter
CombinationOperator
Kind
Membership
Operation
Runner
Plan
Action
RunOptions
Step
Snapshot
CodingKeys
RunCodingKeys
SkipCodingKeys
RecordIssueCodingKeys
_CodingKeys
RuntimeState
_All
SkipInfo
CodingKeys
Backtrace
_ErrorMappingCacheEntry
CustomTestStringConvertible
__Expression
Value
CodingKeys
Kind
FunctionCallArgument
GenericCodingKeys
StringLiteralCodingKeys
BinaryOperationCodingKeys
FunctionCallCodingKeys
PropertyAccessCodingKeys
NegationCodingKeys
_ExpandedDescriptionContext
SourceContext
CodingKeys
SourceLocation
CodingKeys
CartesianProduct
CError
FileHandle
Graph
_Storage
Locked
SystemError
Kind
_CodingKey
Color
List
orange
yellow
green
blue
purple
essential
inProgress
cool
personal
project2
CodingKeys
!1AQ
Comment
Kind
CodingKeys
LineCodingKeys
BlockCodingKeys
DocumentationLineCodingKeys
DocumentationBlockCodingKeys
TraitCodingKeys
StringLiteralCodingKeys
ConditionTrait
Kind
HiddenTrait
ParallelizationTrait
SPIAwareTrait
TimeLimitTrait
Duration
Trait
TestTrait
SuiteTrait
CustomExecutionTrait
#)-6=
#)-6
Test
Snapshot
CodingKeys
TestCasesState
CodingKeys
Selection
__TestContainer
__sig
__opaque
_flags
_file
_lbfsize
_cookie
_close
_read
_seek
_write
_extra
_ubuf
_nbuf
_blksize
_offset
_base
_size
unspecified
uncoveredBug
reproducesBug
verifiesFix
failingBecauseOfBug
major
minor
childType
update
rebuild
unableToObtainCurrentOSBuild
unexpectedFormat
missingRequiredComponents
appleInternalOnly
appleInternalUIOnly
runStarted
testStarted
testCaseStarted
issueRecorded
testCaseEnded
testEnded
testSkipped
runEnded
kind
instant
issue
messages
testID
_testCase
RawValue
absolute
since1970
isKnown
sourceLocation
default
skip
pass
passWithKnownIssue
fail
difference
warning
details
symbol
text
RawValue
displayName
suite
function
kind
name
sourceLocation
_testCases
isParameterized
stringValue
RawValue
version
kind
payload
test
event
RawValue
event
eventContext
listTests
parallel
verbose
veryVerbose
quiet
_verbosity
xunitOutput
experimentalEventStreamOutput
experimentalEventStreamVersion
filter
skip
repetitions
repeatUntil
featureUnavailable
invalidArgument
RawValue
options
write
_humanReadableOutputRecorder
useANSIEscapeCodes
ansiColorBitDepth
verbosity
_tagColors
useTagColors
useVerboseOutput
_context
symbol
stringValue
conciseStringValue
runStartInstant
iterationStartInstant
testCount
suiteCount
testData
startInstant
issueCount
knownIssueCount
write
_context
startInstant
endInstant
issues
runStartInstant
testCount
testData
pass
default
skip
fail
difference
warning
details
knownIssueCount
Duration
Instant
suspending
wall
kind
testID
testCaseID
instant
runStartedNew
iterationStarted
planStepStarted
expectationChecked
issueRecorded
testSkipped
planStepEnded
iterationEnded
runStarted
testStarted
testCaseStarted
testCaseEnded
testEnded
runEnded
test
testCase
seconds
attoseconds
exitCode
signal
failure
evaluatedExpression
mismatchedErrorDescription
differenceDescription
isPassing
isRequired
sourceLocation
expectation
count
description
typeInfo
kind
comments
sourceContext
isKnown
expectationFailed
confirmationMiscounted
errorCaught
timeLimitExceeded
unconditional
knownIssueNotRecorded
apiMisused
system
error
actual
expected
expectation
rawValue
RawValue
arguments
body
value
parameter
bytes
index
firstName
secondName
typeInfo
_sequence
_mapElement
Element
Iterator
argumentIDs
_kind
type
nameOnly
fullyQualifiedName
unqualifiedName
mangledName
isParallelizationEnabled
repetitionPolicy
isMainActorIsolationEnforced
_defaultTestTimeLimit
_maximumTestTimeLimit
_testTimeLimitGranularity
deliverExpectationCheckedEvents
eventHandler
testFilter
testCaseFilter
continuationCondition
maximumIterationCount
untilIssueRecorded
whileIssueRecorded
_kind
includeHiddenTests
testIDs
tags
patterns
combination
unfiltered
including
excluding
precomputed
function
plan
configuration
stepGraph
skip
recordIssue
isParallelizationEnabled
test
action
_stepGraph
tests
options
configuration
test
testCase
instances
nextID
comment
sourceContext
addresses
errorObject
backtrace
kind
runtimeValue
description
debugDescription
typeInfo
label
isCollection
children
generic
stringLiteral
binaryOperation
functionCall
propertyAccess
negation
value
isParenthetical
keyPath
functionName
arguments
operator
sourceCode
stringValue
depth
includeTypeNames
includeParenthesesIfNeeded
backtrace
sourceLocation
fileID
_filePath
line
column
collection1
collection2
Elements
Element
Iterator
rawValue
RawValue
_fileHandle
_closeWhenDone
value
children
_storage
RawValue
description
kind
staticMember
stringLiteral
stringValue
intValue
redComponent
greenComponent
blueComponent
tags
title
RawValue
StringLiteralType
StringInterpolation
ExtendedGraphemeClusterLiteralType
UnicodeScalarLiteralType
rawValue
kind
line
block
documentationLine
documentationBlock
trait
stringLiteral
comment
kind
sourceLocation
conditional
unconditional
timeLimit
underlyingDuration
name
displayName
traits
sourceLocation
containingTypeInfo
xcTestCompatibleSelector
testCasesState
parameters
isSynthesized
testCases
comments
tags
associatedBugs
_timeLimit
unevaluated
evaluated
failed
RawValue
moduleName
nameComponents
sourceLocation
_testIDsGraph
