@(#)PROGRAM:swift-build-tool  PROJECT:llbuild-19506
[0;30m
[0;31m
[0;32m
[0;33m
[0;34m
[0;35m
[0;36m
[0;37m
[0;1;30m
[0;1;31m
[0;1;32m
[0;1;33m
[0;1;34m
[0;1;35m
[0;1;36m
[0;1;37m
[0;40m
[0;41m
[0;42m
[0;43m
[0;44m
[0;45m
[0;46m
[0;47m
[0;1;40m
[0;1;41m
[0;1;42m
[0;1;43m
[0;1;44m
[0;1;45m
[0;1;46m
[0;1;47m
0123456789ABCDEFGHIJKLMNOPQRSTUVWXYZ
0000000000000000
                                                                                
puts
allow-missing-inclusion-patternscontent-exclusioswift-get-version
/bin/sh
build.db
build.llbuild
build.swift-build
swift-build-tool
swift-build-tool: error: invalid number of arguments
Usage: swift-build-tool [options] [<target>]
Options:
swift-build
%.2x
___Z
_block_invoke
invocation function for block in 
Ua9enable_ifI
vtable for 
VTT for 
typeinfo for 
typeinfo name for 
covariant return thunk to 
thread-local wrapper routine for 
thread-local initialization routine for 
virtual thunk to 
non-virtual thunk to 
guard variable for 
reference temporary for 
construction vtable for 
auto
decltype(
alignof (
const_cast
dynamic_cast
noexcept (
reinterpret_cast
static_cast
sizeof (
sizeof... (
typeid (
throw
wchar_t
char
signed char
unsigned char
short
unsigned short
__int128
unsigned __int128
true
false
%LaL
delete
_GLOBAL__N
(anonymous namespace)
operator&&
operator&
operator&=
operator=
operator()
operator,
operator~
operator delete[]
operator*
operator delete
operator/
operator/=
operator^
operator^=
operator==
operator>=
operator>
operator[]
operator<=
operator<<
operator<<=
operator<
operator-
operator-=
operator*=
operator--
operator new[]
operator!=
operator!
operator new
operator||
operator|
operator|=
operator->*
operator+
operator+=
operator++
operator->
operator?
operator%
operator%=
operator>>
operator>>=
operator<=>
operator 
operator"" 
 ... 
::operator 
) ? (
) : (
sizeof...(
throw 
std::basic_string<char, std::char_traits<char>, std::allocator<char> >
std::basic_istream<char, std::char_traits<char> >
std::basic_ostream<char, std::char_traits<char> >
std::basic_iostream<char, std::char_traits<char> >
allocator
basic_string
basic_istream
basic_ostream
basic_iostream
[abi:
'lambda
string literal
std::allocator
std::basic_string
std::string
std::istream
std::ostream
std::iostream
string
istream
ostream
iostream
std::
 [enable_if:
 const
 volatile
 restrict
void
bool
unsigned int
long
unsigned long
long long
unsigned long long
float
double
long double
__float128
decimal64
decimal128
decimal32
decimal16
char32_t
char16_t
decltype(auto)
std::nullptr_t
 complex
 imaginary
noexcept
noexcept(
throw(
objcproto
pixel vector[
struct
union
enum
objc_object
LLVM ERROR: 
LLVM ERROR: out of memory
UNREACHABLE executed
 at 
Allocation failed
arm2
arm3
arm6
arm7m
arm8
arm810
strongarm110
strongarm1100
strongarm1110
arm7tdmi-s
arm710t
arm720t
arm9
arm9tdmi
arm920
arm920t
arm922t
arm9312
arm940t
ep9312
arm10tdmi
arm1020t
arm9e
arm946e-s
arm966e-s
arm968e-s
arm10e
arm1020e
arm1022e
arm1136jf-s
arm1136jz-s
arm1176j-s
mpcorenovfp
arm1156t2f-s
cortex-m0plus
cortex-m1
sc000
cortex-a5
cortex-a12
cortex-a17
cortex-r4
cortex-r4f
cortex-r5
cortex-r7
cortex-r8
cortex-r52
sc300
cortex-m7
cortex-m23
cortex-m33
cortex-a32
cortex-a55
cortex-a75
cyclone
exynos-m3
exynos-m4
iwmmxt
swift
+hwdiv-arm
-hwdiv-arm
+hwdiv
-hwdiv
+crc
-crc
+dsp
-dsp
+ras
-ras
+dotprod
-dotprod
+fp-only-sp
+d16
-fp-only-sp
-d16
+fp-armv8
+vfp4
-fp-armv8
+vfp3
+fp16
-vfp4
-fp16
+vfp2
-vfp3
-vfp2
+neon
+crypto
-crypto
-neon
thunderx2t99
thunderx
thunderxt88
thunderxt81
thunderxt83
+fullfp16
+spe
+lse
+rdm
+sve
+rcpc
+v8.1a
+v8.2a
+v8.3a
+v8.4a
aapcs
aapcs16
apcs-gnu
aapcs-linux
none
vfpv2
vfpv3
vfpv3-fp16
vfpv3-d16
vfpv3-d16-fp16
vfpv3xd
vfpv3xd-fp16
vfpv4
vfpv4-d16
fpv4-sp-d16
fpv5-d16
fpv5-sp-d16
fp-armv8
neon
neon-fp16
neon-vfpv4
neon-fp-armv8
crypto-neon-fp-armv8
softvfp
armv2
armv2a
armv3
armv3m
armv4
armv4t
armv5t
armv5te
armv5tej
5TEJ
armv6
armv6k
armv6t2
v6t2
armv6kz
v6kz
armv6-m
armv7-a
armv7ve
v7ve
armv7-r
armv7-m
armv7e-m
7E-M
v7em
armv8-a
armv8.1-a
8.1-A
v8.1a
armv8.2-a
8.2-A
v8.2a
armv8.3-a
8.3-A
v8.3a
armv8.4-a
8.4-A
v8.4a
armv8-r
armv8-m.base
8-M.Baseline
v8m.base
armv8-m.main
8-M.Mainline
v8m.main
iwmmxt2
armv7s
armv7k
crypto
sha2
+sha2
-sha2
+aes
-aes
dotprod
idiv
simd
virt
fp16
-fullfp16
maverick
arm,thumb
-lse
-rdm
+sm4
-sm4
sha3
+sha3
-sha3
profile
-spe
-sve
rcpc
-rcpc
thumb,arm
fpe2
fpe3
vfp2
vfp3
vfp4
vfp3-d16
vfp4-d16
fp4-sp-d16
vfpv4-sp-d16
fp4-dp-d16
fpv4-dp-d16
fp5-sp-d16
fp5-dp-d16
fpv5-dp-d16
neon-vfpv3
v5te
v6hl
v6sm
v6s-m
v6-m
v6zk
v7hl
v7-a
v7-r
v7-m
v7e-m
v8-a
v8.1-a
v8.2-a
v8.3-a
v8.4-a
v8-r
v8-m.base
v8-m.main
unknown
aarch64
aarch64_be
armeb
bpfel
bpfeb
hexagon
mips
mipsel
mips64
mips64el
msp430
nios2
powerpc64
powerpc64le
powerpc
r600
amdgcn
riscv32
riscv64
sparc
sparcv9
sparcel
s390x
tcele
thumb
thumbeb
x86_64
xcore
nvptx
nvptx64
le32
le64
amdil
amdil64
hsail
hsail64
spir
spir64
kalimba
lanai
shave
wasm32
wasm64
renderscript32
renderscript64
s390
nvvm
wasm
riscv
apple
scei
nvidia
myriad
mesa
suse
ananas
cloudabi
darwin
dragonfly
freebsd
fuchsia
kfreebsd
linux
macosx
netbsd
openbsd
solaris
windows
haiku
minix
rtems
nacl
cuda
nvcl
amdhsa
elfiamcu
tvos
watchos
mesa3d
contiki
amdpal
gnuabin32
gnuabi64
gnueabihf
gnueabi
gnux32
code16
eabi
eabihf
android
musl
musleabi
musleabihf
msvc
itanium
cygnus
coreclr
simulator
arm64
ppc64
ppc32
ppc64le
systemz
x86-64
cygwin
mingw
androideabi
macos
arm1176jzf-s
cortex-a7
invalid
strongarm
arm7tdmi
bpf_be
bpf_le
i586
i686
i786
i886
i986
amd64
x86_64h
xscale
xscaleeb
mipseb
mipsallegrex
mipsallegrexel
mips64eb
sparc64
kalimba3
kalimba4
kalimba5
win32
coff
macho
Unknown buffer
-%%%%%%
HOME
0123456789abcdef
-%%%%%%.
TEMP
TEMPDIR
/var/tmp/
XDG_CACHE_HOME
.cache
INFINITY
+Inf
-inf
-INFINITY
-Inf
-nan
-NaN
0123456789ABCDEF0
0123456789abcdef0
0.0E+0
e+00
COLUMNS
colors
generic
604e
7400
7410
7447
7455
7450
POWER4
PPC970FX
PPC970MP
POWER5
POWER6
pwr6
POWER7
pwr7
POWER8
pwr8
POWER8E
POWER8NVL
POWER9
pwr9
CPU implementer
Hardware
0x41
MSM8994
MSM8996
cortex-a53
CPU part
0x926
arm926ej-s
0xb02
mpcore
0xb36
arm1136j-s
0xb56
arm1156t2-s
0xb76
arm1176jz-s
0xc08
cortex-a8
0xc09
cortex-a9
0xc0f
cortex-a15
0xc20
cortex-m0
0xc23
cortex-m3
0xc24
cortex-m4
0xd04
cortex-a35
0xd03
0xd07
cortex-a57
0xd08
cortex-a72
0xd09
cortex-a73
0x51
0x06f
krait
0x201
kryo
0x205
0x211
0x800
0x801
0xc00
falkor
0xc01
saphira
0x53
CPU variant
exynos-m1
exynos-m2
features
processor 
machine = 
zEC12
z196
nehalem
westmere
sandybridge
amdfam10
bdver1
bdver2
bdver3
bdver4
znver1
ivybridge
haswell
broadwell
skylake
skylake-avx512
cannonlake
core2
penryn
k6-2
k6-3
geode
bonnell
silvermont
btver1
btver2
i386
i486
pentium
pentium-mmx
pentiumpro
pentium2
pentium3
pentium4
pentium-m
yonah
nocona
prescott
athlon
athlon-xp
k8-sse3
goldmont
goldmont-plus
cmov
sse2
sse3
pclmul
ssse3
cx16
sse4.1
sse4.2
movbe
popcnt
rdrnd
xsave
f16c
sahf
lzcnt
sse4a
prfchw
fma4
mwaitx
clzero
wbnoinvd
fsgsbase
avx2
bmi2
invpcid
avx512f
avx512dq
rdseed
avx512ifma
clflushopt
clwb
avx512pf
avx512er
avx512cd
avx512bw
avx512vl
prefetchwt1
avx512vbmi
waitpkg
avx512vbmi2
shstk
gfni
vaes
vpclmulqdq
avx512vnni
avx512bitalg
avx512vpopcntdq
rdpid
cldemote
movdiri
movdir64b
pconfig
xsaveopt
xsavec
xsaves
ptwrite
-darwin
-macos
hw.physicalcpu
PATH
Child timed out but wouldn't die
Child timed out
Error waiting for child process
Program could not be executed
 (core dumped)
Executable "
" doesn't exist!
Can't redirect stderr to stdout
posix_spawn failed
Couldn't fork
/dev/null
Cannot dup2
Cannot open file '
' for 
input
output
llvm-symbolizer
%-2d
 %-*s
 %#0*lx
 + %u
LLVM_DISABLE_CRASH_REPORT
too many signal callbacks already registered
Included from 
<unknown>
<stdin>
error: 
warning: 
note: 
remark: 
SmallVector capacity overflow during allocation
&amp;
&lt;
&gt;
&quot;
&apos;
Multiple errors:
Error
Multiple errors
Inconvertible error value. An error has occurred that could not be converted to a known std::error_code. Please file a bug.
null
empty
rope:
cstring:"
std::string:"
stringref:"
smallstring:"
formatv:"
char:"
decUI:"
decI:"
decUL:"
decL:"
decULL:"
decLL:"
uhex:"
(Twine 
Stream-Start: 
Stream-End: 
Version-Directive: 
Tag-Directive: 
Document-Start: 
Document-End: 
Block-Entry: 
Block-End: 
Block-Sequence-Start: 
Block-Mapping-Start: 
Flow-Entry: 
Flow-Sequence-Start: 
Flow-Sequence-End: 
Flow-Mapping-Start: 
Flow-Mapping-End: 
Key: 
Value: 
Scalar: 
Block Scalar: 
Alias: 
Anchor: 
Tag: 
YAML
#;/?:@&=+$,_.!~*'()[]
Not dealing with this yet
Could not find expected : for simple key
Expected quote at end of scalar
Found unexpected ':' while scanning a plain scalar
,:?[]{}
Found invalid tab character in indentation
Got empty plain scalar
Got empty alias or anchor
Expected a line break after block scalar header
Leading all-spaces line must be smaller than the block indent
A text line is less indented than the block scalar
-?:,[]{}#&*!|>'"%@`
Unrecognized character while tokenizing.
Can only iterate over the stream once
Unknown tag handle 
tag:yaml.org,2002:null
tag:yaml.org,2002:str
tag:yaml.org,2002:map
tag:yaml.org,2002:seq
Unrecognized escape code!
Unexpected token in Key Value.
Unexpected token. Expected Key or Block End
Unexpected token. Expected Key, Flow Entry, or Flow Mapping End.
Unexpected token. Expected Block Entry or Block End.
Could not find closing ]!
Expected , between entries!
tag:yaml.org,2002:
Already encountered an anchor for this node!
Already encountered a tag for this node!
Unexpected token
%02X
IO failure on output stream: 
/dev/urandom
LLBUILD_BACKGROUND_TASK_MAX
org.swift.llbuild Lane-
v8@?0
org.swift.llbuild
tracing
thread constructor failed
LLBUILD_TEST
LLBUILD_BUILD_ID
LLBUILD_LANE_ID
TMPDIR
%s/fileXXXXXX
/tmp/fileXXXXXX
 version 5.2
llbuild-19506
no arguments for command
LLBUILD_TASK_ID
output pipe
control pipe
unable to open 
LLBUILD_CONTROL_FD
unable to spawn process '
failed to poll (
unable to read process output (
unable to wait for process (
control protocol error
excessive message length
llbuild.1
unsupported protocol: 
bad ID
abcdefghijklmnopqrstuvwxyzABCDEFGHIJKLMNOPQRSTUVWXYZ1234567890-_/:@#%+=.,
'\''
SELECT iteration FROM info LIMIT 1
unable to configure database: not thread-safe
unable to open database: 
SELECT version,client_version FROM info LIMIT 1
Version mismatch. (database-schema: 
 requested schema: 
. database-client: 
 requested client: 
unable to unlink existing database: 
BEGIN EXCLUSIVE;
CREATE TABLE info (id INTEGER PRIMARY KEY, version INTEGER, client_version INTEGER, iteration INTEGER);
INSERT INTO info VALUES (0, %d, %d, 0);
CREATE TABLE key_names (id INTEGER PRIMARY KEY, key STRING UNIQUE);
CREATE TABLE rule_results (key_id INTEGER PRIMARY KEY, value BLOB, signature INTEGER, built_at INTEGER, computed_at INTEGER, start REAL, end REAL, dependencies BLOB, FOREIGN KEY(key_id) REFERENCES key_names(id));
CREATE UNIQUE INDEX rule_results_idx ON rule_results (key_id);
END;
unable to initialize database (
SELECT id FROM key_names WHERE key == ? LIMIT 1;
SELECT key FROM key_names WHERE id == ? LIMIT 1;
INSERT OR IGNORE INTO key_names(key) VALUES (?);
INSERT OR REPLACE INTO rule_results VALUES (?, ?, ?, ?, ?, ?, ?, ?);
DELETE FROM key_names WHERE key == ?;
SELECT rule_results.key_id, value, built_at, computed_at, start, end, dependencies, signature FROM rule_results INNER JOIN key_names ON key_names.id = rule_results.key_id WHERE key == ?;
SELECT key_id, value, built_at, computed_at, start, end, dependencies, signature FROM rule_results WHERE key_id == ?;
SELECT rule_results.key_id, key_names.key, rule_results.value, rule_results.built_at, rule_results.computed_at, rule_results.start, rule_results.end, rule_results.dependencies, rule_results.signature FROM rule_results JOIN key_names WHERE rule_results.key_id == key_names.id;
main
error: accessing build database "
 Possibly there are two concurrent builds running in the same filesystem location.
UPDATE info SET iteration = ? WHERE id == 0;
unexpected contents for database result: 
SELECT key FROM key_names;
SELECT key, id FROM key_names;
keys:
 -- 
SELECT key_id, built_at, computed_at, start, end FROM rule_results;
results:
missing null terminator
missing version record
empty operand
invalid duplicate version
unknown opcode in file
attempt to use reserved input ID
attempt to register duplicate rule "
invalid state for adding discovered dependency
invalid state for marking task complete
build engine busy
unable to open graph output path "
digraph llbuild {
rankdir="LR"
node [fontsize=10, shape=box, height=0.25]
edge [fontsize=10]
"%s"
"%s" -> "%s"
unable to close file
{ "new-task", "%s" },
{ "new-rule", "%s", "%s" },
{ "build-started" },
{ "handling-build-input-request", "%s" },
{ "created-task-for-rule", "%s", "%s" },
{ "handling-task-input-request", "%s", "%s" },
{ "paused-input-request-for-rule-scan", "%s" },
{ "readying-task-input-request", "%s", "%s" },
{ "added-rule-pending-task", "%s", "%s" },
{ "completed-task-input-request", "%s", "%s" },
{ "updated-task-wait-count", "%s", %d },
{ "unblocked-task", "%s" },
{ "readied-task", "%s", "%s" },
{ "finished-task", "%s", "%s", "%s" },
changed
unchanged
{ "build-ended" },
{ "checking-rule-needs-to-run", "%s" },
{ "rule-scheduled-for-scanning", "%s"},
{ "rule-scanning-next-input", "%s", "%s" },
{ "rule-scanning-deferred-on-input", "%s", "%s" },
{ "rule-scanning-deferred-on-task", "%s", "%s" },
{ "rule-needs-to-run", "%s", "never-built" },
{ "rule-needs-to-run", "%s", "signature-changed" },
{ "rule-needs-to-run", "%s", "invalid-value" },
{ "rule-needs-to-run", "%s", "input-missing" },
{ "rule-needs-to-run", "%s", "input-rebuilt", "%s" },
{ "rule-does-not-need-to-run", "%s" },
{ "cycle-force-rule-needs-to-run", "%s" },
{ "cycle-supply-prior-value", "%s", "%s" },
unexpected character in file
missing ':' following rule
unexpected character in prerequisites
--help
show this help message and exit
--version
show the tool version
-C <PATH>, --chdir <PATH>
change directory to PATH before building
--no-db
disable use of a build database
--db <PATH>
enable building against the database at PATH
-f <PATH>
load the build task file at PATH
--serial
do not build in parallel
--scheduler <SCHEDULER>
set scheduler algorithm
-j,--jobs <JOBS>
set how many concurrent jobs (lanes) to run
-v, --verbose
show verbose status information
--trace <PATH>
trace build engine operation to PATH
%-*s
--db
missing argument to '
--chdir
--scheduler
commandNamePriority
default
fifo
unknown scheduler algorithm '
--jobs
invalid argument '
' to '
invalid argument to '-j'
--verbose
--trace
invalid option '
cycle detected while building: 
 -> 
((unknown))
command '
custom task '
directory-contents '
filtered-directory-contents '
directory-tree-signature '
directory-tree-structure-signature '
node '
stat '
target '
unable to detect number of CPUs
cannot build '
' due to missing inputs: 
unable to build node: '
' (node is produced by multiple commands: '
unable to honor --chdir: 
invalid reuse after initialization failure
unable to create tracing directory: 
unable to enable tracing: 
unable to attach DB: 
missing input '
' and no rule to build it
-for-llbuild
--llbuild-extension-version
--extension-path
initialize_llbuild_buildsystem_extension_v0
missing required 'deps-style' specifier
unknown dependencies style
signature
deps-style
makefile
dependency-info
unknown 'deps-style': '
can-safely-interrupt
inherit-env
working-directory
invalid arguments for command '
 at position 
allow-missing-inputs
allow-modified-outputs
always-out-of-date
unknown result
type
plain
directory
directory-structure
virtual
is-directory
is-directory-structure
is-virtual
is-command-timestamp
is-mutated
content-exclusion-patterns
unable to open '
missing document in stream
unexpected additional document in stream
unexpected top-level node
client
expected initial mapping key 'client'
unexpected 'client' value (expected map)
tools
unexpected 'tools' value (expected map)
targets
unexpected 'targets' value (expected map)
unexpected 'default' target value (expected scalar)
nodes
unexpected 'nodes' value (expected map)
commands
unexpected 'commands' value (expected map)
unexpected trailing top-level section
invalid key type in 'client' map
invalid value type in 'client' map
name
version
invalid version number in 'client' map
unable to configure client
invalid key type in 'tools' map
invalid value type in 'tools' map
invalid key type for tool in 'tools' map
invalid key type for '
' in 'tools' map
invalid value type for '
invalid value type for tool in 'tools' map
invalid tool type in 'tools' map
invalid key type in 'targets' map
invalid value type in 'targets' map
invalid node type in 'targets' map
invalid default target, a default target should be in targets
invalid key type in 'nodes' map
invalid value type in 'nodes' map
invalid key type for node in 'nodes' map
' in 'nodes' map
invalid value type for node in 'nodes' map
invalid key type in 'commands' map
invalid value type in 'commands' map
duplicate command in 'commands' map
missing 'tool' key for command in 'command' map
tool
expected 'tool' initial key for command in 'commands' map
invalid 'tool' value type for command in 'commands' map
tool failed to create a command
inputs
invalid value type for 'inputs' command key
invalid node type in 'inputs' command key
outputs
invalid value type for 'outputs' command key
invalid node type in 'outputs' command key
description
invalid value type for 'description' command key
' in 'commands' map
invalid value type for command in 'commands' map
file-system
device-agnostic
unsupported client file-system: '
shell
phony
clang
mkdir
symlink
archive
shared-library
stale-file-removal
swift-compiler
control-enabled
invalid value: '
' for attribute '
unexpected attribute: '
args
deps
unable to open dependencies file (
error reading dependency file '
mkdir -p 
unable to create directory '
ln -sfh 
<<<missing output>>>
missing declared output
unexpected explicit output: '
contents
link-output-path
unable to create symlink at '
Archiving 
missing expected input
unexpected explicit output: 
missing expected output
Creating Shared library: 
swiftc
-emit-library
-shared
/link
MSVCRT.lib
SharedLibraryTool requires inputs to be specified
SharedLibraryTool requires the resulting shared library name to be specified
executable
other-args
compiler-style
Unsupported : compiler-style'
' for shared libraries'.  Supported styles are cl, clang, and swiftc
Stale file removal
, stale files: [
], roots: [
expectedOutputs
roots
Stale file '
' has a relative path. This is invalid in combination with the root path attribute.
' is located outside of the allowed root paths.
Removed stale file '
cannot remove stale file '
Compiling Swift Module '
 sources)
output-file-map.json
-module-name
-incremental
-emit-dependencies
-emit-module
-emit-module-path
-output-file-map
-parse-as-library
-whole-module-optimization
-num-threads
module-name
module-output-path
sources
objects
import-paths
temps-path
is-library
enable-whole-module-optimization
num-threads
' should be an int.
' should be greater than or equal to zero.
swift-get-version
no configured 'sources'
no configured 'objects'
no configured 'module-name'
no configured 'temps-path'
'sources' and 'objects' are not the same size
unable to create output file map: '
master.swiftdeps
  "": {
    "dependencies": "
    "object": "
    "swift-dependencies": "
  },
~partial.swiftmodule
.swiftdeps
": {
    "swiftmodule": "
Checking Swift Compiler Version
 --version
2>/dev/null
cannot build target '
unable to load build file
failed to raise open file limit
no build description loaded
No target named '
' in build description
depth:%llu
lane:%d;command:%s
execution_queue_job
execution_queue_subprocess
lane:%d;pid:%d;utime:%llu;stime:%llu;maxrss:%ld
key:%s;kind:%d
engine_queue_item_event
key:%s
key:%llu;kind:%d
engine_task_callback
key:%llu
@(#)PROGRAM:swift-build-tool  PROJECT:llbuild-19506
-0El{
-0Eq
666/
!!!!
))))))
 YYY>I
[0;30m
[0;31m
[0;32m
[0;33m
[0;34m
[0;35m
[0;36m
[0;37m
[0;1;30m
[0;1;31m
[0;1;32m
[0;1;33m
[0;1;34m
[0;1;35m
[0;1;36m
[0;1;37m
[0;40m
[0;41m
[0;42m
[0;43m
[0;44m
[0;45m
[0;46m
[0;47m
[0;1;40m
[0;1;41m
[0;1;42m
[0;1;43m
[0;1;44m
[0;1;45m
[0;1;46m
[0;1;47m
0123456789ABCDEFGHIJKLMNOPQRSTUVWXYZ
*<Oxx
<$).
!&/s7>EMU]e
 $(,047:=@CF
111111
$$$$/$>
                                                                                
8D=XX
 %).H
ZZZ8 ZT
JJJ(
JD::::
XXXX
/bin/sh
build.db
build.llbuild
build.swift-build
swift-build-tool
swift-build-tool: error: invalid number of arguments
Usage: swift-build-tool [options] [<target>]
Options:
swift-build
%.2x
___Z
_block_invoke
invocation function for block in 
Ua9enable_ifI
vtable for 
VTT for 
typeinfo for 
typeinfo name for 
covariant return thunk to 
thread-local wrapper routine for 
thread-local initialization routine for 
virtual thunk to 
non-virtual thunk to 
guard variable for 
reference temporary for 
construction vtable for 
-in-
auto
decltype(
alignof (
const_cast
dynamic_cast
noexcept (
reinterpret_cast
static_cast
sizeof (
sizeof... (
typeid (
throw
wchar_t
char
signed char
unsigned char
short
unsigned short
__int128
unsigned __int128
true
false
%LaL
... 
 ...
delete
_GLOBAL__N
(anonymous namespace)
operator&&
operator&
operator&=
operator=
operator()
operator,
operator~
operator delete[]
operator*
operator delete
operator/
operator/=
operator^
operator^=
operator==
operator>=
operator>
operator[]
operator<=
operator<<
operator<<=
operator<
operator-
operator-=
operator*=
operator--
operator new[]
operator!=
operator!
operator new
operator||
operator|
operator|=
operator->*
operator+
operator+=
operator++
operator->
operator?
operator%
operator%=
operator>>
operator>>=
operator<=>
operator 
operator"" 
 ... 
::operator 
) ? (
) : (
sizeof...(
throw 
std::basic_string<char, std::char_traits<char>, std::allocator<char> >
std::basic_istream<char, std::char_traits<char> >
std::basic_ostream<char, std::char_traits<char> >
std::basic_iostream<char, std::char_traits<char> >
allocator
basic_string
basic_istream
basic_ostream
basic_iostream
[abi:
'unnamed
'lambda
string literal
std::allocator
std::basic_string
std::string
std::istream
std::ostream
std::iostream
string
istream
ostream
iostream
std::
 [enable_if:
 const
 volatile
 restrict
void
bool
unsigned int
long
unsigned long
long long
unsigned long long
float
double
long double
__float128
decimal64
decimal128
decimal32
decimal16
char32_t
char16_t
decltype(auto)
std::nullptr_t
 complex
 imaginary
noexcept
noexcept(
throw(
objcproto
pixel vector[
 vector[
struct
union
enum
objc_object
LLVM ERROR: 
LLVM ERROR: out of memory
UNREACHABLE executed
 at 
arm2
arm3
arm6
arm7m
arm8
arm810
strongarm110
strongarm1100
strongarm1110
arm7tdmi-s
arm710t
arm720t
arm9
arm9tdmi
arm920
arm920t
arm922t
arm9312
arm940t
ep9312
arm10tdmi
arm1020t
arm9e
arm946e-s
arm966e-s
arm968e-s
arm10e
arm1020e
arm1022e
arm1136jf-s
arm1136jz-s
arm1176j-s
mpcorenovfp
arm1156t2f-s
cortex-m0plus
cortex-m1
sc000
cortex-a5
cortex-a12
cortex-a17
cortex-r4
cortex-r4f
cortex-r5
cortex-r7
cortex-r8
cortex-r52
sc300
cortex-m7
cortex-m23
cortex-m33
cortex-a32
cortex-a55
cortex-a75
cyclone
exynos-m3
exynos-m4
iwmmxt
swift
+hwdiv-arm
-hwdiv-arm
+hwdiv
-hwdiv
+crc
-crc
+dsp
-dsp
+ras
-ras
+dotprod
-dotprod
+fp-only-sp
+d16
-fp-only-sp
-d16
+fp-armv8
+vfp4
-fp-armv8
+vfp3
+fp16
-vfp4
-fp16
+vfp2
-vfp3
-vfp2
+neon
+crypto
-crypto
-neon
thunderx2t99
thunderx
thunderxt88
thunderxt81
thunderxt83
+fullfp16
+spe
+lse
+rdm
+sve
+rcpc
+v8.1a
+v8.2a
+v8.3a
+v8.4a
aapcs
aapcs16
apcs-gnu
aapcs-linux
none
vfpv2
vfpv3
vfpv3-fp16
vfpv3-d16
vfpv3-d16-fp16
vfpv3xd
vfpv3xd-fp16
vfpv4
vfpv4-d16
fpv4-sp-d16
fpv5-d16
fpv5-sp-d16
fp-armv8
neon
neon-fp16
neon-vfpv4
neon-fp-armv8
crypto-neon-fp-armv8
softvfp
armv2
armv2a
armv3
armv3m
armv4
armv4t
armv5t
armv5te
armv5tej
5TEJ
armv6
armv6k
armv6t2
v6t2
armv6kz
v6kz
armv6-m
armv7-a
armv7ve
v7ve
armv7-r
armv7-m
armv7e-m
7E-M
v7em
armv8-a
armv8.1-a
8.1-A
v8.1a
armv8.2-a
8.2-A
v8.2a
armv8.3-a
8.3-A
v8.3a
armv8.4-a
8.4-A
v8.4a
armv8-r
armv8-m.base
8-M.Baseline
v8m.base
armv8-m.main
8-M.Mainline
v8m.main
iwmmxt2
armv7s
armv7k
crypto
sha2
+sha2
-sha2
+aes
-aes
dotprod
idiv
simd
virt
fp16
-fullfp16
maverick
arm,thumb
-lse
-rdm
+sm4
-sm4
sha3
+sha3
-sha3
profile
-spe
-sve
rcpc
-rcpc
thumb,arm
fpe2
fpe3
vfp2
vfp3
vfp4
vfp3-d16
vfp4-d16
fp4-sp-d16
vfpv4-sp-d16
fp4-dp-d16
fpv4-dp-d16
fp5-sp-d16
fp5-dp-d16
fpv5-dp-d16
neon-vfpv3
v5te
v6hl
v6sm
v6s-m
v6-m
v6zk
v7hl
v7-a
v7-r
v7-m
v7e-m
v8-a
v8.1-a
v8.2-a
v8.3-a
v8.4-a
v8-r
v8-m.base
v8-m.main
unknown
aarch64
aarch64_be
armeb
bpfel
bpfeb
hexagon
mips
mipsel
mips64
mips64el
msp430
nios2
powerpc64
powerpc64le
powerpc
r600
amdgcn
riscv32
riscv64
sparc
sparcv9
sparcel
s390x
tcele
thumb
thumbeb
i386
x86_64
xcore
nvptx
nvptx64
le32
le64
amdil
amdil64
hsail
hsail64
spir
spir64
kalimba
lanai
shave
wasm32
wasm64
renderscript32
renderscript64
s390
nvvm
wasm
riscv
apple
scei
nvidia
myriad
mesa
suse
ananas
cloudabi
darwin
dragonfly
freebsd
fuchsia
kfreebsd
linux
macosx
netbsd
openbsd
solaris
windows
haiku
minix
rtems
nacl
cuda
nvcl
amdhsa
elfiamcu
tvos
watchos
mesa3d
contiki
amdpal
gnuabin32
gnuabi64
gnueabihf
gnueabi
gnux32
code16
eabi
eabihf
android
musl
musleabi
musleabihf
msvc
itanium
cygnus
coreclr
simulator
arm64
ppc64
ppc32
ppc64le
systemz
x86-64
cygwin
mingw
androideabi
macos
arm1176jzf-s
cortex-a7
invalid
strongarm
arm7tdmi
bpf_be
bpf_le
i486
i586
i686
i786
i886
i986
amd64
x86_64h
xscale
xscaleeb
mipseb
mipsallegrex
mipsallegrexel
mips64eb
sparc64
kalimba3
kalimba4
kalimba5
win32
coff
macho
Unknown buffer
-%%%%%%
HOME
0123456789abcdef
-%%%%%%.
TMPDIR
TEMP
TEMPDIR
/var/tmp/
XDG_CACHE_HOME
.cache
INFINITY
+Inf
-inf
-INFINITY
-Inf
-nan
-NaN
0123456789ABCDEF0
0123456789abcdef0
0.0E+0
e+00
COLUMNS
colors
generic
604e
7400
7410
7447
7455
7450
POWER4
PPC970FX
PPC970MP
POWER5
POWER6
pwr6
POWER7
pwr7
POWER8
pwr8
POWER8E
POWER8NVL
POWER9
pwr9
CPU implementer
Hardware
0x41
MSM8994
MSM8996
cortex-a53
CPU part
0x926
arm926ej-s
0xb02
mpcore
0xb36
arm1136j-s
0xb56
arm1156t2-s
0xb76
arm1176jz-s
0xc08
cortex-a8
0xc09
cortex-a9
0xc0f
cortex-a15
0xc20
cortex-m0
0xc23
cortex-m3
0xc24
cortex-m4
0xd04
cortex-a35
0xd03
0xd07
cortex-a57
0xd08
cortex-a72
0xd09
cortex-a73
0x51
0x06f
krait
0x201
kryo
0x205
0x211
0x800
0x801
0xc00
falkor
0xc01
saphira
0x53
CPU variant
exynos-m1
exynos-m2
features
processor 
machine = 
zEC12
z196
-darwin
-macos
PATH
Child timed out but wouldn't die
Child timed out
Error waiting for child process
Program could not be executed
 (core dumped)
Executable "
" doesn't exist!
Can't redirect stderr to stdout
posix_spawn failed
Couldn't fork
/dev/null
Cannot dup2
Cannot open file '
' for 
input
output
llvm-symbolizer
%-2d
 %-*s
 %#0*lx
 + %u
LLVM_DISABLE_CRASH_REPORT
too many signal callbacks already registered
Included from 
<unknown>
<stdin>
error: 
warning: 
note: 
remark: 
SmallVector capacity overflow during allocation
Allocation failed
&amp;
&lt;
&gt;
&quot;
&apos;
Multiple errors:
Error
Multiple errors
Inconvertible error value. An error has occurred that could not be converted to a known std::error_code. Please file a bug.
null
empty
rope:
cstring:"
std::string:"
stringref:"
smallstring:"
formatv:"
char:"
decUI:"
decI:"
decUL:"
decL:"
decULL:"
decLL:"
uhex:"
(Twine 
Stream-Start: 
Stream-End: 
Version-Directive: 
Tag-Directive: 
Document-Start: 
Document-End: 
Block-Entry: 
Block-End: 
Block-Sequence-Start: 
Block-Mapping-Start: 
Flow-Entry: 
Flow-Sequence-Start: 
Flow-Sequence-End: 
Flow-Mapping-Start: 
Flow-Mapping-End: 
Key: 
Value: 
Scalar: 
Block Scalar: 
Alias: 
Anchor: 
Tag: 
YAML
#;/?:@&=+$,_.!~*'()[]
Not dealing with this yet
Could not find expected : for simple key
Expected quote at end of scalar
Found unexpected ':' while scanning a plain scalar
,:?[]{}
Found invalid tab character in indentation
Got empty plain scalar
Got empty alias or anchor
Expected a line break after block scalar header
Leading all-spaces line must be smaller than the block indent
A text line is less indented than the block scalar
-?:,[]{}#&*!|>'"%@`
Unrecognized character while tokenizing.
Can only iterate over the stream once
Unknown tag handle 
tag:yaml.org,2002:null
tag:yaml.org,2002:str
tag:yaml.org,2002:map
tag:yaml.org,2002:seq
Unrecognized escape code!
Unexpected token in Key Value.
Unexpected token. Expected Key or Block End
Unexpected token. Expected Key, Flow Entry, or Flow Mapping End.
Unexpected token. Expected Block Entry or Block End.
Could not find closing ]!
Expected , between entries!
tag:yaml.org,2002:
Already encountered an anchor for this node!
Already encountered a tag for this node!
Unexpected token
%02X
IO failure on output stream: 
/dev/urandom
LLBUILD_BACKGROUND_TASK_MAX
org.swift.llbuild Lane-
v8@?0
org.swift.llbuild
tracing
thread constructor failed
LLBUILD_TEST
LLBUILD_BUILD_ID
LLBUILD_LANE_ID
%s/fileXXXXXX
/tmp/fileXXXXXX
 version 5.2
llbuild-19506
no arguments for command
LLBUILD_TASK_ID
output pipe
control pipe
unable to open 
LLBUILD_CONTROL_FD
unable to spawn process '
failed to poll (
unable to read process output (
unable to wait for process (
control protocol error
excessive message length
llbuild.1
unsupported protocol: 
bad ID
abcdefghijklmnopqrstuvwxyzABCDEFGHIJKLMNOPQRSTUVWXYZ1234567890-_/:@#%+=.,
'\''
SELECT iteration FROM info LIMIT 1
unable to configure database: not thread-safe
unable to open database: 
SELECT version,client_version FROM info LIMIT 1
Version mismatch. (database-schema: 
 requested schema: 
. database-client: 
 requested client: 
unable to unlink existing database: 
BEGIN EXCLUSIVE;
CREATE TABLE info (id INTEGER PRIMARY KEY, version INTEGER, client_version INTEGER, iteration INTEGER);
INSERT INTO info VALUES (0, %d, %d, 0);
CREATE TABLE key_names (id INTEGER PRIMARY KEY, key STRING UNIQUE);
CREATE TABLE rule_results (key_id INTEGER PRIMARY KEY, value BLOB, signature INTEGER, built_at INTEGER, computed_at INTEGER, start REAL, end REAL, dependencies BLOB, FOREIGN KEY(key_id) REFERENCES key_names(id));
CREATE UNIQUE INDEX rule_results_idx ON rule_results (key_id);
END;
unable to initialize database (
SELECT id FROM key_names WHERE key == ? LIMIT 1;
SELECT key FROM key_names WHERE id == ? LIMIT 1;
INSERT OR IGNORE INTO key_names(key) VALUES (?);
INSERT OR REPLACE INTO rule_results VALUES (?, ?, ?, ?, ?, ?, ?, ?);
DELETE FROM key_names WHERE key == ?;
SELECT rule_results.key_id, value, built_at, computed_at, start, end, dependencies, signature FROM rule_results INNER JOIN key_names ON key_names.id = rule_results.key_id WHERE key == ?;
SELECT key_id, value, built_at, computed_at, start, end, dependencies, signature FROM rule_results WHERE key_id == ?;
SELECT rule_results.key_id, key_names.key, rule_results.value, rule_results.built_at, rule_results.computed_at, rule_results.start, rule_results.end, rule_results.dependencies, rule_results.signature FROM rule_results JOIN key_names WHERE rule_results.key_id == key_names.id;
main
error: accessing build database "
 Possibly there are two concurrent builds running in the same filesystem location.
UPDATE info SET iteration = ? WHERE id == 0;
unexpected contents for database result: 
SELECT key FROM key_names;
SELECT key, id FROM key_names;
keys:
 -- 
SELECT key_id, built_at, computed_at, start, end FROM rule_results;
results:
missing null terminator
missing version record
empty operand
invalid duplicate version
unknown opcode in file
attempt to use reserved input ID
attempt to register duplicate rule "
invalid state for adding discovered dependency
invalid state for marking task complete
build engine busy
unable to open graph output path "
digraph llbuild {
rankdir="LR"
node [fontsize=10, shape=box, height=0.25]
edge [fontsize=10]
"%s"
"%s" -> "%s"
unable to close file
{ "new-task", "%s" },
{ "new-rule", "%s", "%s" },
{ "build-started" },
{ "handling-build-input-request", "%s" },
{ "created-task-for-rule", "%s", "%s" },
{ "handling-task-input-request", "%s", "%s" },
{ "paused-input-request-for-rule-scan", "%s" },
{ "readying-task-input-request", "%s", "%s" },
{ "added-rule-pending-task", "%s", "%s" },
{ "completed-task-input-request", "%s", "%s" },
{ "updated-task-wait-count", "%s", %d },
{ "unblocked-task", "%s" },
{ "readied-task", "%s", "%s" },
{ "finished-task", "%s", "%s", "%s" },
changed
unchanged
{ "build-ended" },
{ "checking-rule-needs-to-run", "%s" },
{ "rule-scheduled-for-scanning", "%s"},
{ "rule-scanning-next-input", "%s", "%s" },
{ "rule-scanning-deferred-on-input", "%s", "%s" },
{ "rule-scanning-deferred-on-task", "%s", "%s" },
{ "rule-needs-to-run", "%s", "never-built" },
{ "rule-needs-to-run", "%s", "signature-changed" },
{ "rule-needs-to-run", "%s", "invalid-value" },
{ "rule-needs-to-run", "%s", "input-missing" },
{ "rule-needs-to-run", "%s", "input-rebuilt", "%s" },
{ "rule-does-not-need-to-run", "%s" },
{ "cycle-force-rule-needs-to-run", "%s" },
{ "cycle-supply-prior-value", "%s", "%s" },
unexpected character in file
missing ':' following rule
unexpected character in prerequisites
--help
show this help message and exit
--version
show the tool version
-C <PATH>, --chdir <PATH>
change directory to PATH before building
--no-db
disable use of a build database
--db <PATH>
enable building against the database at PATH
-f <PATH>
load the build task file at PATH
--serial
do not build in parallel
--scheduler <SCHEDULER>
set scheduler algorithm
-j,--jobs <JOBS>
set how many concurrent jobs (lanes) to run
-v, --verbose
show verbose status information
--trace <PATH>
trace build engine operation to PATH
%-*s
--db
missing argument to '
--chdir
--scheduler
commandNamePriority
default
fifo
unknown scheduler algorithm '
--jobs
invalid argument '
' to '
invalid argument to '-j'
--verbose
--trace
invalid option '
cycle detected while building: 
 -> 
((unknown))
command '
custom task '
directory-contents '
filtered-directory-contents '
directory-tree-signature '
directory-tree-structure-signature '
node '
stat '
target '
unable to detect number of CPUs
cannot build '
' due to missing inputs: 
unable to build node: '
' (node is produced by multiple commands: '
unable to honor --chdir: 
invalid reuse after initialization failure
unable to create tracing directory: 
unable to enable tracing: 
unable to attach DB: 
missing input '
' and no rule to build it
-for-llbuild
--llbuild-extension-version
--extension-path
initialize_llbuild_buildsystem_extension_v0
missing required 'deps-style' specifier
unknown dependencies style
signature
deps-style
makefile
dependency-info
unknown 'deps-style': '
can-safely-interrupt
inherit-env
working-directory
invalid arguments for command '
 at position 
allow-missing-inputs
allow-modified-outputs
always-out-of-date
unknown result
type
plain
directory
directory-structure
virtual
is-directory
is-directory-structure
is-virtual
is-command-timestamp
is-mutated
content-exclusion-patterns
unable to open '
missing document in stream
unexpected additional document in stream
unexpected top-level node
client
expected initial mapping key 'client'
unexpected 'client' value (expected map)
tools
unexpected 'tools' value (expected map)
targets
unexpected 'targets' value (expected map)
unexpected 'default' target value (expected scalar)
nodes
unexpected 'nodes' value (expected map)
commands
unexpected 'commands' value (expected map)
unexpected trailing top-level section
invalid key type in 'client' map
invalid value type in 'client' map
name
version
invalid version number in 'client' map
unable to configure client
invalid key type in 'tools' map
invalid value type in 'tools' map
invalid key type for tool in 'tools' map
invalid key type for '
' in 'tools' map
invalid value type for '
invalid value type for tool in 'tools' map
invalid tool type in 'tools' map
invalid key type in 'targets' map
invalid value type in 'targets' map
invalid node type in 'targets' map
invalid default target, a default target should be in targets
invalid key type in 'nodes' map
invalid value type in 'nodes' map
invalid key type for node in 'nodes' map
' in 'nodes' map
invalid value type for node in 'nodes' map
invalid key type in 'commands' map
invalid value type in 'commands' map
duplicate command in 'commands' map
missing 'tool' key for command in 'command' map
tool
expected 'tool' initial key for command in 'commands' map
invalid 'tool' value type for command in 'commands' map
tool failed to create a command
inputs
invalid value type for 'inputs' command key
invalid node type in 'inputs' command key
outputs
invalid value type for 'outputs' command key
invalid node type in 'outputs' command key
description
invalid value type for 'description' command key
' in 'commands' map
invalid value type for command in 'commands' map
file-system
device-agnostic
unsupported client file-system: '
shell
phony
clang
mkdir
symlink
archive
shared-library
stale-file-removal
swift-compiler
control-enabled
invalid value: '
' for attribute '
unexpected attribute: '
args
deps
unable to open dependencies file (
error reading dependency file '
mkdir -p 
unable to create directory '
ln -sfh 
<<<missing output>>>
missing declared output
unexpected explicit output: '
contents
link-output-path
unable to create symlink at '
Archiving 
missing expected input
unexpected explicit output: 
missing expected output
Creating Shared library: 
swiftc
-emit-library
-shared
/link
MSVCRT.lib
SharedLibraryTool requires inputs to be specified
SharedLibraryTool requires the resulting shared library name to be specified
executable
other-args
compiler-style
Unsupported : compiler-style'
' for shared libraries'.  Supported styles are cl, clang, and swiftc
Stale file removal
, stale files: [
], roots: [
expectedOutputs
roots
Stale file '
' has a relative path. This is invalid in combination with the root path attribute.
' is located outside of the allowed root paths.
Removed stale file '
cannot remove stale file '
Compiling Swift Module '
 sources)
output-file-map.json
-module-name
-incremental
-emit-dependencies
-emit-module
-emit-module-path
-output-file-map
-parse-as-library
-whole-module-optimization
-num-threads
module-name
module-output-path
sources
objects
import-paths
temps-path
is-library
enable-whole-module-optimization
num-threads
' should be an int.
' should be greater than or equal to zero.
swift-get-version
no configured 'sources'
no configured 'objects'
no configured 'module-name'
no configured 'temps-path'
'sources' and 'objects' are not the same size
unable to create output file map: '
master.swiftdeps
  "": {
    "dependencies": "
    "object": "
    "swift-dependencies": "
  },
~partial.swiftmodule
.swiftdeps
": {
    "swiftmodule": "
Checking Swift Compiler Version
 --version
2>/dev/null
cannot build target '
unable to load build file
failed to raise open file limit
no build description loaded
No target named '
' in build description
depth:%llu
lane:%d;command:%s
execution_queue_job
execution_queue_subprocess
lane:%d;pid:%d;utime:%llu;stime:%llu;maxrss:%ld
key:%s;kind:%d
engine_queue_item_event
key:%s
key:%llu;kind:%d
engine_task_callback
key:%llu
