XCCoreBuildTasksPluginPrincipalClass
XCWorkQueueCommandBuiltinInvocation_copyPlist
XCWorkQueueCommandBuiltinInvocation_copyTiff
XCWorkQueueCommandBuiltinInvocation_copy
XCWorkQueueCommandBuiltinInvocation_copyStrings
XCWorkQueueCommandBuiltinInvocation_lsRegisterURL
pluginDidLoad:
count
objectAtIndex:
isEqualToString:
emitMessageWithFormat:
init
isCancelled
lastPathComponent
stringByAppendingPathComponent:
dataWithContentsOfFile:options:error:
localizedDescription
propertyListWithData:options:format:error:
dvt_stableDataWithPropertyList:format:options:error:
writeToFile:options:error:
runTaskWithArguments:environment:workingDirectoryPath:infd:outerrfd:
isAbsolutePath
fileExistsAtPath:
removeItemAtPath:error:
stringWithFormat:
arrayWithObjects:
dvt_errorWithPOSIXErrorCode:
UTF8String
countByEnumeratingWithState:objects:count:
setLaunchPath:
setArguments:
setEnvironment:
setCurrentDirectoryPath:
initWithFileDescriptor:closeOnDealloc:
setStandardOutput:
setStandardError:
launchReturningError:
waitUntilExitRunningRunLoopInWaitMode
signalStatus
intValue
dictionaryWithObjectsAndKeys:
errorWithDomain:code:userInfo:
exitStatus
fileSystemRepresentation
stringWithUTF8String:
defaultManager
isExecutableFileAtPath:
caseInsensitiveCompare:
length
dictionary
localizedNameOfStringEncoding:
initWithData:encoding:
dataUsingEncoding:
bytes
copy
dvt_isNonEmpty
v24@0:8@16
i48@0:8@16@24@32i40i44
--validate
--convert
same-as-input
SameAsInput
binary1
xml1
unrecognized argument to --convert: "%@"
--outdir
unrecognized argument: "%@"
no input files specified
%@:0: error: reading data: %@
%@:0: error: reading plist: %@
%@:0: error: creating %@ plist data: %@
error: failed to remove %@: %@
error: failed to write to %@: %@
--compression
none
-out
/usr/bin/tiffutil
error: tiffutil failed: %@
%@ received signal %d
ProcessSignalStatus
%@ exited with %d
ProcessExitStatus
error: 
/usr/bin/strip
-exclude
-chown
-chgrp
-chmod
error: %s: no destination directory specified
error: invalid source path: '%s'
error: %s: parameter missing for '%s' option
warning: the '%s' option has not yet been implemented; ignoring it
error: malformed -chmod string: %s
-strip-debug-symbols
-strip-tool
-bitcode-strip
replace-with-marker
error: %s: unrecognized parameter '%s' missing for '%s' option
-bitcode-strip-tool
-preserve-uid-gid-mode
-preserve-hfs-data
-preserve-timestamps
-ignore-missing-inputs
-resolve-src-symlinks
error: %s: unrecognized option '%s'
'%s' is longer than %lu.
note: ignoring missing input '%s'
usage: %s [-v] [-V] [[-exclude <name>] ...] [-strip-tool <path>] [-strip-debug-symbols] [-preserve-metadata] [-resolve-src-symlinks] <src> [... <src>] <dst>
    -v                       print a line of output for every source
                             entry copied
    -V                       print a line of output for every entry copied
    -exclude <pattern>       skip entries matching <pattern>;  however, files
                             passed as arguments are always copied
    -strip-tool <path>       path to strip tool; defaults to /usr/bin/strip
    -strip-debug-symbols     strips out debug symbols from any executables
                             copied
    -preserve-uid-gid-mode   preserves the uid, gid, and mode of copied files
                             and directories
    -preserve-timestamps     preserves the timestamps of copied files and
                             directories
    -preserve-hfs-data       preserves any HFS+ info, such as resource forks
    -resolve-src-symlinks    resolves the first level of any symlink source
                             entries
    -chmod <mode>            attempt to change mode of all copied files
    -chown <owner>           attempt to change owner of all copied files
                             (not yet implemented)
    -chgrp <group>           attempt to change group of all copied files
                             (not yet implemented)
warning: ignoring -chown '%s' request
warning: ignoring -chgrp '%s' request
warning: malformed -chmod string: %s
warning: '%s' and '%s' are identical (not copied)
error: destination '%s' is inside source '%s' (not copied)
error: source '%s' is inside destination '%s' (not copied)
error: open %s: %s
error: %s: %s
warning: change permissions %s: %s
error: remove %s: %s
error: close %s: %s
error: %s: unknown stat mode (0x%x)
warning: map %s: %s
warning: skipping copy phase strip, binary is code signed: %s
%scopying and stripping %s...
%sstripping bitcode from %s...
%scopying and stripping bitcode from %s...
%scopying %s...
error: write %s: %s
warning: unmap %s: %s
error: read %s: %s
warning: close %s: %s
%s %llu bytes
                                                                                                                                                                                                                                                                
error: no executable strip tool found at %s
error: strip %s: %s
/usr/bin/bitcode_strip
error: bitcode strip tool could not be found at %s
error: bitcode_strip %s: %s
com.apple.FinderInfo
com.apple.ResourceFork
error: %s: getxattr %s
: %s
error: %s: setxattr %s
: %s
_copy_codesign_attr
/Library/Caches/com.apple.xbs/Sources/IDEXcode3ProjectSupport/IDEXcode3ProjectSupport-15401/Xcode3Core/LegacyProjects/Frameworks/DevToolsCore/BuildTaskPlugIns/CoreBuildTasks/Translators/PBXCp/PBXCp.mm
size == sizeBack
error: failed to write extended attributes %s: %s
_has_code_signature_extended_attribute
sizeBack == listSize
com.apple.cs.CodeDirectory
com.apple.cs.CodeRequirements
com.apple.cs.CodeSignature
warning: change owner %s: %s
warning: change flags %s: %s
warning: update timestamps %s: %s
%scopying symlink %s...
error: read link %s: %s
error: create symlink %s: %s
%s -> %s
%scopying fifo %s...
error: mkfifo %s: %s
%scopying special file %s...
error: mknod %s: %s
%srdev=%u
%scopying %s/...
error: make directory %s: %s
%s/%*s
error: '%s/%*s' is longer than filepath buffer size (%lu).
error: read directory "%s": %s
--inputencoding
warning: failed to parse --inputencoding
--outputencoding
binary
warning: failed to parse --outputencoding
%@:0: error: %@
error
warning
read failed
validation failed
%@:0: %@: %@: %@
%@:0: error: creating binary plist data: %@
%@:0: error: no --inputencoding specified and no encoding deduced from input file
%@:0: warning: the specified input encoding is %@, but file contents appear to be %@; treating as %@.
v8@?0
%@:0: error: failed to decode %@ and encode %@ .strings file
error: no file path specified
note: Registration was skipped, code %i
@(#)PROGRAM:CoreBuildTasks  PROJECT:DevToolsCore-15401
