@(#)PROGRAM:Security  PROJECT:Security-59754.40.51
##XXX
##XXX
##XXX
##XXX
##XXX
##XXX
##XXX
##XXX
##XXX
##XXX
##XXX
##XXX
##XXX
##XXX
##XXX
##XXX
##XXX
##XXX
##XXX
##XXX
##XXX
##XXX
##XXX
##XXX
##XXX
##XXX
##XXX
##XXX
##XXX
##XXX
##XXX
##XXX
##XXX
##XXX
##XXX
##XXX
##XXX
fingerprint
?456789:;<=
 !"#$%&'()*+,-./0123
com.apple.setoken.sik
com.apple.setoken.gid
com.apple.setoken.uikc
com.apple.setoken.uikp
com.apple.secelemtoken.casd
com.apple.setoken.oikc
com.apple.setoken.oikp
com.apple.setoken.dakc
com.apple.setoken.dakp
Apple Inc.1,0*
#Apple Worldwide Developer Relations1D0B
;Apple Worldwide Developer Relations Certification Authority
-----BEGIN CERTIFICATE-----
-----END CERTIFICATE-----
0y10
1021
Apple Inc.1&0$
Apple Certification Authority1
Escrow Service Root CA0
160513072711Z
490513072711Z0y10
1021
Apple Inc.1&0$
Apple Certification Authority1
Escrow Service Root CA0
{U57
c0a0
0y10
1011
Apple Inc.1&0$
Apple Certification Authority1
Escrow Service Root CA0
150516052821Z
490516052821Z0y10
1011
Apple Inc.1&0$
Apple Certification Authority1
Escrow Service Root CA0
NL0Zg
oL6K
79$%
\h5H
"77B
o&I5q
c0a0
v$fO
C6g/
&e_4P
BdZY
u6;L8
.$,X
K#M!
0}10
1001
Apple Inc.1&0$
Apple Certification Authority1#0!
Effaceable Service Root CA0
140728210352Z
240728210352Z0}10
1001
Apple Inc.1&0$
Apple Certification Authority1#0!
Effaceable Service Root CA0
@[Z.e
;y;F
d=SZ
c0a0
rs\T
rs\T
l%d-
>-l]aA
Q[Bb
UT_3M
1lEF.
0y10
1001
Apple Inc.1&0$
Apple Certification Authority1
Escrow Service Root CA0
130802232444Z
230802232444Z0y10
1001
Apple Inc.1&0$
Apple Certification Authority1
Escrow Service Root CA0
V}?F1
FL)\
[ea5
c0a0
ezWz
+:mD*:
+{;!
D.Z:Y
GMH7
tkpr
W!M 
\t`!
GrVnof0
0g1!0
Test Apple Root CA - ECC1 0
Certification Authority1
Apple Inc.1
140131214646Z
340126214646Z0g1!0
Test Apple Root CA - ECC1 0
Certification Authority1
Apple Inc.1
US0Y0
LpI=!fO
PR=S
c0a0
er@g
Pc4:
|O\uo0
m}se
N8Security14CCHashInstanceE
N8Security11DynamicHashE
N8Security7HashingE
N8Security8RefCountE
N8Security11SecCFObjectE
dyld_v1  x86_64
x86_64
dyld_v1    i386
i386
dyld_v1     ppc
rosetta
dyld_v1   armv6
armv6
dyld_v1   armv7
armv7
dyld_v1 default
unknown
9DYLDCache
N8Security12UnixPlusPlus12AutoFileDescE
N8Security12UnixPlusPlus8FileDescE
N8Security7SQLite35ErrorE
N8Security8Dispatch5QueueE
N8Security8Dispatch5GroupE
N8Security8Dispatch9SemaphoreE
N8Security8Dispatch13SemaphoreWaitE
N8Security11CommonErrorE
N8Security9UnixErrorE
N8Security10MacOSErrorE
N8Security7CFErrorE
N8Security16ModuleNexusErrorE
CommonError
N8Security9AllocatorE
16DefaultAllocator
18SensitiveAllocator
N8Security5MachOE
N8Security9MachOBaseE
N8Security14MainMachOImageE
N8Security10MachOImageE
N8Security6BundleE
N8Security7OSXCodeE
N8Security14LoadableBundleE
N8Security11CodeSigning9FilterRepE
N8Security11CodeSigning11DetachedRepE
NSt3__115basic_stringbufIcNS_11char_traitsIcEENS_9allocatorIcEEEE
NSt3__119basic_ostringstreamIcNS_11char_traitsIcEENS_9allocatorIcEEEE
N8Security11CodeSigning13SingleDiskRep6WriterE
N8Security11CodeSigning12DYLDCacheRep6WriterE
N8Security11CodeSigning21EmbeddedSignatureBlob5MakerE
N8Security13SuperBlobCoreINS_11CodeSigning21EmbeddedSignatureBlobELj4208856256EjE5MakerE
N8Security11CodeSigning12DYLDCacheRepE
N8Security11CodeSigning7SecCodeE
N8Security11CodeSigning13BundleDiskRep6WriterE
N8Security11CodeSigning13BundleDiskRepE
N8Security11CodeSigning15EditableDiskRepE
N8Security11CodeSigning7DiskRepE
N8Security11CodeSigning7DiskRep6WriterE
com.apple.cs.
N8Security11CodeSigning11FileDiskRep6WriterE
N8Security11CodeSigning11FileDiskRepE
N8Security11CodeSigning13SecStaticCodeE
N8Security11CodeSigning13SecStaticCode17ValidationContextE
N8Security11CodeSigning13SecStaticCode17CollectingContextE
N8Security11CodeSigning14SecRequirementE
N8Security11CodeSigning8MachORep6WriterE
N8Security11CodeSigning8MachORepE
.DS_Store
N8Security11CodeSigning12LimitedAsyncE
N8Security11CodeSigning13SingleDiskRepE
N8Security11CodeSigning7CSErrorE
softlink:r:path:/System/Library/Frameworks/CryptoTokenKit.framework/CryptoTokenKit
softlink:r:path:/System/Library/Frameworks/LocalAuthentication.framework/LocalAuthentication
softlink:r:path:/System/Library/Frameworks/LocalAuthentication.framework/LocalAuthentication
softlink:r:path:/System/Library/Frameworks/LocalAuthentication.framework/LocalAuthentication
softlink:o:path:/System/Library/PrivateFrameworks/CoreAnalytics.framework/CoreAnalytics
softlink:o:path:/System/Library/PrivateFrameworks/CloudServices.framework/CloudServices
softlink:r:path:/System/Library/PrivateFrameworks/KeychainCircle.framework/KeychainCircle
softlink:o:path:/System/Library/PrivateFrameworks/CrashReporterSupport.framework/CrashReporterSupport
dacl
odel
osgn
oect
B16@?0@8
setoken: %@ requires '%@' value when present
hasSEP
T^{__SecKey={__CFRuntimeBase=QAQ}^{__SecKeyDescriptor}^v},R
accessControl
T^{__SecAccessControl=},R,N
objectID
T@,R,N
keyType
T@,R,N,V_keyType
T@"NSDictionary",R,N
Tr*,R,V_ptr
Tr*,R
data
T@"NSData",R
%s must not be called
+[CTKClientSEP_TKTLVRecord parseFromDataSource:]
%02x
%@ 0x%llx=%@
TQ,R,N,V_tag
T@"NSData",R,N,V_value
T@"NSData",R,N,V_data
BER-TLV tag number must not be 0
yyyyMMddHHmmss.SSSS'Z'
v32@?0@"<NSObject>"8@"<NSObject>"16^B24
value for TKSimpleTLVRecord record too big (%lu)
bad tag value for TKCompactTLVRecord (%u)
value for TKCompactTLVRecord too big (%lu)
TKTokenRef: TKClientTokenSession createObject failed but did not fill error
TKTokenRef: TKClientTokenSession deleteObject failed but did not fill error
CFTypeRef TKTokenCopyOperationResult(TKTokenRef, CFDataRef, CFIndex, CFArrayRef, CFIndex, CFTypeRef, CFTypeRef, CFErrorRef *)
ctkclient.m
Invalid keyOperation %d requested
TKTokenRef: TKClientTokenSession operation failed but did not fill error
attestingKey
keyToAttest
attestationData
lifetimeControlKey
TKTokenRef: TKClientTokenObject control failed but did not fill error
TKToken
<TKTokenRef %@>
auxParams
callerPID
CallerPID
TKTokenRef: TKClientTokenSession initWithToken failed but did not fill error
Class getLAContextClass(void)_block_invoke
void *LocalAuthenticationLibrary(void)
TKClientTokenSession
Class getTKClientTokenSessionClass(void)_block_invoke
void *CryptoTokenKitLibrary(void)
/System/Library/Frameworks/CryptoTokenKit.framework/CryptoTokenKit
/System/Library/Frameworks/CryptoTokenKit.framework/Contents/MacOS/CryptoTokenKit
TKClientToken
Class getTKClientTokenClass(void)_block_invoke
com.apple.CryptoTokenKit
ctkclnt
TKTokenRef without stored clientTokenSession detected
TKTokenRef: TKClientTokenSession objectForObjectID failed but did not fill error
in-client SEP connection
com.apple.keystore.access-keychain-keys
com.apple.keystore.sik.access
corrupted objectID detected
ACMContext
T@"NSData",R,V_ACMContext
T@"LAContext",R,V_LAContext
sekey
TKTokenRefSEP.m
v32@?0@8@16^B24
Invalid acmContext.
Error.LocalAuthentication.coreauthd_client
Failed to create LAContext
Failed to get externalized context from LAContext
coreauthd_client
Invalid operation type.
Invalid 'context' argument.
Invalid 'ACL' argument.
LAContext
/System/Library/Frameworks/LocalAuthentication.framework/LocalAuthentication
/System/Library/Frameworks/LocalAuthentication.framework/Contents/MacOS/LocalAuthentication
T^{sqlite3=},N,V_db
openCount
TQ,N,V_openCount
corrupt
TB,N,V_corrupt
statementsBySQL
T@"NSMutableDictionary",R,N,V_statementsBySQL
dateFormatter
T@"NSDateFormatter",&,N,V_dateFormatter
oldDateFormatter
T@"NSDateFormatter",&,N,V_oldDateFormatter
T@"NSString",R,N,V_path
schema
T@"NSString",R,N,V_schema
schemaVersion
T@"NSString",R,N,V_schemaVersion
objectClassPrefix
T@"NSString",&,N,V_objectClassPrefix
userVersion
Ti,N,V_userVersion
synchronousMode
Tq,N,V_synchronousMode
isOpen
hasMigrated
TB,R,N,V_hasMigrated
traced
TB,N,V_traced
delegate
T@"<SFSQLiteDelegate>",&,N,V_delegate
pragma auto_vacuum
pragma user_version
delete from %@ where %@
 AND 
 is NULL
) values (
insert or replace into 
count(*) as n
 limit %ld
 where %@
 set %@
update %@
select * from %@
 order by %@
select %@ from %@
pragma table_info(%@)
Created
delete from Properties where key = ?
yyyy-MM-dd'T'HH:mm:ssZZZZZ
yyyy-MM-dd'T'HH:mm:ss.SSSZZZZ
insert or replace into Properties (key, value) values (?,?)
select value from Properties where key = ?
drop table %@
select name from sqlite_master where type = 'table'
Statement not reset after last use: "%@"
SFSQLite.m
vacuum
analyze
rollback
begin exclusive
-shm
-wal
-journal
Trying to remove db at: %@ while it is open
Missing handle for open cache db
Error opening db at %@
pragma user_version = %ld
SchemaVersion
create table if not exists Properties (
    key    text primary key,
    value  text
Properties
table
type = ? AND name = ?
sqlite_master
VACUUM
pragma auto_vacuum = FULL
pragma synchronous = %@
pragma journal_mode = WAL
Error opening db at %@, rc=%d(0x%x)
%@-shm
%@-wal
full
normal
0123456789abcdef
0123456789ABCDEF
samplingInterval
T@"NSString",R,N,V_name
oncePerReport
TB,R,N,V_oncePerReport
v32@?0@"NSString"8@"NSNumber"16^B24
T@"NSString",&,N,V_protocolType
T@"NSString",&,N,V_uniqueDeviceID
uniqueClientID
T@"NSString",&,N,V_uniqueClientID
T@"NSString",&,N,V_containerName
T@"NSString",&,N,V_contextID
T@"NSString",&,N,V_pairingUUID
TQ,N,V_epoch
isInitiator
TB,N,V_isInitiator
Tq,V_timeout
supportsSecureCoding
timeout
epoch
pairingUUID
containerName
contextID
uniqueDeviceID
protocolType
outcome
Ti,V_outcome
attributes
T@"NSDictionary",&,V_attributes
LKAEventUpgrade
LKAEventBackup
LKAMetricBackupDuration
LKAEventStash
LKAEventStashLoad
oldschema
newschema
upgradeoutcome
backupLastSuccess
duration
daysSinceSuccess
LKADataQueue
localkeychain
com.apple.security.experiment
disableSampling
TLSProbeExperiment
FleetSampleRate
DeviceSampleRate
ExpName
ConfigData
hash
T@"NSString",R,C
T@"NSString",&,V_name
samplingDisabled
TB,N,V_samplingDisabled
cachedConfig
T@"SecExperimentConfig",&,V_cachedConfig
identifier
T@"NSString",&,V_identifier
config
T@"NSDictionary",&,V_config
fleetSampleRate
TI,V_fleetSampleRate
deviceSampleRate
TI,V_deviceSampleRate
configurationData
T@"NSDictionary",&,V_configurationData
isSampled
TB,R
ConfigArray
v32@?0@"NSString"8Q16^B24
network_test
experimentTool
com.apple.WebKit.Networking
nsurlsessiond
experiment
enabled
CKAcceptableValueClasses
symbol %s is missing
/System/Library/Frameworks/CloudKit.framework/CloudKit
temporaryBoundObjects
T@"NSMutableArray",&,N,V_temporaryBoundObjects
SQLite
T@"SFSQLite",R,W,N,V_SQLite
T@"NSString",R,N,V_SQL
handle
T^{sqlite3_stmt=},R,N,V_handle
reset
TB,N,GisReset,V_reset
Statement is reset: "%@"
SFSQLiteStatement.m
Unexpected floating point number type: %@
Expected number type to be either integer or floating point
signpost
com.apple.Security
UseTokens
com.apple.security.securityd
com.apple.lakitu
com.apple.sbd
com.apple.security.sos-usercredential
com.apple.security.egoIdentities
com.apple.security.ckks
com.apple.security.sos
com.apple.trustd
trustd
%s: %s
com.apple.security.securityd_connections
xpc_dictionary_create returned NULL
services
measurement
T@"NSNumber",&,V_measurement
SFAnalyticsActivityTracker user called stop w/o calling start
SFAnalyticsActivityTracker.m
SFAnalyticsActivityTracker user called start twice
SFAnalyticsActivityTracker queue
synchronous
TB,V_synchronous
endpoint
T@"NSObject<OS_xpc_object>",&,V_endpoint
connection
loggedout
waitfortrust
waitfortlkupload
waitfortlkcreation
waitforunlock
waitfortlk
global
keystate
view
ckkscontrol
com.apple.securityd.ckks
defaultContext
enable
OctagonPairing
OctagonPiggybacking
com.apple.security.octagon.trust-status-change
CuttlefishError
retryafter
com.apple.icdp.record.
iPod
iPad
DeviceClass
octagonSOSupgrade
recoverykey
octagonTrust
EnableSecureObjectSync
OctagonOptimization
OctagonEscrowRecordFetch
KVSOnCloudKitForAll
NTLMSSP
com.apple.securityd.general
callback
T@?,C,V_callback
TQ,R
T#,R
Could not create SecuritydXPCClient
success_count
hard_failures
soft_failures
notes
hard_failure_count
soft_failure_count
postTime
eventTime
eventType
errorEvent
errorDescription
eventClass
errorChain
errorDomain
errorCode
lastUploadTime
com.apple.security.analytics
com.apple.security.sfanalytics.samplers
CloudServicesTopic
KeySyncTopic
TrustTopic
TransparencyTopic
NetworkingTopic
CREATE TABLE IF NOT EXISTS hard_failures (
id INTEGER PRIMARY KEY AUTOINCREMENT,
timestamp REAL,data BLOB
DROP TRIGGER IF EXISTS maintain_ring_buffer_hard_failures;
CREATE TRIGGER IF NOT EXISTS maintain_ring_buffer_hard_failures_v2 AFTER INSERT ON hard_failures
BEGIN
DELETE FROM hard_failures WHERE id <= NEW.id - 1000;
END;
CREATE TABLE IF NOT EXISTS soft_failures (
id INTEGER PRIMARY KEY AUTOINCREMENT,
timestamp REAL,data BLOB
DROP TRIGGER IF EXISTS maintain_ring_buffer_soft_failures;
CREATE TRIGGER IF NOT EXISTS maintain_ring_buffer_soft_failures_v2 AFTER INSERT ON soft_failures
BEGIN
DELETE FROM soft_failures WHERE id <= NEW.id - 1000;
END;
CREATE TABLE IF NOT EXISTS notes (
id INTEGER PRIMARY KEY AUTOINCREMENT,
timestamp REAL,data BLOB
DROP TRIGGER IF EXISTS maintain_ring_buffer_notes;
CREATE TRIGGER IF NOT EXISTS maintain_ring_buffer_notes_v2 AFTER INSERT ON notes
BEGIN
DELETE FROM notes WHERE id <= NEW.id - 1000;
END;
CREATE TABLE IF NOT EXISTS samples (
id INTEGER PRIMARY KEY AUTOINCREMENT,
timestamp REAL,
name STRING,
value REAL
DROP TRIGGER IF EXISTS maintain_ring_buffer_samples;
CREATE TRIGGER IF NOT EXISTS maintain_ring_buffer_samples_v2 AFTER INSERT ON samples
BEGIN
DELETE FROM samples WHERE id <= NEW.id - 1000;
END;
CREATE TABLE IF NOT EXISTS success_count (
event_type STRING PRIMARY KEY,
success_count INTEGER,
hard_failure_count INTEGER,
soft_failure_count INTEGER
DROP TABLE IF EXISTS all_events;
com.apple.security.sfanalytics
build
product
modelid
internal
database
T@"SFAnalyticsSQLiteStore",&,N,V_database
queue
T@"NSObject<OS_dispatch_queue>",&,N,V_queue
com.apple.security.sfanalytics.samplerGC
%@-%ld:
v32@?0@"NSString"8@"SFAnalyticsSampler"16^B24
v32@?0@"NSString"8@"SFAnalyticsMultiSampler"16^B24
v32@?0@"NSString"8@16^B24
SFAnalytics data access queue
databasePath
T@"NSString",R
SIMULATOR_MODEL_IDENTIFIER
%@/%@.db
sfanalytics
Analytics/%@.db
Analytics
SFAnalyticsInstance
sync
TB,V_sync
v32@?0@"NSData"8@"NSData"16@"NSError"24
v56@?0@"NSString"8@"NSData"16@"NSData"24@"NSData"32@"NSData"40@"NSError"48
com.apple.security.octagon
WORKSTATION
have_prerecord
pending_passcode
pending_certificate
debugDescription
escrow
v24@?0Q8@"NSError"16
v24@?0@"NSDictionary"8@"NSError"16
securityd
Couldn't create connection (no reason given)
com.apple.security.escrow-update
/usr/lib/libnetwork.dylib
nw_protocol_options_access_handle
nw_protocol_metadata_access_handle
B16@?0^v8
B24@?0Q8^{sec_object=}16
B24@?0Q8^v16
B40@?0^{dispatch_data_s=}8Q16r^v24Q32
alert_type
alert_code
handshake_state
stack_error
cipher_name
ticket_lifetime
peer_public_key_type
none
neg_curve
cert_request_type
negotiated_protocol
false_start_used
session_resumed
ticket_offered
ticket_received
session_renewed
resumption_attempted
alpn_used
npn_used
ocsp_enabled
ocsp_received
sct_enabled
sct_received
min_version
max_version
minimum_rsa_key_size
minimum_ecdsa_key_size
minimum_signature_algorithm
tls_ticket_request_count
ats_required
ats_minimum_tls_version_allowed
ats_non_pfs_ciphersuite_allowed
trusted_peer_certificate
disable_sni
enable_fallback_attempt
enable_false_start
enable_tickets
enable_sct
enable_ocsp
enforce_ev
enable_resumption
enable_renegotiation
enable_early_data
peer_authentication_required
peer_authentication_optional
certificate_compression_enabled
eddsa_enabled
tls_delegated_credentials_enabled
tls_grease_enabled
B24@?0r*8^v16
ciphersuites
TLS_ECDHE_RSA_WITH_CHACHA20_POLY1305_SHA256
TLS_ECDHE_RSA_WITH_AES_128_CBC_SHA256
TLS_ECDHE_RSA_WITH_AES_256_CBC_SHA384
TLS_ECDHE_RSA_WITH_AES_128_GCM_SHA256
TLS_ECDHE_RSA_WITH_AES_256_GCM_SHA384
TLS_ECDHE_ECDSA_WITH_CHACHA20_POLY1305_SHA256
TLS_ECDHE_ECDSA_WITH_AES_128_CBC_SHA256
TLS_ECDHE_ECDSA_WITH_AES_256_CBC_SHA384
TLS_ECDHE_ECDSA_WITH_AES_128_GCM_SHA256
TLS_ECDHE_ECDSA_WITH_AES_256_GCM_SHA384
SSL_DHE_RSA_WITH_3DES_EDE_CBC_SHA
TLS_DHE_RSA_WITH_AES_128_CBC_SHA
TLS_DHE_RSA_WITH_AES_256_CBC_SHA
TLS_DHE_RSA_WITH_AES_128_CBC_SHA256
TLS_DHE_RSA_WITH_AES_256_CBC_SHA256
TLS_DHE_RSA_WITH_AES_128_GCM_SHA256
TLS_DHE_RSA_WITH_AES_256_GCM_SHA384
SSL_RSA_WITH_3DES_EDE_CBC_SHA
TLS_ECDHE_RSA_WITH_3DES_EDE_CBC_SHA
TLS_ECDHE_ECDSA_WITH_3DES_EDE_CBC_SHA
TLS_ECDHE_RSA_WITH_AES_256_CBC_SHA
TLS_ECDHE_RSA_WITH_AES_128_CBC_SHA
TLS_ECDHE_ECDSA_WITH_AES_256_CBC_SHA
TLS_ECDHE_ECDSA_WITH_AES_128_CBC_SHA
TLS_RSA_WITH_AES_128_CBC_SHA
TLS_RSA_WITH_AES_256_CBC_SHA
TLS_RSA_WITH_AES_128_CBC_SHA256
TLS_RSA_WITH_AES_256_CBC_SHA256
TLS_RSA_WITH_AES_128_GCM_SHA256
TLS_RSA_WITH_AES_256_GCM_SHA384
TLS_CHACHA20_POLY1305_SHA256
TLS_AES_256_GCM_SHA384
TLS_AES_128_GCM_SHA256
B40@?0@"NSObject<OS_dispatch_data>"8Q16r^v24Q32
code
Tq,R,N,V_code
encoding
T@"NSString",R,N,V_encoding
name
className
T@"NSString",R,N,V_className
size
TQ,R,N,V_size
TQ,R,N,V_flags
number
TB,R,N,GisNumber
integerNumber
TB,R,N,GisIntegerNumber
floatingPointNumber
TB,R,N,GisFloatingPointNumber
object
TB,R,N,GisObject
Unsupported unboxing type: %@
For class %@, Unsupported boxing type: %@
unknown
pointer
bitfield
union
structure
Class
char*
void
bool
double
float
unsigned long long
unsigned long
unsigned int
unsigned short
unsigned char
long long
long
short
char
com.apple.security.padding
B24@?0Q8@"NSObject<OS_xpc_object>"16
com.apple.
NSAppTransportSecurity
value
AnalyticsSendEventLazy
void soft_AnalyticsSendEventLazy(NSString *__strong, NSDictionary<NSString *,NSObject *> *(^__strong)(void))
SecCoreAnalytics.m
void *CoreAnalyticsLibrary(void)
/System/Library/PrivateFrameworks/CoreAnalytics.framework/CoreAnalytics
/System/Library/PrivateFrameworks/CoreAnalytics.framework/Contents/MacOS/CoreAnalytics
AnalyticsSendEvent
void soft_AnalyticsSendEvent(NSString *__strong, NSDictionary<NSString *,NSObject *> *__strong)
Td,N,V_samplingInterval
SFAnalyticsSampler
NSExceptionDomains
NSExceptionRequiresForwardSecrecy
NSExceptionMinimumTLSVersion
NSAllowsArbitraryLoadsForMedia
NSAllowsArbitraryLoadsInWebContent
NSAllowsArbitraryLoads
com.apple.WebKit
mediaserverd
NSAllowsLocalNetworking
NSExceptionAllowsInsecureHTTPLoads
apple.com
ls.apple.com
gs.apple.com
geo.apple.com
is.autonavi.com
apple-mapkit.com
setup.icloud.com
TLSv1.0
TLSv1.1
TLSv1.2
TLSv1.3
CKDKVSPerformanceCounterSampler
CKDKVS-synchronize
CKDKVS-synchronizeWithCompletionHandler
CKDKVS-incomingMessages
CKDKVS-outgoingMessages
CKDKVS-totalWaittimeSynchronize
CKDKVS-longestWaittimeSynchronize
CKDKVS-synchronizeFailures
sos_analytics
sos_analytics.db-shm
sos_analytics.db-wal
sos_analytics.db
storageFile
T@"NSURL",&,V_storageFile
storageClass
T#,&,V_storageClass
protobufStorage
T@"<CKKSPBCodable>",&,V_protobufStorage
com.apple.private.octagon.escrow-content
cdpContextTypeNone
cdpContextTypeSignIn
cdpContextTypeRepair
cdpContextTypeFinishPasscodeChange
cdpContextTypeRecoveryKeyGenerate
cdpContextTypeRecoveryKeyNew
cdpContextTypeUpdatePasscode
context
T@"NSString",C,N,V_context
T@"NSString",C,N,V_containerName
dsid
T@"NSString",C,N,V_dsid
altDSID
T@"NSString",C,N,V_altDSID
authenticationAppleID
T@"NSString",C,N,V_authenticationAppleID
passwordEquivalentToken
T@"NSString",C,N,V_passwordEquivalentToken
overrideEscrowCache
TB,N,V_overrideEscrowCache
otControl
T@"OTControl",&,V_otControl
ckksControl
T@"CKKSControl",&,V_ckksControl
T@,&,V_sbd
preferredBottleIDs
T@"NSArray",&,V_preferredBottleIDs
partialRecoveryBottleIDs
T@"NSArray",&,V_partialRecoveryBottleIDs
timeoutWaitForCKAccount
TQ,N,V_timeoutWaitForCKAccount
Tq,N,V_qualityOfService
discretionaryNetwork
TB,N,V_discretionaryNetwork
TB,N,V_useCachedAccountStatus
useCachedAccountStatus
qualityOfService
cliqueMemberIdentifier
T@"NSString",C,N,V_cliqueMemberIdentifier
T@"OTConfigurationContext",&,N,V_ctx
defaults
T@"NSMutableDictionary",&,N,V_defaults
clique-waitforoctagonupgrade
Octagon is not enabled
clique-cdp-sm
clique-fetchescrow
fetchEscrowRecordContents unimplemented
v40@?0@"NSData"8@"NSString"16@"NSData"24@"NSError"32
clique-legacy
CliqueStatusIn
CliqueStatusNotIn
CliqueStatusPending
CliqueStatusNoCloudKitAccount
CliqueStatusError
CliqueStatusAbsent
peers have views enabled unimplemented
copy peer peer info unimplemented
try user credentials unimplemented
set user credentials unimplemented
copy view unaware peer info unimplemented
wait for initial sync unimplemented
no error pointer provided
clique-isLastFriend
clique-user-sync
fetchUserControllableViewsSyncingEnabled has no meaning if all sync systems are not on this platform
v20@?0B8@"NSError"12
paused
SOS reported failure, but no error given
clique-safari
safari password syncing enabled unimplemented
clique-recovery
join after restore unimplemented
clique
v32@?0@8Q16^B24
clique-leaveClique
clique-removefriends
SOS is not available on this platform; can't distrust any SOS peers
Octagon is disabled; can't distrust any Octagon peers
SHA256:
clique-status
non-
v24@?0q8@"NSError"16
/System/Library/PrivateFrameworks/KeychainCircle.framework/KeychainCircle
/System/Library/PrivateFrameworks/KeychainCircle.framework/Contents/MacOS/KeychainCircle
void *KeychainCircleLibrary(void)
KCPairingChannel
Class getKCPairingChannelClass(void)_block_invoke
Unable to find class %s
OTClique.m
clique-resetandestablish
clique-establish
v24@?0@"NSString"8@"NSError"16
octagon
kSecureBackupAuthenticationAppleID
NSString *getkSecureBackupAuthenticationAppleID(void)
kSecureBackupAuthenticationPassword
NSString *getkSecureBackupAuthenticationPassword(void)
kSecureBackupiCloudDataProtectionDeleteAllRecordsKey
NSString *getkSecureBackupiCloudDataProtectionDeleteAllRecordsKey(void)
kSecureBackupContainsiCDPDataKey
NSString *getkSecureBackupContainsiCDPDataKey(void)
clique-reset-protected-data
void *CloudServicesLibrary(void)
/System/Library/PrivateFrameworks/CloudServices.framework/CloudServices
/System/Library/PrivateFrameworks/CloudServices.framework/Contents/MacOS/CloudServices
SecureBackup
Class getSecureBackupClass(void)_block_invoke
octagon-cdp-status
disabled
octagon-setcdpenabled
clique-recoverykey
octagon-setrecoverykey
SecRKRegisterBackupPublicKey() failed
kSecureBackupErrorDomain
NSErrorDomain getkSecureBackupErrorDomain(void)
SecRKCreateRecoveryKeyWithError() failed
clique-findbottle
optimal bottle IDs unimplemented
v32@?0@"NSArray"8@"NSArray"16@"NSError"24
clique-fetchrecords
fetching escrow records unimplemented
valid
BottledPeerEntropy
EscrowServiceEscrowData
bottleValid
bottleID
clique-newfriends
event_type
timestamp
upload_date
hardFailures
T@"NSArray",R
softFailures
allEvents
samples
uploadDate
T@"NSDate",&
id >= 0
event_type like ?
name == '%@'
q24@?0@"NSDictionary"8@"NSDictionary"16
SFAnalytics
event_type = ?
SecCritical
com.apple.security.keychain
hasKey
T@"NSData",&,N,V_key
hasOptionalParams
optionalParams
T@"NSData",&,N,V_optionalParams
optional_params
%@ %@
lockedStates
T@"NSMutableDictionary",R
mutabilityQueue
T@"NSObject<OS_dispatch_queue>",R
keybag_state
SecMockAKS
keyData
T@"NSData",&,V_keyData
T@"_SFAESKey",&,V_key
T@"NSData",&,V_acmHandle
externalData
T@"NSData",&,V_externalData
blob
T@"NSData",&,V_blob
hasAccessGroups
TB,R,N
T@"NSData",&,N,V_accessGroups
hasExternalData
T@"NSData",&,N,V_externalData
hasAcmHandle
acmHandle
T@"NSData",&,N,V_acmHandle
acm_handle
external_data
access_groups
Unknown OID
SHA-1
RC2-CBC
DES-EDE3-CBC
RC5-CBCPad
DES-ECB
DES-CBC
DES-OFB
DES-CFB
DES-MAC
DES-EDE
ISO SHA with RSA Signature
PKCS #1 RSA Encryption
PKCS #1 MD2 With RSA Encryption
PKCS #1 MD4 With RSA Encryption
PKCS #1 MD5 With RSA Encryption
PKCS #1 SHA-1 With RSA Encryption
PKCS #5 Password Based Encryption with MD2 and DES CBC
PKCS #5 Password Based Encryption with MD5 and DES CBC
PKCS #5 Password Based Encryption with SHA1 and DES CBC
PKCS #7
PKCS #7 Data
PKCS #7 Signed Data
PKCS #7 Enveloped Data
PKCS #7 Signed And Enveloped Data
PKCS #7 Digested Data
PKCS #7 Encrypted Data
PKCS #9 Email Address
PKCS #9 Unstructured Name
PKCS #9 Content Type
PKCS #9 Message Digest
PKCS #9 Signing Time
PKCS #9 Counter Signature
PKCS #9 Challenge Password
PKCS #9 Unstructured Address
PKCS #9 Extended Certificate Attributes
PKCS #9 S/MIME Capabilities
X520 Common Name
X520 Country Name
X520 Locality Name
X520 State Or Province Name
X520 Organization Name
X520 Organizational Unit Name
X520 DN Qualifier
RFC 2247 Domain Component
JPEG
HTML
Certificate Sequence
MISSI KEA and DSS Algorithm (Old)
MISSI DSS Algorithm (Old)
MISSI KEA and DSS Algorithm
MISSI DSS Algorithm
MISSI KEA Algorithm
MISSI Alternate KEA Algorithm
Netscape says this cert is OK
Certificate Issuer Logo
Certificate Subject Logo
Certificate Type
Certificate Extension Base URL
Certificate Revocation URL
Certificate Authority Revocation URL
Certificate Authority CRL Download URL
Certificate Authority Certificate Download URL
Certificate Renewal URL
Certificate Authority Policy URL
Certificate Homepage URL
Certificate Entity Logo
Certificate User Picture
Certificate SSL Server Name
Certificate Comment
Lost Password URL
Certificate Renewal Time
Strong Crypto Export Approved
Certificate Subject Directory Attributes
Certificate Subject Key ID
Certificate Key Usage
Certificate Private Key Usage Period
Certificate Subject Alt Name
Certificate Issuer Alt Name
Certificate Basic Constraints
Certificate Name Constraints
Certificate Policy Mappings
Certificate Policy Constraints
Certificate Authority Key Identifier
Authority Information Access
CRL Number
CRL reason code
Invalid Date
X500 RSA Encryption
RFC1274 User Id
RFC1274 E-mail Address
PKCS #12
PKCS #12 Mode IDs
PKCS #12 ESPVK IDs
PKCS #12 Bag IDs
PKCS #12 Cert Bag IDs
PKCS #12 OIDs
PKCS #12 PBE IDs
PKCS #12 Signature IDs
PKCS #12 Enveloping IDs
PKCS #12 Key Shrouding
PKCS #12 Key Bag ID
PKCS #12 Cert And CRL Bag ID
PKCS #12 Secret Bag ID
PKCS #12 X509 Cert CRL Bag
PKCS #12 SDSI Cert Bag
PKCS #12 PBE With Sha1 and 128 Bit RC4
PKCS #12 PBE With Sha1 and 40 Bit RC4
PKCS #12 PBE With Sha1 and Triple DES CBC
PKCS #12 PBE With Sha1 and 128 Bit RC2 CBC
PKCS #12 PBE With Sha1 and 40 Bit RC2 CBC
PKCS #12 RSA Encryption with 128 Bit RC4
PKCS #12 RSA Encryption with 40 Bit RC4
PKCS #12 RSA Encryption with Triple DES
ANSI X9.57 DSA Signature
ANSI X9.57 DSA Signature with SHA1 Digest
FORTEZZA DSA Signature with SHA1 Digest
Verisign User Notices
PKIX CPS Pointer Qualifier
PKIX User Notice Qualifier
PKIX Online Certificate Status Protocol
OCSP Basic Response
OCSP Nonce Extension
OCSP CRL Reference Extension
OCSP Response Types Extension
OCSP No Check Extension
OCSP Archive Cutoff Extension
OCSP Service Locator Extension
PKIX CRMF Registration Control, Registration Token
PKIX CRMF Registration Control, Registration Authenticator
PKIX CRMF Registration Control, PKI Publication Info
PKIX CRMF Registration Control, PKI Archive Options
PKIX CRMF Registration Control, Old Certificate ID
PKIX CRMF Registration Control, Protocol Encryption Key
PKIX CRMF Registration Info, UTF8 Pairs
PKIX CRMF Registration Info, Certificate Request
TLS Web Server Authentication Certificate
TLS Web Client Authentication Certificate
Code Signing Certificate
E-Mail Protection Certificate
Time Stamping Certifcate
OCSP Responder Certificate
Netscape S/MIME KEA
Skipjack CBC64
PKCS12 V2 PBE With SHA1 And 128 Bit RC4
PKCS12 V2 PBE With SHA1 And 40 Bit RC4
PKCS12 V2 PBE With SHA1 And 3KEY Triple DES-cbc
PKCS12 V2 PBE With SHA1 And 2KEY Triple DES-cbc
PKCS12 V2 PBE With SHA1 And 128 Bit RC2 CBC
PKCS12 V2 PBE With SHA1 And 40 Bit RC2 CBC
PKCS #12 Safe Contents ID
PKCS #12 V1 Key Bag
PKCS #12 V1 PKCS8 Shrouded Key Bag
PKCS #12 V1 Cert Bag
PKCS #12 V1 CRL Bag
PKCS #12 V1 Secret Bag
PKCS #12 V1 Safe Contents Bag
PKCS #9 X509 Certificate
PKCS #9 SDSI Certificate
PKCS #9 X509 CRL
PKCS #9 Friendly Name
PKCS #9 Local Key ID
PKCS 12 Key Usage
Diffie-Helman Public Key
Netscape Nickname
Recovery Request OID
Certificate Renewal Locator OID
Certificate Scope-of-Use Extension
Ephemeral-Static Diffie-Hellman
CMS 3DES Key Wrap
CMS RC2 Key Wrap
S/MIME Encryption Key Preference
AES-128-ECB
AES-128-CBC
AES-192-ECB
AES-192-CBC
AES-256-ECB
AES-256-CBC
SDN.702 DSA Signature
Microsoft S/MIME Encryption Key Preference
SHA-224
SHA-256
SHA-384
SHA-512
PKCS #1 SHA-256 With RSA Encryption
PKCS #1 SHA-384 With RSA Encryption
PKCS #1 SHA-512 With RSA Encryption
AES-128 Key Wrap
AES-192 Key Wrap
AES-256 Key Wrap
Caller-specified eContentType
ECDSA Public Key
SHA-1 With ECDSA
ECDH With SHA1 KDF
secp256r1
secp384r1
secp521r1
id-ct-TSTInfo
id-aa-timeStampToken
id-aa-signing-certificate
ECDSA With SHA-256
ECDSA With SHA-384
ECDSA With SHA-512
appleCodesigningHashAgilityAttribute
appleCodesigningHashAgilityAttributeV2
appleExpirationTimeAttribute
system-keychain
musr
Warning: unable to build chain to self-signed root for signer "%s"
CMSDecoder
Unverified
GoodSignature
BadSignature
DigestMismatch
SigningCertNotFound
SigningCertNotTrusted
SignatureAlgorithmUnknown
SignatureAlgorithmUnsupported
MalformedSignature
ProcessingError
sha1
sha256
CMSEncoder
nullkey
SOSBackupSliceKeyBag
<SOSBackupSliceKeyBag@%p %ld %@
Extra space in sequence
View bag allocation failed
null aks_bag in BackupSliceKeyBag
Null BackupSliceKeyBag
Null set passed to encode
Didn't consume all data supplied
Unable to decode public key: %@
Faild to create scratch
bskb
%02X
SecRandom falied!
Need peers
Need aks bag
%@ has no wrapped key in %@
Not direct bag
Unable to perform crypto operation from fullKeyBytes.
Unable to get recovery key public and private keys.
Unable to create key string from data.
v24@?0^{ccec_full_ctx=^{ccec_cp}[8C][0{ccec_projective_point=[1Q]}]}8^{__CFString=}16
no recovery key found in %@
Bad Circle Version
Bad Circle DER
SOSCircle
], R:[
v16@?0^{__OpaqueSOSPeerInfo=}8
], A:[
%@%@ %@
Signature verification failed.
<SOSCircle@%p: '%@' %@ P:[
%@R: %@
<R:[
%@A: %@
<A:[
B16@?0^{__OpaqueSOSPeerInfo=}8
<C: gen:'%@' %@>
SyncD
Signing failed: %d
SOSCircleVerifySignatureExists no pubKey
Development
B16@?0r^v8
circle
isOlderGeneration proposed_circle
isOlderGeneration known_circle
Bad generation - proposed circle gencount is older than known circle gencount
circledebug
proposed_circle
Bad user public signature
No public signature to match current user key
Concordance with no user public key
Cannot accept non-applicant
No public key for key
Cannot request admission when already a peer
Cannot reject non-applicant
Must be peer to remove peer
icloud-identity
No iCloud identity PeerInfo found in circle
Generation Count for new circle is too old
ComputerName
ModelName
MessageProtocolVersion
OSVersion
DeviceGestalt
ConflictVersion
PreferIDS
PreferIDFragmentation
PreferIDSAckModel
TransportType
DeviceID
CKKS4A
Ping
SOSPeerInfo
<%@: [name: %20@] [%c%c%c%c%c%c%c%c] [type: %-20@] [spid: %8@] [os: %10@] [devid: %10@] [serial: %12@]
Unknown 
PI@%p
Signature didn't verify for %@
Description encode failed
Description alloc failed
Description length failed
Failed to create public key from data %@
PublicSigningKey
RetirementDate
OctagonPublicSigningKey
OctagonPublicEncryptionKey
Failed to sign peerinfo for peer
Failed to hash description for peer
Unable to get public key
Failed to export public bytes
Unable to get public
v16@?0^{__CFDictionary=}8
CloudIdentity
ApplicationDate
user signature of public key hash fails to verify
Failed to create hash for peer applicant
Peer is not an applicant
ApplicationUsig
Can't validate PeerInfos with no userKey
PICache
Failed to sign public key hash for peer
Retirement date is after current date
Peer is not retired
failed to copy encryption public key bytes
failed to copy signing public key bytes
Bad key bytes or dictionary key
failed to copy public key bytes
not implemented
iPod touch
iPhone
iMac
iCloud
MacBook Pro
MacBook
Mac Pro
^{os_state_data_s=I(?=b32I){os_state_data_decoder_s=[64c][64c]}[64c][0C]}16@?0^{os_state_hints_s=I*II}8
com.apple.system.loginwindow.desktopUp
^{__CFArray=}16@?0^{__CFDictionary=}8
com.apple.security.sos.transport.error
EFRESH
v24@?0^{__CFDictionary=}8^{__CFError=}16
KVSStateCapture
don't know how to encode
v32@?0@"NSData"8Q16^B24
piggy
Cloud Identity-piggy-%@
v32@?0@"NSDictionary"8Q16^B24
%@-piggy
tlk-piggy
tlks
Health
Engram
idents
Didn't consume all bytes for pbblob
Bad Blob DER
com.apple.security.cloudkeychainproxy3
KeysToGet
peerIDList
backupPeerIDList
AllKeys
AcctUUID
ClearStore
Synchronize
SynchronizeAndWait
Flush
PerfCounters
PUTDictionary
GETv2
RegisterKeys
RemoveKeys
hasPendingKey
requestSyncWithPeers
requestEnsurePeerRegistration
SOSCopyECWrappedData
Wrap failed with %d
%s CFData allocation failed
ec pub key required for wrapping
data required for wrapping
Unexpected algorithm: %d
ccec_rfc6637_unwrap_key failed with %d
SOSCopyECUnwrappedData
Unwrap failed with %d
SOSFullPeerInfo
<SOSFullPeerInfo@%p: "%@">
circleOp
^{__OpaqueSOSPeerInfo={__CFRuntimeBase=QAQ}^{__CFDictionary}^{__CFData}^{__CFDictionary}^{__CFString}^{__CFString}q^{__CFString}B^{__CFDictionary}}32@?0^{__OpaqueSOSPeerInfo={__CFRuntimeBase=QAQ}^{__CFDictionary}^{__CFData}^{__CFDictionary}^{__CFString}^{__CFString}q^{__CFString}B^{__CFDictionary}}8^{__SecKey={__CFRuntimeBase=QAQ}^{__SecKeyDescriptor}^v}16^^{__CFError}24
Inflating octagon peer encryption persistent ref
Inflating octagon peer signing persistent ref
Inflating persistent ref
circleChange
B24@?0^{__OpaqueSOSPeerInfo={__CFRuntimeBase=QAQ}^{__CFDictionary}^{__CFData}^{__CFDictionary}^{__CFString}^{__CFString}q^{__CFString}B^{__CFDictionary}}8^^{__CFError}16
not supported
supported
Error finding persistent ref to key from public: %@
viewChange
upgrade
Deleting encryption key while purging
Deleting signing key while purging
Deleting while purging
*24@?0Q8*16
 %u]
com.apple.security.sos.error
AccountDSID
IDS2.0
GenerateECPair Temporary Key - Shouldn't be live
    '%@' %s %@
<Changes: {
Failed to export public bytes %@
NULL key passed to SOSCopyIDOfKey
ccec_generate_key_deterministic failed: %d
ccpbkdf2_hmac failed: %d
Mutable data allocation
cachedStatus
B16@?0i8B12
Public Key isn't available. The iCloud Password must be provided to keychain syncing subsystem to repair this.
Public Key isn't available, this peer is in the circle, but invalid. The iCloud Password must be provided to keychain syncing subsystem to repair this.
com.apple.SOSCredentialsQueue
>KeyParameters
^InitialSync
^AccountChanged
^Required
^OfficialDSID
tLastKVSKeyCleanup
OTRConfigVersion
WroteLastKeyParams
dbg-
%@%@
Couldn't find circle name in key '%@'
Couldn't find from peer in key '%@'
%@%@%@%@%@
%@%@%@%@
kpid
Bad Peer Info Array DER
Bad Peer Info Array Sequence Header
Non SOSPeerInfo in array
Array of peer info not data
Unexpected Null Array to encode
Peer not signed to encode
No Description to encode
No PeerInfo to encode
Signature doesn't validate
gestalt key missing
Expected (version) number got %@
Expected dictionary got %@
Bad Format of Peer Info DER
V2DictionaryData
Views
SerialNumber
MachineIDKey
HSADictionary
RingState
BackupKey
EscrowRecord
Unknown
Can't expand V2 Dictionary
Bad Format of Dictionary DER
Corrupted v2Data Item
No V2 Data in description
No Memory
KeychainV0-tomb
BackupBagV0-tomb
WiFi-tomb
Passwords-tomb
CreditCards-tomb
iCloudIdentity-tomb
OtherSyncable-tomb
KeychainV0
WiFi
Passwords
CreditCards
iCloudIdentity
BackupBagV0
OtherSyncable
AppleTV
AccessoryPairing
PCS-CloudKit
PCS-Escrow
PCS-FDE
PCS-Feldspar
PCS-Maildrop
PCS-Notes
PCS-Sharing
PCS-Backup
PCS-iCloudDrive
PCS-iMessage
NanoRegistry
Manatee
AutoUnlock
Home
LimitedPeersAllowed
views
unknownViewAction
kSOSCCViewEnable
kSOSCCViewDisable
kSOSCCViewQuery
Failed to get memory for views in PeerInfo
Unknown view(%@) (ViewResultCode=%d)
Unexpected Null Set to encode
mkid
CFSecRecoveryKey
<SecRecoveryKey: %p>
Failed to create key from rk
default
ATSv1
ATSv1_noPFS
legacy
standard
RC4_fallback
TLSv1_fallback
TLSv1_RC4_fallback
legacy_DHE
anonymous
3DES_fallback
TLSv1_3DES_fallback
SSLContext
<SSLContext(%p) { ... }>
SSLSessionConfig
SSLMinProtocolVersion
SSLMinDhGroupSize
SSLDisableRecordSplitting
/Library/Managed Preferences/mobile/.GlobalPreferences.plist
com.apple.security.secureobjectsync.circlechanged
com.apple.security.secureobjectsync.viewschanged
com.apple.security.secureobjectsync.initialsyncchanged
com.apple.security.secureobjectsync.holdlock
com.apple.security.secureobjectsync.peeravailable
com.apple.security.secureobjectsync.recoverykeychanged
com.apple.security.sosoctagonbitschanged
PeerID
ManifestCount
SyncSet
CoderDump
ManifestHash
T@"NSXPCConnection",&,V_connection
com.apple.securityd.sos
SOSCCThisDeviceIsInCircleNonCached
SOSCCStatus=%d
i8@?0
circleOps
Remote error occurred/no info: %s
SOSCCRequestToJoinCircle
return=%d
B24@?0@"NSObject<OS_xpc_object>"8^^{__CFError}16
SOSCCRequestToJoinCircleAfterRestore
SOSCCAccountHasPublicKey
SOSCCWaitForInitialSync
SOSCCAccountSetToNew
SOSCCResetToOffering
SOSCCResetToEmpty
SOSCCRemovePeersFromCircle
B8@?0
SOSCCRemoveThisDeviceFromCircle
SOSCCLoggedIntoAccount
SOSCCLoggedOutOfAccount
SOSCCBailFromCircle_BestEffort
SOSCCCopyPeerPeerInfo
return=%@
Expected array, got: %@
SOSCCCopyConcurringPeerPeerInfo
SOSCCCopyGenerationPeerInfo
SOSCCCopyApplicantPeerInfo
SOSCCValidateUserPublic
SOSCCCopyValidPeerPeerInfo
SOSCCCopyNotValidPeerPeerInfo
SOSCCCopyRetirementPeerInfo
SOSCCCopyViewUnawarePeerInfo
SOSCCCopyMyPeerInfo
Expected CFData, got: %@
 [%@]
<Missing view set!>
local 
remote %@ 
SOSCCCopyEngineState
SOSCCAcceptApplicants
SOSCCRejectApplicants
applicants=%@
devRecovery
SOSSetNewPublicBackupKey
^{__OpaqueSOSPeerInfo=}8@?0
SOSCCRegisterSingleRecoverySecret
SOSCCRegisterRecoveryPublicKey
SOSCCCopyRecoveryPublicKey
SOSCCSetUserCredentials
user_label=%@
SOSCCSetUserCredentialsAndDSID
user_password is nil
user_label is nil
sosops
SOSCCTryUserCredentialsAndDSID_internal
SOSCCCanAuthenticate
SOSCCPurgeUserCredentials
SOSCCGetLastDepartureReason
SOSCCSetLastDepartureReason
updates
SOSCCProcessEnsurePeerRegistration
SOSCCProcessSyncWithPeers
^{__CFSet=}8@?0
SOSCCProcessSyncWithAllPeers
InCircle
NotInCircle
RequestPending
CircleAbsent
InternalError
Unknown Status
GeneralViewError
ViewMember
ViewNotMember
ViewNotQualified
ViewUndefined
Unknown View Status
SOSCCView
SOSViewResultCode=%d
SOSCCViewSet
viewCheck
hsa2PB
SOSCCCopyApplication
cleanup-keys
SOSCCCleanupKVSKeys
SOSCCCopyCircleJoiningBlob
^{__CFData=}8@?0
cfdata_error_request_returns_cfdata
object %@ is not a data
circleJoin
SOSCCCopyInitialSyncData
SOSCCJoinWithCircleJoiningBlob
cfdata_and_int_error_request_returns_bool
view-enabled
SOSCCPeersHaveViewsEnabled
^{__CFBoolean=}8@?0
pending-check
SOSCCMessageFromPeerIsPending
SOSCCSendToPeerIsPending
v28@?0B8@"NSData"12@"NSError"20
ghostbust
OSStatus %d
SecDebugErrorMessages
SecErrorMessages
SecAccessControl
<SecAccessControlRef: %@>
...(%db)
false
prot
allocate memory for SecAccessControl
kSecAccessControlUserPresence can be combined only with kSecAccessControlApplicationPassword and kSecAccessControlPrivateKeyUsage
only one bio constraint can be set
only one logical operation can be set
invalid constraint
SecAccessControl: invalid constraint for k-of-n
cwtch
cbio
pkofn
pbioh
pbioc
DeviceOwnerAuthentication
%@: %@
SecAccessControl: invalid protection
ckon
bound
trailing garbage at end of SecAccessControl data
ABCDEFGHIJKLMNOPQRSTUVWXYZabcdefghijklmnopqrstuvwxyz0123456789+/
Custom CFAllocator for sensitive data that zeroizes on deallocate
kSecCMSSignDigest
kSecCMSSignDetached
kSecCMSCertChainMode
kSecCMSAdditionalCerts
kSecCMSSignedAttributes
kSecCMSSignDate
kSecCMSAllCerts
kSecCMSHashAgility
kSecCMSHashAgilityV2
kSecCMSExpirationDate
kSecCMSBulkEncryptionAlgorithm
kSecCMSEncryptionAlgorithmDESCBC
kSecCMSEncryptionAlgorithmAESCBC
kSecCMSSignHashAlgorithm
kSecCMSHashingAlgorithmMD5
kSecCMSHashingAlgorithmSHA1
kSecCMSHashingAlgorithmSHA256
kSecCMSHashingAlgorithmSHA384
kSecCMSHashingAlgorithmSHA512
roCapacity
Ti,R,N,V_roCapacity
roRate
Td,R,N,V_roRate
rwCapacity
Ti,R,N,V_rwCapacity
rwRate
Td,R,N,V_rwRate
limitMultiplier
Td,R,N,V_limitMultiplier
roBucket
T@"NSDate",R,N,V_roBucket
rwBucket
T@"NSDate",R,N,V_rwBucket
secitemratelimit
Security
SecItemRateLimiting
com.apple.Preferences
com.apple.mobilesafari
com.apple.pcsctl
com.apple.cloudd
com.apple.protectedcloudstorage.protectedcloudkeysyncing
com.apple.pcsstatus
Not f
com.apple.keychain.secitemratelimit.dataqueue
u_Token
com.apple.security.seckey.setoken.attestation-nonce
CTKKey
CryptoTokenKit
<SecKeyRef:('%@') %p>
unexpected attestation key type %d
could not get attestation data
attestation not supported for key %@
attestation not supported by key %@
lifetimecontrol not supported for key %@
lifetimeType
testmode
ProductionEscrowKey
ProductionPCSEscrowKey
AppleESCertificates
type
label
localized label
warning
success
title
section
string
date
array
SignatureDigestUnknown
SignatureDigestMD2
SignatureDigestMD4
SignatureDigestMD5
SignatureDigestSHA1
SignatureDigestSHA224
SignatureDigestSHA256
SignatureDigestSHA284
SignatureDigestSHA512
<cert(%p) s: %@ i: %@>
Certificate
%@ (%@)
%@, %@
not displayed (tag = %ld; length %ld)
 %02X
06 %02lX
%u.%u
OID too long
<NULL>
Sequence
bits
Bit string
%@; %d %@; data = %@
bytes
Byte string
%llu
http://ocsp.apple.com/ocsp-wwdr01
This certificate is not yet valid
This certificate has expired
Valid from
Expired
This certificate is valid
Expires
Fingerprints
Data
Object Signing CA
S/MIME CA
SSL CA
Reserved
Object Signing
S/MIME
SSL server
SSL client
Access Method
Extended Key Usage
Purpose
Policy Constraints
Inhibit Policy Mapping
Require Explicit Policy
Authority Key Identifier
Authority Certificate Serial Number
Certificate Policies
Unparsed %@
Qualifier
Explicit Text
Notice Numbers
Organization
CPS URI
Policy Qualifier #%d
Policy Identifier #%d
CRL Distribution Points
CRL Issuer
AA Compromise
Privilege Withdrawn
Certificate Hold
Cessation Of Operation
Superseded
Affiliation Changed
CA Compromise
Key Compromise
Unused
Reasons
Name Relative To CRL Issuer
General Names
Registered ID
%02X%02X:%02X%02X:%02X%02X:%02X%02X:%02X%02X:%02X%02X:%02X%02X:%02X%02X
%u.%u.%u.%u
IP Address
EDI Party Name
Directory Name
X.501 Name
X.400 Address
DNS Name
Email Address
Other Name
Name Constraints
Excluded Subtree General Name
Excluded Subtree Maximum
Excluded Subtree Minimum
General Name
Permitted Subtree General Name
Permitted Subtree Maximum
Permitted Subtree Minimum
Basic Constraints
Path Length Constraint
Certificate Authority
Private Key Usage Period
Usage
Decipher Only
Encipher Only
CRL Sign
Cert Sign
Key Agreement
Data Encipherment
Key Encipherment
Non-Repudiation
Digital Signature
Invalid %@
Subject Key Identifier
Key Identifier
Critical
Signature
Public Key Data
Public Key Algorithm
Issuer Unique ID
Subject Unique ID
Not Valid After
Not Valid Before
Parameters
Algorithm
Signature Algorithm
Serial Number
Version
Issuer Name
Subject Name
Signature Data
Public Key Size
Public Key Info
Validity Period
0123456789ABCDEF:
0123456789.
\%02X
SecCertificate instance %p:
1.3.6.1.5.5.7.48.1.5
1.2.840.113635.100.6.36
1.2.840.113635.100.6.59.1
1.2.840.113635.100.6.59.3
1.2.840.113635.100.6.59.2
1.2.840.113635.100.11.1
failed to der encode certificate
certificates[%zu] failed to decode
failed to create xpc_array
certificates xpc value is not an array
Did not get the Escrow certificates
escrowType
Unable to get CT logs
Unable to match CT log
keyID data was not the expected length
keyID was not a valid CFDataRef
DeveloperID Date parsing: extension value wrong tag
DeveloperID Date parsing: extension value failed to decode
DeveloperID Date parsing: extension not found
1.2.840.113635.100.6.1.33
DeveloperID Date parsing: missing required input
v32@?0@"NSDictionary"8@"NSArray"16@"NSError"24
XPC Error
summary
csrChallengePassword
subjectAltName
keyUsage
basicConstraints
certificateExtensions
certificateExtensionsEncoded
dNSName
rfc822Name
uniformResourceIdentifier
ntPrincipalName
ABCDEFGHIJKLMNOPQRSTUVWXYZabcdefghijklmnopqrstuvwxyz0123456789 '()+,-./:=?
ECPublicKey
EC signature verification failed, no match
EC signature verification failed (ccerr %d)
Failed to wrap key
can't wrap that key, can't build size
unknown flags
invalid flags: %@
unknown wrap alg
no wrap alg
invalid fingerprint
unknown symalg given
unsupported curve
unsupported key wrapping algorithm
kSecECCurveNone
<SecKeyRef curve type: %s, algorithm id: %lu, key type: %s, version: %d, block size: %zu bits, y: %@, x: %@, addr: %p>
kSecECCurveSecp256r1
kSecECCurveSecp384r1
kSecECCurveSecp521r1
ECPrivateKey
ECpriv failed to compute shared secret (err %d)
ECpriv sharedsecret: bad public key (err %d)
ECpriv sharedsecret: bad public key
%@: X962 signing failed (ccerr %d)
failed to wrap key
<SecKeyRef curve type: %s, algorithm id: %lu, key type: %s, version: %d, block size: %zu bits, addr: %p>
Not an EC Full Key object, sorry can't do.
Not an EC Public Key object, sorry can't do.
Execution has encountered an unexpected state
wkey
iter
salt
SecIdentity
<SecIdentityRef: %p>
passphrase
keyid
trust
identity
algid
cert
com.apple.networkextensionsharing
com.apple.LocalAuthentication
OSStatus
token based item data does not have OID
trailing garbage at end of token data field
Unexpected type
certdata
certtkid
Reached maximum count of authentication attempts
operation: %@ acl:%@
i24@?0r^^{__CFArray}8^^{__CFError}16
kSecUseAuthenticationUISkip is allowed only for SecItemCopyMatching
Failed to create CFObject from XPC policy
Failed to copy XPC policy
unsupported kSecMatchPolicy in query
kSecUseAuthenticationContext cannot be used together with kSecUseCredentialReference
unsupported kSecAttrAccessControl in query
unsupported kSecValueRef in query
B48@?0^{__TKToken=}8^{__CFDictionary=}16^{__CFDictionary=}24^{__CFDictionary=}32^^{__CFError}40
value not present for token item
B32@?0^{__CFDictionary=}8^{__CFDictionary=}16^^{__CFError}24
BUG IN CLIENT OF SECITEM: too many writes. See https://at.apple.com/secitemratelimit
BUG IN CLIENT OF SECITEM: too many reads. See https://at.apple.com/secitemratelimit
item with kSecAttrAccessControl is not synchronizable
Unexpected type of kSecAttrAccessControl attribute
sec_item_delete_all is NULL
Unexpected nonarray returned: %@
force
unsupported event tag: %lu
trailing junk after delete
trailing junk after complete
trailing junk after add
trailing junk after keybag
failed to decode keybag
trailing junk after reset
unexpected end of event file %zu of %zu bytes read
failed to read event body
realloc buf failed
failed to decode backup event header
read backup event header
fclose
fstat
close
fdopen
lseek
class
genp
inet
apls
keys
idnt
pdmn
accc
agrp
cdat
mdat
desc
icmt
crtr
labl
invi
nega
acct
svce
gena
sdmn
srvr
ptcl
atyp
port
path
volm
addr
afps
alis
subj
issr
slnr
skid
pkhh
ctyp
cenc
kcls
klbl
perm
priv
modi
atag
bsiz
esiz
sdat
edat
sens
asen
extr
next
encr
decr
drve
sign
vrfy
snrc
vyrc
wrap
unwp
vwht
tkid
scrp
cusi
crlt
crle
tomb
nleg
toid
UUID
persistref
sysb
dspk
pcss
pcsk
pcsi
binn
bini
bin0
bin1
bin2
bin3
com.apple.token
m_Policy
m_ItemList
m_SearchList
m_Issuers
m_EmailAddressIfPresent
m_SubjectContains
m_CaseInsensitive
m_TrustedOnly
m_ValidOnDate
m_Limit
m_LimitOne
m_LimitAll
r_Data
r_Attributes
r_Ref
r_PersistentRef
v_Data
v_Ref
v_PersistentRef
u_ItemList
u_Tomb
u_CredRef
u_OpPrompt
u_NoAuthUI
u_AuthUI
u_SystemKeychain
u_SyncBubbleKeychain
u_CallerName
u_TokenRawItems
akpu
ftp 
ftpa
http
irc 
nntp
pop3
smtp
sox 
imap
ldap
atlk
afp 
teln
ssh 
ftps
htps
htpx
htsx
ftpx
smb 
rtsp
rtsx
daap
eppc
ipp 
ntps
ldps
tels
imps
ircs
pops
ntlm
msna
dpaa
rpaa
httd
form
dflt
2147483678
2147483679
syna
private
public
applepay
spwd
u_AuthUIA
u_AuthUIF
u_AuthUIS
u_AuthCtx
com.apple.setoken
com.apple.setoken:aks
com.apple.secelemtoken
ContinuityUnlock
PCS-MasterKey
PCS-Photos
WatchMigration
ApplePay
kSecKeyWrapPGPSymAlg
kSecKeyWrapPGPFingerprint
kSecKeyWrapPGPWrapAlg
kSecKeyWrapPGPECFlags
kSecKeyWrapPGPECWrapDigestSHA256KekAES128
kSecKeyWrapPGPECWrapDigestSHA512KekAES256
SecKey
<SecKeyRef: %p>
Error finding private key from public: %@
Null Public Key
buffer too small
^v40@?0^{__CFData=}8^{__CFData=}16^{?=qq}24^^{__CFError}32
%@: algorithm not supported by the key %@
legacy SecKey backend operation:%d(%d) failed
Unsupported key class: %@
Unsupported symmetric key type: %@
Unsupported private key type: %@
EC private key creation from data failed
RSA private key creation from data failed
Unsupported public key type: %@
EC public key creation from data failed
RSA public key creation from data failed
key class
Unsupported %@: %@
key type
Failed to provide key data to SecKeyCreateWithData
Expected to find persistentref for key %@
No key wrap supported for key %@
No key unwrap for key %@
export not implemented for key %@
Key generation failed, error %d
setParameter not implemented for %@
algid:sign:RSA:raw
algid:sign:RSA:raw-cc
algid:sign:RSA:digest-PKCS1v15
algid:sign:RSA:digest-PKCS1v15:MD5
algid:sign:RSA:digest-PKCS1v15:SHA1
algid:sign:RSA:digest-PKCS1v15:SHA224
algid:sign:RSA:digest-PKCS1v15:SHA256
algid:sign:RSA:digest-PKCS1v15:SHA384
algid:sign:RSA:digest-PKCS1v15:SHA512
algid:sign:RSA:digest-PSS:SHA1:SHA1:20
algid:sign:RSA:digest-PSS:SHA224:SHA224:24
algid:sign:RSA:digest-PSS:SHA256:SHA256:32
algid:sign:RSA:digest-PSS:SHA384:SHA384:48
algid:sign:RSA:digest-PSS:SHA512:SHA512:64
algid:sign:RSA:message-PKCS1v15:MD5
algid:sign:RSA:message-PKCS1v15:SHA1
algid:sign:RSA:message-PKCS1v15:SHA224
algid:sign:RSA:message-PKCS1v15:SHA256
algid:sign:RSA:message-PKCS1v15:SHA384
algid:sign:RSA:message-PKCS1v15:SHA512
algid:sign:RSA:message-PSS:SHA1:SHA1:20
algid:sign:RSA:message-PSS:SHA224:SHA224:24
algid:sign:RSA:message-PSS:SHA256:SHA256:32
algid:sign:RSA:message-PSS:SHA384:SHA384:48
algid:sign:RSA:message-PSS:SHA512:SHA512:64
algid:sign:ECDSA:RFC4754
algid:sign:ECDSA:digest-X962
algid:sign:ECDSA:digest-X962:SHA1
algid:sign:ECDSA:digest-X962:SHA224
algid:sign:ECDSA:digest-X962:SHA256
algid:sign:ECDSA:digest-X962:SHA384
algid:sign:ECDSA:digest-X962:SHA512
algid:sign:ECDSA:message-X962:SHA1
algid:sign:ECDSA:message-X962:SHA224
algid:sign:ECDSA:message-X962:SHA256
algid:sign:ECDSA:message-X962:SHA384
algid:sign:ECDSA:message-X962:SHA512
algid:encrypt:RSA:raw
algid:encrypt:RSA:raw-cc
algid:encrypt:RSA:PKCS1
algid:encrypt:RSA:OAEP:SHA1
algid:encrypt:RSA:OAEP:SHA224
algid:encrypt:RSA:OAEP:SHA256
algid:encrypt:RSA:OAEP:SHA384
algid:encrypt:RSA:OAEP:SHA512
algid:encrypt:RSA:OAEP:SHA1:AESGCM
algid:encrypt:RSA:OAEP:SHA224:AESGCM
algid:encrypt:RSA:OAEP:SHA256:AESGCM
algid:encrypt:RSA:OAEP:SHA384:AESGCM
algid:encrypt:RSA:OAEP:SHA512:AESGCM
algid:encrypt:ECIES:ECDH:KDFX963:SHA1:AESGCM
algid:encrypt:ECIES:ECDH:KDFX963:SHA224:AESGCM
algid:encrypt:ECIES:ECDH:KDFX963:SHA256:AESGCM
algid:encrypt:ECIES:ECDH:KDFX963:SHA384:AESGCM
algid:encrypt:ECIES:ECDH:KDFX963:SHA512:AESGCM
algid:encrypt:ECIES:ECDHC:KDFX963:SHA1:AESGCM
algid:encrypt:ECIES:ECDHC:KDFX963:SHA224:AESGCM
algid:encrypt:ECIES:ECDHC:KDFX963:SHA256:AESGCM
algid:encrypt:ECIES:ECDHC:KDFX963:SHA384:AESGCM
algid:encrypt:ECIES:ECDHC:KDFX963:SHA512:AESGCM
algid:encrypt:ECIES:ECDH:KDFX963:SHA224:AESGCM-KDFIV
algid:encrypt:ECIES:ECDH:KDFX963:SHA256:AESGCM-KDFIV
algid:encrypt:ECIES:ECDH:KDFX963:SHA384:AESGCM-KDFIV
algid:encrypt:ECIES:ECDH:KDFX963:SHA512:AESGCM-KDFIV
algid:encrypt:ECIES:ECDHC:KDFX963:SHA224:AESGCM-KDFIV
algid:encrypt:ECIES:ECDHC:KDFX963:SHA256:AESGCM-KDFIV
algid:encrypt:ECIES:ECDHC:KDFX963:SHA384:AESGCM-KDFIV
algid:encrypt:ECIES:ECDHC:KDFX963:SHA512:AESGCM-KDFIV
algid:keyexchange:ECDH
algid:keyexchange:ECDH:KDFX963:SHA1
algid:keyexchange:ECDH:KDFX963:SHA224
algid:keyexchange:ECDH:KDFX963:SHA256
algid:keyexchange:ECDH:KDFX963:SHA384
algid:keyexchange:ECDH:KDFX963:SHA512
algid:keyexchange:ECDHC
algid:keyexchange:ECDHC:KDFX963:SHA1
algid:keyexchange:ECDHC:KDFX963:SHA224
algid:keyexchange:ECDHC:KDFX963:SHA256
algid:keyexchange:ECDHC:KDFX963:SHA384
algid:keyexchange:ECDHC:KDFX963:SHA512
algid:encrypt:ECIES:ECDH:SHA256:2PubKeys
requestedSize
sharedInfo
symKeySize
recryptParams
recryptCert
ECDHKeyExchange wrong input (%d)
ECDHKeyExchange wrong sharedInfo type (must be CFData/NSData)
kSecKeyKeyExchangeParameterRequestedSize is missing
Unable to export key parameters
ECIES: Failed to aes-gcm decrypt data
ECIES: Input data too short
Bad requested kSecKeyEncryptionParameterSymmetricKeySizeInBits: %@
%@: Unable to get public key
%@: too small input packet for ECIES decrypt
RSA-WRAP too short input data
RSA-WRAP: Failed to aes-gcm decrypt data
RSA-WRAP bad ciphertext, unexpected session key size
%@: unable to get public key
v24@?0*8^{__CFData=}16
v16@?0^{__CFData=}8
RSAdecrypt wrong input (err %d)
ECIES: Failed to aes-gcm encrypt data
Unable to get public key from generated ECkey
RSAWRAP: Failed to aes-gcm encrypt data
Failed to generate session key
RSAencrypt wrong input size (err %d)
Wrong ECDSA RFC4754 signature
Failed to encode X962 signature
Wrong ECDSA X962 signature
bad digest size for signing with algorithm %@
RSA signature verification failed, no match
C16@?0^{__CFData=}8
RSAsign wrong input data length
RSASSA-PSS incompatible algorithm for key size
PSS salt gen fail (%zu bytes), err %d
out of memory
expecting RSA key
algorithm %@ incompatible with %lubit RSA key
SecOTRFullDHKey
(null)
v24@?0^{__CFString=}8^{__CFString=}16
<SecOTRFullDHKeyRef@%p: x: %@ y: %@ [%@]>
SecOTRPublicDHKey
<SecOTRPublicDHKeyRef@%p: x: %@ y: %@ [%@]>
SecOTRFullIdentity
<SecOTRPublicIdentity: %p %02x%02x%02x%02x%02x%02x%02x%02x>
failed to find persistent ref for key: %d
Failed to extract public key from private key
OTR Signing Key
OSStatus returned in error code
unknown otr session version %hhu
failed to decode v3 otr session: %d
failed to decode v2 otr session: %d
failed to decode v1 otr session: %d
SecOTRPublicIdentity
Unable to create public key bytes
Error creating public identity from bytes
T^{__SecKey={__CFRuntimeBase=QAQ}^{__SecKeyDescriptor}^v},R,N
T@"NSXPCListenerEndpoint",R,N
superclass
description
SecKeyProxy
Attempt to create remote identity from key-only proxy
RemoteKey
v24@?0@"NSArray"8@"NSError"16
v16@?0@"NSXPCListenerEndpoint"8
v24@?0@"NSData"8@"NSError"16
v16@?0q8
v16@?0@"NSString"8
<SecKeyRef remoteKey: %@>
v16@?0@"NSDictionary"8
v16@?0Q8
v16@?0@"NSData"8
v16@?0@"NSError"8
<SecKeyRef: 
<SecKeyRef 
SecOTRSession
InvalidState
<%s %s %s %s%s%s%s %d:%d %s%s %llu %s%s%s%s>
Idle
AwaitingDHKey
AwaitingRevealSignature
AwaitingSignature
Done
UnknownMessage
InvalidMessage (0xFF)
kOddCompactDataMessage (0x31)
kEvenCompactDatamessage (0x30)
kOddCompactDataMessage (0x21)
kEvenCompactDatamessage (0x20)
SignatureMessage (0x12)
RevealSignatureMessage (0x11)
DHKeyMessage (0x0A)
DataMessage (0x03)
NoMessage
DHMessage (0x02)
OTRSession
otrtimer
v16@?0^{__CFString=}8
session
Ignoring DHKey message
Ignoring new DHKey message
Resending reveal signature
Sending reveal signature
Our GX is smaller, sending DHKey
Our GX is bigger, resending DH
com.apple.security.otr.error
?OTR:
PasswordMinLength
PasswordMaxLength
PasswordAllowedCharacters
PasswordRequiredCharacters
PasswordDefaultForType
PasswordDisallowedCharacters
PasswordCantStartWithChars
PasswordCantEndWithChars
PasswordContainsNoMoreThanNSpecificCharacters
PasswordContainsAtLeastNSpecificCharacters
PasswordContainsNoMoreThanNConsecutiveIdenticalCharacters
PasswordCharacterCount
PasswordCharacters
PasswordGroupSize
PasswordNumberOfGroups
SecPasswordSeparator
789456
520520
520131
321654
159753
147258
123654
123321
123123
112233
101471
030379
1234
1004
2000
1122
4321
2001
2580
0103
0123
0303
0110
1103
1123
0000
1203
0404
1110
2015
2013
2014
1010
2005
2003
2004
1210
0505
0111
2008
0101
2007
2006
2010
1995
1993
1994
1111
1998
1101
1997
0808
1211
1996
0102
1201
1990
0202
2011
1112
1958
1957
1102
3333
1956
1212
1985
1983
1984
1202
0909
0606
1988
1991
1987
2012
1986
2002
0707
1980
2009
2222
1965
1963
1964
2229
1992
1968
1967
1999
1966
1975
1973
1974
1960
1981
4444
1978
7465
1977
1976
1959
1970
1982
1961
5252
1989
1971
1962
5683
6666
1969
1972
1979
7667
abcdefghijkmnopqrstuvwxyzABCDEFGHJKLMNPQRSTUVWXYZ123456789
abcdefghijklmnopqrstuvwxyz1234567890
RequiredCharacterSets
ABCDEFGHJKLMNPQRSTUVWXYZ23456789
AllowedCharacters
NumberOfChecksumCharacters
NumberOfRequiredRandomCharacters
UseDefaultPasswordFormat
The dictionary parameter 'Identical Consecutive Characters' is either null or not a number
The dictionary parameter 'At Least N Characters' is either null or not a string
The dictionary parameter 'Characters' is either null or not a string
The dictionary parameter 'characters' is either null or not a number
The dictionary parameter 'At Most N Characters' is either null or not a string
The dictionary parameter 'password separator character' is either null or not a string
The dictionary parameter 'number of groupds' is either null or not a number
The dictionary parameter 'groupsize' is either null or not a number
The dictionary parameter 'StartWith' is either null or not a string
The dictionary parameter 'EndWith' is either null or not a string
Disallowed Characters dictionary parameter is either null or not a string
The password's required characters must be an array of CFCharacterSetRefs
The password's allowed characters must be a CFStringRef
Need an array of character sets, password must have at least 1 character from each set
Need a string of characters; password must only contain characters in this string
The password's length parameters make no sense ( is max < min ?)
The password's min length must be a CFNumberRef
To generate a password, need a min length
The password's max length must be a CFNumberRef
To generate a password, need a max length
true
0123456789
Password type does not exist.
SSLHostname
Email
TemporalValidity
WeakKeySize
WeakSignature
KeyUsage
ExtendedKeyUsage
SubjectCommonName
SubjectCommonNamePrefix
SubjectCommonNameTEST
SubjectOrganization
SubjectOrganizationalUnit
NotValidBefore
EAPTrustedServerNames
LeafMarkerOid
LeafMarkerOidWithoutValueCheck
LeafMarkersProdAndQA
BlackListedLeaf
GrayListedLeaf
LeafSPKISHA256
NotCA
IssuerCommonName
BasicConstraints
BasicConstraintsCA
BasicConstraintsPathLen
IntermediateSPKISHA256
IntermediateEKU
IntermediateMarkerOid
IntermediateMarkerOidWithoutValueCheck
IntermediateOrganization
IntermediateCountry
AnchorSHA256
AnchorTrusted
MissingIntermediate
AnchorApple
CAspkiSHA256
NonEmptySubject
IdLinkage
KeySize
SignatureHashAlgorithms
CertificatePolicy
ValidRoot
CriticalExtensions
ChainLength
BasicCertificateProcessing
NameConstraints
PolicyConstraints
GrayListedKey
BlackListedKey
UsageConstraints
SystemTrustedWeakHash
SystemTrustedWeakKey
PinningRequired
Revocation
RevocationResponseRequired
CTRequired
SystemTrustedCTRequired
IssuerPolicyConstraints
IssuerNameConstraints
ValidityPeriodMaximums
ServerAuthEKU
UnparseableExtension
NoNetworkAccess
ExtendedValidation
RevocationOnline
RevocationIfTrusted
AnchorAppleTestRoots
ProdMarker
QAMarker
OCSP
AnyRevocationMethod
1.2.840.113635.100.1.2
1.2.840.113635.100.1.3
1.2.840.113635.100.1.8
1.2.840.113635.100.1.9
1.2.840.113635.100.1.10
1.2.840.113635.100.1.11
1.2.840.113635.100.1.16
1.2.840.113635.100.1.17
1.2.840.113635.100.1.18
1.2.840.113635.100.1.19
1.2.840.113635.100.1.20
1.2.840.113635.100.1.21
1.2.840.113635.100.1.22
1.2.840.113635.100.1.23
1.2.840.113635.100.1.24
1.2.840.113635.100.1.25
1.2.840.113635.100.1.26
1.2.840.113635.100.1.27
1.2.840.113635.100.1.30
1.2.840.113635.100.1.31
1.2.840.113635.100.1.32
1.2.840.113635.100.1.33
1.2.840.113635.100.1.34
1.2.840.113635.100.1.35
1.2.840.113635.100.1.36
1.2.840.113635.100.1.39
1.2.840.113635.100.1.40
1.2.840.113635.100.1.41
1.2.840.113635.100.1.42
1.2.840.113635.100.1.43
1.2.840.113635.100.1.44
1.2.840.113635.100.1.45
1.2.840.113635.100.1.46
1.2.840.113635.100.1.47
1.2.840.113635.100.1.48
1.2.840.113635.100.1.49
1.2.840.113635.100.1.50
1.2.840.113635.100.1.51
1.2.840.113635.100.1.52
1.2.840.113635.100.1.53
1.2.840.113635.100.1.54
1.2.840.113635.100.1.55
1.2.840.113635.100.1.56
1.2.840.113635.100.1.57
1.2.840.113635.100.1.58
1.2.840.113635.100.1.59
1.2.840.113635.100.1.60
1.2.840.113635.100.1.61
1.2.840.113635.100.1.62
1.2.840.113635.100.1.63
1.2.840.113635.100.1.64
1.2.840.113635.100.1.65
1.2.840.113635.100.1.66
1.2.840.113635.100.1.67
1.2.840.113635.100.1.68
1.2.840.113635.100.1.69
1.2.840.113635.100.1.70
1.2.840.113635.100.1.71
1.2.840.113635.100.1.72
1.2.840.113635.100.1.73
1.2.840.113635.100.1.74
1.2.840.113635.100.1.75
1.2.840.113635.100.1.76
1.2.840.113635.100.1.77
1.2.840.113635.100.1.78
1.2.840.113635.100.1.80
1.2.840.113635.100.1.81
1.2.840.113635.100.1.82
1.2.840.113635.100.1.83
1.2.840.113635.100.1.84
1.2.840.113635.100.1.85
1.2.840.113635.100.1.86
1.2.840.113635.100.1.87
1.2.840.113635.100.1.88
1.2.840.113635.100.1.89
1.2.840.113635.100.1.90
1.2.840.113635.100.1.91
1.2.840.113635.100.1.92
1.2.840.113635.100.1.93
1.2.840.113635.100.1.94
1.2.840.113635.100.1.95
1.2.840.113635.100.1.96
1.2.840.113635.100.1.97
1.2.840.113635.100.1.98
1.2.840.113635.100.1.99
1.2.840.113635.100.1.100
1.2.840.113635.100.1.101
1.2.840.113635.100.1.102
SecPolicyOid
SecPolicyName
SecPolicyClient
SecPolicyRevocationFlags
SecPolicyTeamIdentifier
SecPolicyContext
SecPolicyPolicyName
SecPolicyIntermediateMarkerOid
SecPolicyLeafMarkerOid
SecPolicyRootDigest
CE_KU_DigitalSignature
CE_KU_NonRepudiation
CE_KU_KeyEncipherment
CE_KU_DataEncipherment
CE_KU_KeyAgreement
CE_KU_KeyCertSign
CE_KU_CRLSign
CE_KU_EncipherOnly
CE_KU_DecipherOnly
basicX509
SMIME
CodeSigning
AppleTimeStamping
OCSPSigner
sslServer
sslClient
eapServer
eapClient
ipsecServer
ipsecClient
iCloudSetup
MMCS
AST2
Escrow
FMiP
HomeKit
AIDC
Maps
HealthProvider
Parsec
Siri
HomeAppClipUploadService
Updates
PushCertPortal
SecPolicy
<%@: oid: %@ name: %@ options %@
ApplePCSEscrowServiceIdKeySigning
Effaceable Service ID Key
AppleEscrowServiceIdKeySigning
Escrow Service ID Key
AccessoryUpdateSigning
1.2.840.113635.100.12.10
AllowAccessoryUpdateSigningBeta
1.2.840.113635.100.12.9
1.2.840.113635.100.6.2.17
ApplePayQRCodeSigning
1.2.840.113635.100.12.12
1.2.840.113635.100.6.2.22
ApplePayQRCodeEncryption
1.2.840.113635.100.13.3
MeasuredBootPolicySigning
1.2.840.113635.100.6.26.6.1
1.2.840.113635.100.6.24.17
Alisha
1.2.840.113635.100.12.4
1.2.840.113635.100.6.2.3
FDRProvisioning
DeveloperIDPlusTicket
1.2.840.113635.100.6.1.30
AssetReceipt
1.2.840.113635.100.6.61
1.2.840.113635.100.6.2.10
DemoCatalog
DemoUnit CA
1.2.840.113635.100.6.60
iAPSWAuth
iPhoneVPNApplicationSigning
Apple iPhone Certification Authority
1.2.840.113635.100.6.1.6
1.2.840.113635.100.6.1.6.1
Apple iPhone OS Application Signing
MobileAsset
1.2.840.113635.100.6.55.1
1.2.840.113635.100.6.2.18
MobileSoftwareUpdate
1.2.840.113635.100.6.57.1
1.2.840.113635.100.6.57.2
macOSProfileApplicationSigning
1.2.840.113635.100.6.22
1.2.840.113635.100.6.1.13
1.2.840.113635.100.6.1.7
1.2.840.113635.100.6.1.12
1.3.6.1.5.5.7.3.3
1.2.840.113635.100.6.27.15.1
1.2.840.113635.100.6.27.15.2
Warsaw
1.2.840.113635.100.6.29
1.2.840.113635.100.6.2.14
SecureIOStaticAsset
1.2.840.113635.100.6.50
1.2.840.113635.100.6.27.11.1
1.2.840.113635.100.6.27.11.2
1.2.840.113635.100.6.48.1
Apple Inc.
pinningQA
AppleServerAuthenticationNoPinning
AppleServerAuthenticationNoPinning%@
1.2.840.113635.100.6.27.7.1
1.2.840.113635.100.6.27.7.2
AppleTVApplicationSigning
AppleLegacyPushService
IDSBag
1.2.840.113635.100.4.13
1.2.840.113635.100.4.9
1.2.840.113635.100.4.8
1.2.840.113635.100.6.1.14
1.2.840.113635.100.6.1.8
1.2.840.113635.100.6.1.5
1.2.840.113635.100.6.1.4
1.2.840.113635.100.6.2.6
1.2.840.113635.100.6.1.2
1.2.840.113635.100.6.2.1
Developer
SoftwareSigning
Apple Code Signing Certification Authority
Asset Manifest Signing
OTATasking
OTA Task Signing
URLBag
LockdownPairing
iPhoneProvisioningProfileSigning
Apple iPhone OS Provisioning Profile Signing
iPhoneProfileApplicationSigning
1.2.840.113635.100.6.1.25.2
1.2.840.113635.100.6.1.25.1
iPhoneApplicationSigning
1.2.840.113635.100.6.1.3
1.2.840.113635.100.6.1.3.1
iTunesStoreURLBag
iTunes Store URL Bag
IPA_
FactoryDeviceCertificate
iPhoneDeviceCertificate
Apple iPhone Device CA
iPhoneActivation
Apple iPhone Activation
AppleATVVPNProfileSigning
AppleOSXProvisioningProfileSigning
ApplePayIssuerEncryption
Apple Worldwide Developer Relations CA - G2
AppleTestPPQSigning
Apple System Integration 2 Certification Authority
ApplePPQSigning
ApplePCSEscrowService
1.2.840.113635.100.6.23.1
AppleSSLService
AppleTestSMPEncryption
Test Apple System Integration CA - ECC
AppleSMPEncryption
Apple System Integration CA - G3
AppleIDValidationRecordSigningPolicy
ReleaseType
AppleProfileSigner
AppleQAProfileSigner
AppleEscrowService
AppleMobileStore
AppleTestMobileStore
AppleIDAuthority
PackageSigning
AppleSWUpdateSigning
AggregateMetricTransparency
disableAggregateMetricsCTCheck
1.2.840.113635.100.12.18
1.2.840.113635.100.12.17
1.2.840.113635.100.6.2.26
Component
BAA-UCRT
BAA-SCRT
UCRT
1.2.840.113635.100.10.1
ucrt
1.2.840.113635.100.6.44
1.3.6.1.5.5.7.3.1
1.2.840.113635.100.6.2.12
1.2.840.113635
ApplePassbook
revocation
MacAppStoreReceipt
1.2.840.113635.100.6.11.1
1.2.840.113635.100.5.6.1
NSPinnedCAIdentities
SPKI-SHA256-BASE64
NSIncludesSubdomains
NSPinnedDomains
NSPinnedLeafIdentities
SecTrustPinningRequired
policy
failed to create xpc_array for policy
failed to create xpc_object from policy options
failed to create xpc_object from policy oid
failed to create xpc_object from policy oid and name
failed to convert xpc policy[1]=%@ to CFDictionary
Failed to create policy
failed to convert combined %@ to name and oid
failed to convert xpc policy[0]=%@ to CFString
policy xpc array count < 2
policy xpc value is not an array
policy xpc value is NULL
failed to create CFArray of capacity %zu
policies xpc value is not an array
policyOptions
legacySSL
/System/Library/Frameworks/CFNetwork.framework/CFNetwork
_CFHostIsDomainTopLevelForCertificatePolicy
TEST %@ TEST
RSAPublicKey
rsa_pub_crypt failed, ccerr=%d
RSApubkey wrong size of buffer to encrypt
%@: sign - input buffer bad size (%d bytes)
<SecKeyRef algorithm id: %lu, key type: %s, version: %d, block size: %zu bits, addr: %p>
<SecKeyRef algorithm id: %lu, key type: %s, version: %d, block size: %zu bits, exponent: {hex: %llx, decimal: %lld}, modulus: %@, addr: %p>
_rsam
RSAPrivateKey
rsa_priv_crypt failed, ccerr=%d
%@: sign - digest too big (%d bytes)
_rsae
magic
PENDING
v16@?0^{ccec_pub_ctx=^{ccec_cp}[8C][0{ccec_projective_point=[1Q]}]}8
ccecies_encrypt_gcm failed %d
Encoding failed
failed to create data
Allocation mismatch
v16@?0^{ccec_full_ctx=^{ccec_cp}[8C][0{ccec_projective_point=[1Q]}]}8
ccecies_decrypt_gcm failed %d
Blob failed to decode
Failed to get key out of trust ref, was it evaluated?
Internal error (XPC failure)
Error adding shared password
fqdn or account was not of type CFString, or not provided
non-nil password was not of type CFString
Error copying shared password
account was empty or not a CFString
fqdn was empty or not a CFString
abcdefghkmnopqrstuvwxyzABCDEFGHJKLMNPQRSTUVWXYZ23456789
3456789
ABCDEFGHJKLMNPQRSTUVWXYZ
abcdefghkmnopqrstuvwxyz
Unable to verify signature
SHA1Digest
StatusCodes
ExceptionResetCount
CompanyName
RevocationValidUntil
CertificateTransparency
TrustEvaluationDate
TrustExtendedValidation
TrustResultValue
TrustRevocationChecked
TrustRevocationReason
TrustExpirationDate
TrustResultDetails
TrustCertificateTransparency
TrustCertificateTransparencyWhiteList
Unexpected error detail
Unable to parse known extension
Certificate exceeds maximum temporal validity period
Certificate violates issuer name constraints
Certificate violates issuer policy constraints
Certificate Transparency validation required for this use
Certificate Transparency validation required but missing
Failed to check revocation
Certificate is revoked
Pinning required but not used
User or administrator set certificate as distrusted
Key is blocked
Key is listed as untrusted
Policy constraints violated
Name constraints violated
Certificate is not standards compliant
Chain does not match expected path length
Found unknown critical extensions
Root is not temporally valid
Missing project-specific Certificate Policy OID
Signature hash algorithm is not permitted for this use
Key size is not permitted for this use
SubjectKeyID/AuthorityKeyID mismatch in chain
Certificate missing a name
Anchor is not an Apple root
Unable to build chain to root (possible missing intermediate)
Root is not trusted
Anchor does not match pinned fingerprint
Country or Region does not match expected name
Missing issuer-specific extension OID
Extended key usage does not match pinned value
Chain exceeded constrained path length
Non-CA certificate used as a CA
Basic constraints are required but missing
Leaf certificate is a CA
Public key does not match pinned value
Certificate is listed as untrusted
Certificate is blocked
Missing project-specific extension OID
Trusted EAP hostname does not match name(s) in certificate
Certificate issued before allowed time
Organizational Unit does not match expected name
Organization does not match expected name
Common Name does not match expected name
Extended key usage does not match certificate usage
Key usage does not match certificate usage
Certificate is using a broken signature algorithm
Certificate is using a broken key size
Certificate is not temporally valid
Email address does not match name(s) in certificate
SSL hostname does not match name(s) in certificate
SecTrust
<SecTrustRef: %p>
SecPinningDb
v16@?0^v8
details
result
object for key %s is 0
chain
xpc_path array count == 0
xpc_path value is not an array
certificates
anchors
anchorsOnly
keychainsAllowed
scts
trustedLogs
invalid CFDataRef
policies
failed to create xpc_array of policies
failed to create xpc_array of certificates
com.apple.trusttests
input anchor
has invalid OID string!
has nil bytes
has zero length
is not the expected CF type
reference is nil
 %@%@
 [ca%ld
 [root
 [leaf
"%@"
%@ certificates do not meet pinning requirements
SecWarning
Trust
v24@?0^v8^{__CFError=}16
v20@?0I8^{__CFError=}12
v12@?0i8
Error
One or more certificates have been revoked.
One or more unsupported critical extensions found.
Invalid certificate chain linkage.
One or more certificates is using a weak signature algorithm.
One or more certificates is using a weak key size.
One or more certificates have expired or are not valid yet.
Policy requirements not met.
Hostname mismatch.
Unable to build chain to root certificate.
SecCertificate
Root certificate is not trusted.
Unable to get SecExperiment Assets
eventName
eventAttributes
unable to create trust plist
verifyDate
responses
null trust input
unable to create trust ref
null serialized trust input
DisabledForCAs
DisabledForDomains
HashAlgorithm
SubjectPublicKeyInfoHash
EnabledForCAs
user
B16@?0^^{__CFError}8
NULL certificate
kSecTrustSettingsPolicyName
kSecTrustSettingsPolicy
kSecTrustSettingsResult
exceptions
appID
revocationCheck
operation
error
peer-infos
peer-info
userlabel
backup
keybag
password
emcsbackup
query
attributesToUpdate
digest
settings
limitMinutes
publicPeerId
otrsess
otrrdy
viewname
viewactioncode
cfstring
cfarray
cfset
cfset2
newPublicBackupKey
RecoveryPublicKey
includeV0
reason
enabledViews
disabledViews
fileDescriptor
accessGroups
normIssuer
serialNum
backupKeybagID
backupKeybagPath
version
object for key %s is NULL
data for key %s is NULL
failed to convert string for key %s to utf8
string for key %s is NULL
missing fd for key %s
object for key %s not set but %@
object %@ is not a set
trailing garbage after der decoded object for key %s
no object for key %s
object for key %s not array but %@
failed to create data for key %s
no data for key %s
object for key %s not dictionary but %@
object for key %s not string
object for key %s failed to convert %s to CFString
api_trace
com.apple.securityd
logging
ENTER
C%p F%p
CALLER 
SecAPITrace 
Unknown data encoding, expected CCDER_CONSTRUCTED_SEQUENCE
Failed to create dictionary
Unknown data encoding, expected CCDER_CONSTRUCTED_SET
debug
null
ZuluCalendar
v24@?0r*8Q16
v24@?0r^v8r^v16
%c:%@ 
yyyy-MM-dd HH:mm
Date Formatting
v16@?0^{__CFDateFormatter=}8
Invalid date: %i, %i, %i, %i, %i, %i, %i
trailing garbage at end of datetime
Invalid datetime character
Unexpected end of datetime
fraction without digits
fraction ends in 0
overflow
Not a decimal digit
Failed to create date
setting default value
continuing
Failed to encode date.
v16@?0^{__CFCalendar=}8
yMdHms
%@/%@
Library/Keychains
private/var/protected/
com.apple.utilities.sqlite3
com.apple.security.cfder.error
ccder failed to encode
Number allocation failed
Number too large
Unknown number encoding
Unable to get number from data
Unknown size
%@: [%d] %s
Unsupported DER Type
invalid tag
Unsupported CFType
Null CFType
trailing garbage after plist item
tag/length decode failed
String allocation failed
Unknown string encoding
null input
String extraction failed
Unknown boolean encoding
Failed to create data
Unknown data encoding
Unknown null encoding
Failed to create set
Unknown data encoding, expected CCDER_CONSTRUCTED_CFSET
com.apple.will.never.happen
NSArray
NSDictionary
NSError
NSOrderedSet
NSSet
NSURLError
CKArchivedAnchoredPackage
CKAsset
CKPackage
CKRecordID
CKReference
CLLocation
NSData
NSDate
NSNull
NSNumber
NSString
NSURL
SimulateCrash
BOOL soft_SimulateCrash(pid_t, mach_exception_data_type_t, NSString *__strong)
simulate_crash.m
void *CrashReporterSupportLibrary(void)
/System/Library/PrivateFrameworks/CrashReporterSupport.framework/CrashReporterSupport
/System/Library/PrivateFrameworks/CrashReporterSupport.framework/Contents/MacOS/CrashReporterSupport
WriteStackshotReport
BOOL soft_WriteStackshotReport(NSString *__strong, mach_exception_data_type_t)
v24@?0Q8*16
com.apple.security.xpc
domain
userinfo
Remote error not dictionary!: %@
v16@?0r*8
B24@?0^v8^^{__CFError}16
cfloadfile
CoreFoundation error
security_exception
UNIX error exception: %d
MacOS error: %d
unixio
{%s=%d,%s=%d}
BSD Major
BSD Minor
IOService
Medium Type
Device Characteristics
Exception thrown trying to format object
macho
(%d:%d)
__LINKEDIT
B24@?0r^{fat_arch=iiIII}8r^{fat_arch=iiIII}16
OS X Shared Library Cache (%s @ 0x%llx)
OS X Shared Library Cache (unknown type)
dirval
matched 
 of 
 required rules
code signing internal problem: !mTargetBlock
code signing internal problem: failed to compile internal RE
code signing internal error: regexec failed error=%d
notarization
/Contents/CodeResources
meetsDeveloperIDLegacyAllowedPolicy
meetsDevleoperIDLegacyAllowedPolicy
legacy_list
SecureTimestampCutOffDate
com.apple.security.syspolicy
AccountCreationCutOffDate
bundlediskrep
/_CodeSignature
.*\.lproj/locversion.plist$
['^(.*/)?\.DS_Store$''^Info\.plist$''^PkgInfo$'%s]
.*\.lproj/
{rules={'^.*' = #T%s = {optional=#T, weight=1000}'^.*/.*\.pkg/' = {omit=#T, weight=10000}}}
{rules={'^version.plist$' = #T%s = #T%s = {optional=#T, weight=1000}%s = {omit=#T, weight=1100}}}
{rules={'^.*' = #T'^Info\.plist$' = {omit=#T,weight=10}}}
Base\.lproj/
{rules={'^version.plist$' = #T%s = #T%s = {optional=#T, weight=1000}%s = {weight=1010}%s = {omit=#T, weight=1100}},rules2={'^.*' = #T'^[^/]+$' = {nested=#T, weight=10}'^(Frameworks|SharedFrameworks|PlugIns|Plug-ins|XPCServices|Helpers|MacOS|Library/(Automator|Spotlight|LoginItems))/' = {nested=#T, weight=10}'.*\.dSYM($|/)' = {weight=11}'^(.*/)?\.DS_Store$' = {omit=#T,weight=2000}'^Info\.plist$' = {omit=#T, weight=20}'^version\.plist$' = {weight=20}'^embedded\.provisionprofile$' = {weight=20}'^PkgInfo$' = {omit=#T, weight=20}%s = {weight=20}%s = {optional=#T, weight=1000}%s = {weight=1010}%s = {omit=#T, weight=1100}}}
{rules={'^version.plist$' = #T'^.*' = #T'^.*\.lproj/' = {optional=#T, weight=1000}'^Base\.lproj/' = {weight=1010}'^.*\.lproj/locversion.plist$' = {omit=#T, weight=1100}},rules2={'^.*' = #T'.*\.dSYM($|/)' = {weight=11}'^(.*/)?\.DS_Store$' = {omit=#T,weight=2000}'^Info\.plist$' = {omit=#T, weight=20}'^version\.plist$' = {weight=20}'^embedded\.provisionprofile$' = {weight=20}'^PkgInfo$' = {omit=#T, weight=20}'^.*\.lproj/' = {optional=#T, weight=1000}'^Base\.lproj/' = {weight=1010}'^.*\.lproj/locversion.plist$' = {omit=#T, weight=1100}}}
^_CodeSignature$
^CodeResources$
^_MASReceipt$
/Support Files
^Contents$
^(\.LSOverride|\.DS_Store|Icon
|\.SoftwareDepot\.tracking)$
bundle with 
app 
widget bundle
installer package bundle
bundle
.dist
APPL
CFBundlePackageType
IFMajorVersion
MainHTML
/Versions/Current
(Current|
^Versions$
^Versions/[^/]+$
^Versions/Current$
^(\./)?(\.\.[^/]+|\.?[^\./][^/]*)$
^(Versions/)?\.DS_Store$
^[^/]+$
^module\.map$
^(\./)?Versions/
/module\.map$
{basic_string<char, std::__1::char_traits<char>, std::__1::allocator<char> >={__compressed_pair<std::__1::basic_string<char, std::__1::char_traits<char>, std::__1::allocator<char> >::__rep, std::__1::allocator<char> >={__rep=(?={__long=QQ*}{__short=(?=Cc)[23c]}{__raw=[3Q]})}}}24@?0r^{basic_string<char, std::__1::char_traits<char>, std::__1::allocator<char> >={__compressed_pair<std::__1::basic_string<char, std::__1::char_traits<char>, std::__1::allocator<char> >::__rep, std::__1::allocator<char> >={__rep=(?={__long=QQ*}{__short=(?=Cc)[23c]}{__raw=[3Q]})}}}8r^{basic_string<char, std::__1::char_traits<char>, std::__1::allocator<char> >={__compressed_pair<std::__1::basic_string<char, std::__1::char_traits<char>, std::__1::allocator<char> >::__rep, std::__1::allocator<char> >={__rep=(?={__long=QQ*}{__short=(?=Cc)[23c]}{__raw=[3Q]})}}}16
adhoc
hard
kill
expires
restrict
enforcement
library-validation
runtime
linker-signed
CodeRepSpecific
CodeEntitlementDER
CodeEntitlements
CodeTopDirectory
CodeDirectory
CodeResources
CodeRequirements-5
CodeRequirements-4
CodeRequirements-3
CodeRequirements-2
CodeRequirements-1
CodeRequirements
codedir
SecTask
%s[%d]/%d#%d LF=%d
Failed to get cs_flags, error=%d
SecTaskLoadEntitlements failed error=%d cs_flags=%x, pid=%d
SecTaskCopyDebugDescription: %s
SecCode
SecStaticCode
SecRequirements
SecCodeSigner
SecCSArchitecture
SecCSPattern
SecCSResourceSeal
SecCSResourceAdded
SecCSResourceAltered
SecCSResourceMissing
SecCSResourceHasSidebandData
SecCSInfoPlist
SecCSGuestAttributes
SecRequirementSyntax
SecComponentPath
canonical
codedirectory-hash
mach-port
audit
dynamicCode
dynamicCodeInfoPlist
subarchitecture
changed-files
designated-requirement
entitlements
entitlements-dict
flags
format
digest-algorithm
digest-algorithms
platform-identifier
implicit-requirement
main-executable
info-plist
requirements
requirement-data
source
status
teamid
signing-time
signing-timestamp
unique
cdhashes
cdhashes-full
runtime-version
CodeOffset
DiskRepInfo
ResourceDirectory
NotarizationDate
CMSDigestHashType
CMSDigest
SignatureVersion
VersionPlatform
VersionMin
VersionSDK
NoLibraryValidation
{+%O,%O=%u}
architecture
bundleversion
UniversalFileOffset
{%O=%d}
{%O=%s}
{%O=%d,%O=%d}
unknown exception in CSAPI
Maker 
 assembles 
 blob(s) into 
 (size=
CodeSignature
filediskrep
code signing internal problem: mDir set despite exception exit
map::at:  key not found
code signing internal problem: mCodeDirectories set despite exception exit
B12@?0I8
staticCode
code signing internal problem: unknown exception thrown by validation
com.apple.security.validation-progress
{current=%d,total=%d}
progress
omissions
errors
explicit detached
unsigned
embedded
v20@?0I8^{DynamicHash=^^?i}12
files2
files
{rules=%Dn,files=%Dn}
Solid State
v52@?0^{_ftsent=^{_ftsent}^{_ftsent}^{_ftsent}q^v**iiSSQiSsSSS^{stat}[1c]}8I16{basic_string<char, std::__1::char_traits<char>, std::__1::allocator<char> >={__compressed_pair<std::__1::basic_string<char, std::__1::char_traits<char>, std::__1::allocator<char> >::__rep, std::__1::allocator<char> >={__rep=(?={__long=QQ*}{__short=(?=Cc)[23c]}{__raw=[3Q]})}}}20^{Rule=iQ*^{re_guts}II{basic_string<char, std::__1::char_traits<char>, std::__1::allocator<char> >={__compressed_pair<std::__1::basic_string<char, std::__1::char_traits<char>, std::__1::allocator<char> >::__rep, std::__1::allocator<char> >={__rep=(?={__long=QQ*}{__short=(?=Cc)[23c]}{__raw=[3Q]})}}}}44
.framework
validateResource
rules
^(Frameworks/[^/]+\.framework/|PlugIns/[^/]+\.appex/|())SC_Info/[^/]+\.sinf$
^(Frameworks/[^/]+\.framework/|PlugIns/[^/]+\.appex/|())SC_Info/[^/]+\.(supf|supp)$
/System/
/Library/
/Versions/
Current
validated
prepared
v16@?0^{SecStaticCode=^^?I{os_unfair_lock_s=I}^{ResourceBuilder}q{RefPointer<Security::CodeSigning::DiskRep>=^{DiskRep}{Mutex={_opaque_pthread_mutex_t=q[56c]}}}{map<unsigned int, Security::CFCopyRef<const __CFData *>, std::__1::less<unsigned int>, std::__1::allocator<std::__1::pair<const unsigned int, Security::CFCopyRef<const __CFData *> > > >={__tree<std::__1::__value_type<unsigned int, Security::CFCopyRef<const __CFData *> >, std::__1::__map_value_compare<unsigned int, std::__1::__value_type<unsigned int, Security::CFCopyRef<const __CFData *> >, std::__1::less<unsigned int>, true>, std::__1::allocator<std::__1::__value_type<unsigned int, Security::CFCopyRef<const __CFData *> > > >=^{__tree_end_node<std::__1::__tree_node_base<void *> *>}{__compressed_pair<std::__1::__tree_end_node<std::__1::__tree_node_base<void *> *>, std::__1::allocator<std::__1::__tree_node<std::__1::__value_type<unsigned int, Security::CFCopyRef<const __CFData *> >, void *> > >={__tree_end_node<std::__1::__tree_node_base<void *> *>=^{__tree_node_base<void *>}}}{__compressed_pair<unsigned long, std::__1::__map_value_compare<unsigned int, std::__1::__value_type<unsigned int, Security::CFCopyRef<const __CFData *> >, std::__1::less<unsigned int>, true> >=Q}}}{CFRef<const __CFData *>=^{__CFData}}{CFRef<const __CFData *>=^{__CFData}}{set<int, std::__1::less<int>, std::__1::allocator<int> >={__tree<int, std::__1::less<int>, std::__1::allocator<int> >=^{__tree_end_node<std::__1::__tree_node_base<void *> *>}{__compressed_pair<std::__1::__tree_end_node<std::__1::__tree_node_base<void *> *>, std::__1::allocator<std::__1::__tree_node<int, void *> > >={__tree_end_node<std::__1::__tree_node_base<void *> *>=^{__tree_node_base<void *>}}}{__compressed_pair<unsigned long, std::__1::less<int> >=Q}}}{CFRef<const __CFArray *>=^{__CFArray}}BBiBBiBBi^{ValidationContext}IIIB{Queue=^^?{ExceptionAwareEnqueuing={Mutex={_opaque_pthread_mutex_t=q[56c]}}B{exception_ptr=^v}}^{dispatch_queue_s}}^{SecStaticCode}^{ResourceBuilder}{CFRef<const __CFData *>=^{__CFData}}{set<unsigned int, std::__1::less<unsigned int>, std::__1::allocator<unsigned int> >={__tree<unsigned int, std::__1::less<unsigned int>, std::__1::allocator<unsigned int> >=^{__tree_end_node<std::__1::__tree_node_base<void *> *>}{__compressed_pair<std::__1::__tree_end_node<std::__1::__tree_node_base<void *> *>, std::__1::allocator<std::__1::__tree_node<unsigned int, void *> > >={__tree_end_node<std::__1::__tree_node_base<void *> *>=^{__tree_node_base<void *>}}}{__compressed_pair<unsigned long, std::__1::less<unsigned int> >=Q}}}{CFRef<const __CFData *>=^{__CFData}}dd[8{CFRef<const __CFData *>=^{__CFData}}]{CFRef<const __CFDictionary *>=^{__CFDictionary}}{CFRef<const __CFDictionary *>=^{__CFDictionary}}{CFRef<const __CFDictionary *>=^{__CFDictionary}}^{Requirement}{CFRef<const __CFData *>=^{__CFData}}{CFRef<const __CFArray *>=^{__CFArray}}{CFRef<const __CFDictionary *>=^{__CFDictionary}}B{CFRef<const __CFURL *>=^{__CFURL}}@?^{LimitedAsync}IBBd{CFRef<__SecTrust *>=^{__SecTrust}}{CFRef<const __CFArray *>=^{__CFArray}}B}8
code signing internal problem: diskRep returned no allowedResourceOmissions
^Resources/
v24@?0^{__CFString=}8^v16
rules2
copyComponent hash mismatch slot %d length %d
^v12@?0I8
csparser.bundle
findAntlrPlugin
code signing problem: unable to load csparser plug-in
com.apple.security
/*@0x%x*/
never
always
identifier 
anchor apple
anchor apple generic
certificate
/*legacy*/
info[
] = 
 and 
 or 
cdhash 
entitlement[
trusted
anchor trusted
anchor apple 
platform = %d
notarized
 false /* opcode %d */
 /* opcode %d */
OPCODE %d NOT UNDERSTOOD (ending print)
 /* exists */
 absent 
 = *
 >= 
 <= 
MATCH OPCODE %d NOT UNDERSTOOD
<%s>
%02.2x
 root
 leaf
guest
%.*s
host
designated
library
plugin
cdhash
platform
anchor
apple
generic
info
entitlement
exists
absent
leaf
root
anchorreq
subreq
csinterp
Invalid sub-requirement at %s
csreq
IODeviceTree:/options
v16@?0r^v8
certDigest
trustedKeys
AMFITrustedKeys
AMFI
machorep
code signing internal error: trying to write Mach-O component directly
__TEXT
__info_plist
{%O = %d,%O = %d,%O = %d}
{+%O, %O = 'OS X SDK version before 10.9 does not support Library Validation'}
Mach-O universal (
Mach-O thin (
Mach-O (unrecognized format)
superblob
/Contents
weight
omit
optional
nested
allocator<T>::allocate(size_t n) 'n' exceeds maximum supported size
csresource
../Contents/
rdirenum
.lproj
rscan
NOTHING
hash%d
\[]{}().+*?^$|
{hash=%O}
{requirement=%SO,?optional=%B}
{symlink=%SO,?optional=%B}
{?optional=%B}
symlink
requirement
v8@?0
SecError
com.apple.root.installed
com.apple.ResourceFork
com.apple.FinderInfo
v24@?0r^v8Q16
{%O=%O}
{+%O,%O=%O}
token copyObjectAccessControl
token createOrUpdateObject
TKClientTokenSession createObject failed but did not fill error
token deleteObject
TKClientTokenSession deleteObject failed but did not fill error
token copyObjectData
token copyPublicKeyData
token cryptoOperation
TKClientTokenObject operation failed but did not fill error
token auxControl
TKClientTokenObject control failed but did not fill error
new token connection
TKClientTokenSession initWithToken failed but did not fill error
TKTokenRef without stored clientTokenSession detected
TKClientTokenSession objectForObjectID failed but did not fill error
Detected com.apple.keystore.access-keychain-keys entitlement, using in-process SEP SecKey implementation
Process has com.apple.keystore.access-keychain-keys entitlement but is missing com.apple.keystore.sik.access entitlement, any attestation attempt will fail
LAEvaluateAndUpdateACL(%@, %@, %@)
LAEvaluateAndUpdateACL -> %d, %@
Invalid acmContext
sfsqlite: Object class "%@" does not have prefix "%@"
SFSQLite: attempt to set property without a key
SFSQLite: attempt to retrieve property without a key
Error preparing statement: %@
sfsqlite: Error executing SQL: "%@" (%d)
sfsqlite: Database is closed
sfsqlite: Error closing database
sfsqlite: Error opening db at %@: %@
Cannot init db with empty path
Cannot init db without schema
SFAnalyticsSampler: interval %f is not supported
sampler went away before we could run its once-per-report block
SFAnalyticsSampler created without valid client class (%@)
SFAnalyticsSampler created without proper data
Configuration '%{public}s' for experiment '%{public}s' not sampled to run
Not running experiments for disallowed process
Starting experiment '%s' synchronously with sampling %s
Starting experiment '%s' asynchronously with sampling %s
Configuration '%s' for experiment '%s' succeeded
Configuration '%s' for experiment '%s' failed
Configuration '%s' for experiment '%s' not configured to run with sampling %s
Experiment '%s' not found
CKKSSetupControlProtocol failed, continuing, but you might crash later: %@
sfsqlite: Unexpected column type: %d
sfsqlite: Can't bind object of type %@
sfsqlite: sqlite3_bind_null error
sfsqlite: Error binding text at %ld: "%@"
sfsqlite: Error binding blob at %ld: "%@"
sfsqlite: Error binding double at %ld: "%@"
sfsqlite: Error binding int64 at %ld: "%@"
sfsqlite: Statement is not reset: "%@"
sfsqlite: Error binding int at %ld: "%@"
sfsqlite: Error resetting prepared statement: "%@"
sfsqlite: Error clearing prepared statement bindings: "%@"
sfsqlite: Failed to step (%d): "%@"
sfsqlite: Statement not reset after last use: "%@"
sfsqlite: Error finalizing prepared statement: "%@"
got event: %s
xpc: Unable to re-enqueue securityd connection because already at limit
xpc: connection pool full but tracker does not agree (%d vs %ld)
Failed to talk to %s after %d attempts.
xpc: have been trying %d times to get a securityd connection
Adding securityd connection to pool, total now %d
Securityd failed getting whoamid with error: %@
endpoint was not an endpoint
endpoint was null
Securityd failed getting endpoint with error: %@
SecEscrowRequestSetupControlProtocol failed, continuing, but you might crash later: %@
Cannot instantiate SFActivityTracker without name and client class
Requesting a push for view %@
Requesting a fetch(classA) for view %@
Requesting a fetch for view %@
Requesting a resync for view %@
Requesting a CloudKit resync for view %@
Requesting a local reset for view %@
Octagon is %@ (overridden)
Octagon is %@ (via feature flags)
octagon: Unable to determine device class. Guessing SOS status as Not Supported
SOS is %@ on this platform
Octagon RecoveryKey is %@ (overridden)
Authoritative Octagon Trust is %@ (overridden)
Authoritative Octagon Trust is %@ (via feature flags)
SOS Feature is %@ (overridden)
SOS Feature is %@ (via feature flags)
Octagon Optimization is %@ (overridden)
Octagon Optimization is %@ (via feature flags)
Octagon Escrow Record Fetching is %@ (overridden)
Octagon Escrow Record Fetching is %@ (via feature flags)
KVS on CloudKit is %@ (overridden)
KVS on CloudKit is %@ (via feature flags)
Could not configure SecuritydXPCProtocol: %@
OTSetupControlProtocol failed, continuing, but you might crash later: %@
SFAnalytics: Need a valid result and name to log result
Cannot log system metrics without name
Attempt to remove multisampler without specifying samplerName
Attempt to remove sampler without specifying samplerName
SFAnalytics: multisampler "%@" already exists
SFAnalytics: cannot add sampler without name
SFAnalytics: cannot add sampler with interval %f
SFAnalytics: cannot add sampler without block
SFAnalytics: sampler "%@" already exists
SFAnalytics: attempt to log an event with no name
Did not get a database! (Client %@)
could not create path: %s (%s)
attempt to instatiate abstract class SFAnalytics
failed to fetch escrow statuses: %@
Stored %d records: %@
fetchRequestWaitingOnPasscode: Failed to get XPC connection: %@
resetAllRequests: %@
resetAllRequests: Failed to get XPC connection: %@
Received statuses: %@ %@
requestStatuses: Failed to get XPC connection: %@
Received request waiting on passcode: %@ %@
Received prerecord for %@: %@
fetchprerecord: Failed to get XPC connection: %@
Cached prerecord for %@: %@
cachePrerecord: Failed to get XPC connection: %@
Triggered escrow update for '%@': %@
triggerEscrowUpdate: Failed to get XPC connection: %@
dlsym libnetwork nw_protocol_options_access_handle
dlopen libnetwork
dlsym libnetwork _nw_protocol_metadata_access_handle
Overflowing uint64_t by requesting nextMutiple with parameters v: %llx and n: %llx
Building default configuration for first-party bundle
Building default configuration for third-party bundle
Setting configuration overrides based on AppTransportSecurity exceptions
Using default configuration settings
sec_protocol_configuration_create failed
BEGIN [%lld]: OctagonSignpostNameWaitForOctagonUpgrade  enableTelemetry=YES 
cannot upgrade, octagon is not enabled
OctagonSignpostNameWaitForOctagonUpgrade
 OctagonSignpostNameWaitForOctagonUpgrade=%{public,signpost.telemetry:number1,name=OctagonSignpostNameWaitForOctagonUpgrade}d 
END [%lld] %fs: OctagonSignpostNameWaitForOctagonUpgrade  OctagonSignpostNameWaitForOctagonUpgrade=%{public,signpost.telemetry:number1,name=OctagonSignpostNameWaitForOctagonUpgrade}d 
error from control: %@
successfully upgraded to octagon
BEGIN [%lld]: OctagonSignpostNamePerformedCDPStateMachineRun  enableTelemetry=YES 
octagon, failed to fetch OTControl object: %@
OctagonSignpostNamePerformedCDPStateMachineRun
 OctagonSignpostNamePerformedCDPStateMachineRun=%{public,signpost.telemetry:number1,name=OctagonSignpostNamePerformedCDPStateMachineRun}d 
END [%lld] %fs: OctagonSignpostNamePerformedCDPStateMachineRun  OctagonSignpostNamePerformedCDPStateMachineRun=%{public,signpost.telemetry:number1,name=OctagonSignpostNamePerformedCDPStateMachineRun}d 
failed to post %@ result: %@ 
posted success: %@
posted error: %@:  %@
fetching entropy for bottling for context:%@, altdsid:%@
BEGIN [%lld]: OctagonSignpostNameFetchEscrowContents  enableTelemetry=YES 
OctagonSignpostNameFetchEscrowContents
 OctagonSignpostNameFetchEscrowContents=%{public,signpost.telemetry:number1,name=OctagonSignpostNameFetchEscrowContents}d 
END [%lld] %fs: OctagonSignpostNameFetchEscrowContents  OctagonSignpostNameFetchEscrowContents=%{public,signpost.telemetry:number1,name=OctagonSignpostNameFetchEscrowContents}d 
fetchEscrowContents errored: %@
fetchEscrowContents succeeded
accountUserKeyAvailable for context:%@, altdsid:%@
BEGIN [%lld]: OctagonSignpostNameAccountUserKeyAvailable  enableTelemetry=YES 
Security requires credentials...
OctagonSignpostNameAccountUserKeyAvailable
 OctagonSignpostNameAccountUserKeyAvailable=%{public,signpost.telemetry:number1,name=OctagonSignpostNameAccountUserKeyAvailable}d 
END [%lld] %fs: OctagonSignpostNameAccountUserKeyAvailable  OctagonSignpostNameAccountUserKeyAvailable=%{public,signpost.telemetry:number1,name=OctagonSignpostNameAccountUserKeyAvailable}d 
BEGIN [%lld]: OctagonSignpostNameRequestToJoinCircle  enableTelemetry=YES 
requestToJoinCircle for context:%@, altdsid:%@
fetching clique status failed: %@
clique status is %@; beginning an establish
establish succeeded
clique status is %@; performing no Octagon actions
requestToJoinCircle platform does not support SOS
OctagonSignpostNameRequestToJoinCircle
 OctagonSignpostNameRequestToJoinCircle=%{public,signpost.telemetry:number1,name=OctagonSignpostNameRequestToJoinCircle}d 
END [%lld] %fs: OctagonSignpostNameRequestToJoinCircle  OctagonSignpostNameRequestToJoinCircle=%{public,signpost.telemetry:number1,name=OctagonSignpostNameRequestToJoinCircle}d 
sos requestToJoinCircle complete: %d %@
peersHaveViewsEnabled for context:%@, altdsid:%@
BEGIN [%lld]: OctagonSignpostNamePeersHaveViewsEnabled  enableTelemetry=YES 
peersHaveViewsEnabled results: %@ (%@)
OctagonSignpostNamePeersHaveViewsEnabled
 OctagonSignpostNamePeersHaveViewsEnabled=%{public,signpost.telemetry:number1,name=OctagonSignpostNamePeersHaveViewsEnabled}d 
END [%lld] %fs: OctagonSignpostNamePeersHaveViewsEnabled  OctagonSignpostNamePeersHaveViewsEnabled=%{public,signpost.telemetry:number1,name=OctagonSignpostNamePeersHaveViewsEnabled}d 
copyPeerPeerInfo for context:%@, altdsid:%@
BEGIN [%lld]: OctagonSignpostNameCopyPeerPeerInfo  enableTelemetry=YES 
copyPeerPeerInfo results: %@ (%@)
OctagonSignpostNameCopyPeerPeerInfo
 OctagonSignpostNameCopyPeerPeerInfo=%{public,signpost.telemetry:number1,name=OctagonSignpostNameCopyPeerPeerInfo}d 
END [%lld] %fs: OctagonSignpostNameCopyPeerPeerInfo  OctagonSignpostNameCopyPeerPeerInfo=%{public,signpost.telemetry:number1,name=OctagonSignpostNameCopyPeerPeerInfo}d 
tryUserCredentialsAndDSID for context:%@, altdsid:%@
BEGIN [%lld]: OctagonSignpostNameTryUserCredentialsAndDSID  enableTelemetry=YES 
tryUserCredentialsAndDSID results: %d %@
OctagonSignpostNameTryUserCredentialsAndDSID
 OctagonSignpostNameTryUserCredentialsAndDSID=%{public,signpost.telemetry:number1,name=OctagonSignpostNameTryUserCredentialsAndDSID}d 
END [%lld] %fs: OctagonSignpostNameTryUserCredentialsAndDSID  OctagonSignpostNameTryUserCredentialsAndDSID=%{public,signpost.telemetry:number1,name=OctagonSignpostNameTryUserCredentialsAndDSID}d 
setUserCredentialsAndDSID for context:%@, altdsid:%@
BEGIN [%lld]: OctagonSignpostNameSetUserCredentialsAndDSID  enableTelemetry=YES 
setUserCredentialsAndDSID results: %d %@
OctagonSignpostNameSetUserCredentialsAndDSID
 OctagonSignpostNameSetUserCredentialsAndDSID=%{public,signpost.telemetry:number1,name=OctagonSignpostNameSetUserCredentialsAndDSID}d 
END [%lld] %fs: OctagonSignpostNameSetUserCredentialsAndDSID  OctagonSignpostNameSetUserCredentialsAndDSID=%{public,signpost.telemetry:number1,name=OctagonSignpostNameSetUserCredentialsAndDSID}d 
viewSet for context:%@, altdsid:%@ enable:%@, disable:%@
BEGIN [%lld]: OctagonSignpostNameViewSet  enableTelemetry=YES 
OctagonSignpostNameViewSet
 OctagonSignpostNameViewSet=%{public,signpost.telemetry:number1,name=OctagonSignpostNameViewSet}d 
END [%lld] %fs: OctagonSignpostNameViewSet  OctagonSignpostNameViewSet=%{public,signpost.telemetry:number1,name=OctagonSignpostNameViewSet}d 
copyViewUnawarePeerInfo for context:%@, altdsid:%@
BEGIN [%lld]: OctagonSignpostNameCopyViewUnawarePeerInfo  enableTelemetry=YES 
OctagonSignpostNameCopyViewUnawarePeerInfo
 OctagonSignpostNameCopyViewUnawarePeerInfo=%{public,signpost.telemetry:number1,name=OctagonSignpostNameCopyViewUnawarePeerInfo}d 
END [%lld] %fs: OctagonSignpostNameCopyViewUnawarePeerInfo  OctagonSignpostNameCopyViewUnawarePeerInfo=%{public,signpost.telemetry:number1,name=OctagonSignpostNameCopyViewUnawarePeerInfo}d 
SOS disabled for this platform, returning NULL
waitForInitialSync for context:%@, altdsid:%@
BEGIN [%lld]: OctagonSignpostNameWaitForInitialSync  enableTelemetry=YES 
waitForInitialSync waited: %d %@
OctagonSignpostNameWaitForInitialSync
 OctagonSignpostNameWaitForInitialSync=%{public,signpost.telemetry:number1,name=OctagonSignpostNameWaitForInitialSync}d 
END [%lld] %fs: OctagonSignpostNameWaitForInitialSync  OctagonSignpostNameWaitForInitialSync=%{public,signpost.telemetry:number1,name=OctagonSignpostNameWaitForInitialSync}d 
is last friend
No syncing platforms enabled; views are not syncing
fetching user-controllable-sync status errored: %@
fetched user-controllable-sync status as : %@
setting user-controllable-sync status to %@
setting user-controllable-sync status errored: %@
setting user-controllable-sync status succeeded, now : %@
SOS view setting failed, but no error returned
safariPasswordSyncingEnabled for context:%@, altdsid:%@
BEGIN [%lld]: OctagonSignpostNameSafariPasswordSyncingEnabled  enableTelemetry=YES 
OctagonSignpostNameSafariPasswordSyncingEnabled
 OctagonSignpostNameSafariPasswordSyncingEnabled=%{public,signpost.telemetry:number1,name=OctagonSignpostNameSafariPasswordSyncingEnabled}d 
END [%lld] %fs: OctagonSignpostNameSafariPasswordSyncingEnabled  OctagonSignpostNameSafariPasswordSyncingEnabled=%{public,signpost.telemetry:number1,name=OctagonSignpostNameSafariPasswordSyncingEnabled}d 
safariPasswordSyncingEnabled complete: %@
joinAfterRestore for context:%@, altdsid:%@
BEGIN [%lld]: OctagonSignpostNameJoinAfterRestore  enableTelemetry=YES 
joinAfterRestore complete: %d %@
OctagonSignpostNameJoinAfterRestore
 OctagonSignpostNameJoinAfterRestore=%{public,signpost.telemetry:number1,name=OctagonSignpostNameJoinAfterRestore}d 
END [%lld] %fs: OctagonSignpostNameJoinAfterRestore  OctagonSignpostNameJoinAfterRestore=%{public,signpost.telemetry:number1,name=OctagonSignpostNameJoinAfterRestore}d 
SOS disabled for this platform, returning NO
peerDeviceNamesByPeerID invoked using context:%@, altdsid:%@
BEGIN [%lld]: OctagonSignpostNamePeerDeviceNamesByPeerID  enableTelemetry=YES 
Received %lu Octagon peers
Received %lu SOS peers
OctagonSignpostNamePeerDeviceNamesByPeerID
 OctagonSignpostNamePeerDeviceNamesByPeerID=%{public,signpost.telemetry:number1,name=OctagonSignpostNamePeerDeviceNamesByPeerID}d 
END [%lld] %fs: OctagonSignpostNamePeerDeviceNamesByPeerID  OctagonSignpostNamePeerDeviceNamesByPeerID=%{public,signpost.telemetry:number1,name=OctagonSignpostNamePeerDeviceNamesByPeerID}d 
peerDeviceNamesByPeerID errored: %@
peerDeviceNamesByPeerID succeeded: %@
leaveClique invoked using context:%@, altdsid:%@
BEGIN [%lld]: OctagonSignpostNameLeaveClique  enableTelemetry=YES 
fetching current status errored: %@
current status is Not In; no need to leave
leaveClique complete: %d
OctagonSignpostNameLeaveClique
 OctagonSignpostNameLeaveClique=%{public,signpost.telemetry:number1,name=OctagonSignpostNameLeaveClique}d 
END [%lld] %fs: OctagonSignpostNameLeaveClique  OctagonSignpostNameLeaveClique=%{public,signpost.telemetry:number1,name=OctagonSignpostNameLeaveClique}d 
leaveClique errored: %@
leaveClique success.
removeFriendsInClique invoked using context:%@, altdsid:%@
BEGIN [%lld]: OctagonSignpostNameRemoveFriendsInClique  enableTelemetry=YES 
removeFriendsInClique failed:%@
OctagonSignpostNameRemoveFriendsInClique
 OctagonSignpostNameRemoveFriendsInClique=%{public,signpost.telemetry:number1,name=OctagonSignpostNameRemoveFriendsInClique}d 
END [%lld] %fs: OctagonSignpostNameRemoveFriendsInClique  OctagonSignpostNameRemoveFriendsInClique=%{public,signpost.telemetry:number1,name=OctagonSignpostNameRemoveFriendsInClique}d 
octagon: removing octagon friends: %@
removing sos friends: %@
removeFriendsInClique failed: unable to remove friends: %@
removeFriendsInClique complete: %d
octagon: friends removed: %@
BEGIN [%lld]: OctagonSignpostNameFetchCliqueStatus  enableTelemetry=YES 
cliqueStatus noOTControl
cliqueStatus(%{public}scached)(context:%@, altDSID:%@) returning %@ (error: %@)
sos clique status is %d (%@)
cliqueStatus(%{public}scached)(context:%@, altDSID:%@) complete: %@
OctagonSignpostNameFetchCliqueStatus
 OctagonSignpostNameFetchCliqueStatus=%{public,signpost.telemetry:number1,name=OctagonSignpostNameFetchCliqueStatus}d 
END [%lld] %fs: OctagonSignpostNameFetchCliqueStatus  OctagonSignpostNameFetchCliqueStatus=%{public,signpost.telemetry:number1,name=OctagonSignpostNameFetchCliqueStatus}d 
octagon clique status errored: %@
resetAndEstablish started
BEGIN [%lld]: OctagonSignpostNameResetAndEstablish  enableTelemetry=YES 
OctagonSignpostNameResetAndEstablish
 OctagonSignpostNameResetAndEstablish=%{public,signpost.telemetry:number1,name=OctagonSignpostNameResetAndEstablish}d 
END [%lld] %fs: OctagonSignpostNameResetAndEstablish  OctagonSignpostNameResetAndEstablish=%{public,signpost.telemetry:number1,name=OctagonSignpostNameResetAndEstablish}d 
resetAndEstablish returned an error: %@
establish started
BEGIN [%lld]: OctagonSignpostNameEstablish  enableTelemetry=YES 
OctagonSignpostNameEstablish
 OctagonSignpostNameEstablish=%{public,signpost.telemetry:number1,name=OctagonSignpostNameEstablish}d 
END [%lld] %fs: OctagonSignpostNameEstablish  OctagonSignpostNameEstablish=%{public,signpost.telemetry:number1,name=OctagonSignpostNameEstablish}d 
establish complete: %@
establish returned an error: %@
 enableTelemetry=YES 
BEGIN [%lld]: OctagonSignpostNameFetchEgoPeer  enableTelemetry=YES 
octagon: Failed to create OTControl: %@
cliqueMemberIdentifier(octagon) received %@
cliqueMemberIdentifier complete: %@
OctagonSignpostNameFetchEgoPeer
 OctagonSignpostNameFetchEgoPeer=%{public,signpost.telemetry:number1,name=OctagonSignpostNameFetchEgoPeer}d 
END [%lld] %fs: OctagonSignpostNameFetchEgoPeer  OctagonSignpostNameFetchEgoPeer=%{public,signpost.telemetry:number1,name=OctagonSignpostNameFetchEgoPeer}d 
octagon: Failed to fetch octagon peer ID: %@
pairing is %@
clique-reset-protected-data: unable to create otcontrol: %@
clique-reset-protected-data: secure backup escrow record deletion failed: %@
sbd disableWithInfo succeeded
clique-reset-protected-data: sos reset failed: %@
sos reset succeeded
platform does not support sos
clique-reset-protected-data: account reset failed: %@
octagon-cdp-status: failed to fetch OTControl object: %@
failed to fetch CDP status: %@
successfully fetched CDP status as %@
octagon-setcdpenabled: failed to fetch OTControl object: %@
failed to set CDP bit: %@
successfully set CDP bit
BEGIN [%lld]: OctagonSignpostNameRecoverOctagonUsingData  enableTelemetry=YES 
join using recovery key
OctagonSignpostNameRecoverOctagonUsingData
 OctagonSignpostNameRecoverOctagonUsingData=%{public,signpost.telemetry:number1,name=OctagonSignpostNameRecoverOctagonUsingData}d 
END [%lld] %fs: OctagonSignpostNameRecoverOctagonUsingData  OctagonSignpostNameRecoverOctagonUsingData=%{public,signpost.telemetry:number1,name=OctagonSignpostNameRecoverOctagonUsingData}d 
failed to join using recovery key: %@
successfully joined using recovery key
setNewRecoveryKeyWithData invoked for context: %@
BEGIN [%lld]: OctagonSignpostNameSetNewRecoveryKeyWithData  enableTelemetry=YES 
octagon-setrecoverykey, SecRKCreateRecoveryKeyWithError() failed: %@
octagon-setrecoverykey, SecRKRegisterBackupPublicKey() failed: %@
OctagonSignpostNameSetNewRecoveryKeyWithData
 OctagonSignpostNameSetNewRecoveryKeyWithData=%{public,signpost.telemetry:number1,name=OctagonSignpostNameSetNewRecoveryKeyWithData}d 
END [%lld] %fs: OctagonSignpostNameSetNewRecoveryKeyWithData  OctagonSignpostNameSetNewRecoveryKeyWithData=%{public,signpost.telemetry:number1,name=OctagonSignpostNameSetNewRecoveryKeyWithData}d 
successfully registered recovery key for SOS
failed to fetch OTControl object: %@
octagon-setrecoverykey, failed to create octagon recovery key
successfully set octagon recovery key
replaced by performEscrowRecoveryWithContextData:escrowArguments:error: remove call
finding optimal bottles for context:%@, altdsid:%@
BEGIN [%lld]: OctagonSignpostNameFindOptimalBottleIDsWithContextData  enableTelemetry=YES 
OctagonSignpostNameFindOptimalBottleIDsWithContextData
 OctagonSignpostNameFindOptimalBottleIDsWithContextData=%{public,signpost.telemetry:number1,name=OctagonSignpostNameFindOptimalBottleIDsWithContextData}d 
END [%lld] %fs: OctagonSignpostNameFindOptimalBottleIDsWithContextData  OctagonSignpostNameFindOptimalBottleIDsWithContextData=%{public,signpost.telemetry:number1,name=OctagonSignpostNameFindOptimalBottleIDsWithContextData}d 
findOptimalBottleIDsWithContextData complete
findOptimalBottleIDsWithContextData errored: %@
findOptimalBottleIDsWithContextData succeeded: %@, %@
fetching escrow records for context:%@, altdsid:%@
fetchEscrowRecords complete
fetchEscrowRecords errored: %@
fetchEscrowRecords succeeded: %@
BEGIN [%lld]: OctagonSignpostNamePerformEscrowRecovery  enableTelemetry=YES 
attempting an escrow recovery for context:%@, altdsid:%@
BEGIN [%lld]: OctagonSignpostNamePerformRecoveryFromSBD  enableTelemetry=YES 
OctagonSignpostNamePerformRecoveryFromSBD
 OctagonSignpostNamePerformRecoveryFromSBD=%{public,signpost.telemetry:number1,name=OctagonSignpostNamePerformRecoveryFromSBD}d 
END [%lld] %fs: OctagonSignpostNamePerformRecoveryFromSBD  OctagonSignpostNamePerformRecoveryFromSBD=%{public,signpost.telemetry:number1,name=OctagonSignpostNamePerformRecoveryFromSBD}d 
sbd escrow recovery failed: %@
Can't restore legacy backup with no keybag. Resetting SOS to offering
clique-recovery: failed to reset to offering:%@
resetting SOS circle successful
Legacy restore failed on a non-SOS platform
attempting joinAfterRestore
joinAfterRestore: %@
unable to create otcontrol: %@
recovering from bottle: %@
BEGIN [%lld]: OctagonSignpostNamePerformOctagonJoin  enableTelemetry=YES 
OctagonSignpostNamePerformOctagonJoin
 OctagonSignpostNamePerformOctagonJoin=%{public,signpost.telemetry:number1,name=OctagonSignpostNamePerformOctagonJoin}d 
END [%lld] %fs: OctagonSignpostNamePerformOctagonJoin  OctagonSignpostNamePerformOctagonJoin=%{public,signpost.telemetry:number1,name=OctagonSignpostNamePerformOctagonJoin}d 
bottle %@ is not valid, resetting octagon
BEGIN [%lld]: OctagonSignpostNamePerformResetAndEstablishAfterFailedBottle  enableTelemetry=YES 
OctagonSignpostNamePerformResetAndEstablishAfterFailedBottle
 OctagonSignpostNamePerformResetAndEstablishAfterFailedBottle=%{public,signpost.telemetry:number1,name=OctagonSignpostNamePerformResetAndEstablishAfterFailedBottle}d 
END [%lld] %fs: OctagonSignpostNamePerformResetAndEstablishAfterFailedBottle  OctagonSignpostNamePerformResetAndEstablishAfterFailedBottle=%{public,signpost.telemetry:number1,name=OctagonSignpostNamePerformResetAndEstablishAfterFailedBottle}d 
failed to reset octagon: %@
reset octagon succeeded
recovery complete: %@
OctagonSignpostNamePerformEscrowRecovery
 OctagonSignpostNamePerformEscrowRecovery=%{public,signpost.telemetry:number1,name=OctagonSignpostNamePerformEscrowRecovery}d 
END [%lld] %fs: OctagonSignpostNamePerformEscrowRecovery  OctagonSignpostNamePerformEscrowRecovery=%{public,signpost.telemetry:number1,name=OctagonSignpostNamePerformEscrowRecovery}d 
restore bottle errored: %@
restoring bottle succeeded
CloudServices is unavailable on this platform
makeNewFriends invoked using context: %@, dsid: %@
BEGIN [%lld]: OctagonSignpostNameMakeNewFriends  enableTelemetry=YES 
account reset failed: %@
Octagon account reset succeeded
newFriendsWithContextData: resetToOffering failed: %@
OctagonSignpostNameMakeNewFriends
 OctagonSignpostNameMakeNewFriends=%{public,signpost.telemetry:number1,name=OctagonSignpostNameMakeNewFriends}d 
END [%lld] %fs: OctagonSignpostNameMakeNewFriends  OctagonSignpostNameMakeNewFriends=%{public,signpost.telemetry:number1,name=OctagonSignpostNameMakeNewFriends}d 
newFriendsWithContextData: reset the SOS circle
newFriendsWithContextData: SOS disabled on this platform
makeNewFriends complete
Couldn't serialize failure record: %@
ignoring entry in success counts table without an event name
successfully opened analytics db
SFAnalytics: could not open db at init, will try again later. Error: %@
Skipping %@, not data.
Failed at bk: %@ error: %@
Add for bk: %@, wrapped: %@
Skipping id %@, no backup key.
Failed at id: %@, bk: %@ error: %@
Add for id: %@, bk: %@, wrapped: %@
Failed to copy peer: %@ (%@)
SOSCircleVerifySignatureExists no pubKey
SOSCircleEnsureRingConsistency requires ring membership and generation count consistency check
SOSCircleGenerationSign: Upgraded peer's Application Signature
SOSCircleEnsureRingConsistency requires ring signing op
%@: %@
Full contents: %@
Countersigned accepted requests
error in SOSCircleAcceptRequest
Accepted peer: %@
Generation signed updated signatures on peerinfo
Error checking concurrence: %@
No iCloud identity PeerInfo found in circle
More than one cloud identity found, first had error, trying new one.
Failed to make FullPeer for iCloud Identity: %@ (%@)
Additional cloud identity found in circle after successful creation: %@
Failed to regenerate circle with new gen count: %@
Failed to set signature: %@
Circle failed to validate after peer signature: %@
Circle accepted successfully
CIRCLE:    [%20@] UserSigned: %c
Peers In Circle: None
Peers In Circle:
Applicants To Circle: None
Applicants To Circle:
Rejected Applicants To Circle: None
Rejected Applicants To Circle:
PI:    [name: %-20@] [%c%c%c%c%c%c%c%c] [type: %-20@] [spid: %8@] [os: %10@] [devid: %10@] [serial: %12@]
failed to get userKeyID
CKP Transport: desktopUp happened, reestablishing xpc connections
CKP Transport: tearing down xpc connection
CKP Transport: setting up xpc connection
CKP Transport: xpc connection invalid. Will tear down connection.
Calling default itemsChangedBlock - fatal: %@
talkWithKVS error: %@
missing value reply
Odd reply from CloudKeychainProxy: %@: %@
callback error: %@
%s XPC request to CKD: %s
Changing itemsChangedBlock
SOSCloudKeychainClearAll called
privKey failed to be created
public key failed to be created
can't create public key hash
Couldn't save backupV0 to keychain %d
key not available
Couldn't save tlks to keychain %d
Failed to parse CONS SEQ
Failed to parse CONS SEQ of ident
Failed to parse CONS SEQ of TLKs
Failed to parse view name
unexpected view number: %d
Adding %@ %@
NO DATA, falling back to waiting 5 minutes for initial sync to finish
Piggybacking include identities(%d) and tlks(%d)
Piggybacking version 0, setting initial sync timeout to 5 minutes
Failed to find my private key for spid %@
Setting CKKS4All status to '%@'
no private key found
%s view %@
SOSFullPeerInfoCopyDeviceKey failed: %@
Peer info v2 create copy failed: %@
Failed to retreive token for %@: error %d
Could not configure SOSControlHelper: %@
Couldn't create kpid: %@
Can't validate PeerInfo: %@
Too many views defined, can't make bitmask (%d)
%@ v2 peer has no views
Failed to enable view(%@): %@
Not a known view
failed to copy enabled views
couldn't add view %@
Failed to disable view(%@): %@
couldn't delete view %@
Failed to query view(%@): %@
Retrieved non-cached circle value %d
SOSCCAccountSetToNew called
SOSCCResetToOffering called
SOSCCResetToEmpty called
Enter SOSCCCopyMyPeerWithNewDeviceRecoverySecret()
SOSCopyDeviceBackupPublicKey (%@)
SOSSetNewPublicBackupKey (%@)
SOSCCRegisterUserCredentials - calling SOSCCSetUserCredentials for %@
SOSCCSetUserCredentials for %@
SOSCCSetUserCredentialsAndDSID for %@
SOSCCTryUserCredentialsAndDSID!! %@
enter SOSCCProcessEnsurePeerRegistration
Checking view / circle status for %@:  SOSCCStatus: (%@)  Error: (%@)
Checking view / circle status for %@:  SOSCCStatus: (%@) SOSViewResultCode(%@) Error: (%@)
Checking view / circle status for %@:  ENABLED
enter SOSCCCopyApplication applicant
enter SOSCCCleanupKVSKeys
enter SOSCCCopyCircleJoiningBlob approver
enter SOSCCCopyInitialSyncData approver
enter SOSCCJoinWithCircleJoiningBlob applicant
enter SOSCCPeersHaveViewsEnabled
enter SOSCCMessageFromPeerIsPending
An error occurred on the xpc connection to setup the background session: %@
API Called
API returned: %d
API Trigger Timed Called
API Trigger Timed returned: %d
API Info Called
API Info returned
Not internal release, disabling SIRL
gSecurityd non-nil, disabling SIRL for testing
SIRL disabled via feature flag
secitemratelimit: unable to get task from self, disabling SIRL
Not valid/debugged platform binary, disabling SIRL
secitemratelimit: unable to get signing identifier, disabling SIRL
%@ exempt from SIRL
valid/debugged platform binary %@ on internal release, enabling SIRL
Modifying API rate exceeded
Readonly API rate exceeded
%sorcing SIRL to be enabled (effective: %i)
Failed to set token attributes %@: error %@
Invalid Authority Information Access extension
Invalid InhibitAnyPolicy Extension
Invalidate EKU Extension
Invalid PolicyConstraints Extension
Invalid AuthorityKeyIdentifier Extension
Invalid PolicyMappings Extension
Invalid CertificatePolicies Extension
Invalid CRL Distribution Points extension
Invalid Name Constraints extension
Invalid BasicConstraints Extension
Invalid SubjectAltName Extension
Invalid KeyUsage Extension
Invalid SubjectKeyIdentifier Extension
Invalid certificate version (%d), must be 0..2
Invalid serial number length (%ld), must be 1..20
Invalid date specification in certificate (see RFC5280 4.1.2.5)
Signature algorithm mismatch in certificate (see RFC5280 4.1.1.2)
_SecItemAddAndNotifyOnSync
SecItemSetCurrentItemAcrossAllDevices
SecItemFetchCurrentItemAcrossAllDevices
_SecItemFetchDigests
_SecKeychainDeleteMultiUser
app clip deletion result: %i
xpc: failure to obtain XPC proxy object for app clip deletion, %@
Invalid or missing key size in: %@
No error domain for error: %@
unknown error domain: %@ for error: %@
error:[%d] %@
Failed to create authentication context %@
SecItem: failed to create identity
SecItemDelete_ios
SecItemCopyMatching_ios
SecItemAdd_ios
keychain item data exceeds reasonable size (%lu bytes)
SecItemUpdate_ios
SecItemUpdateTokenItemsForAccessGroups
_SecKeychainSyncUpdateMessage
SecItemCopyParentCertificates_ios
SecItemCertificateExists
_SecKeychainCopyOTABackup
_SecKeychainCopyBackup
_SecKeychainCopyEMCSBackup
_SecKeychainWriteBackupToFile
_SecKeychainRestoreBackup
_SecKeychainCopyKeybagUUID
bad hash %@ in backup
_SecKeychainRestoreSyncable
SecItemBackupCopyNames
SecItemBackupViewAndCopyBackupPeerID
SecItemBackupHandoffFD
SecItemBackupSetConfirmedManifest
SecItemBackupRestore
_SecServerBackupKeybagAdd
_SecBackupKeybagDelete
Value %@ for key %@ is not bool
Unsupported algorithm oid
init %s key: %d
SecKeyCopyPersistentRef: Need a key reference for this to work
SecKeyCopyPersistentRef: Need a persistentRef pointer for this to work
SecKeyCopyPersistentRef: SecItemCopyMatching returned success, but we got type %lu instead of CFData for key %@.
SecKeyCopyPersistentRef: received status %i for key %@
The size of an SecOTRDHKey is larger than 65 bytes.                      This is not supported in SecOTR and will result in malformed ciphertexts.
keygen failed
ID Comparison failed: d: %@ id: %@
%@ Creating with M: %@, T: %@
session[%p]Cannot process message:%@, session is not done negotiating, session state: %@
session[%p] failed to decrypt, session: %@, mk: %@, mpk: %@, tpk: %@, tk: %@, chose tktu: %@
session[%p] failed to decrypt, mktu: %@, mpi: %@, tpi: %@, m: %@, tP: %@, tb: %hhx
session[%p] failed to decrypt, mktu: %@, mpi: %@, tpi: %@, m: %@
SecOTRSessionCreateRemote
SecOTRSessionProcessPacketRemote
unknown otr auth state
%@ Start packet: %@
%@ Reinitializing DH Keys, first: %@
_myKey is NULL, avoiding crash
%@ Restart packet: %@
OTR Process Packet
%@ Process DH failed %d
%@ Error %d processing packet type %d, session state %d, keyid %d, myKey %p, myNextKey %p, theirKeyId %d, theirKey %p, theirPreviousKey %p, bytes %@
%@ Failed to process reveal sig message (%d): %@
%@ Sending Signature message: %@
%@ %@: %@
policy "%@" requires a string value for the %@ key
policy "%@" requires kSecPolicyName input
policy "%@" requires kSecPolicyPolicyName input
ERROR: policy "%@" is unsupported
could not disable pinning: %@ not true
could not disable pinning: AppleServerAuthenticationNoPinning not true
could not disable pinning: not an internal release
creating an Apple pinning policy with a non-Apple OID: %@
policy 0x%lX has no _oid
policy 0x%lX has no _options
SecPasswordGenerate failed to generate a password for SecCreateSharedWebCredentialPassword.
BUG IN SECURITY CLIENT: certificates contains unsupported value type
BUG IN SECURITY CLIENT: policies array contains non-policy value
BUG IN SECURITY CLIENT: policies contains unsupported value type
BUG IN SECURITY CLIENT: certificates array contains non-certificate value
BUG IN SECURITY CLIENT: anchorCertificates array contains non-certificate value
SecTrustFlushResponseCache
BUG IN SECURITY CLIENT: responseData array contains non-data value
BUG IN SECURITY CLIENT: responseData contains unsupported value type
BUG IN SECURITY CLIENT: newPolicies array contains non-policy value
BUG IN SECURITY CLIENT: newPolicies contains unsupported value type
Set %@ as name on all policies
SecTrustEvaluateIfNecessary
no %@ in array!
%@ %@ (index %d)
Trust evaluate failure:%{public}@
unknown failure key in details dictionary: %@
SecTrustEvaluateIfNecessaryFastAsync
The current exceptions epoch is %llu. (%{public}s)
SecTrustExceptionGetResetCount
Failed to get the exceptions epoch.
The exceptions epoch is %lld.
Invalid exceptions epoch.
Failed to get the current exceptions epoch.
Failed to get the exception's epoch.
Failed to parse the current exceptions epoch as a uint64.
The current exception's epoch (%llu) is not the current epoch. (%llu)
Exceptions are valid for the current exceptions epoch. (%llu)
SecTrustGetTrustStoreVersionNumber
SecTrustGetAssetVersionNumber
SecTrustOTAPKIGetUpdatedAsset
SecTrustOTASecExperimentGetUpdatedAsset
SecTrustReportTLSAnalytics
CFStringCreateWithCString failed
SecTrustReportNetworkingAnalytics failed with error: %d
SecTrustReportNetworkingAnalytics
SecTrustIncrementExceptionResetCount
Failed to increment the exceptions epoch.
SecTrustStoreContains
SecTrustStoreSetTrustSettings
SecTrustStoreRemoveCertificate
SecTrustStoreCopyAll
SecTrustStoreCopyUsageConstraints
SecTrustStoreSetCTExceptions
SecTrustStoreCopyCTExceptions
SecTrustStoreSetCARevocationAdditions
SecTrustStoreCopyCARevocationAdditions
xpc: %@
der: unable to encode date: %@
der: invalid date: %@; %s
Simulating crash, reason: %@, code=%08x
stackshot report, reason: %@, code=%08x
SecGetCurrentServerLoggingInfo
SecSetLoggingInfoForXPCScope
SecSetLoggingInfoForCircleScope
Probable bug: error destroying Mutex: %d
failed to fetch %s error=%d
CFError
open(%s,0x%x,0x%x) = %d
close(%d)
close(%d) error %d
close(%d) err: %d
%d zero read (ignored)
%d end of data
%d fcntl(%d,%p) = %d
%p: unrecognized header magic (%x)
%p is a fat file with %d architectures
%p is a thin file (%s)
instantiating CFBundle for %s
%p (%s) unloaded
%p (%s) loaded
%p Bundle from path %s(%s)
file %s
symlink %s
type %d (errno %d): %s
%s: match target %s against %s
checking notarization on %d, %@
isNotarized = %d
Registering stapled ticket with system
Extracting ticket from bundle: %s
cannot open stapled file for reading: %d
unable to stat stapling file: %d
stapling is not a regular file
ticket size was too large: %lld
unable to allocate data for ticket
unable to read entire ticket from bundle
unable to create cfdata for notarization
successfully found stapled ticket for: %s
Account Creation Date Cutoff: %@
Account Creation date: %@
Account creation date %@ is after cut-off %@
Unexpected error checking account creation date: %ld
Secure Timestamp Cutoff Date cutoff: %@
Secure Timestamp: %@
Secure timestamp %@ is after cut-off %@
checking the legacy list for %d, %@, %@
meetsDeveloperIDLegacyAllowedPolicy = %d
no metapath for %s
failed to load %s
%p version 0x%x newer than current 0x%x
%p validating slot %d
looks like a script for %s
exception getting host requirement (ignored)
%p loaded InfoDict %p
%p validation threw non-common exception
%p loaded ResourceDict %p
performing resource validation for %s (%d, %d, %d)
%d sealed resource(s) not found in code
%p executable validation threw non-common exception
resource validation on root volume skipped: %s
performing resource validation on item: %s
%s check-fixed (altered).
%s check-fixed (added).
unexpected regexec result %d for path '%s'
%p loaded Entitlements %p
Error creating date from timestamp: %f
opcode 0x%x cannot be handled; aborting
%zd signing bytes in %d blob(s) from %s(%s)
failed to read signing bytes from %s(%s)
%zd library dependency bytes in %d blob(s) from %s(%s)
unexpected blob type 0x%x in slot %d of binary dependencies
missing DR info for library index %d
exception reading embedded Info.plist
Maker %p replaces type=%d
%p rule %s added (weight %d, flags 0x%x)
entering %s
leaving %s
cannot read directory %s
test %s
try %s
match
excluded
choosing %s (%d,0x%x)
Unable to check if path is on rootfs: %d, %s
CTKClientSEP_SEKey
CTKClientSEP_TKDataSource
CTKClientSEP_TKTLVRecord
CTKClientSEP_TKBERTLVRecord
TKPropertyList
CTKClientSEP_TKSimpleTLVRecord
CTKClientSEP_TKCompactTLVRecord
CTKClientSEP_TKTokenRefSEP
SFSQLite
SFSQLiteAdditions
CKUtilsAdditions
SFAnalyticsMultiSampler
SFAnalytics
OTJoiningConfiguration
NSSecureCoding
NSCoding
LKAUpgradeOutcomeReport
LocalKeychainAnalytics
SecExpConcrete_sec_experiment
OS_sec_experiment
NSObject
SecExperiment
SecExperimentConfig
SFSQLiteStatement
SFAnalyticsActivityTracker
CKKSControl
CKKSControlProtocol
SecuritydXPCClient
SecuritydXPCProtocol
SecuritydXPCCallbackProtocol
SecuritydXPCCallback
SFAnalyticsProtocol
OTControl
OTControlProtocol
EscrowRequestXPCProtocol
SecEscrowRequest
SecEscrowRequestable
SFObjCType
SecConcrete_sec_array
OS_sec_array
SecConcrete_sec_identity
OS_sec_identity
SecConcrete_sec_certificate
OS_sec_certificate
SecConcrete_sec_trust
OS_sec_trust
SecConcrete_sec_protocol_configuration_builder
OS_sec_protocol_configuration_builder
SecConcrete_sec_protocol_configuration
OS_sec_protocol_configuration
SecCoreAnalytics
SFAnalyticsSampler
SOSAnalytics
CKKSPBFileStorage
OTConfigurationContext
OTBottleIDs
OTOperationConfiguration
OTClique
SFAnalyticsSQLiteStore
MockAKSRefKey
NSCopying
SecMockAKS
MockAKSRefKeyObject
MockAKSOptionalParameters
SOSCachedNotification
SecSOSStatus
SOSControlProtocol
SecItemRateLimit
SecKeyProxyTarget
SecKeyProxyProtocol
SecKeyProxy
NSXPCListenerDelegate
SecXPCHelper
keyType
arrayWithObjects:count:
isEqual:
objectAtIndexedSubscript:
objectAtIndex:
initWithKeyType:accessControl:applePayEnabled:ACMContext:error:
removeObjectForKey:
runsInSystemSession
hasSEP
deleteWithACMContext:error:
_keyHolder
_accessControl
_keyType
bytes
length
bytesSafeToRead:
dataWithBytes:length:
initWithData:
fetchByte
fetchDataWithLength:
_data
_ptr
raise:format:
string
appendFormat:
parseFromDataSource:
array
sequenceOfRecordsFromData:
initWithTag:value:data:
_tag
_value
encodeNumber:into:
appendBytes:length:
appendData:
initWithTag:value:
alloc
dataForTag:
initWithTag:records:
timeZoneForSecondsFromGMT:
setTimeZone:
systemLocale
setLocale:
setDateFormat:
longLongValue
dataWithLength:
mutableBytes
UTF8String
lengthOfBytesUsingEncoding:
zuluDateFormatter
stringFromDate:
numberWithLongLong:
initWithBytes:length:encoding:
dateFromString:
arrayWithArray:
dictionaryWithObjects:forKeys:
parseFromDataSource:error:
_setEndpoint:
numberWithUnsignedInt:
initWithTokenID:
endpoint
_endpoint
slotName
evaluateAccessControl:forOperation:error:
objectForKey:
accessControlOfObject:error:
accessControl
createOrUpdateObject:attributes:error:
createObjectWithAttributes:error:
removeAllObjects
keychainAttributes
addEntriesFromDictionary:
objectID
deleteObject:error:
null
value
publicKeyOfObject:error:
publicKey
keyOperation:onObject:algorithm:mode:in1:in2:error:
currentHandler
stringWithUTF8String:
handleFailureInFunction:file:lineNumber:description:
operation:data:algorithms:parameters:error:
attestUsingKey:attestedKey:nonce:error:
attestKey:nonce:error:
integerValue
lifetimeControlKey:lifetimeControlType:error:
bumpKeyWithError:
commitKeyWithError:
mutableCopy
certificates
countByEnumeratingWithState:objects:count:
certificateRef
localizedName
addObject:
keys
keyRef
keyUsage
numberWithUnsignedInteger:
identities
identityRef
copy
description
stringWithFormat:
token
tokenID
setObject:forKey:
parameters
LAContext
initWithToken:LAContext:parameters:error:
initWithTokenID:LAContext:testMode:
initWithTokenID:serverEndpoint:targetUID:
isEqualToData:
objectForObjectID:error:
componentsSeparatedByString:
firstObject
isEqualToString:
boolValue
setupKeybagForTesting:
init
recordFromData:
propertyList
ACMContext
initWithObjectID:ACMContext:error:
keyForObjectID:error:
attributes
initWithAttributes:ACMContext:error:
initWithPropertyList:
data
publicKeyWithError:
lastObject
signDigest:ACMContext:error:
computeSharedSecret:ACMContext:error:
recryptData:attributes:ACMContext:error:
attestKey:nonce:ACMContext:error:
lifetimeControlWithType:ACMContext:error:
.cxx_destruct
_ACMContext
_LAContext
count
dictionaryWithDictionary:
objectForKeyedSubscript:
setObject:forKeyedSubscript:
enumerateKeysAndObjectsUsingBlock:
setCredential:type:
isCredentialSet:
initWithExternalizedContext:
dictionaryWithObjects:forKeys:count:
errorWithDomain:code:userInfo:
externalizedContext
initWithExternalizedContext:userSession:
evaluateAccessControl:aksOperation:options:error:
evaluatePolicy:options:error:
_delegate
_path
_schema
_schemaVersion
_statementsBySQL
_objectClassPrefix
_synchronousMode
_userVersion
_openCount
_dateFormatter
_hasMigrated
_corrupt
_traced
_oldDateFormatter
initWithPath:schema:
dealloc
userVersion
_synchronousModeString
_createSchemaHash
isOpen
attemptProperDatabasePermissions
openWithError:
open
close
remove
begin
rollback
analyze
vacuum
lastInsertRowID
changes
executeSQL:
executeSQL:arguments:
statementForSQL:
removeAllStatements
allTableNames
dropAllTables
propertyForKey:
setProperty:forKey:
dateFormatter
oldDateFormatter
datePropertyForKey:
setDateProperty:forKey:
removePropertyForKey:
creationDate
columnNamesForTable:
select:from:
select:from:where:bindings:
select:from:where:bindings:orderBy:limit:block:
selectFrom:where:bindings:orderBy:limit:block:
selectFrom:where:bindings:limit:
update:set:where:bindings:limit:
selectAllFrom:where:bindings:
selectCountFrom:where:bindings:
insertOrReplaceInto:values:
deleteFrom:matchingValues:
deleteFrom:where:bindings:
_tableNameForClass:
dbUserVersion
autoVacuumSetting
delegate
setDelegate:
path
schema
schemaVersion
objectClassPrefix
setObjectClassPrefix:
setUserVersion:
synchronousMode
setSynchronousMode:
hasMigrated
traced
setTraced:
setDb:
openCount
setOpenCount:
corrupt
setCorrupt:
statementsBySQL
setDateFormatter:
setOldDateFormatter:
substringFromIndex:
hasPrefix:
SFSQLiteClassName
setObject:atIndexedSubscript:
appendString:
sortedArrayUsingSelector:
compare:
allKeys
initWithString:
unsignedIntegerValue
componentsJoinedByString:
dateWithTimeIntervalSinceReferenceDate:
floatValue
makeObjectsPerformSelector:
allValues
handleFailureInMethod:object:file:lineNumber:description:
initWithFormat:arguments:
stringByAppendingString:
removeItemAtPath:error:
defaultManager
timeIntervalSinceReferenceDate
date
migrateDatabase:fromVersion:
fileSystemRepresentation
setAttributes:ofItemAtPath:error:
attributesOfItemAtPath:error:
domain
createDirectoryAtPath:withIntermediateDirectories:attributes:error:
stringByDeletingLastPathComponent
numberWithShort:
CKUppercaseHexStringWithoutSpaces
dataUsingEncoding:
dataWithBytesNoCopy:length:freeWhenDone:
initWithBytesNoCopy:length:encoding:freeWhenDone:
CKHexString
replaceOccurrencesOfString:withString:options:range:
uppercaseString
characterSetWithCharactersInString:
characterAtIndex:
characterIsMember:
CKDataWithHexString:stringIsUppercase:
CKLowercaseHexStringWithoutSpaces
CKDataWithHexString:
_samplingInterval
_timer
_name
_block
_notificationToken
_clientClass
_oncePerReport
_activeTimer
initWithName:interval:block:clientClass:
newTimer
setupOnceTimer
setupPeriodicTimer
setSamplingInterval:
samplingInterval
sampleNow
pauseSampling
resumeSampling
name
oncePerReport
isSubclassOfClass:
bucketToRoundingFactor:
timeIntervalSince1970
timeIntervalSince1970WithBucket:
_isInitiator
_protocolType
_uniqueDeviceID
_uniqueClientID
_containerName
_contextID
_pairingUUID
_epoch
_timeout
supportsSecureCoding
encodeWithCoder:
initWithCoder:
initWithProtocolType:uniqueDeviceID:uniqueClientID:pairingUUID:containerName:contextID:epoch:isInitiator:
protocolType
setProtocolType:
uniqueDeviceID
setUniqueDeviceID:
uniqueClientID
setUniqueClientID:
containerName
setContainerName:
contextID
setContextID:
pairingUUID
setPairingUUID:
epoch
setEpoch:
isInitiator
setIsInitiator:
timeout
setTimeout:
decodeInt64ForKey:
decodeBoolForKey:
decodeObjectOfClass:forKey:
encodeInt64:forKey:
encodeBool:forKey:
encodeObject:forKey:
_outcome
_attributes
initWithOutcome:attributes:
outcome
setOutcome:
setAttributes:
_probablyInClassD
_pendingReports
_queue
_backupStartTime
_backupType
canPersistMetrics
processPendingMessages
reportKeychainUpgradeFrom:to:outcome:error:
reportKeychainUpgradeOutcome:attributes:
reportKeychainBackupStartWithType:
reportKeychainBackupEnd:error:
numberWithInteger:
timeIntervalSinceDate:
numberWithInt:
databasePath
innerExperiment
numRuns
successRuns
debugDescription
class
self
performSelector:
performSelector:withObject:
performSelector:withObject:withObject:
isProxy
isKindOfClass:
isMemberOfClass:
conformsToProtocol:
respondsToSelector:
retain
release
autorelease
retainCount
zone
hash
superclass
initWithName:
initWithInnerExperiment:
identifier
experimentIsAllowedForProcess
isSamplingDisabledWithDefault:
isSamplingDisabled
copyExperimentConfiguration
_samplingDisabled
_cachedConfig
copyExperimentConfigurationFromUserDefaults
copyRemoteExperimentAsset
copyRandomExperimentConfigurationFromAsset:
setName:
samplingDisabled
setSamplingDisabled:
cachedConfig
setCachedConfig:
initWithConfiguration:
_fleetSampleRate
_deviceSampleRate
_identifier
_configurationData
_config
hostHash
shouldRunWithSamplingRate:
isSampled
setIdentifier:
fleetSampleRate
setFleetSampleRate:
deviceSampleRate
setDeviceSampleRate:
configurationData
setConfigurationData:
config
setConfig:
unsignedIntValue
valueForKey:
persistentDomainForName:
standardUserDefaults
enumerateObjectsUsingBlock:
setWithSet:
unionSet:
setClasses:forSelector:argumentIndex:ofReply:
_SQLite
_SQL
_handle
_reset
_temporaryBoundObjects
initWithSQLite:SQL:handle:
finalizeStatement
resetAfterStepError
step
reset
bindInt:atIndex:
bindInt64:atIndex:
bindDouble:atIndex:
bindBlob:atIndex:
bindText:atIndex:
bindNullAtIndex:
retainedTemporaryBoundObject:
bindValue:atIndex:
bindValues:
columnCount
columnTypeAtIndex:
columnNameAtIndex:
intAtIndex:
int64AtIndex:
doubleAtIndex:
blobAtIndex:
textAtIndex:
allObjects
allObjectsByColumnName
SQLite
handle
isReset
setReset:
temporaryBoundObjects
setTemporaryBoundObjects:
dictionaryWithCapacity:
arrayWithCapacity:
numberWithDouble:
absoluteString
archivedDataWithRootObject:requiringSecureCoding:error:
getUUIDBytes:
doubleValue
intValue
_start
_canceled
_measurement
initWithName:clientClass:
performAction:
start
stop
stopWithEvent:result:
cancel
measurement
setMeasurement:
_synchronous
_connection
initWithConnection:
objectProxyWithErrorHandler:
rpcStatus:reply:
rpcFastStatus:reply:
rpcResetLocal:reply:
rpcResetCloudKit:reason:reply:
rpcResync:reply:
rpcFetchAndProcessChanges:reply:
rpcFetchAndProcessClassAChanges:reply:
rpcPushOutgoingChanges:reply:
rpcCKMetric:attributes:reply:
rpcPerformanceCounters:
rpcGetCKDeviceIDWithReply:
rpcTLKMissing:reply:
rpcKnownBadState:reply:
synchronous
setSynchronous:
setEndpoint:
connection
setConnection:
performanceCounters:
remoteObjectProxyWithErrorHandler:
synchronousRemoteObjectProxyWithErrorHandler:
controlObject:
CKKSControlObject:error:
resume
setRemoteObjectInterface:
interfaceWithProtocol:
rpcResyncLocal:reply:
initWithMachServiceName:options:
initWithInt:
configureSecuritydXPCProtocol:
remoteObjectInterface
SecItemAddAndNotifyOnSync:syncCallback:complete:
secItemSetCurrentItemAcrossAllDevices:newCurrentItemHash:accessGroup:identifier:viewHint:oldCurrentItemReference:oldCurrentItemHash:complete:
secItemFetchCurrentItemAcrossAllDevices:identifier:viewHint:fetchCloudValue:complete:
secItemDigest:accessGroup:complete:
secKeychainDeleteMultiuser:complete:
secItemVerifyBackupIntegrity:completion:
secItemDeleteForAppClipApplicationIdentifier:completion:
callCallback:error:
setInterface:forSelector:argumentIndex:ofReply:
_callback
initWithCallback:
callback
setCallback:
_database
_samplers
_multisamplers
_disableLogging
logger
logResultForEvent:hardFailure:result:
logResultForEvent:hardFailure:result:withAttributes:
AddMultiSamplerForName:withTimeInterval:block:
logSystemMetricsForActivityNamed:withAction:
startLogSystemMetricsForActivityNamed:
database
removeState
incrementIntegerPropertyForKey:
setNumberProperty:forKey:
numberPropertyForKey:
coreAnalyticsKeyFilter:
dailyCoreAnalyticsMetrics:
logSuccessForEventNamed:timestampBucket:
logSuccessForEventNamed:
logHardFailureForEventNamed:withAttributes:timestampBucket:
logHardFailureForEventNamed:withAttributes:
logSoftFailureForEventNamed:withAttributes:timestampBucket:
logSoftFailureForEventNamed:withAttributes:
logResultForEvent:hardFailure:result:timestampBucket:
logResultForEvent:hardFailure:result:withAttributes:timestampBucket:
noteEventNamed:timestampBucket:
noteEventNamed:
logEventNamed:class:attributes:timestampBucket:
logEventNamed:class:attributes:
eventDictForEventName:withAttributes:eventClass:timestampBucket:
addMetricSamplerForName:withTimeInterval:block:
existingMetricSamplerForName:
existingMultiSamplerForName:
removeMetricSamplerForName:
removeMultiSamplerForName:
logMetric:withName:
logMetric:withName:oncePerReport:
setDatabase:
queue
setQueue:
addOSVersionToEvent:
userInfo
stringByReplacingOccurrencesOfString:withString:
stringValue
defaultAnalyticsDatabasePath:
defaultProtectedAnalyticsDatabasePath:uuid:
defaultProtectedAnalyticsDatabasePath:
fuzzyDaysSinceDate:
hwModelID
dateWithTimeIntervalSince1970:
UUIDString
stringWithString:
_sync
initWithConnection:sync:
getConnection:
restore:dsid:secret:escrowRecordID:reply:
reset:
signingKey:
octagonSigningPublicKey:
encryptionKey:
octagonEncryptionPublicKey:
listOfRecords:
listOfEligibleBottledPeerRecords:
signIn:container:context:reply:
signOut:context:reply:
notifyIDMSTrustLevelChangeForContainer:context:reply:
handleIdentityChangeForSigningKey:ForEncryptionKey:ForPeerID:reply:
rpcEpochWithConfiguration:reply:
rpcPrepareIdentityAsApplicantWithConfiguration:reply:
rpcVoucherWithConfiguration:peerID:permanentInfo:permanentInfoSig:stableInfo:stableInfoSig:reply:
rpcJoinWithConfiguration:vouchData:vouchSig:reply:
preflightBottledPeer:dsid:reply:
launchBottledPeer:bottleID:reply:
scrubBottledPeer:bottleID:reply:
status:context:reply:
fetchEgoPeerID:context:reply:
fetchCliqueStatus:context:configuration:reply:
fetchTrustStatus:context:configuration:reply:
startOctagonStateMachine:context:reply:
resetAndEstablish:context:altDSID:resetReason:reply:
establish:context:altDSID:reply:
leaveClique:context:reply:
removeFriendsInClique:context:peerIDs:reply:
peerDeviceNamesByPeerID:context:reply:
fetchAllViableBottles:context:reply:
restore:contextID:bottleSalt:entropy:bottleID:reply:
fetchEscrowContents:contextID:reply:
createRecoveryKey:contextID:recoveryKey:reply:
joinWithRecoveryKey:contextID:recoveryKey:reply:
healthCheck:context:skipRateLimitingCheck:reply:
waitForOctagonUpgrade:context:reply:
postCDPFollowupResult:type:error:containerName:contextName:reply:
tapToRadar:description:radar:reply:
refetchCKKSPolicy:contextID:reply:
setCDPEnabled:contextID:reply:
getCDPStatus:contextID:reply:
fetchEscrowRecords:contextID:forceFetch:reply:
setUserControllableViewsSyncStatus:contextID:enabled:reply:
fetchUserControllableViewsSyncStatus:contextID:reply:
invalidateEscrowCache:contextID:reply:
sync
setSync:
controlObject:error:
triggerEscrowUpdate:reply:
cachePrerecord:serializedPrerecord:reply:
fetchPrerecord:reply:
fetchRequestWaitingOnPasscode:
fetchRequestStatuses:
resetAllRequests:
storePrerecordsInEscrow:
request:
triggerEscrowUpdate:error:
fetchStatuses:
pendingEscrowUpload:
cachePrerecord:serializedPrerecord:error:
fetchPrerecord:error:
_code
_encoding
_className
_size
_flags
initWithCode:encoding:name:className:size:flags:
isNumber
isIntegerNumber
isFloatingPointNumber
isObject
objectWithBytes:
getBytes:forObject:
code
encoding
className
size
flags
getValue:
numberWithBool:
numberWithFloat:
numberWithUnsignedLongLong:
numberWithUnsignedLong:
numberWithUnsignedShort:
numberWithUnsignedChar:
numberWithLong:
numberWithChar:
typeForEncoding:
typeForValue:
objCType
substringWithRange:
xpc_array
identity
certs
sign_block
decrypt_block
operation_queue
initWithIdentity:
initWithIdentityAndCertificates:certificates:
initWithCertificates:signBlock:decryptBlock:queue:
certificate
initWithCertificate:
trust
initWithTrust:
dictionary
is_apple
initWithDictionary:andInternalFlag:
sendEvent:event:
sendEventLazy:builder:
initWithFormat:
cStringUsingEncoding:
_storageFile
_storageClass
_protobufStorage
initWithStoragePath:storageClass:
storage
setStorage:
storageFile
setStorageFile:
storageClass
setStorageClass:
protobufStorage
setProtobufStorage:
writeToURL:atomically:
dataWithContentsOfURL:
_overrideEscrowCache
_context
_dsid
_altDSID
_authenticationAppleID
_passwordEquivalentToken
_otControl
_ckksControl
_sbd
makeOTControl:
makeCKKSControl:
context
setContext:
dsid
setDsid:
altDSID
setAltDSID:
authenticationAppleID
setAuthenticationAppleID:
passwordEquivalentToken
setPasswordEquivalentToken:
overrideEscrowCache
setOverrideEscrowCache:
otControl
setOtControl:
ckksControl
setCkksControl:
setSbd:
_preferredBottleIDs
_partialRecoveryBottleIDs
preferredBottleIDs
setPreferredBottleIDs:
partialRecoveryBottleIDs
setPartialRecoveryBottleIDs:
_discretionaryNetwork
_useCachedAccountStatus
_timeoutWaitForCKAccount
_qualityOfService
timeoutWaitForCKAccount
setTimeoutWaitForCKAccount:
qualityOfService
setQualityOfService:
discretionaryNetwork
setDiscretionaryNetwork:
useCachedAccountStatus
setUseCachedAccountStatus:
unsignedLongLongValue
_cliqueMemberIdentifier
_ctx
_defaults
isOctagonPairingEnabled
setPairingDefault:
removePairingDefault
initWithContextData:
cliqueMemberIdentifier
establish:
resetAndEstablish:error:
setupPairingChannelAsInitiator:
setupPairingChannelAsInitator:error:
setupPairingChannelAsAcceptor:
setupPairingChannelAsAcceptor:error:
_fetchCliqueStatus:error:
fetchCliqueStatus:error:
fetchCliqueStatus:
cachedCliqueStatus:error:
removeFriendsInClique:error:
leaveClique:
peerDeviceNamesByPeerID:
joinAfterRestore:
safariPasswordSyncingEnabled:
sosSafariPasswordSyncingEnabled:
setUserControllableViewsSyncStatus:error:
setOctagonUserControllableViewsSyncEnabled:error:
fetchUserControllableViewsSyncingEnabled:
isLastFriend:
waitForInitialSync:
copyViewUnawarePeerInfo:
viewSet:disabledViews:
sosViewSet:disabledViews:
setUserCredentialsAndDSID:password:error:
tryUserCredentialsAndDSID:password:error:
copyPeerPeerInfo:
peersHaveViewsEnabled:error:
requestToJoinCircle:
accountUserKeyAvailable
fetchEscrowContents:
performedCDPStateMachineRun:success:error:reply:
waitForOctagonUpgrade:
performedFailureCDPStateMachineRun:error:reply:
performedSuccessfulCDPStateMachineRun:reply:
setCliqueMemberIdentifier:
setCtx:
defaults
setDefaults:
platformSupportsSOS
containsObject:
setWithObjects:
pairingChannelAcceptor:
pairingChannelInitiator:
newFriendsWithContextData:error:
newFriendsWithContextData:resetReason:error:
isCloudServicesAvailable
performEscrowRecoveryWithContextData:escrowArguments:error:
fetchEscrowRecordsInternal:error:
findOptimalBottleIDsWithContextData:error:
recoverWithContextData:bottleID:escrowedEntropy:error:
setNewRecoveryKeyWithData:recoveryKey:reply:
recoverOctagonUsingData:recoveryKey:reply:
setCDPEnabled:error:
getCDPStatus:error:
resetProtectedData:error:
disableWithInfo:
recoverWithInfo:results:
tryToOpenDatabase
successCountForEventType:
incrementSuccessCountForEventType:
hardFailureCountForEventType:
softFailureCountForEventType:
incrementHardFailureCountForEventType:
incrementSoftFailureCountForEventType:
summaryCounts
deserializedRecords:
hardFailures
softFailures
allEvents
samples
addEventDict:toTable:timestampBucket:
addEventDict:toTable:
addSample:forName:
removeAllSamplesForName:
uploadDate
setUploadDate:
clearAllData
dataWithPropertyList:format:options:error:
sortUsingComparator:
addObjectsFromArray:
propertyListWithData:options:format:error:
storeWithPath:schema:
stringByStandardizingPath
_key
_optionalParams
copyWithZone:
hasKey
hasOptionalParams
dictionaryRepresentation
readFrom:
writeTo:
copyTo:
mergeFrom:
setKey:
optionalParams
setOptionalParams:
allocWithZone:
trapdoor
lockedStates
mutabilityQueue
keybag_state
setKeybag_state:
isLocked:
isSEPDown
useGenerationCount
lockClassA
lockClassA_C
unlockAllClasses
failNextDecryptRefKey:
popDecryptRefKeyFailure
setOperationsUntilUnlock:
updateOperationsUntilUnlock
removeObjectAtIndex:
_keyData
_acmHandle
_externalData
_blob
initWithKeyData:parameters:error:
keyData
setKeyData:
acmHandle
setAcmHandle:
externalData
setExternalData:
blob
setBlob:
initWithData:specifier:error:
initWithBitSize:
keySpecifier
initWithKeySpecifier:authenticationMode:
encrypt:withKey:error:
unarchivedObjectOfClass:fromData:error:
ciphertext
authenticationCode
initializationVector
decrypt:withKey:error:
_accessGroups
hasAccessGroups
hasExternalData
hasAcmHandle
accessGroups
setAccessGroups:
base64EncodedDataWithOptions:
initWithUUIDBytes:
notificationName:
initWithTimeIntervalSinceNow:
SOSTransportMessageGetCircleName
gestalt
userPublicKey:
kvsPerformanceCounters:
rateLimitingPerformanceCounters:
stashedCredentialPublicKey:
assertStashedAccountCredential:
validatedStashedAccountCredential:
stashAccountCredential:complete:
ghostBust:complete:
ghostBustPeriodic:complete:
ghostBustTriggerTimed:complete:
ghostBustInfo:
iCloudIdentityStatus_internal:
iCloudIdentityStatus:
myPeerInfo:
circleHash:
circleJoiningBlob:complete:
joinCircleWithBlob:version:complete:
initialSyncCredentials:complete:
importInitialSyncCredentials:complete:
rpcTriggerSync:complete:
getWatchdogParameters:
setWatchdogParmeters:complete:
rpcTriggerBackup:complete:
rpcTriggerRingUpdate:
remoteObjectProxy
_forceEnabled
_dataQueue
_roCapacity
_rwCapacity
_roRate
_rwRate
_limitMultiplier
_roBucket
_rwBucket
isEnabled
forceEnabled:
isReadOnlyAPICallWithinLimits
isModifyingAPICallWithinLimits
consumeTokenFromBucket:
shouldCountAPICalls
roCapacity
roRate
rwCapacity
rwRate
limitMultiplier
roBucket
rwBucket
dateByAddingTimeInterval:
instance
getStaticRateLimit
resetStaticRateLimit
initWithUUIDString:
stringWithCapacity:
dataWithData:
_certificate
_publicKeyProxy
initializeWithReply:
getBlockSizeWithReply:
getAttributesWithReply:
getExternalRepresentationWithReply:
getDescriptionWithReply:
getAlgorithmIDWithReply:
getPublicKey:
performOperation:algorithm:parameters:reply:
initWithKey:certificate:
initWithKey:
_listener
listener:shouldAcceptNewConnection:
invalidate
_setQueue:
setExportedObject:
setExportedInterface:
anonymousListener
targetForKey:error:
createItemFromEndpoint:certificate:error:
createKeyFromEndpoint:error:
createIdentityFromEndpoint:error:
initWithListenerEndpoint:
hasSuffix:
safeErrorPrimitiveClasses
safeCKErrorPrimitiveClasses
safeErrorCollectionClasses
safeErrorClasses
cleanDictionaryForXPC:
cleanObjectForXPC:
cleanseErrorForXPC:
errorFromEncodedData:
encodedDataFromError:
encodedData
initRequiringSecureCoding:
initForReadingFromData:error:
orderedSetWithCapacity:
setWithCapacity:
B16@0:8
v20@0:8B16
^{__SecKey={__CFRuntimeBase=QAQ}^{__SecKeyDescriptor}^v}16@0:8
^{__SecAccessControl=}16@0:8
@52@0:8@16^{__SecAccessControl=}24B32@36^@44
@24@0:8^@16
B40@0:8q16@24^@32
@24@0:8@16
r*16@0:8
B24@0:8q16
C16@0:8
@24@0:8q16
@40@0:8Q16@24@32
Q16@0:8
Q32@0:8Q16*24
@24@0:8Q16
@32@0:8Q16@24
@28@0:8C16@20
@16@0:8
@40@0:8@16@24@32
@32@0:8@16^@24
@40@0:8@16@24^@32
B32@0:8@16^@24
@72@0:8q16@24@32q40@48@56^@64
@48@0:8@16@24@32^@40
B40@0:8@16q24^@32
v16@0:8
@"NSData"
@"LAContext"
@"<SFSQLiteDelegate>"
@"NSString"
@"NSMutableDictionary"
^{sqlite3=}
@"NSDateFormatter"
@32@0:8@16@24
i16@0:8
B24@0:8^@16
q16@0:8
B24@0:8@16
B32@0:8@16[1{__va_list_tag=II^v^v}]24
v32@0:8@16@24
v24@0:8@16
@48@0:8@16@24@32@40
v72@0:8@16@24@32@40@48@56@?64
v64@0:8@16@24@32@40@48@?56
v56@0:8@16@24@32@40@48
Q40@0:8@16@24@32
q32@0:8@16@24
v40@0:8@16@24@32
@24@0:8#16
v20@0:8i16
v24@0:8q16
^{sqlite3=}16@0:8
v24@0:8^{sqlite3=}16
v24@0:8Q16
@28@0:8@16B24
@"NSObject<OS_dispatch_source>"
@48@0:8@16d24@?32#40
v24@0:8d16
d16@0:8
d20@0:8I16
v24@0:8@"NSCoder"16
@24@0:8@"NSCoder"16
@76@0:8@16@24@32@40@48@56Q64B72
@"NSDictionary"
@28@0:8i16@20
@"NSMutableArray"
@"NSObject<OS_dispatch_queue>"
@"NSDate"
v36@0:8i16i20i24@28
v28@0:8i16@20
v28@0:8B16@20
@"SecExperiment"
#16@0:8
@24@0:8:16
@32@0:8:16@24
@40@0:8:16@24@32
B24@0:8#16
B24@0:8@"Protocol"16
B24@0:8:16
Vv16@0:8
^{_NSZone=}16@0:8
@"NSString"16@0:8
@24@0:8r*16
B20@0:8B16
@"SecExperimentConfig"
I16@0:8
v20@0:8I16
@"SFSQLite"
^{sqlite3_stmt=}
@40@0:8@16@24^{sqlite3_stmt=}32
v28@0:8i16Q20
v32@0:8q16Q24
v32@0:8d16Q24
v32@0:8@16Q24
i24@0:8Q16
q24@0:8Q16
d24@0:8Q16
^{sqlite3_stmt=}16@0:8
@"NSNumber"
@32@0:8@16#24
v24@0:8@?16
@"NSObject<OS_xpc_object>"
@"NSXPCConnection"
@24@0:8@?16
v32@0:8@16@?24
v40@0:8@16@24@?32
@28@0:8B16^@20
v24@0:8@?<v@?@"NSDictionary">16
v32@0:8@"NSString"16@?<v@?@"NSError">24
v40@0:8@"NSString"16@"NSString"24@?<v@?@"NSError">32
v32@0:8@"NSString"16@?<v@?@"NSArray"@"NSError">24
v24@0:8@?<v@?@"NSString">16
v40@0:8@"NSString"16@"NSDictionary"24@?<v@?@"NSError">32
v40@0:8@"NSDictionary"16@"<SecuritydXPCCallbackProtocol>"24@?<v@?@"NSDictionary"@"NSArray"@"NSError">32
v80@0:8@"NSData"16@"NSData"24@"NSString"32@"NSString"40@"NSString"48@"NSData"56@"NSData"64@?<v@?@"NSError">72
v52@0:8@"NSString"16@"NSString"24@"NSString"32B40@?<v@?@"NSData"@"NSError">44
v40@0:8@"NSString"16@"NSString"24@?<v@?@"NSArray"@"NSError">32
v32@0:8@"NSData"16@?<v@?B@"NSError">24
v28@0:8B16@?<v@?@"NSDictionary"@"NSError">20
v32@0:8@"NSString"16@?<v@?i>24
v80@0:8@16@24@32@40@48@56@64@?72
v52@0:8@16@24@32B40@?44
v28@0:8B16@?20
v28@0:8B16@"NSError"20
@?16@0:8
@"SFAnalyticsSQLiteStore"
v36@0:8@"NSString"16B24@"NSError"28
v44@0:8@"NSString"16B24@"NSError"28@"NSDictionary"36
@"SFAnalyticsMultiSampler"40@0:8@"NSString"16d24@?<@"NSDictionary"@?>32
@"SFAnalyticsActivityTracker"32@0:8@"NSString"16@?<v@?>24
@"SFAnalyticsActivityTracker"24@0:8@"NSString"16
@"<SFAnalyticsProtocol>"16@0:8
v36@0:8@16B24@28
v44@0:8@16B24@28@36
@40@0:8@16d24@?32
@32@0:8@16@?24
v28@0:8@16I24
v36@0:8@16@24I32
v40@0:8@16B24@28I36
v48@0:8@16B24@28@36I44
v44@0:8@16q24@32I40
v40@0:8@16q24@32
@48@0:8@16@24q32d40
v36@0:8@16@24B32
q24@0:8@16
v56@0:8@16@24@32@40@?48
v48@0:8@16@24@32@?40
v56@0:8@16@24@32q40@?48
v44@0:8@16@24B32@?36
v60@0:8B16@20@28@36@44@?52
v56@0:8@"NSString"16@"NSString"24@"NSData"32@"NSString"40@?<v@?@"NSData"@"NSData"@"NSError">48
v24@0:8@?<v@?@"NSData"@"NSError">16
v24@0:8@?<v@?@"NSArray"@"NSError">16
v48@0:8@"NSString"16@"NSString"24@"NSString"32@?<v@?@"NSError">40
v24@0:8@?<v@?B@"NSError">16
v48@0:8@"_SFECKeyPair"16@"_SFECKeyPair"24@"NSString"32@?<v@?B@"NSError">40
v32@0:8@"OTJoiningConfiguration"16@?<v@?Q@"NSError">24
v32@0:8@"OTJoiningConfiguration"16@?<v@?@"NSString"@"NSData"@"NSData"@"NSData"@"NSData"@"NSError">24
v72@0:8@"OTJoiningConfiguration"16@"NSString"24@"NSData"32@"NSData"40@"NSData"48@"NSData"56@?<v@?@"NSData"@"NSData"@"NSError">64
v48@0:8@"OTJoiningConfiguration"16@"NSData"24@"NSData"32@?<v@?@"NSError">40
v40@0:8@"NSString"16@"NSString"24@?<v@?@"NSData"@"NSString"@"NSData"@"NSError">32
v40@0:8@"NSString"16@"NSString"24@?<v@?@"NSDictionary"@"NSError">32
v40@0:8@"NSString"16@"NSString"24@?<v@?@"NSString"@"NSError">32
v48@0:8@"NSString"16@"NSString"24@"OTOperationConfiguration"32@?<v@?q@"NSError">40
v48@0:8@"NSString"16@"NSString"24@"OTOperationConfiguration"32@?<v@?q@"NSString"@"NSNumber"B@"NSError">40
v56@0:8@"NSString"16@"NSString"24@"NSString"32q40@?<v@?@"NSError">48
v48@0:8@"NSString"16@"NSString"24@"NSArray"32@?<v@?@"NSError">40
v40@0:8@"NSString"16@"NSString"24@?<v@?@"NSArray"@"NSArray"@"NSError">32
v64@0:8@"NSString"16@"NSString"24@"NSString"32@"NSData"40@"NSString"48@?<v@?@"NSError">56
v44@0:8@"NSString"16@"NSString"24B32@?<v@?@"NSError">36
v60@0:8B16@"NSString"20@"NSError"28@"NSString"36@"NSString"44@?<v@?@"NSError">52
v40@0:8@"NSString"16@"NSString"24@?<v@?q@"NSError">32
v44@0:8@"NSString"16@"NSString"24B32@?<v@?@"NSArray"@"NSError">36
v44@0:8@"NSString"16@"NSString"24B32@?<v@?B@"NSError">36
v40@0:8@"NSString"16@"NSString"24@?<v@?B@"NSError">32
v40@0:8@"NSString"16@"NSData"24@?<v@?@"NSError">32
v32@0:8@"NSString"16@?<v@?@"NSData"@"NSError">24
v24@0:8@?<v@?@"NSString"@"NSError">16
v24@0:8@?<v@?@"NSDictionary"@"NSError">16
v24@0:8@?<v@?@"NSError">16
v24@0:8@?<v@?Q@"NSError">16
B32@0:8@"NSString"16^@24
@"NSDictionary"24@0:8^@16
@"<SecEscrowRequestable>"24@0:8^@16
B40@0:8@16@24^@32
Q24@0:8^@16
@64@0:8q16@24@32@40Q48Q56
@24@0:8r^v16
v32@0:8^v16@24
^{__SecIdentity=}
^{__CFArray=}
@24@0:8^{__SecIdentity=}16
@32@0:8^{__SecIdentity=}16^{__CFArray=}24
@48@0:8^{__CFArray=}16@?24@?32@40
^{__SecCertificate=}
@24@0:8^{__SecCertificate=}16
^{__SecTrust=}
@24@0:8^{__SecTrust=}16
^{__CFDictionary=}
@28@0:8^{__CFDictionary=}16B24
@"NSURL"
@"<CKKSPBCodable>"
v24@0:8#16
@"OTControl"
@"CKKSControl"
@"NSArray"
@"OTConfigurationContext"
B32@0:8q16^@24
q32@0:8@16^@24
q24@0:8^@16
q28@0:8B16^@20
B28@0:8B16^@20
B32@0:8@16@24
v44@0:8@16B24@28@?36
@40@0:8@16q24^@32
@24@0:8^{_NSZone=}16
B20@0:8i16
@"_SFAESKey"
v24@0:8@?<v@?B@"NSData"@"NSError">16
v28@0:8I16@?<v@?B@"NSError">20
v32@0:8@"NSData"16@?<v@?@"NSData"@"NSError">24
v36@0:8@"NSData"16i24@?<v@?B@"NSError">28
v28@0:8I16@?<v@?@"NSArray"@"NSError">20
v32@0:8@"NSArray"16@?<v@?B@"NSError">24
v32@0:8@"NSDictionary"16@?<v@?@"NSError">24
v32@0:8@"NSArray"16@?<v@?@"NSError">24
v28@0:8I16@?20
v36@0:8@16i24@?28
@"SecKeyProxy"
v24@0:8@?<v@?@"NSData">16
v24@0:8@?<v@?Q>16
v24@0:8@?<v@?q>16
v24@0:8@?<v@?@"NSXPCListenerEndpoint">16
v48@0:8q16@"NSString"24@"NSArray"32@?<v@?@"NSArray"@"NSError">40
v48@0:8q16@24@32@?40
@"NSXPCListener"
B32@0:8@"NSXPCListener"16@"NSXPCConnection"24
@32@0:8^{__SecKey={__CFRuntimeBase=QAQ}^{__SecKeyDescriptor}^v}16@24
@24@0:8^{__SecKey={__CFRuntimeBase=QAQ}^{__SecKeyDescriptor}^v}16
@32@0:8^{__SecKey={__CFRuntimeBase=QAQ}^{__SecKeyDescriptor}^v}16^^{__CFError}24
^{__SecKey={__CFRuntimeBase=QAQ}^{__SecKeyDescriptor}^v}40@0:8@16^@24^@32
^{__SecKey={__CFRuntimeBase=QAQ}^{__SecKeyDescriptor}^v}32@0:8@16^@24
^{__SecIdentity=}32@0:8@16^@24
password secretBacku Publickey
Apple Inc.1&0$
Apple Certification Authority1-0+
$Apple iPhone Certification Authority0
070416225446Z
140416225446Z0Z1
Apple Inc.1
Apple iPhone1
Apple iPhone Device CA0
MMNT
wE/g\
4*."
|508
10/0-
'http://www.apple.com/appleca/iphone.crl0
gzLV+
yR:L=y[
Apple Inc.1&0$
Apple Certification Authority1
Apple Root CA0
070412174328Z
220412174328Z0y1
Apple Inc.1&0$
Apple Certification Authority1-0+
$Apple iPhone Certification Authority0
!p(E`\
)XI
c{>c
4*."
/0-0+
%http://www.apple.com/appleca/root.crl0
kK>{
1+kT
>%(%
JAlXV
Apple Inc.1&0$
Apple Certification Authority1
Apple Root CA0
060425214036Z
350209214036Z0b1
Apple Inc.1&0$
Apple Certification Authority1
Apple Root CA0
, op
https://www.apple.com/appleca/0
Reliance on this certificate by any party assumes acceptance of the then applicable standard terms and conditions of use, certificate policy and certification practice statements.0
=&g 
Sj[d
Apple External EC Root1
Apple Inc.1
200123004648Z
450118000000Z0C1
Apple External EC Root1
Apple Inc.1
US0v0
B0@0
"@uy
>;|85
HJN0
0H1$0"
Test Apple External EC Root1
Apple Inc.1
191105180046Z
441029180046Z0H1$0"
Test Apple External EC Root1
Apple Inc.1
US0v0
CQd
B0@0
b>Lv[b
Z@lj
