@(#)PROGRAM:SiriSSUKitModel  PROJECT:SiriSSUKit-1
NLUShortcuts
NLUShortcutIntent
NLUMetadata
NLUShortcutCorpuses
NLUShortcutTrainingCorpus
NLUShortcutTestCase
NLUShortcutTestsCorpus
CodingKeys
SiriSSUKitModel
V1SiriSSUKitModelConstants
Data
HashingEncoder
HashingKeyedEncoding
HashingUnkeyedEncoding
HashingSingleValueEncoding
IndexedCodingKey
NLUBuilder
Variable
VariableType
VariableDefinition
CodingKeys
Check
Validatable
ExplicitSelf
Checkable
ValidationMessage
Level
OrderedDictionary
Index
SSUModelDecoder
GenericDecoder
SSUYAMLEncoder
CodingKeys
SSUKitModelBuilder
SSUModelEncoder
GenericEncoder
HashingScopable
ValidationResult
Marker
Mark
NodeType
ASRBuilder
Pronunication
CodableHasher
V1SSUKitModel
CodingKeys
ExpansionResult
PhoneSet
ASRCorpuses
ASRLexiconCorpus
Phoneme
PhonemePronunciation
ASRTrainingCorpus
CodingKeys
OrderedSet
ShortcutIntentBuilder
NLUTestCaseBuilder
Model
SSUKitModel
BaseSSUKitModel
CodingKeys
Validator
Template
ExpressionHolder
DynamicCodingKeys
Context
ValidationUserInfo
Referenced
AnyReferenced
CodingKeys
ReferenceProviderError
ReferenceProvider
NoOpReferenceProvider
SSUYAMLDecoder
DiskReferenceProvider
VariablesBuilder
VariableBuilder
null
libYams
Emitter
LineBreak
Options
yaml_event_s
yaml_parser_s
State
yaml_emitter_s
Decimal
NNSDecimal
__Unnamed_union_data
yaml_event_type_e
__Unnamed_struct_aliases
__Unnamed_struct_tag_directives
__Unnamed_struct_marks
yaml_parser_state_e
__Unnamed_struct_states
__Unnamed_struct_simple_keys
__Unnamed_struct_indents
__Unnamed_struct_tokens
__Unnamed_struct_raw_buffer
__Unnamed_struct_buffer
__Unnamed_union_input
yaml_mark_s
yaml_document_s
yaml_anchors_s
__Unnamed_struct_scalar_data
__Unnamed_struct_tag_data
__Unnamed_struct_anchor_data
__Unnamed_struct_events
yaml_emitter_state_e
yaml_break_e
yaml_encoding_e
__Unnamed_union_output
yaml_error_type_e
yaml_alias_data_s
yaml_simple_key_s
yaml_token_s
yaml_version_directive_s
__Unnamed_struct_nodes
yaml_scalar_style_e
yaml_tag_directive_s
yaml_token_type_e
yaml_node_s
yaml_node_type_e
YamlError
Context
Node
Mark
DecodeMarker
Constructor
ScalarConstructible
SexagesimalConvertible
Resolver
Rule
Scalar
Style
NSNull
NodeRepresentable
ScalarRepresentable
YAMLEncodable
Name
TagResolvable
Mapping
Style
Pair
YAMLDecoder
_Decoder
_KeyedDecodingContainer
_UnkeyedDecodingContainer
YAMLEncoder
_Encoder
_ReferencingEncoder
Reference
_KeyedEncodingContainer
_UnkeyedEncodingContainer
_YAMLCodingKey
YamlSequence
Parser
Encoding
Event
Buffer
Sequence
Style
utsKit
Hasheur
Parser
Alternation
Group
Text
Node
Variable
Neutral
ParseError
Expression
Expander
Lexer
TextAccumulator
Product
OptGroup
ResolutionError
TokenizationError
Visitor
Token
Atom
Delim
ExpansionCounter
Resolver
$ref
ssu/parameter
ssu/expansion
x-sampa
bundleIdentifier
+standardAppShortcutNegatives
+applicationName
\@\{.+\}|\\\(.+\)
SiriSSUKitModel/V1SiriSSUKitModelConstants.swift
invalid_variable_syntax
^[a-zA-Z_][a-zA-Z_$0-9]*$
^[a-zA-Z_+][a-zA-Z_$0-9]*$
_TtCV15SiriSSUKitModel14HashingEncoder4Data
values
HashingEncoder skipping 
SiriSSUKitModel/HashingEncoder.swift
shouldEncode(value:userInfo:)
_TtC15SiriSSUKitModel10NLUBuilder
shortcutIntentsBuilders
Internal error. Could not update context: 
Title of each error message
Title of each warning message
SiriSSUKitModel/SSUModelDecoder.swift
decode(root:with:)
_TtC15SiriSSUKitModel15SSUModelDecoder
referenceProvider
decoder
Missing implemention for model version 
_TtC15SiriSSUKitModel14SSUYAMLEncoder
parent
YamsDecodeMarker
Value should not be empty
Expected value. First value is expected, second is the input
Value isn't valid
Value is too long
mismatch_expression
value did not match regular expression
Not adding prefixes as they are disabled
SiriSSUKitModel/VariablesBuilder+InternalVariables.swift
addPrefixVariablesFor(locales:)
ssu://Resources/prefix/
missing_definitions
Shown when we're missing definitions
Not adding standard negatives as they are disabled
SiriSSUKitModel/SSUKitModelBuilder.swift
addStandardAppShortcutNegativesFor(locales:)
${+standardAppShortcutNegatives}
Not adding standard negatives as there are no positive intents
ssu://Resources/standardAppShortcutNegatives/
SiriSSUKitModel/SSUModelEncoder.swift
encode(model:)
Starting encoding the SSU model
write(model:rootFileName:)
Starting writing the SSU model
_TtC15SiriSSUKitModel15SSUModelEncoder
_TtCC15SiriSSUKitModel7Context6Marker
marks
_TtC15SiriSSUKitModel10ASRBuilder
pronunciations
training
pronunciationReferences
trainingReferences
_TtC15SiriSSUKitModel13CodableHasher
scopes
SiriSSUKitModel/CodableHasher.swift
hash(_:userInfo:)
SiriSSUKitModel/V1SiriSSUKitModel.swift
resolveLocaleVariableScope(_:)
 is currently not supported by validation.
SiriSSUKitModel/Validator.swift
nested(codingKey:keyPath:)
_TtCC15SiriSSUKitModel10NLUBuilder21ShortcutIntentBuilder
title
testsBuilders
testsReferences
_TtC15SiriSSUKitModel18NLUTestCaseBuilder
utterance
parameters
Down-casted Array element failed to match the target type
Expected 
NSArray element failed to match the Swift Array Element type
Expected 
com.apple.siri.nlteam.SiriSSUKitModel
offset element 
validate(context:codingPath:)
invalid_missing_key
An indication that a keyed decoding container was asked for an entry for the given key, but did not contain one.
Could not convert key to type
Cannot initialize
An indication that a value of the given type could not be decoded because it did not match the type of what was found in the encoded payload.
root of the file
An indication it's not a valid SSU struct.
_TtCVV15SiriSSUKitModel13V1SSUKitModel8Template16ExpressionHolder
expression
Could not read parent locale. Ensure that this is set in the parent struct.
SiriSSUKitModel/V1SiriSSUKitModel+template.swift
Could not read variable scope.
unresolved_variables
Indicates that some variable references can't be found.
General unresolved occured in a template
unterminated sequence at character number 
invalid variable syntax 
 at character number 
invalid escaped character. Found 
Empty variable name
key value 
Cannot create key for 
_TtC15SiriSSUKitModel7Context
marker
validationUserInfo
variableScope
rootReferenceLocation
_TtC15SiriSSUKitModel18ValidationUserInfo
parentLocale
locales
intentNames
variableNames
Internal error: could not read referenceProvider from userInfo.
Internal error: could not read genericDecoder from userInfo.
Use underlyingerror
Internal error: could not read genericEncoder from userInfo.
Invalid reference
' does not exist.
_TtC15SiriSSUKitModel21NoOpReferenceProvider
_TtC15SiriSSUKitModel14SSUYAMLDecoder
Reading reference 
SiriSSUKitModel/DiskReferenceProviderProvider.swift
read(reference:)
: does not exist
 does not exist.
Writing reference 
write(reference:data:)
Creating intermediate directories 
Parsing reference 
parse(reference:)
Parsed reference 
ssu://Resources/
_TtC15SiriSSUKitModel21DiskReferenceProvider
workingDirectory
parse SSU resource
resource URL does not exist
Parsed internal SSU reference 
parseSSUResource(path:)
_TtC15SiriSSUKitModel16VariablesBuilder
variableBuilders
_TtCC15SiriSSUKitModel16VariablesBuilder15VariableBuilder
type
localeSynomyms
localeReferences
yaml_parser_update_buffer
reader.c
parser->read_handler
invalid leading UTF-8 octet
incomplete UTF-8 octet sequence
invalid trailing UTF-8 octet
invalid length of a UTF-8 sequence
invalid Unicode character
incomplete UTF-16 character
unexpected low surrogate area
incomplete UTF-16 surrogate pair
expected low surrogate area
control characters are not allowed
input is too long
input error
token
while scanning for the next token
found character that cannot start any token
while scanning a simple key
could not find expected ':'
YAML
while scanning a directive
found unknown directive name
did not find expected comment or line break
could not find expected directive name
found unexpected non-alphabetical character
while scanning a %YAML directive
did not find expected digit or '.' character
found extremely long version number
did not find expected version number
while scanning a %TAG directive
did not find expected whitespace
did not find expected whitespace or line break
while scanning a tag directive
while scanning a tag
did not find expected '!'
while parsing a tag directive
while parsing a %TAG directive
while parsing a tag
did not find expected tag URI
did not find URI escaped octet
found an incorrect leading UTF-8 octet
found an incorrect trailing UTF-8 octet
block sequence entries are not allowed in this context
mapping keys are not allowed in this context
mapping values are not allowed in this context
while scanning an anchor
while scanning an alias
did not find expected alphabetic or numeric character
did not find the expected '>'
while scanning a block scalar
found an indentation indicator equal to 0
found a tab character where an indentation space is expected
while scanning a quoted scalar
found unexpected document indicator
found unexpected end of stream
while parsing a quoted scalar
found unknown escape character
did not find expected hexdecimal number
found invalid Unicode character escape code
while scanning a plain scalar
found unexpected ':'
found a tab character that violates indentation
yaml_parser_parse
parser.c
event
did not find expected <stream-start>
did not find expected <document start>
tag:yaml.org,2002:
found duplicate %YAML directive
found incompatible YAML document
found duplicate %TAG directive
while parsing a node
found undefined tag handle
while parsing a block node
while parsing a flow node
did not find expected node content
while parsing a block collection
did not find expected '-' indicator
while parsing a block mapping
did not find expected key
while parsing a flow sequence
did not find expected ',' or ']'
while parsing a flow mapping
did not find expected ',' or '}'
expected nothing after STREAM-END
expected STREAM-START
%YAML
%TAG
expected DOCUMENT-START or STREAM-END
incompatible %YAML directive
tag handle must not be empty
tag handle must start with '!'
tag handle must end with '!'
tag handle must contain alphanumerical characters only
tag prefix must not be empty
duplicate %TAG directive
expected SCALAR, SEQUENCE-START, MAPPING-START, or ALIAS
neither tag nor implicit flags are specified
expected DOCUMENT-END
alias value must not be empty
anchor value must not be empty
alias value must contain alphanumerical characters only
anchor value must contain alphanumerical characters only
tag value must not be empty
yaml_emitter_flush
writer.c
emitter
emitter->write_handler
emitter->encoding
write error
yaml_parser_initialize
api.c
yaml_parser_delete
yaml_parser_set_input_string
!parser->read_handler
input
handler
yaml_parser_set_encoding
!parser->encoding
yaml_emitter_initialize
yaml_emitter_delete
!emitter->write_handler
yaml_emitter_set_output
yaml_emitter_set_encoding
!emitter->encoding
yaml_emitter_set_canonical
yaml_emitter_set_indent
yaml_emitter_set_width
yaml_emitter_set_unicode
yaml_emitter_set_break
yaml_token_delete
yaml_stream_start_event_initialize
yaml_stream_end_event_initialize
yaml_document_start_event_initialize
(tag_directives_start && tag_directives_end) || (tag_directives_start == tag_directives_end)
tag_directive->handle
tag_directive->prefix
yaml_document_end_event_initialize
yaml_scalar_event_initialize
value
yaml_sequence_start_event_initialize
yaml_sequence_end_event_initialize
yaml_mapping_start_event_initialize
yaml_mapping_end_event_initialize
yaml_event_delete
tag:yaml.org,2002:str
tag:yaml.org,2002:bool
tag:yaml.org,2002:float
tag:yaml.org,2002:null
tag:yaml.org,2002:int
tag:yaml.org,2002:binary
tag:yaml.org,2002:timestamp
tag:yaml.org,2002:map
tag:yaml.org,2002:set
tag:yaml.org,2002:seq
tag:yaml.org,2002:omap
tag:yaml.org,2002:pairs
^([0-9][0-9][0-9][0-9])
(?:(?:[Tt]|[ \t]+)
(?:[ \t]*(Z|([-+])([0-9][0-9]?)
(?::([0-9][0-9]))?))?)?$
utf8
utf16
serializer is closed
serializer is already opened
serializer is not opened
_TtC7libYams7Emitter
data
state
 does not conform to NodeRepresentable!
String could not be decoded from data using '
: error: composer: 
: error: parser: 
: error: scanner: 
: error: reader: 
No error is produced
libYams/YamlError.swift
Fatal error
Parser has unknown error: 
Emitter has unknown error: 
tag:yaml.org,2002:value
_TtC7libYams11Constructor
scalarMap
mappingMap
sequenceMap
libYams/Constructor.swift
libYams/Resolver.swift
_TtC7libYams8Resolver
rules
^(?:[0-9][0-9][0-9][0-9]-[0-9][0-9]-[0-9][0-9]|[0-9][0-9][0-9][0-9]-[0-9][0-9]?-[0-9][0-9]?(?:[Tt]|[ \t]+)[0-9][0-9]?:[0-9][0-9]:[0-9][0-9](?:\.[0-9]*)?(?:[ \t]*(?:Z|[-+][0-9][0-9]?(?::[0-9][0-9])?))?)$
^(?:~|null|Null|NULL|)$
tag:yaml.org,2002:merge
^(?:[-+]?(?:[0-9][0-9_]*)(?:\.[0-9_]*)?(?:[eE][-+]?[0-9]+)?|\.[0-9_]+(?:[eE][-+][0-9]+)?|[-+]?[0-9][0-9_]*(?::[0-5]?[0-9])+\.[0-9_]*|[-+]?\.(?:inf|Inf|INF)|\.(?:nan|NaN|NAN))$
^(?:[-+]?0b[0-1_]+|[-+]?0o?[0-7_]+|[-+]?(?:0|[1-9][0-9_]*)|[-+]?0x[0-9a-fA-F_]+|[-+]?[1-9][0-9_]*(?::[0-5]?[0-9])+)$
^(?:yes|Yes|YES|no|No|NO|true|True|TRUE|false|False|FALSE|on|On|ON|off|Off|OFF)$
yyyy'-'MM'-'dd'T'HH':'mm':'ss'Z'
yyyy'-'MM'-'dd'T'HH':'mm':'ss
Failed to represent 
tag:yaml.org,2002:yaml
_TtC7libYams3Tag
constructor
name
The given data was not valid YAML.
_TtC7libYams11YAMLDecoder
encoding
Expected to decode 
 value but found 
Unkeyed container is at end.
No value associated with key 
Unable to encode the given top-level value to YAML.
_TtC7libYams11YAMLEncoder
options
_TtC7libYamsP33_7C6737BD07738CB8A9A4968A281D14268_Encoder
node
codingPath
userInfo
sequenceStyle
mappingStyle
_TtC7libYamsP33_7C6737BD07738CB8A9A4968A281D142619_ReferencingEncoder
encoder
reference
tag:yams.encoder:unused
expected a single document in the stream
but found another document
_TtC7libYams6Parser
yaml
resolver
anchors
parser
buffer
_TtC7libYamsP33_A2BC039F5CA375E6451FB06234BEA7E65Event
libYams/Parser.swift
found undefined alias
YAMS_DEFAULT_ENCODING
`Parser.Encoding.default` was set to `
` environment variable.
_TtC6utsKit7Hasheur
hashValue
hasher
in the middle of an expression
at the beginning of an expression
_TtC6utsKit8Expander
expansions
_TtC6utsKit5Lexer
tokens
_TtC6utsKit15TextAccumulator
store
startPosition
endPosition
\ should be followed by one of the supported escaped chars: $, |, (, ), {, or }
Incomplete variable reference: `$` should be followed by `{...}`.
empty variable name
_TtC6utsKit16ExpansionCounter
count
_TtC6utsKit8Resolver
definitions
ySay
SDyS2SSgG
SSSg
ySay
$s15SiriSSUKitModel11ValidatableP
ySSG
_pSg
ySay
GIeggnno_
yS2SGIeggo_
ySay
GIeggnno_
_pIeggnzo_
ShySSG
ySay
GIeggnno_
ySay
GIeggnno_
So19NSRegularExpressionC
yS2SG
$ss30KeyedEncodingContainerProtocolP
SE_p
_pSg
SaySSG
SiSg
$sSY
$ss12CaseIterableP
ySay
GIeggnno_
_pIeggnzo_
ySay
GADGIeggo_
GShySSGIegno_
ySay
yS2SG
ySSG
yq_Gxc
$s15SiriSSUKitModel9CheckableP
_pSg
yxq__G
yxq_GG
yxq_GG
$sSl
x3key_q_5valuet
yxq_GG
$ss30ExpressibleByDictionaryLiteralP
$sST
SayxG
SDyxq_G
$s15SiriSSUKitModel14GenericDecoderP
_yptG
_ypt
yShy
ySay
yyXlG
ySay
ySay
ySay
ySay
ySay
ySay
ySSSaySSGG
ySay
ySay
ySSSay
yS2SG
_Say
ySnySiGG
_SaySSGt
SaySSGG
ySSSay
ySSSay
ySay
_SDySS
SDySS
ySay
ySay
ySay
ySay
$s15SiriSSUKitModel14GenericEncoderP
$s15SiriSSUKitModel15HashingScopableP
3key_SaySSG5valuet
ypXp_SSt
ypXp
AAySSSay
SaySSGG
3key_
ySSSay
GG5valuet
SDySSSaySSGG
SS3key_
5valuetSg
SDySS
yS2SSgG
ySSG
GIeggnno_
GSgG
SDySS
3key_SDySS
G5valuetSg
3key_SDySS
G5valuet
$ss25ExpressibleByArrayLiteralP
yypG
ySaySSGG
ySaySSGGG
GIeggnno_
_pSg
_pSg
Sl_p
Sl_pSg
GIeggnno_
GIeggnno_
GIeggnno_
GIeggnno_
GIeggnno_
ySay
GIeggnno_
ySay
GIeggnno_
ySay
GIeggnno_
GSgG
yxGG
yxGG
yxGG
ShyxG
3key_Say
G5valuet
$s15SiriSSUKitModel0C0P
$s15SiriSSUKitModel0bC0P
SaySay
xtcG
_pSg
yp3key_yp5valuet
yp3key_yp5valuetSg
SDySSypG
_pSg
Si6offset_SS3key_yp5valuet7elementt
SS3key_yp5valuetSg
SS3key_yp5valuet
ypSg
ypXmT_
_pGAFGIeggo_
_pGG
GIeggnno_
_pGG
SDySS
GIeggnno_
GIeggnno_
ySSq_G
SDySS
GGSg
_pSg
_pSg
_pSg
$s15SiriSSUKitModel13AnyReferencedP
SS9reference_t
$s15SiriSSUKitModel17ReferenceProviderP
SY_p
SY_pSg
Si5major_Si5minortSg
_A7At
SvSg_Spy
GSgSitXCSg
SvSg
SvSg_Spy
GSgSiSpySiGSgtXCSg
_ABtG
_AAt
3key_AB5valuetG
3key_AA5valuet
_yptG
_ypt
ySsSgG
SsSg
_pSg
Sayyp_yptG
SayypG
SS7problem_SiSg6offset
5valueSS4yamlt
Sg7context_SS7problem
SS4yamlt
SS7problem_t
8encoding_t
$ss25ExpressibleByFloatLiteralP
$ss27ExpressibleByIntegerLiteralP
$ss26ExpressibleByStringLiteralP
$ss43ExpressibleByExtendedGraphemeClusterLiteralP
$ss33ExpressibleByUnicodeScalarLiteralP
SS_Sit
ySS_SitG
$s7libYams12DecodeMarkerP
ypSg
ypSg
ypSg
$s7libYams19ScalarConstructibleP
$s7libYams22SexagesimalConvertibleP
_AAt
yp_yptSg
_ypSg
_yyct
_ypSg
_ypSg
$s7libYams17NodeRepresentableP
$s7libYams19ScalarRepresentableP
$s7libYams13YAMLEncodableP
$s7libYams13TagResolvableP
$sSM
ySay
3key_AB5valuetGG
ySfG
ySuG
yyp_yptG
yp_ypt
G_ACtSg
ySiG
ySdG
$s7Combine15TopLevelDecoderP
_pSg
ypSg
ypSg
ypSg
$ss30KeyedDecodingContainerProtocolP
_pSg
_pIegrzo_
$sSt
xSgyKc
SDySS
SnySiG
ySay
$sSk
$sSK
$sSm
$s6utsKit4NodeP
6actual_SJ8expectedt
_SS7messaget
G6tokens_t
SS3key_
5valuet
_pSg
SaySJG
ySJG
ShySSG5names_t
SS_SNySiG7inRanget
SJ9character_Si2atSS7messaget
SJ5found_Si2atSaySJG13expectedOneOfSS7messaget
Si2at_SS7messaget
$s6utsKit7VisitorP
SS_SNySiG5ranget
Si8position_t
ExplicitSelf
bundleIdentifier
intents
metadata
corpuses
name
title
training
tests
locale
_utterances
utterance
parameters
_cases
utterances
cases
values
data
codingPath
userInfo
count
intValue
stringValue
bundleIdentifier
shortcutIntentsBuilders
ExplicitSelf
RawValue
AllCases
name
type
definitions
parameter
expansion
locale
_synomyms
synomyms
validation
localizedDescription
codingPath
line
column
level
underlyingError
warning
error
Element
Index
Iterator
SubSequence
Indices
Value
keyOrder
wrappedDict
index
referenceProvider
decoder
parent
ExplicitSelf
shortcuts
variables
referenceProvider
encoder
valid
invalid
marks
line
column
type
stringCases
unknown
pronunciations
training
pronunciationReferences
trainingReferences
value
scopes
ExplicitSelf
apiVersion
variables
utterances
variablesNames
ArrayLiteralElement
RawValue
AllCases
ExplicitSelf
phoneSet
corpuses
xSampa
lexicon
training
locale
_phonemes
phoneme
pronunciations
value
_utterances
phonemes
utterances
Element
Index
Iterator
SubSequence
Indices
array
title
training
trainingReferences
testsBuilders
testsReferences
utterance
parameters
apiVersion
checks
ExplicitSelf
rawValue
expressionHolder
expression
stringValue
intValue
marker
validationUserInfo
variableScope
rootReferenceLocation
parentLocale
locales
intentNames
variableNames
wrappedValue
reference
RawValue
exists
parent
workingDirectory
variableBuilders
type
localeSynomyms
localeReferences
data
options
emitter
state
crln
canonical
indent
width
allowUnicode
lineBreak
explicitStart
explicitEnd
version
sortKeys
sequenceStyle
mappingStyle
_mantissa
error
problem
write_handler
write_handler_data
output
buffer
raw_buffer
encoding
best_indent
best_width
unicode
line_break
states
events
indents
tag_directives
flow_level
root_context
sequence_context
mapping_context
simple_key_context
line
column
whitespace
indention
open_ended
anchor_data
tag_data
scalar_data
opened
closed
anchors
last_anchor_id
document
initialized
problem_offset
problem_value
problem_mark
context
context_mark
read_handler
read_handler_data
input
unread
offset
mark
stream_start_produced
stream_end_produced
tokens
tokens_parsed
token_available
simple_key_allowed
simple_keys
marks
aliases
type
start_mark
end_mark
rawValue
start
pointer
last
head
tail
anchor
anchor_length
alias
handle
handle_length
suffix
suffix_length
value
length
multiline
flow_plain_allowed
block_plain_allowed
single_quoted_allowed
block_allowed
style
references
serialized
nodes
version_directive
start_implicit
end_implicit
index
RawValue
prefix
major
minor
possible
required
token_number
reader
scanner
parser
composer
writer
emitter
representer
dataCouldNotBeDecoded
memory
text
mark
ArrayLiteralElement
Value
FloatLiteralType
IntegerLiteralType
StringLiteralType
ExtendedGraphemeClusterLiteralType
UnicodeScalarLiteralType
scalar
mapping
sequence
line
column
scalarMap
mappingMap
sequenceMap
rules
regexp
RawValue
string
style
mark
plain
singleQuoted
doubleQuoted
literal
folded
RawValue
StringLiteralType
ExtendedGraphemeClusterLiteralType
UnicodeScalarLiteralType
constructor
name
resolver
rawValue
RawValue
Value
Element
Index
SubSequence
Iterator
Indices
pairs
style
mark
block
flow
value
Input
encoding
node
codingPath
userInfo
decoder
mapping
sequence
currentIndex
options
node
codingPath
userInfo
sequenceStyle
mappingStyle
encoder
reference
mapping
sequence
stringValue
intValue
Element
Iterator
RawValue
error
closure
yaml
resolver
constructor
encoding
anchors
parser
buffer
utf8
utf16
event
utf8View
utf8Slice
RawValue
ArrayLiteralElement
Element
Index
SubSequence
Iterator
Indices
nodes
style
mark
block
flow
hashValue
hasher
left
right
content
value
name
mismatch
unexpected
unconsumed
content
hashValue
initialReferences
remainingReferences
expansions
tokens
store
startPosition
endPosition
left
right
content
danglingReferences
unresolvedDefinitions
invalidVariableSyntax
expected
invalidEscapedCharacter
unterminatedSequence
emptyVariableName
atom
delim
variable
words
pipe
cons
groupOpen
groupClose
optGroupOpen
optGroupClose
count
node
definitions
pattern
close
setNumberStyle:
defaultManager
bundleWithIdentifier:
read:maxLength:
createDirectoryAtURL:withIntermediateDirectories:attributes:error:
stringFromDate:
environment
firstMatchInString:options:range:
hasBytesAvailable
init
initWithDomain:code:userInfo:
initWithPattern:options:error:
initWithURL:
numberOfRanges
open
processInfo
range
rangeAtIndex:
resourceURL
setDateFormat:
setExponentSymbol:
setLocale:
setMaximumSignificantDigits:
setNegativeInfinitySymbol:
setNotANumberSymbol:
setPositiveInfinitySymbol:
setTimeZone:
setUsesSignificantDigits:
streamError
streamStatus
stringForObjectValue:
userInfo
-([0-9][0-9]?)
-([0-9][0-9]?)
([0-9][0-9]?)
:([0-9][0-9])
:([0-9][0-9])
(?:\.([0-9]*))?
@(#)PROGRAM:SiriSSUKitModel  PROJECT:SiriSSUKit-1
NLUShortcuts
NLUShortcutIntent
NLUMetadata
NLUShortcutCorpuses
NLUShortcutTrainingCorpus
NLUShortcutTestCase
NLUShortcutTestsCorpus
CodingKeys
SiriSSUKitModel
V1SiriSSUKitModelConstants
Data
HashingEncoder
HashingKeyedEncoding
HashingUnkeyedEncoding
HashingSingleValueEncoding
IndexedCodingKey
NLUBuilder
Variable
VariableType
VariableDefinition
CodingKeys
Check
Validatable
ExplicitSelf
Checkable
ValidationMessage
Level
OrderedDictionary
Index
SSUModelDecoder
GenericDecoder
SSUYAMLEncoder
CodingKeys
SSUKitModelBuilder
SSUModelEncoder
GenericEncoder
HashingScopable
ValidationResult
Marker
Mark
NodeType
ASRBuilder
Pronunication
CodableHasher
V1SSUKitModel
CodingKeys
ExpansionResult
PhoneSet
ASRCorpuses
ASRLexiconCorpus
Phoneme
PhonemePronunciation
ASRTrainingCorpus
CodingKeys
OrderedSet
ShortcutIntentBuilder
NLUTestCaseBuilder
Model
SSUKitModel
BaseSSUKitModel
CodingKeys
Validator
Template
ExpressionHolder
DynamicCodingKeys
Context
ValidationUserInfo
Referenced
AnyReferenced
CodingKeys
ReferenceProviderError
ReferenceProvider
NoOpReferenceProvider
SSUYAMLDecoder
DiskReferenceProvider
VariablesBuilder
VariableBuilder
6BFKOTX]afjos
null
libYams
Emitter
LineBreak
Options
yaml_event_s
yaml_parser_s
State
yaml_emitter_s
Decimal
NNSDecimal
__Unnamed_union_data
yaml_event_type_e
__Unnamed_struct_aliases
__Unnamed_struct_tag_directives
__Unnamed_struct_marks
yaml_parser_state_e
__Unnamed_struct_states
__Unnamed_struct_simple_keys
__Unnamed_struct_indents
__Unnamed_struct_tokens
__Unnamed_struct_raw_buffer
__Unnamed_struct_buffer
__Unnamed_union_input
yaml_mark_s
yaml_document_s
yaml_anchors_s
__Unnamed_struct_scalar_data
__Unnamed_struct_tag_data
__Unnamed_struct_anchor_data
__Unnamed_struct_events
yaml_emitter_state_e
yaml_break_e
yaml_encoding_e
__Unnamed_union_output
yaml_error_type_e
yaml_alias_data_s
yaml_simple_key_s
yaml_token_s
yaml_version_directive_s
__Unnamed_struct_nodes
yaml_scalar_style_e
yaml_tag_directive_s
yaml_token_type_e
yaml_node_s
yaml_node_type_e
#7K_gow
*=PW^e
4Mfox
YamlError
Context
44444444
444444444444444444
44444444
444444444444444444
Node
Mark
DecodeMarker
Constructor
ScalarConstructible
SexagesimalConvertible
Resolver
Rule
Scalar
Style
NSNull
NodeRepresentable
ScalarRepresentable
YAMLEncodable
Name
TagResolvable
Mapping
Style
Pair
YAMLDecoder
_Decoder
_KeyedDecodingContainer
_UnkeyedDecodingContainer
YAMLEncoder
_Encoder
_ReferencingEncoder
Reference
_KeyedEncodingContainer
_UnkeyedEncodingContainer
_YAMLCodingKey
YamlSequence
Parser
Encoding
Event
Buffer
Sequence
Style
utsKit
Hasheur
Parser
Alternation
Group
Text
Node
Variable
Neutral
ParseError
Expression
Expander
Lexer
TextAccumulator
Product
OptGroup
ResolutionError
TokenizationError
Visitor
MU]U
Token
Atom
Delim
ExpansionCounter
Resolver
$ref
ssu/parameter
ssu/expansion
x-sampa
bundleIdentifier
+standardAppShortcutNegatives
+applicationName
\@\{.+\}|\\\(.+\)
SiriSSUKitModel/V1SiriSSUKitModelConstants.swift
invalid_variable_syntax
^[a-zA-Z_][a-zA-Z_$0-9]*$
^[a-zA-Z_+][a-zA-Z_$0-9]*$
_TtCV15SiriSSUKitModel14HashingEncoder4Data
values
HashingEncoder skipping 
SiriSSUKitModel/HashingEncoder.swift
shouldEncode(value:userInfo:)
_TtC15SiriSSUKitModel10NLUBuilder
shortcutIntentsBuilders
Internal error. Could not update context: 
Title of each error message
Title of each warning message
SiriSSUKitModel/SSUModelDecoder.swift
decode(root:with:)
_TtC15SiriSSUKitModel15SSUModelDecoder
referenceProvider
decoder
Missing implemention for model version 
_TtC15SiriSSUKitModel14SSUYAMLEncoder
parent
YamsDecodeMarker
Value should not be empty
Expected value. First value is expected, second is the input
Value isn't valid
Value is too long
mismatch_expression
value did not match regular expression
Not adding prefixes as they are disabled
SiriSSUKitModel/VariablesBuilder+InternalVariables.swift
addPrefixVariablesFor(locales:)
ssu://Resources/prefix/
missing_definitions
Shown when we're missing definitions
Not adding standard negatives as they are disabled
SiriSSUKitModel/SSUKitModelBuilder.swift
addStandardAppShortcutNegativesFor(locales:)
${+standardAppShortcutNegatives}
Not adding standard negatives as there are no positive intents
ssu://Resources/standardAppShortcutNegatives/
SiriSSUKitModel/SSUModelEncoder.swift
encode(model:)
Starting encoding the SSU model
write(model:rootFileName:)
Starting writing the SSU model
_TtC15SiriSSUKitModel15SSUModelEncoder
_TtCC15SiriSSUKitModel7Context6Marker
marks
_TtC15SiriSSUKitModel10ASRBuilder
pronunciations
training
pronunciationReferences
trainingReferences
_TtC15SiriSSUKitModel13CodableHasher
scopes
SiriSSUKitModel/CodableHasher.swift
hash(_:userInfo:)
SiriSSUKitModel/V1SiriSSUKitModel.swift
resolveLocaleVariableScope(_:)
 is currently not supported by validation.
SiriSSUKitModel/Validator.swift
nested(codingKey:keyPath:)
_TtCC15SiriSSUKitModel10NLUBuilder21ShortcutIntentBuilder
title
testsBuilders
testsReferences
_TtC15SiriSSUKitModel18NLUTestCaseBuilder
utterance
parameters
Down-casted Array element failed to match the target type
Expected 
NSArray element failed to match the Swift Array Element type
Expected 
com.apple.siri.nlteam.SiriSSUKitModel
offset element 
validate(context:codingPath:)
invalid_missing_key
An indication that a keyed decoding container was asked for an entry for the given key, but did not contain one.
Could not convert key to type
Cannot initialize
An indication that a value of the given type could not be decoded because it did not match the type of what was found in the encoded payload.
root of the file
An indication it's not a valid SSU struct.
_TtCVV15SiriSSUKitModel13V1SSUKitModel8Template16ExpressionHolder
expression
Could not read parent locale. Ensure that this is set in the parent struct.
SiriSSUKitModel/V1SiriSSUKitModel+template.swift
Could not read variable scope.
unresolved_variables
Indicates that some variable references can't be found.
General unresolved occured in a template
unterminated sequence at character number 
invalid variable syntax 
 at character number 
invalid escaped character. Found 
Empty variable name
key value 
Cannot create key for 
_TtC15SiriSSUKitModel7Context
marker
validationUserInfo
variableScope
rootReferenceLocation
_TtC15SiriSSUKitModel18ValidationUserInfo
parentLocale
locales
intentNames
variableNames
Internal error: could not read referenceProvider from userInfo.
Internal error: could not read genericDecoder from userInfo.
Use underlyingerror
Internal error: could not read genericEncoder from userInfo.
Invalid reference
' does not exist.
_TtC15SiriSSUKitModel21NoOpReferenceProvider
_TtC15SiriSSUKitModel14SSUYAMLDecoder
Reading reference 
SiriSSUKitModel/DiskReferenceProviderProvider.swift
read(reference:)
: does not exist
 does not exist.
Writing reference 
write(reference:data:)
Creating intermediate directories 
Parsing reference 
parse(reference:)
Parsed reference 
ssu://Resources/
_TtC15SiriSSUKitModel21DiskReferenceProvider
workingDirectory
parse SSU resource
resource URL does not exist
Parsed internal SSU reference 
parseSSUResource(path:)
_TtC15SiriSSUKitModel16VariablesBuilder
variableBuilders
_TtCC15SiriSSUKitModel16VariablesBuilder15VariableBuilder
type
localeSynomyms
localeReferences
yaml_parser_update_buffer
reader.c
parser->read_handler
invalid leading UTF-8 octet
incomplete UTF-8 octet sequence
invalid trailing UTF-8 octet
invalid length of a UTF-8 sequence
invalid Unicode character
incomplete UTF-16 character
unexpected low surrogate area
incomplete UTF-16 surrogate pair
expected low surrogate area
control characters are not allowed
input is too long
input error
token
while scanning for the next token
found character that cannot start any token
while scanning a simple key
could not find expected ':'
YAML
while scanning a directive
found unknown directive name
did not find expected comment or line break
could not find expected directive name
found unexpected non-alphabetical character
while scanning a %YAML directive
did not find expected digit or '.' character
found extremely long version number
did not find expected version number
while scanning a %TAG directive
did not find expected whitespace
did not find expected whitespace or line break
while scanning a tag directive
while scanning a tag
did not find expected '!'
while parsing a tag directive
while parsing a %TAG directive
while parsing a tag
did not find expected tag URI
did not find URI escaped octet
found an incorrect leading UTF-8 octet
found an incorrect trailing UTF-8 octet
block sequence entries are not allowed in this context
mapping keys are not allowed in this context
mapping values are not allowed in this context
while scanning an anchor
while scanning an alias
did not find expected alphabetic or numeric character
did not find the expected '>'
while scanning a block scalar
found an indentation indicator equal to 0
found a tab character where an indentation space is expected
while scanning a quoted scalar
found unexpected document indicator
found unexpected end of stream
while parsing a quoted scalar
found unknown escape character
did not find expected hexdecimal number
found invalid Unicode character escape code
while scanning a plain scalar
found unexpected ':'
found a tab character that violates indentation
yaml_parser_parse
parser.c
event
did not find expected <stream-start>
did not find expected <document start>
tag:yaml.org,2002:
found duplicate %YAML directive
found incompatible YAML document
found duplicate %TAG directive
while parsing a node
found undefined tag handle
while parsing a block node
while parsing a flow node
did not find expected node content
while parsing a block collection
did not find expected '-' indicator
while parsing a block mapping
did not find expected key
while parsing a flow sequence
did not find expected ',' or ']'
while parsing a flow mapping
did not find expected ',' or '}'
expected nothing after STREAM-END
expected STREAM-START
%YAML
%TAG
expected DOCUMENT-START or STREAM-END
incompatible %YAML directive
tag handle must not be empty
tag handle must start with '!'
tag handle must end with '!'
tag handle must contain alphanumerical characters only
tag prefix must not be empty
duplicate %TAG directive
expected SCALAR, SEQUENCE-START, MAPPING-START, or ALIAS
neither tag nor implicit flags are specified
expected DOCUMENT-END
alias value must not be empty
anchor value must not be empty
alias value must contain alphanumerical characters only
anchor value must contain alphanumerical characters only
tag value must not be empty
yaml_emitter_flush
writer.c
emitter
emitter->write_handler
emitter->encoding
write error
yaml_parser_initialize
api.c
yaml_parser_delete
yaml_parser_set_input_string
!parser->read_handler
input
handler
yaml_parser_set_encoding
!parser->encoding
yaml_emitter_initialize
yaml_emitter_delete
!emitter->write_handler
yaml_emitter_set_output
yaml_emitter_set_encoding
!emitter->encoding
yaml_emitter_set_canonical
yaml_emitter_set_indent
yaml_emitter_set_width
yaml_emitter_set_unicode
yaml_emitter_set_break
yaml_token_delete
yaml_stream_start_event_initialize
yaml_stream_end_event_initialize
yaml_document_start_event_initialize
(tag_directives_start && tag_directives_end) || (tag_directives_start == tag_directives_end)
tag_directive->handle
tag_directive->prefix
yaml_document_end_event_initialize
yaml_scalar_event_initialize
value
yaml_sequence_start_event_initialize
yaml_sequence_end_event_initialize
yaml_mapping_start_event_initialize
yaml_mapping_end_event_initialize
yaml_event_delete
tag:yaml.org,2002:str
tag:yaml.org,2002:bool
tag:yaml.org,2002:float
tag:yaml.org,2002:null
tag:yaml.org,2002:int
tag:yaml.org,2002:binary
tag:yaml.org,2002:timestamp
tag:yaml.org,2002:map
tag:yaml.org,2002:set
tag:yaml.org,2002:seq
tag:yaml.org,2002:omap
tag:yaml.org,2002:pairs
^([0-9][0-9][0-9][0-9])
(?:(?:[Tt]|[ \t]+)
(?:[ \t]*(Z|([-+])([0-9][0-9]?)
(?::([0-9][0-9]))?))?)?$
utf8
utf16
serializer is closed
serializer is already opened
serializer is not opened
_TtC7libYams7Emitter
data
state
 does not conform to NodeRepresentable!
String could not be decoded from data using '
: error: composer: 
: error: parser: 
: error: scanner: 
: error: reader: 
No error is produced
libYams/YamlError.swift
Fatal error
Parser has unknown error: 
Emitter has unknown error: 
tag:yaml.org,2002:value
_TtC7libYams11Constructor
scalarMap
mappingMap
sequenceMap
libYams/Constructor.swift
libYams/Resolver.swift
_TtC7libYams8Resolver
rules
^(?:[0-9][0-9][0-9][0-9]-[0-9][0-9]-[0-9][0-9]|[0-9][0-9][0-9][0-9]-[0-9][0-9]?-[0-9][0-9]?(?:[Tt]|[ \t]+)[0-9][0-9]?:[0-9][0-9]:[0-9][0-9](?:\.[0-9]*)?(?:[ \t]*(?:Z|[-+][0-9][0-9]?(?::[0-9][0-9])?))?)$
^(?:~|null|Null|NULL|)$
tag:yaml.org,2002:merge
^(?:[-+]?(?:[0-9][0-9_]*)(?:\.[0-9_]*)?(?:[eE][-+]?[0-9]+)?|\.[0-9_]+(?:[eE][-+][0-9]+)?|[-+]?[0-9][0-9_]*(?::[0-5]?[0-9])+\.[0-9_]*|[-+]?\.(?:inf|Inf|INF)|\.(?:nan|NaN|NAN))$
^(?:[-+]?0b[0-1_]+|[-+]?0o?[0-7_]+|[-+]?(?:0|[1-9][0-9_]*)|[-+]?0x[0-9a-fA-F_]+|[-+]?[1-9][0-9_]*(?::[0-5]?[0-9])+)$
^(?:yes|Yes|YES|no|No|NO|true|True|TRUE|false|False|FALSE|on|On|ON|off|Off|OFF)$
yyyy'-'MM'-'dd'T'HH':'mm':'ss'Z'
yyyy'-'MM'-'dd'T'HH':'mm':'ss
Failed to represent 
tag:yaml.org,2002:yaml
_TtC7libYams3Tag
constructor
name
The given data was not valid YAML.
_TtC7libYams11YAMLDecoder
encoding
Expected to decode 
 value but found 
Unkeyed container is at end.
No value associated with key 
Unable to encode the given top-level value to YAML.
_TtC7libYams11YAMLEncoder
options
_TtC7libYamsP33_7C6737BD07738CB8A9A4968A281D14268_Encoder
node
codingPath
userInfo
sequenceStyle
mappingStyle
_TtC7libYamsP33_7C6737BD07738CB8A9A4968A281D142619_ReferencingEncoder
encoder
reference
tag:yams.encoder:unused
expected a single document in the stream
but found another document
_TtC7libYams6Parser
yaml
resolver
anchors
parser
buffer
_TtC7libYamsP33_A2BC039F5CA375E6451FB06234BEA7E65Event
libYams/Parser.swift
found undefined alias
YAMS_DEFAULT_ENCODING
`Parser.Encoding.default` was set to `
` environment variable.
_TtC6utsKit7Hasheur
hashValue
hasher
in the middle of an expression
at the beginning of an expression
_TtC6utsKit8Expander
expansions
_TtC6utsKit5Lexer
tokens
_TtC6utsKit15TextAccumulator
store
startPosition
endPosition
\ should be followed by one of the supported escaped chars: $, |, (, ), {, or }
Incomplete variable reference: `$` should be followed by `{...}`.
empty variable name
_TtC6utsKit16ExpansionCounter
count
_TtC6utsKit8Resolver
definitions
ySay
SDyS2SSgG
SSSg
ySay
$s15SiriSSUKitModel11ValidatableP
ySSG
_pSg
ySay
GIeggnno_
yS2SGIeggo_
ySay
GIeggnno_
_pIeggnzo_
ShySSG
ySay
GIeggnno_
ySay
GIeggnno_
So19NSRegularExpressionC
yS2SG
$ss30KeyedEncodingContainerProtocolP
SE_p
_pSg
SaySSG
SiSg
$sSY
$ss12CaseIterableP
ySay
GIeggnno_
_pIeggnzo_
ySay
GADGIeggo_
GShySSGIegno_
ySay
yS2SG
ySSG
yq_Gxc
$s15SiriSSUKitModel9CheckableP
_pSg
yxq__G
yxq_GG
yxq_GG
$sSl
x3key_q_5valuet
yxq_GG
$ss30ExpressibleByDictionaryLiteralP
$sST
SayxG
SDyxq_G
$s15SiriSSUKitModel14GenericDecoderP
_yptG
_ypt
yShy
ySay
yyXlG
ySay
ySay
ySay
ySay
ySay
ySay
ySSSaySSGG
ySay
ySay
ySSSay
yS2SG
_Say
ySnySiGG
_SaySSGt
SaySSGG
ySSSay
ySSSay
ySay
_SDySS
SDySS
ySay
ySay
ySay
ySay
$s15SiriSSUKitModel14GenericEncoderP
$s15SiriSSUKitModel15HashingScopableP
3key_SaySSG5valuet
ypXp_SSt
ypXp
AAySSSay
SaySSGG
3key_
ySSSay
GG5valuet
SDySSSaySSGG
SS3key_
5valuetSg
SDySS
yS2SSgG
ySSG
GIeggnno_
GSgG
SDySS
3key_SDySS
G5valuetSg
3key_SDySS
G5valuet
$ss25ExpressibleByArrayLiteralP
yypG
ySaySSGG
ySaySSGGG
GIeggnno_
_pSg
_pSg
Sl_p
Sl_pSg
GIeggnno_
GIeggnno_
GIeggnno_
GIeggnno_
GIeggnno_
ySay
GIeggnno_
ySay
GIeggnno_
ySay
GIeggnno_
GSgG
yxGG
yxGG
yxGG
ShyxG
3key_Say
G5valuet
$s15SiriSSUKitModel0C0P
$s15SiriSSUKitModel0bC0P
SaySay
xtcG
_pSg
yp3key_yp5valuet
yp3key_yp5valuetSg
SDySSypG
_pSg
Si6offset_SS3key_yp5valuet7elementt
SS3key_yp5valuetSg
SS3key_yp5valuet
ypSg
ypXmT_
_pGAFGIeggo_
_pGG
GIeggnno_
_pGG
SDySS
GIeggnno_
GIeggnno_
ySSq_G
SDySS
GGSg
_pSg
_pSg
_pSg
$s15SiriSSUKitModel13AnyReferencedP
SS9reference_t
$s15SiriSSUKitModel17ReferenceProviderP
SY_p
SY_pSg
Si5major_Si5minortSg
_A7At
SvSg_Spy
GSgSitXCSg
SvSg
SvSg_Spy
GSgSiSpySiGSgtXCSg
_ABtG
_AAt
3key_AB5valuetG
3key_AA5valuet
_yptG
_ypt
ySsSgG
SsSg
_pSg
Sayyp_yptG
SayypG
SS7problem_SiSg6offset
5valueSS4yamlt
Sg7context_SS7problem
SS4yamlt
SS7problem_t
8encoding_t
$ss25ExpressibleByFloatLiteralP
$ss27ExpressibleByIntegerLiteralP
$ss26ExpressibleByStringLiteralP
$ss43ExpressibleByExtendedGraphemeClusterLiteralP
$ss33ExpressibleByUnicodeScalarLiteralP
SS_Sit
ySS_SitG
$s7libYams12DecodeMarkerP
ypSg
ypSg
ypSg
$s7libYams19ScalarConstructibleP
$s7libYams22SexagesimalConvertibleP
_AAt
yp_yptSg
_ypSg
_yyct
_ypSg
_ypSg
$s7libYams17NodeRepresentableP
$s7libYams19ScalarRepresentableP
$s7libYams13YAMLEncodableP
$s7libYams13TagResolvableP
$sSM
ySay
3key_AB5valuetGG
ySfG
ySuG
yyp_yptG
yp_ypt
G_ACtSg
ySiG
ySdG
$s7Combine15TopLevelDecoderP
_pSg
ypSg
ypSg
ypSg
$ss30KeyedDecodingContainerProtocolP
_pSg
_pIegrzo_
$sSt
xSgyKc
SDySS
SnySiG
ySay
$sSk
$sSK
$sSm
$s6utsKit4NodeP
6actual_SJ8expectedt
_SS7messaget
G6tokens_t
SS3key_
5valuet
_pSg
SaySJG
ySJG
ShySSG5names_t
SS_SNySiG7inRanget
SJ9character_Si2atSS7messaget
SJ5found_Si2atSaySJG13expectedOneOfSS7messaget
Si2at_SS7messaget
$s6utsKit7VisitorP
SS_SNySiG5ranget
Si8position_t
ExplicitSelf
bundleIdentifier
intents
metadata
corpuses
name
title
training
tests
locale
_utterances
utterance
parameters
_cases
utterances
cases
values
data
codingPath
userInfo
count
intValue
stringValue
bundleIdentifier
shortcutIntentsBuilders
ExplicitSelf
RawValue
AllCases
name
type
definitions
parameter
expansion
locale
_synomyms
synomyms
validation
localizedDescription
codingPath
line
column
level
underlyingError
warning
error
Element
Index
Iterator
SubSequence
Indices
Value
keyOrder
wrappedDict
index
referenceProvider
decoder
parent
ExplicitSelf
shortcuts
variables
referenceProvider
encoder
valid
invalid
marks
line
column
type
stringCases
unknown
pronunciations
training
pronunciationReferences
trainingReferences
value
scopes
ExplicitSelf
apiVersion
variables
utterances
variablesNames
ArrayLiteralElement
RawValue
AllCases
ExplicitSelf
phoneSet
corpuses
xSampa
lexicon
training
locale
_phonemes
phoneme
pronunciations
value
_utterances
phonemes
utterances
Element
Index
Iterator
SubSequence
Indices
array
title
training
trainingReferences
testsBuilders
testsReferences
utterance
parameters
apiVersion
checks
ExplicitSelf
rawValue
expressionHolder
expression
stringValue
intValue
marker
validationUserInfo
variableScope
rootReferenceLocation
parentLocale
locales
intentNames
variableNames
wrappedValue
reference
RawValue
exists
parent
workingDirectory
variableBuilders
type
localeSynomyms
localeReferences
data
options
emitter
state
crln
canonical
indent
width
allowUnicode
lineBreak
explicitStart
explicitEnd
version
sortKeys
sequenceStyle
mappingStyle
_mantissa
error
problem
write_handler
write_handler_data
output
buffer
raw_buffer
encoding
best_indent
best_width
unicode
line_break
states
events
indents
tag_directives
flow_level
root_context
sequence_context
mapping_context
simple_key_context
line
column
whitespace
indention
open_ended
anchor_data
tag_data
scalar_data
opened
closed
anchors
last_anchor_id
document
initialized
problem_offset
problem_value
problem_mark
context
context_mark
read_handler
read_handler_data
input
unread
offset
mark
stream_start_produced
stream_end_produced
tokens
tokens_parsed
token_available
simple_key_allowed
simple_keys
marks
aliases
type
start_mark
end_mark
rawValue
start
pointer
last
head
tail
anchor
anchor_length
alias
handle
handle_length
suffix
suffix_length
value
length
multiline
flow_plain_allowed
block_plain_allowed
single_quoted_allowed
block_allowed
style
references
serialized
nodes
version_directive
start_implicit
end_implicit
index
RawValue
prefix
major
minor
possible
required
token_number
reader
scanner
parser
composer
writer
emitter
representer
dataCouldNotBeDecoded
memory
text
mark
ArrayLiteralElement
Value
FloatLiteralType
IntegerLiteralType
StringLiteralType
ExtendedGraphemeClusterLiteralType
UnicodeScalarLiteralType
scalar
mapping
sequence
line
column
scalarMap
mappingMap
sequenceMap
rules
regexp
RawValue
string
style
mark
plain
singleQuoted
doubleQuoted
literal
folded
RawValue
StringLiteralType
ExtendedGraphemeClusterLiteralType
UnicodeScalarLiteralType
constructor
name
resolver
rawValue
RawValue
Value
Element
Index
SubSequence
Iterator
Indices
pairs
style
mark
block
flow
value
Input
encoding
node
codingPath
userInfo
decoder
mapping
sequence
currentIndex
options
node
codingPath
userInfo
sequenceStyle
mappingStyle
encoder
reference
mapping
sequence
stringValue
intValue
Element
Iterator
RawValue
error
closure
yaml
resolver
constructor
encoding
anchors
parser
buffer
utf8
utf16
event
utf8View
utf8Slice
RawValue
ArrayLiteralElement
Element
Index
SubSequence
Iterator
Indices
nodes
style
mark
block
flow
hashValue
hasher
left
right
content
value
name
mismatch
unexpected
unconsumed
content
hashValue
initialReferences
remainingReferences
expansions
tokens
store
startPosition
endPosition
left
right
content
danglingReferences
unresolvedDefinitions
invalidVariableSyntax
expected
invalidEscapedCharacter
unterminatedSequence
emptyVariableName
atom
delim
variable
words
pipe
cons
groupOpen
groupClose
optGroupOpen
optGroupClose
count
node
definitions
pattern
close
setNumberStyle:
defaultManager
bundleWithIdentifier:
read:maxLength:
createDirectoryAtURL:withIntermediateDirectories:attributes:error:
stringFromDate:
environment
firstMatchInString:options:range:
hasBytesAvailable
init
initWithDomain:code:userInfo:
initWithPattern:options:error:
initWithURL:
numberOfRanges
open
processInfo
range
rangeAtIndex:
resourceURL
setDateFormat:
setExponentSymbol:
setLocale:
setMaximumSignificantDigits:
setNegativeInfinitySymbol:
setNotANumberSymbol:
setPositiveInfinitySymbol:
setTimeZone:
setUsesSignificantDigits:
streamError
streamStatus
stringForObjectValue:
userInfo
-([0-9][0-9]?)
-([0-9][0-9]?)
([0-9][0-9]?)
:([0-9][0-9])
:([0-9][0-9])
(?:\.([0-9]*))?
