<9:2
N@333333
@(#)PROGRAM:trustd  PROJECT:Security-60095.0.0.114.1
Pc4:
|O\uo0
m}se
Apple Inc.1&0$
Apple Certification Authority1
Apple Root CA0
060425214036Z
350209214036Z0b1
Apple Inc.1&0$
Apple Certification Authority1
Apple Root CA0
, op
https://www.apple.com/appleca/0
Reliance on this certificate by any party assumes acceptance of the then applicable standard terms and conditions of use, certificate policy and certification practice statements.0
=&g 
Sj[d
Apple Root CA - G21&0$
Apple Certification Authority1
Apple Inc.1
140430181009Z
390430181009Z0g1
Apple Root CA - G21&0$
Apple Certification Authority1
Apple Inc.1
]>qf
%]'b
!hpg
Mq}Q
uAf"
fe(7
fCP?na
`CK
B0@0
}c7h
!I!9
o?!`
e]>7Gc1
Apple Root CA - G31&0$
Apple Certification Authority1
Apple Inc.1
140430181906Z
390430181906Z0g1
Apple Root CA - G31&0$
Apple Certification Authority1
Apple Inc.1
US0v0
/=@r
*wd{_N8
[O0O
B0@0
Apple Inc.1&0$
Apple Certification Authority1
Test Apple Root CA0
150422021548Z
350209214036Z0g1
Apple Inc.1&0$
Apple Certification Authority1
Test Apple Root CA0
$kzu$
]Ka.
PR#3
PR#3
https://www.apple.com/appleca/0
Reliance on this certificate by any party assumes acceptance of the then applicable standard terms and conditions of use, certificate policy and certification practice statements.0
Sq)f
M U)
gc P
_NZ/C
0n1"0 
Test Apple Global Root CA1&0$
Apple Certification Authority1
Apple Inc.1
150422024357Z
401226031337Z0n1"0 
Test Apple Global Root CA1&0$
Apple Certification Authority1
Apple Inc.1
US0v0
"Z %
c0a0
X2C0
X2C0
0l1 0
Test Apple Root CA - G31&0$
Apple Certification Authority1
Apple Inc.1
150422031744Z
401226031337Z0l1 0
Test Apple Root CA - G31&0$
Apple Certification Authority1
Apple Inc.1
US0v0
*j8"
B0@0
DELETE FROM issuers WHERE expires<?
INSERT OR REPLACE INTO issuers (uri,expires,certificate) VALUES (?,?,?)
SELECT certificate FROM issuers WHERE uri=?
SALT LAKE CITY1
THE USERTRUST NETWORK1!0
HTTP://WWW.USERTRUST.COM1
UTN-USERFIRST-HARDWARE
iZtTp
DG9*CO
ki0!!
(+pw)
$[(9s
\.aK
u#"r
jCMl
mSELECT data FROM tsettings WHERE subj=?
SELECT tset FROM tsettings WHERE sha256=?
SELECT COUNT(*) FROM tsettings
BEGIN EXCLUSIVE TRANSACTION
INSERT OR REPLACE INTO tsettings(sha256,subj,tset,data)VALUES(?,?,?,?)
COMMIT TRANSACTION
DELETE FROM tsettings WHERE sha256=?
BEGIN EXCLUSIVE TRANSACTION; DELETE from tsettings; COMMIT TRANSACTION; VACUUM;
SELECT data,tset FROM tsettings ORDER BY sha256
SELECT data,tset FROM tsettings ORDER BY sha1
<?xml version="1.0" encoding="UTF-8"?>
<!DOCTYPE plist PUBLIC "-//Apple//DTD PLIST 1.0//EN" "http://www.apple.com/DTDs/PropertyList-1.0.dtd">
<plist version="1.0">
<dict>
<key>application-identifier</key>
<string>com.apple.trustd</string>
<key>com.apple.application-identifier</key>
<string>com.apple.trustd</string>
<key>com.apple.private.assets.accessible-asset-types</key>
<array>
<string>com.apple.MobileAsset.PKITrustSupplementals</string>
<string>com.apple.MobileAsset.SecExperimentAssets</string>
</array>
<key>com.apple.private.keychain.certificates</key>
<true/>
<key>com.apple.private.necp.match</key>
<true/>
<key>com.apple.private.network.delegation-whitelist</key>
<true/>
<key>com.apple.private.network.socket-delegate</key>
<true/>
<key>com.apple.private.security.storage.SFAnalytics</key>
<true/>
<key>com.apple.private.security.storage.trustd</key>
<true/>
<key>com.apple.private.security.storage.trustd-private</key>
<true/>
<key>com.apple.private.trustd.FileHelp</key>
<true/>
<key>seatbelt-profiles</key>
<array>
<string>trustd</string>
</array>
</dict>
</plist>
WAIT4DEBUGGER
v16@?0^v8
serverxpc
anchorsOnly
keychainsAllowed
certificates
anchors
policies
responses
scts
trustedLogs
verifyDate
exceptions
auditToken
auth
{%string: %value}
Messages expect to be xpc dictionary, got: %@
appID
revocationCheck
eventAttributes
eventName
escrowType
object for key %s missing
object for key %s failed to create certificate from data
modify-anchor-certificates
result
details
info
chain
xpc_array_create failed
%@: %@ lacks entitlement %@
com.apple.private.network.socket-delegate
no certs for key %s
com.apple.application-identifier
application-identifier
entitlements
CryptoTokenKit
UseTokens
com.apple.developer.associated-application-identifier
com.apple.security.application-groups
keychain-access-groups
com.apple.developer.on-demand-install-capable
com.apple.securityd
logging
Failed to create dictionary
Unknown data encoding, expected CCDER_CONSTRUCTED_SEQUENCE
Unknown data encoding, expected CCDER_CONSTRUCTED_SET
null input
debug
ZuluCalendar
v24@?0Q8*16
Invalid date: %i, %i, %i, %i, %i, %i, %i
trailing garbage at end of datetime
Invalid datetime character
Unexpected end of datetime
fraction without digits
fraction ends in 0
overflow
Not a decimal digit
Invalid universal time year between 50 and 70
Failed to create utc date
Failed to create date
setting default value
continuing
Failed to encode date.
yMdHms
com.apple.utilities.sqlite3
%@: [%d->%d]%@ %s
%@: [%d]%@ %s
%@: [%d->%d] %s sql: %s
%@: [%d] %s sql: %s
SecDb
<SecDb path:%@ connections: %@>
SecCritical
__OSINSTALL_ENVIRONMENT
#SecDB
file::memory:?cache=shared
%@-commit
Error with unexecuted sql remaining %@
finalize: %p
PRAGMA integrity_check
v16@?0^{sqlite3_stmt=}8
SecDbStep SQLITE_ROW returned without a row handler
NULL
%s-iscorrupt
SecDbHandleCorrupt not allowed to repair, handled error: [%d] %s
/Library/Keychains/caissuercache.sqlite3
/Library/Keychains/TrustStore.sqlite3
/Library/Keychains/ocspcache.sqlite3
/Library/Keychains/keychain-2.db
SQL DB %@ is corrupted already. Corruption error was: %d (previously %d)
step
prepare_v2: %@ unused sql: %@
v24@?0r*8Q16
preparev2
prepare_v2: sql bigger than INT_MAX
pragma incremental_vacuum(%d)
pragma freelist_count
SecDbWithSQL perform block missing
pragma page_count
ROLLBACK
invalid transaction type %d
BEGIN IMMEDIATE
BEGIN EXCLUSIVE
SQLProfile
mkpath_np %s: [%d] %s
PRAGMA auto_vacuum
PRAGMA auto_vacuum = incremental
VACUUM
PRAGMA journal_mode = WAL
open_v2 "%s" 0x%X
Unable to process corruption marker: %{darwin.errno}d
SecDbConnection
closed
open
<SecDbConnection %s %s>
B16@?0^{__OpaqueSecDbConnection={__CFRuntimeBase=QAQ}^{__OpaqueSecDb}BBQBiB^{__CFError}^{sqlite3}^{__CFArray}}8
failed to get a db handle
bind_blob[%d]
bind_blob[%d]: blob bigger than INT_MAX
bind_text[%d]
bind_text[%d]: text bigger than INT_MAX
bind_double[%d]
bind_int[%d]
bind_int64[%d]
reset
SecDbForEach step[%d]
step[%d]: %s returned SQLITE_ROW with NULL row block
com.apple.security.cfder.error
ccder failed to encode
Number allocation failed
Number too large
Unknown number encoding
Unable to get number from data
Unknown size
Unsupported DER Type
invalid tag
Unsupported CFType
Null CFType
tag/length decode failed
String allocation failed
Unknown string encoding
Numeric string allocation failed
Unknown numeric string encoding
String extraction failed
Unknown boolean encoding
Failed to create data
Unknown data encoding
Failed to create CoreEntitlements data
Unknown CoreEntitlements encoding
Unknown null encoding
Failed to create set
Unknown data encoding, expected CCDER_CONSTRUCTED_CFSET
%@/%@
Library/Keychains
private/var/protected/
SimulateCrash
BOOL soft_SimulateCrash(pid_t, mach_exception_data_type_t, NSString *__strong)
simulate_crash.m
void *CrashReporterSupportLibrary(void)
/System/Library/PrivateFrameworks/CrashReporterSupport.framework/CrashReporterSupport
/System/Library/PrivateFrameworks/CrashReporterSupport.framework/Contents/MacOS/CrashReporterSupport
com.apple.security.xpc
code
userinfo
trustd
com.apple.security
MobileAssetContentVersion
MobileAssetLastCheckIn
OTAPKIContext.plist
TrustedCTLogs.plist
TrustedCTLogs_nonTLS.plist
AnalyticsSamplingRates.plist
AppleCertificateAuthorities.plist
SecExperimentAssets.plist
CTKillSwitch
CTKillSwitch_nonTLS
com.apple.MobileAsset.PKITrustSupplementals
com.apple.MobileAsset.SecExperimentAssets
com.apple.trustd.evaluation
/System/Library/Security/Certificates.bundle
%s%@
OTATrust
log_id
SecOTAPKI
<SecOTAPKIRef: version %llu/%llu>
com.apple.security.OTAPKIQueue
com.apple.security.OTAPKIBackgroundQueue
could not get valid snapshot
com.apple.MobileAsset.PKITrustSupplementals.ma.cached-metadata-updated
com.apple.trustd.asset-updated
com.apple.trustd.asset-check-in
com.apple.trustd.kill-switch
com.apple.trustd.secexperiment.asset-updated
missing url and version for downloaded SecExperiment asset
Failed to install new asset version %@ from %@
v16@?0q8
failed to change permissions of %s: %s
copyfile error for asset %d: %s
missing url and version for downloaded asset
skipping asset %@ because we already have _ContentVersion %@ (or newer)
installedVersion
systemVersion
assetVersion
Unable to get the current OTAPKIRef
skipping asset %@ because Compatibility Version doesn't match %@
_CompatibilityVersion
_ContentVersion
Unknown error occurred.
Failed to get asset %@ metadata within %d seconds.
TrustdAssetDownloadWaitTimeout
com.apple.trustd.asset.download
com.apple.trustd.asset.downloadAsset
failed to download asset %@: %ld
asset %@ is unknown
MAAssetState
unknown asset state %ld
no results in MobileAsset query for %@
failed to query MobileAsset %@ metadata: %ld
MAQueryResult
failed to download catalog for asset %@: %ld
MADownLoadResult
MobileAsset disabled, skipping check.
certsTable
certsIndex
EVRoots
ProductionPCSEscrowKey
ProductionEscrowKey
AppleESCertificates
sqlite3
valid
Format
Version
ValidUpdate
OTAContext.plist missing dictionary
OTAContext.plist missing check-in
OTAContext.plist missing version
Events
SupplementalsAssets
plist
CertificatePinning
GrayListedKeys
Blocked
AssetVersion
VersionNumber
PKITrustSupplementalsUpdatePeriod
Could not get escrow certificates from the current OTAPKIRef
Could not get CT logs from the current OTAPKIRef
This function may only be performed by the system trustd.
trustd/%@
trustd/
private/%@
private/
private
helper
com.apple.trustd/2.1
User-Agent
DefaultHTTPTimeout
caissuercache
CREATE TABLE issuers(uri BLOB PRIMARY KEY,expires DOUBLE NOT NULL,certificate BLOB NOT NULL);CREATE INDEX iexpires ON issuers(expires);
caissuercache.sqlite3
caissuer
SecCertificateVC
SecCertificatePathVC
<%@ certs: 
v24@?0^{__SecCertificate=}8^B16
kSecTrustSettingsPolicyOptions
kSecTrustSettingsResult
async
Error
ExceptionResetCount
com.apple.security.exception_reset_counter.plist
exception counter not implemented in this environment
ocspcache.sqlite3
ALTER TABLE ocsp ADD COLUMN certStatus INTEGER NOT NULL DEFAULT 255
SELECT issuerNameHash FROM ocsp WHERE certStatus=0 LIMIT 1
CREATE TABLE ocsp(issuerNameHash BLOB NOT NULL,issuerPubKeyHash BLOB NOT NULL,serialNum BLOB NOT NULL,hashAlgorithm BLOB NOT NULL,responseId INTEGER NOT NULL,certStatus INTEGER NOT NULL DEFAULT 255);CREATE INDEX iResponseId ON ocsp(responseId);CREATE INDEX iserialNum ON ocsp(serialNum);CREATE INDEX iSNumDAlg ON ocsp(serialNum,hashAlgorithm);CREATE TABLE responses(responseId INTEGER PRIMARY KEY,ocspResponse BLOB NOT NULL,responderURI BLOB,expires DOUBLE NOT NULL,lastUsed DOUBLE NOT NULL);CREATE INDEX iexpires ON responses(expires);CREATE TRIGGER tocspdel BEFORE DELETE ON responses FOR EACH ROW BEGIN DELETE FROM ocsp WHERE responseId=OLD.responseId; END;
SELECT DISTINCT hashAlgorithm FROM ocsp WHERE serialNum=?
v16@?0^{__SecOCSPCache=^{__OpaqueSecDb}}8
DELETE FROM responses WHERE expires<? AND responseId NOT IN (SELECT responseId FROM ocsp WHERE certStatus=1)
INSERT INTO ocsp (hashAlgorithm,issuerNameHash,issuerPubKeyHash,serialNum,responseId,certStatus) VALUES (?,?,?,?,?,?)
INSERT INTO responses (ocspResponse,responderURI,expires,lastUsed) VALUES (?,?,?,?)
DELETE FROM responses WHERE responseId=?
SELECT ocspResponse,responseId FROM responses WHERE lastUsed>? AND responseId=(SELECT responseId FROM ocsp WHERE issuerNameHash=? AND issuerPubKeyHash=? AND serialNum=? AND hashAlgorithm=?) ORDER BY expires DESC
DELETE FROM ocsp WHERE certStatus!=1; DELETE FROM responses WHERE responseId NOT IN (SELECT responseId FROM ocsp WHERE certStatus=1)
expiry
frozen
start_inclusive
end_exclusive
v16@?0^{__CFCalendar=}8
downloadFinished
event
timestamp
com.apple.trustd.valid.download
downloadStarted
update-current
com.apple.trustd.valid.updateDb
updateFinished
updateStarted
download
update
updateCanceled
downloadCanceled
https://%@/g3/v%ld
downloadScheduled
com.apple.trustd.valid.scheduleUpdate
ValidUpdateBackground
gzip,deflate,br
Accept-Encoding
Accept
com.apple.trustd.networking.background
ValidUpdateWiFiOnly
POST
:/?#[]@!$&'()*+,;=
B32@?0@8^@16^^{__CFError}24
v32@?0@"NSString"8@16^B24
unknown key (%@) in configuration dictionary
sha256
value %lu for %@ is not the expected type
value for %@ is not an array in configuration
value for CT Exceptions is not a dictionary in current configuration
value for CT Exceptions is not a dictionary in new configuration
@"NSDictionary"24@?0@"NSURL"8^@16
^v24@?0@"NSDictionary"8^^{__CFError}16
unknown key (%@) in additions dictionary
value for CA revocation additions is not a dictionary in existing configuration
value for CA revocation additions is not a dictionary in new configuration
TransparentConnectionPins
value for Transparent Connection pins is not an array in existing configuration
CT Exceptions
com.apple.trustd.ct.exceptions-changed
config
application-identifier required to set %s
Unable to write %s from user agent
Unable to write %s in this environment
CTExceptions.plist
CA Revocation Additions
com.apple.trustd.ca.revocation-changed
CARevocation.plist
Transparent Connection Pins
com.apple.trustd.hrn.pins-changed
TransparentConnectionPins.plist
nextUpdate
thisUpdate + defaultTTL
policyName
domains
rules
suffix
labelRegex
transparentConnection
PinningHostname
PinningPolicyName
PinningRules
PinningTransparentConnection
SELECT DISTINCT policies,transparentConnection FROM rules WHERE policyName=?
sslServer
SELECT DISTINCT labelRegex,policyName,policies,transparentConnection FROM rules WHERE domainSuffix=?
pinningQA
pinning logging charles
AppleServerAuthenticationNoPinningIdMS
IdMS
AppleServerAuthenticationNoPinning
Pinning DB Queue
pinningDb
CertificatePinning.plist
ALTER TABLE rules ADD COLUMN transparentConnection INTEGER
CREATE INDEX IF NOT EXISTS ipolicy ON rules(policyName);
CREATE INDEX IF NOT EXISTS idomain ON rules(domainSuffix);
CREATE TABLE IF NOT EXISTS rules(policyName TEXT NOT NULL,domainSuffix TEXT NOT NULL,labelRegex TEXT NOT NULL,policies BLOB NOT NULL,transparentConnection INTEGER,UNIQUE(policyName, domainSuffix, labelRegex));
CREATE TABLE IF NOT EXISTS admin(key TEXT PRIMARY KEY NOT NULL,ival INTEGER NOT NULL,value BLOB);
DELETE FROM rules;
v32@?0@8Q16^B24
INSERT OR REPLACE INTO rules (policyName,domainSuffix,labelRegex,policies,transparentConnection) VALUES (?,?,?,?,?) 
INSERT OR REPLACE INTO admin (key,ival,value) VALUES (?,?,?)
SELECT ival FROM admin WHERE key='version'
PRAGMA user_version = %llu
PRAGMA user_version
pinningrules.sqlite3
CheckIntermediateOrganization
CheckIntermediateCountry
CheckIntermediateMarkerOid
CheckLeafMarkersProdAndQA
CheckLeafMarkerOid
policy
path
custom
leaf
force
kSecTrustSettingsApplication
kSecTrustSettingsKeyUsage
kSecTrustSettingsPolicyString
kSecTrustSettingsPolicyName
kSecTrustSettingsPolicy
kSecTrustSettingsAllowedError
IssuerNameConstraints
IssuerPolicyConstraints
Revocation
UsageConstraints
BlackListedKey
BlackListedLeaf
WeakSignature
WeakKeySize
 source
2.5.29.37.0
1.3.6.1.5.5.7.3.1
TestSystemRoot
IgnoreMaximumValidityPeriod
TestCTRequiredSystemRoot
DisableCTAllowlistApple
DisableCTAllowlist
AppleServerAuthenticationAllowUATIdMS
valid.apple.com
v16@?0^{__SecRevocationDb=^{__OpaqueSecDb}^{dispatch_queue_s}BBB^{__CFArray}^{__CFDictionary}{os_unfair_lock_s=I}}8
v16@?0^{__OpaqueSecDbConnection=}8
v16@?0^B8
B24@?0^{__SecRevocationDbConnection=^{__SecRevocationDb}^{__OpaqueSecDbConnection}qqqB}8^^{__CFError}16
SELECT ival FROM admin WHERE key='db_version'
B16@?0^{sqlite3_stmt=}8
check_again
valid.sqlite3
com.apple.trustd.valid.db-changed
db_version
ALTER TABLE groups ADD COLUMN policies BLOB
.valid_replace
DROP TRIGGER IF EXISTS group_del;CREATE TRIGGER group_del BEFORE DELETE ON groups FOR EACH ROW BEGIN DELETE FROM serials WHERE groupid=OLD.groupid; DELETE FROM hashes WHERE groupid=OLD.groupid; DELETE FROM issuers WHERE groupid=OLD.groupid; DELETE FROM dates WHERE groupid=OLD.groupid; END;
CREATE TABLE IF NOT EXISTS dates(groupid INTEGER PRIMARY KEY NOT NULL,notbefore REAL,notafter REAL);
v12@?0i8
B44@?0^{__OpaqueSecDb=}8^{__OpaqueSecDbConnection=}16B24^B28^^{__CFError}36
Create
Open
CREATE TABLE IF NOT EXISTS admin(key TEXT PRIMARY KEY NOT NULL,ival INTEGER NOT NULL,value BLOB);CREATE TABLE IF NOT EXISTS issuers(groupid INTEGER NOT NULL,issuer_hash BLOB PRIMARY KEY NOT NULL);CREATE INDEX IF NOT EXISTS issuer_idx ON issuers(issuer_hash);CREATE TABLE IF NOT EXISTS groups(groupid INTEGER PRIMARY KEY AUTOINCREMENT,flags INTEGER,format INTEGER,data BLOB,policies BLOB);CREATE TABLE IF NOT EXISTS serials(groupid INTEGER NOT NULL,serial BLOB NOT NULL,UNIQUE(groupid,serial));CREATE TABLE IF NOT EXISTS hashes(groupid INTEGER NOT NULL,sha256 BLOB NOT NULL,UNIQUE(groupid,sha256));CREATE TABLE IF NOT EXISTS dates(groupid INTEGER PRIMARY KEY NOT NULL,notbefore REAL,notafter REAL);CREATE TRIGGER IF NOT EXISTS group_del BEFORE DELETE ON groups FOR EACH ROW BEGIN DELETE FROM serials WHERE groupid=OLD.groupid; DELETE FROM hashes WHERE groupid=OLD.groupid; DELETE FROM issuers WHERE groupid=OLD.groupid; DELETE FROM dates WHERE groupid=OLD.groupid; END;
SUCCESS
FAIL
SELECT DISTINCT groupid FROM issuers ORDER BY issuer_hash ASC
B12@?0i8
SELECT flags,format,data FROM groups WHERE groupid=?
SELECT notbefore,notafter FROM dates WHERE groupid=?
params
1.2.11
nto1
SELECT serial FROM serials WHERE groupid=? ORDER BY serial ASC
SELECT sha256 FROM hashes WHERE groupid=? ORDER by sha256 ASC
SELECT count(*) FROM serials WHERE groupid=?
SELECT count(*) FROM hashes WHERE groupid=?
serial
SELECT issuer_hash FROM issuers WHERE groupid=? ORDER BY issuer_hash ASC
SELECT count(*) FROM issuers WHERE groupid=?
SELECT count(*) FROM groups
SELECT ival FROM admin WHERE key='interval'
SELECT value FROM admin WHERE key='db_hash'
ValidVerifyEnabled
ValidUpdateInterval
SecValidUpdateProcessData: failed to get update chunk
db_hash
hash
check-again
db_format
SELECT ival FROM admin WHERE key='db_format'
interval
version
UPDATE OR IGNORE groups SET policies=? WHERE groupid=?
INSERT OR REPLACE INTO dates (groupid,notbefore,notafter) VALUES (?,?,?)
not-after
not-before
INSERT OR REPLACE INTO serials (groupid,serial) VALUES (?,?)
INSERT OR REPLACE INTO hashes (groupid,sha256) VALUES (?,?)
DELETE FROM serials WHERE groupid=? AND hex(serial) LIKE ?
DELETE FROM hashes WHERE groupid=? AND hex(sha256) LIKE ?
INSERT OR REPLACE INTO issuers (groupid,issuer_hash) VALUES (?,?)
INSERT OR REPLACE INTO groups (groupid,flags,format,data,policies) VALUES (?,?,?,?,?)
overridable
no-ca-v2
no-ca
require-ct
known-intermediates-only
check-ocsp
complete
format
SELECT flags,format,data,policies FROM groups WHERE groupid=?
DELETE FROM issuers WHERE groupid=?
issuer-hash
DELETE FROM groups WHERE groupid=?
group not found for issuer
SELECT DISTINCT groupid FROM issuers WHERE issuer_hash=?
delete
full
_SecRevocationDbApplyUpdate: invalid db or update parameter
SecValidUpdateProcessData: data longer than expected
SecValidUpdateProcessData: data length is too short
SecValidUpdateProcessData: invalid update format
db_source
DELETE FROM groups; DELETE FROM admin WHERE key='version'; DELETE FROM sqlite_sequence
SELECT value FROM admin WHERE key='db_source'
1.2.840.113635.100.6.51
1.2.840.113635.100.6.2.10
com.apple.trustd.valid.initialize
ValidUpdateServer
-journal
-shm
-wal
%s%s
SecValidInfo
validInfo certHash: %@ issuerHash: %@
%02X
update_check
com.apple.trustd.valid.checkNextUpdate
ValidUpdateEnabled
SELECT value FROM admin WHERE key='check_again'
Valid updates not enabled on this device
Unable to update Valid DB from user agent
validcache
SELECT rowid FROM hashes WHERE groupid=? AND sha256=?
SELECT rowid FROM serials WHERE groupid=? AND serial=?
ocsp
v12@?0I8
validupdate
 (non-recoverable error)
OCSPSigner
mitm
mitm_detection_purge_unused_roots
rootUsages
priorMitm
numDomains
score
pinningMitm
userAnchor
timeSinceLastReset
overallScore
MITMErrorDomain
PriorMitmRoots.plist
trust_analytics
errorCode
errorDomain
networking_analytics
ValidUpdateEvent
DatabaseEvent
OTAPKIEvent
MitmDetectionEvent
database
AnalyticsRate
Networking analytics not supported in this environment
X-Apple-Request-UUID
max-age
cache-control
This is an abstract class. To use it, please subclass and override didCompleteWithError.
AbstractClassException
ocsp2.apple.com
https
ocsp.apple.com
ocsp-uat.corp.apple.com
This is an abstract class. To use it, please subclass.
/System/Library/Keychains/SystemTrustSettings.plist
unable to create admin trust settings path
Admin.plist
unable to create user trust settings path
TrustSettings.plist
Authorization not present
invalid trust settings domain
system trust settings are not modifiable
trustsettings.read
trustsettings.write
Trust settings not implemented in this environment
trustsettings.write.recursive
v20@?0B8^{__CFError=}12
no trust settings for domain
com.apple.trustd.evaluation.builder
SecPinningDb
trust
v24@?0^{OpaqueSecPVC=^{SecPathBuilder}^{__CFArray}^{__CFDictionary}qB^{__CFArray}I^{__CFArray}I}8^B16
accept
non 
reject
v24@?0r^v8r^v16
http
com.apple.trustd.evaluation.recursive
v44@?0I8^{__CFArray=}12^{__CFDictionary=}20^{__CFArray=}28^{__CFError=}36
unknown domain: %@
v8@?0
system
unsupported domain: %@
admin
truststore
com.apple.trustd
/AppleInternal/Library/Security/
SIMULATOR_ROOT
CREATE TABLE tsettings(sha256 BLOB NOT NULL DEFAULT '',subj BLOB NOT NULL DEFAULT '',tset BLOB,data BLOB,PRIMARY KEY(sha256));CREATE INDEX isubj ON tsettings(subj);
SecWarning
v16@?0r*8
%@%@
.cer
TrustStore.sqlite3
user
ROLLBACK TRANSACTION
sqlite3 error: %d
xml encode failed
trustSettingsDictOrArray neither dict nor array
CFArrayCreate failed
get sha256 digest failed
get normalized subject failed
truststore is readOnly
truststore is NULL
failed to get cert sha256 digest
sqlite3_step failed
sqlite3_bind_blob failed
ts is NULL
v16@?0r^v8
ts DB is NULL
Cannot copy system trust store contents
trustStoreContents is NULL
failed to close old trust store
failed to finalize old trust store read
tset is not an array in old DB
no tset data in old DB
failed to decode cert in old DB
failed to open new trust store
failed to prepare old trust store read
failed to open old trust store database; new trust store will be empty
failed to get old DB file path
failed to get old DB file URL
operation
status
error
domain
cert
settings
data
AccountSetToNew
OTAGetEscrowCertificates
OTAPKIGetNewAsset
OTASecExperimentGetNewAsset
OTASecExperimentGetAsset
AcceptApplicants
BailFromCircle
CanAuthenticate
CopyApplicantPeerInfo
CopyConcurringPeerPeerInfo
CopyEngineState
CopyGenerationPeerInfo
CopyMyPeerInfo
CopyNotValidPeerPeerInfo
CopyPeerPeerInfo
CopyRetirementPeerInfo
CopyValidPeerPeerInfo
CopyViewUnawarePeerInfo
DeviceInCircle
GetLastDepartureReason
LoggedOutOfAccount
ProcessSyncWithAllPeers
ProcessSyncWithPeers
ProcessUnlockNotification
PurgeUserCredentials
RejectApplicants
RemoveThisDeviceFromCircle
RemovePeersFromCircle
RequestToJoin
RequestToJoinAfterRestore
ResetToEmpty
ResetToOffering
RollKeys
SetBagForAllSlices
SetLastDepartureReason
SetNewPublicBackupKey
SetUserCredentials
SetUserCredentialsAndDSID
TryUserCredentials
ValidateUserPublic
View
add_shared_web_credential
copy_shared_web_credential
delete_all
get_log_settings
backup_copy_names
backup_register_view
backup_handoff_fd
backup_restore
backup_set_confirmed_manifest
copy_matching
keychain_backup
keychain_backup_syncable
keychain_restore
keychain_restore_syncable
keychain_sync_update_message
ota_pki_trust_store_version
ota_pki_asset_version
otr_session_create_remote
otr_session_process_packet_remote
set_circle_log_settings
set_xpc_log_settings
trust_evaluate
trust_store_contains
trust_store_remove_certificate
trust_store_set_trust_settings
trust_store_copy_all
trust_store_copy_usage_constraints
ocsp_cache_flush
EnsurePeerRegistration
WhoAmI
TransmogrifyToSyncBubble
UpdateTokenItems
sec_delete_items_with_access_groups_id
kSecXPCOpPeersHaveViewsEnabled
RegisterRecoveryPublicKey
GetRecoveryPublicKey
MessageFromPeerIsPending
SendToPeerIsPending
copy_parent_certificates
certificate_exists
KeybagAdd
KeybagDelete
KeychainControlEndpoint
NetworkingAnalyticsReport
SetCTExceptions
CopyCTExceptions
GetExceptionResetCount
IncrementExceptionResetCount
SetCARevocationAdditions
CopyCARevocationAdditions
SetTransparentConnectionPins
CopyTransparentConnectionPins
trust_settings_set_data
trust_settings_copy_data
sec_truststore_remove_all
Unknown xpc operation
object for key %s is NULL
SecError
trailing garbage after der decoded object for key %s
no object for key %s
object for key %s not array but %@
failed to create data for key %s
no data for key %s
object for key %s not dictionary but %@
object for key %s not string
object for key %s failed to convert %s to CFString
data_array[%zu] failed to decode
failed to create CFArray of capacity %zu
data_array xpc value is not an array
SIGSTOPing self, awaiting debugger
Again, for good luck (or bad debuggers)
security failed to register xpc listener for %s, exiting
XPC [%@] operation: %@ (%llu)
Authentication is needed %@ %@ %@
%@ %@ %@
%@: returning error: %@
Received signal SIGTERM. Will terminate when clean.
Ignoring "%@" because client is API-restricted
Keychain access group com.apple.token ignored, feature not available
der: unable to encode date: %@
der: invalid date: %@; %s
Could not set up sqlite global error logging to syslog: %d
SecDb: SecDbCreate failed to create attributes for the write mutex; fairness properties are no longer present
SecDb: SecDbCreate failed to init the write mutex, this will end badly
SecDB: running from installer
_SecDbStep: SecDbConnection is readonly but we're about to write: %s
sqlite busy/locked: %d ntries: %d totaltimeout: %d
sqlite busy/locked: too long: %d ms, giving up
SecDbConnectionCheckCode detected corruption twice: going to handle corrupt DB
#SecDB warning error %{public}@ when running integrity check
#SecDB warning: failed to run integrity check due to corruption
SecDBCheckCorrupted ran integrity_check, and that didn't return ok
SecDBCheckCorrupted failed to run integrity check
operation returned code: %d integrity check=fail
operation returned code: %d: integrity check=pass
SecDBCheckCorrupted integrity_check returned %s
SecDbHandleCorrupt: killing self so that successor might cleanly delete corrupt db
SecDbHandleCorrupt: Tried to write corruption marker %s but one already exists
SecDbHandleCorrupt: Unable (%{darwin.errno}d) to create corruption marker %{public}s
incremental_vacuum failed with: (%d) %{public}s
#SecDB nested transaction asked to not be committed
sqlDb: sql trace mask: 0x%08x
SecDbSecDbProcessCorruptionMarker: Unable to check for corruption marker: %{darwin.errno}d
SecDbSecDbProcessCorruptionMarker: found corruption marker %s
SecDbSecDbProcessCorruptionMarker: Unable (%{darwin.errno}d) to delete corruption marker
SecDbSecDbProcessCorruptionMarker: Unable (%{darwin.errno}d) to delete db %{public}s
SecDbSecDbProcessCorruptionMarker: deleted corrupt db %{public}s
failed to close database connection (%d) for %@: %s
Unable to create database: %@
opened block failed: %@
opened block failed: error (%@) is being released and lost
#SecDB starting maintenance
SecDbConnectionRelease called with NULL dbconn
SecDbConnectionRelease: IO failure reported in connection, throwing away currently idle caches
dbconn: did not expect to run out of room in the %s cache when releasing connection
SecDbForEach: SecDbConnection is readonly but we're about to write: %s
Simulating crash, reason: %@, code=%08x
can't parse general name or not a type we support
variant does not allow analytics
variant does not allow file writes
variant does not allow network
variant does not allow MobileAsset
Weak-linked MobileAsset framework missing.
low-memory variant
OTATrust: failed to read entry from trusted CT logs array at index %lu
failed to read log_id from trusted CT log array entry at index %lu, computing log_id
failed to read key from trusted CT log array entry at index %lu
Failed to create OTAPKI Queues. May crash later.
OTATrust: failed to read sampling rates from asset data: %@
OTATrust: failed to read Apple CAs list from asset data: %@
%s path
%s path as UTF8 string
EVRoot.plist is wrong type.
could not find certsIndex
could not find certsTable
unable to map %s (errno %d)
Initializing listener for PKI Asset changes from system trustd.
Initializing listener for SecExperiment Asset changes from system trustd.
Got notification about a new SecExperiment asset from system trustd.
OTATrust: failed to update SecExperiment Asset after notification: %ld
Updated SecExperiment asset successfully
finished update to version %@ from installed asset. purging asset.
OTATrust: unable to create SecExperiment from asset file: %@
updating SecExperiment asset version from %llu to %llu
OTATrust: purge failed: %ld
OTATrust: unable to create TrustedCTLogs from asset file: %@
OTATrust: unable to create TrustedCTLogs_nonTLS from asset file: %@
OTATrust: unable to create AnalyticsSamplingRates from asset file: %@
OTATrust: unable to create AppleCAs from asset file: %@
failed to change permissions of %s: %s
OTATrust: failed to write last check-in time: %@
OTATrust: unable to write OTA Context to disk: %@
failed to remove %@: %s
updating asset version from %llu to %llu
OTATrust: %@
Initial check with MobileAsset for newer SecExperiment asset
begin MobileAsset query for catalog %@
begin MobileAsset metadata sync request %{public}@
got CT kill switch = %d
got non-TLS CT kill switch = %d
asset %{public}@ is downloading
begin download of OTATrust asset
Asset staleness state: warning
Asset staleness state: at risk
found on-disk kill switch %{public}@ with value %d
Got notification about successful PKITrustSupplementals asset check-in
Got notification about a new PKITrustSupplementals asset from system trustd.
OTATrust: failed to update from asset after notification: %@
Initial check with MobileAsset for newer PKITrustSupplementals asset
Got notification about a new PKITrustSupplementals asset from mobileassetd.
unable to unmap %ld bytes at %p (error %d)
read: %ld
asset (%llu) is not newer than the system version (%llu); deleting stale data
resource: %@ not found
could not create path: %s (%s)
Using asset v%llu instead of system v%llu
resource: %@.%@ in %@ not found
OTATrust: failed to read CT list from asset data: %@
Setting periodic update delta to %d seconds
asset found
asset NULL
trustd file permissions already fixed. skipping trustdFileHelper call.
Retrieved DefaultHTTPTimeout setting for %llu seconds
caissuer cache add failed: %s
caissuer cache flush failed: %s
caissuer cache expire failed: %s
caissuer db CREATE TABLES: %s
caissuer cache lookup failed: %s
failed to find context for %@
Failed to download issuer %@, with error %@
too many caIssuer entries (%ld)
Leaf has invalid basic constraints
Leaf has invalid key usage %u
Leaf's public key is too small for issuance before 2014
Leaf's public key is too small for issuance after 2013
Leaf was issued with SHA-1 after 2015
policy tree failure on cert %u
policy mapping anyPolicy failure %u
policy tree failure on leaf
skipping CAIssuer fetch for expired %@
exceptionResetCount: %llu (%s)
Failed to read from permanent storage at '%{public}@' or the data is bad. Defaulting to value %llu.
Could not find key '%{public}@'. Defaulting to value %llu.
The value for key '%{public}@' is not a number.
'%{public}@' is %llu.
Failed to increment the extensions epoch.
Current exceptions epoch value is too large. (%llu) Won't increment.
Failed to allocate memory for the exceptions epoch structure.
Failed to write to permanent storage at '%{public}@'.
'%{public}@' has been committed to permanent storage at '%{public}@'.
Failed to migrate exceptions reset count: %@
OCSP table update failed: %@
_SecOCSPCacheAddResponse failed: %@
ocsp cache lookup failed: %@
SCT version unsupported: %d
SCT is in the future: %llu > %llu
Frozen CT log issued SCT after freezing (log=%@)
SCT signature failed (log=%@)
failed to migrate user trust store; new trust store will be empty: %@
Session %@ task %@ failed with error %@
download finished at %f
received data, but output file is not open
Session %@ data task %@ returned response %ld (%@), expecting %lld bytes
failed to find revocation info directory. canceling task %@
unable to open %@ (errno %d)
download started at %f
failed to open %@: %@. canceling task %@
update started at %f
failed to read %@ with error %d
unable to unmap current update %ld bytes at %p (error %d)
update finished at %f
%s canceled at %f
running foreground data task %@ at %f
invalid update request
missing update queue, skipping update
postponing update until %f
scheduling update at %f
scheduled background data task %@ at %f
removing all old sessions for trustd
Failed to download ocsp response %@, with error %@
Unable to write %{public}s in this environment
Unable to write %{public}s from user agent
application-identifier required to set %{public}s
%{public}s have error: %@
failed to write %{public}s: %@
wrote %lu configs for %{public}s
skipping further reads. no %{public}s found: %@
have %{public}s. will need to read.
failed to establish notification for %{public}s: %u
OCSPResponse: producedAt more than 1:15 from now
OCSPResponse: thisUpdate more than 1:15 from now
OCSPResponse: nextUpdate not present
OCSPResponse: latestNextUpdate more than 1:15 ago
OCSPResponse: decode failure at top level
OCSPResponse: no responseStatus
OCSPResponse: empty responseBytes
OCSPResponse: unknown responseType
OCSPResponse: decode failure at SecAsn1OCSPBasicResponse
OCSPResponse: decode failure at SecAsn1OCSPResponseData
OCSPResponse: bad producedAt
OCSPResponse: bad responderID
OCSPResponse: bad responderID tag
OCSPResponse: decode failure at responderID
OCSPSingleResponse: thisUpdate more than 1:15 from now
OCSPSingleResponse: %s %.2f days ago
Unknown hash algorithm in singleResponse
OCSPSingleResponse: bad certStatus
OCSPSingleResponse: err decoding certStatus
OCSPResponse: bad thisUpdate DER
OCSPResponse: bad nextUpdate DER
OCSPResponse: single response has extension(s).
OCSPResponse: single response has an SCT extension.
OCSPResponse: single response has an SCT extension, parsed = %p.
ocsp response cert failed to parse
Fetching rules for policy named %@
SecPinningDb: error querying DB for policyName: %@
found matching rule for %@ policy
SecPinningDb: error querying DB for hostname: %@
found matching rule in DB for %@.%@
%@ disable pinning = %d
could not disable pinning: not an internal release
generic pinning disable = %d
SecPinningDb: failed to find pinning plist in bundle
SecPinningDb: pinning plist in wrong format
Opening db with version %@
Updating pinning database content from version %@ to version %@
Updating pinning database schema from version %@ to version %@
SecPinningDb: %s failed: %@
SecPinningDb: failed to get pinning plist URL
SecPinningDb: failed to read pinning plist from bundle: %@
SecPinningDb: missing url for downloaded asset
SecPinningDb: unable to create pinning list from asset file: %@
SecPinningDb: error installing updated pinning list version %@: %@
SecPinningDb: failed to create rules table: %@
SecPinningDb: failed to delete old values: %@
SecPinningDb: failed to populate DB from pinning list: %@
SecPinningDb: rule entry in pinning plist is wrong class
SecPinningDb: failed to get required fields from rule entry %lu
SecPinningDb: domain entry %lu for %@ in pinning rule is wrong class
SecPinningDb: failed to get required fields for entry %lu for %@
SecPinningDb: failed to insert rule %@ for %@.%@ with error %@
SecPinningDb: failed to serialize policies
SecPinningDb: error reading content version from database %@
Pinning database should update from version %@ to version %@
SecPinningDb: failed to set version %@ from pinning list: %@
SecPinningDb: failed to create admin table: %@
SecPinningDb: unable to initialize db: %@
Database Schema: %@ Content: %@
cert[%d]: skipped allowed error %@
cert[%d]: skipped exception error %@
cert[%d]: %@ =(%s)[%s]> %@
SecPVCSetResultForced: failed to get detail at index %ld (array length %ld)
kSecTrustSettingsApplication is not yet supported on this platform
policy: unknown policy key %@, skipping
unrestricted anchor%s
complex trust settings anchor
complex trust settings denied anchor
System-trusted leaf validity period is more than 60 months
System-trusted leaf validity period longer than 39 months and issued after 30 June 2016
System-trusted leaf validity period longer than 825 days and issued on or after 1 March 2018
System-trusted leaf validity period longer than 398 days and issued on or after 1 September 2020
Non-system-trusted leaf validity period longer than 825 days and issued on or after 1 July 2019
domain-based CT exception applied
key-based CT exceptions applied
name in excluded subtrees
name not in permitted subtrees
SubCA missing certificate policies
SubCA missing CRLDP
SubCA has invalid basic constraints
SubCA has invalid key usage %u
SubCA's public key is too small for issuance before 2011 or expiration before 2014
SubCA's public key is too small for issuance after 2010 or expiration after 2013
SubCA was issued with SHA-1 after 2015
subordinate certificate is not ev
anchor not in plist
Anchor issued after October 2006 and is not v3
Anchor has invalid basic constraints
Anchor has invalid key usage %u
Anchor's public key is too weak for EV
anchor certificate is not ev
valid_policies set is empty: chain not ev
certificate issuance time (%f) is later than allowed value (%f)
invalid update data
failed to verify valid update
switching db source from "%@" to "%@"
_SecRevocationDbReadSchemaVersionFromDb failed: %@
_SecRevocationDbGetVersion failed: %@
_SecRevocationDbSetNextUpdate failed: %@
_SecRevocationDbUpdateSchema failed: %@
_SecRevocationDbSetSchemaVersion failed: %@
process exiting to replace db file
unable to write %s (error %d)
Got notification of database change
%s failed: %@
Started verifying db content
Unable to read db_hash values
Expected: %@
Computed: %@
Finished verifying db content; result=%s
_SecRevocationDbCopyDateConstraints failed: %@
_SecRevocationDbGetUpdateInterval failed: %@
Skipping property list creation (length %ld is too short)
Skipping property list creation (dataLength=%ld, bytesRemaining=%ld)
Failed to deserialize update chunk %u of %u
failed to process valid update: %@
_SecRevocationDbApplyUpdate failed: invalid args
_SecRevocationDbApplyGroupDelete failed: %@
_SecRevocationDbUpdateGroup failed: %@
_SecRevocationDbUpdateIssuers failed: %@
_SecRevocationDbUpdatePerIssuerData failed: %@
_SecRevocationDbUpdateDateConstraints failed (ok=%s, localError=%@)
_SecRevocationDbUpdatePolicyConstraints failed (ok=%s, localError=%@)
_SecRevocationDbSetVersion failed: %@
_SecRevocationDbSetUpdateInterval failed: %@
_SecRevocationDbSetUpdateFormat failed: %@
_SecRevocationDbGetUpdateFormat failed: %@
_SecRevocationDbGroupIdForIssuerHash failed: %@
_SecRevocationDbSetUpdateSource failed: %d
_SecRevocationDbSetUpdateSource failed: unable to get UTF-8 encoding
_SecRevocationDbSetUpdateSource failed: %@
resetting database, result: %d (expected 1)
_SecRevocationDbRemoveAllEntries failed: %@
_SecRevocationDbCopyUpdateSource failed: %@
initializing database
copyfile error %d
failed to change protection class of copied valid snapshot: %@
remove (%s): %s
starting update
skipping update
_SecRevocationDbGetNextUpdateTime failed: %@
found a bad valid info cache entry at %ld
_SecRevocationDbSerialInGroup failed: %@
_SecRevocationDbCertHashInGroup failed: %@
error processing filter params at index %ld
BAD certStatus (%d) for cert %ld
responder: %@ returned status: %d
ocsp responder: %@ did not include status of requested cert
ocsp responder: %@ response signed by issuer
ocsp responder: %@ response signed by cert issued by issuer
ocsp signer cert not signed by issuer
ocsp response signed by certificate which does not satisfy ocspSigner policy
ocsp responder: %@ no signer found for response
CA at index %ld violates known-intermediate constraint
invalid policy constraints array
%@ not allowed by policy constraints on issuing CA
certificate issuance date not within the allowed range for this CA%s
network changed, resetting detector
detected MITM for %@
detected MITM!!
failed to write mitm roots to disk: %@
failed to connect to server: %@
failed redirection for %@
failed to find task for taskId: %@
Too many fetch %@ requests for this cert
request for uri: %@
skipping unsupported scheme %@
skipping host due to too many recent timeouts: %@
_readFile: short read (%ld)
found pinning %lu %@ policies for hostname %@, policyName %@
Adding %lu CA pins for Transparent Connection
not building any more paths, already have %ld
completed: %@ details: %@ result: %d
In ComputeDetails, we got a reject after an accept in DidValidatePath.
replacing %sev %s score: %ld with %sev score: %ld %@
%sev score: %ld %@
%sev score: %ld lower than %ld %@
network access not allowed in this environment
network access disabled by policy
failed to get audit token for ourselves
CREATE TABLE cert: %s
Failed to create trust store database: %d
Failed to update trust store: (%d) %@
Failed to rollback transaction (%d) %@
Removal of certificate from trust store failed: %d
Clearing of trust store failed: %d
Failed to read parents from trust store: %d
Failed to query for cert in trust store: %d
Failed to query for all certs in trust store: %d
xpc: %@
softlink:o:path:/System/Library/PrivateFrameworks/CrashReporterSupport.framework/CrashReporterSupport
TrustdFileHelper_protocol
trustdAdditions
TrustURLSessionCache
CAIssuerContext
CAIssuerDelegate
NSObject
NSURLSessionDelegate
NSURLSessionTaskDelegate
NSURLSessionDataDelegate
ValidDelegate
ValidUpdateRequest
OCSPFetchDelegate
SecPinningDb
LRUStringCache
HeuristicMitmDetector
MitmDetectorRootUsage
TrustAnalytics
NetworkingAnalytics
TrustURLSessionContext
TimeoutEntry
TrustURLSessionDelegate
TrustURLRequest
currentHandler
handleFailureInFunction:file:lineNumber:description:
stringWithUTF8String:
date
isEqualToString:
timeIntervalSinceNow
count
dictionaryWithCapacity:
objectForKeyedSubscript:
setObject:forKey:
enumerateObjectsUsingBlock:
arrayWithContentsOfURL:error:
arrayWithContentsOfURL:
fileSystemRepresentation
URLByAppendingPathComponent:
logger
logResultForEvent:hardFailure:result:withAttributes:
URLWithString:relativeToURL:
dictionaryWithContentsOfURL:error:
dictionaryWithContentsOfURL:
initWithFormat:arguments:
setObject:forKeyedSubscript:
errorWithDomain:code:userInfo:
numberWithUnsignedLongLong:
unsignedLongLongValue
dateWithTimeIntervalSince1970:
boolValue
initWithType:
returnTypes:
queryMetaDataSync
results
countByEnumeratingWithState:objects:count:
assetProperty:
unsignedIntegerValue
dictionaryWithObjects:forKeys:count:
compare:
getLocalFileUrl
logSuccessForEventNamed:
purge:
mutableCopy
dictionary
writeToClassDURL:permissions:error:
initWithSuiteName:
valueForKey:
intValue
objectForKey:
base64EncodedStringWithOptions:
augmentResultsWithState:
attributes
state
startDownload:then:
startCatalogDownload:options:then:
setDiscretionary:
setAllowsCellularAccess:
fixFiles:
stringWithFormat:
synchronousRemoteObjectProxyWithErrorHandler:
writeToURL:error:
localizedStringWithFormat:
initWithMachServiceName:options:
interfaceWithProtocol:
setRemoteObjectInterface:
resume
delegate
T@"TrustURLSessionDelegate",&,V_delegate
_clientSessionMap
T@"NSMutableDictionary",&,V__clientSessionMap
_clientLRUList
T@"NSMutableArray",&,V__clientLRUList
_delegate
__clientSessionMap
__clientLRUList
initWithDelegate:
createSessionForAuditToken:
sessionForAuditToken:
setDelegate:
set_clientSessionMap:
set_clientLRUList:
.cxx_destruct
removeLastObject
removeObjectForKey:
finishTasksAndInvalidate
objectAtIndex:
insertObject:atIndex:
removeObject:
sessionWithConfiguration:delegate:delegateQueue:
set_sourceApplicationAuditTokenData:
setHTTPAdditionalHeaders:
setTimeoutIntervalForResource:
ephemeralSessionConfiguration
arrayWithCapacity:
init
callback
T^?,V_callback
_callback
setCallback:
fetchNext:context:
URLSession:task:didCompleteWithError:
URLSession:task:didFinishCollectingMetrics:
duration
taskInterval
context
contextForTask:
taskId
originalRequest
setContext:
expiration
arrayWithObjects:count:
response
removeTask:
initWithContext:uris:
array
addObject:
unsignedIntValue
numberWithUnsignedInteger:
hash
TQ,R
superclass
T#,R
description
T@"NSString",R,C
debugDescription
isEqual:
class
self
performSelector:
performSelector:withObject:
performSelector:withObject:withObject:
isProxy
isKindOfClass:
isMemberOfClass:
conformsToProtocol:
respondsToSelector:
retain
release
autorelease
retainCount
zone
URLSession:didBecomeInvalidWithError:
URLSession:didReceiveChallenge:completionHandler:
URLSessionDidFinishEventsForBackgroundURLSession:
URLSession:task:willBeginDelayedRequest:completionHandler:
URLSession:taskIsWaitingForConnectivity:
URLSession:task:willPerformHTTPRedirection:newRequest:completionHandler:
URLSession:task:didReceiveChallenge:completionHandler:
URLSession:task:needNewBodyStream:
URLSession:task:didSendBodyData:totalBytesSent:totalBytesExpectedToSend:
URLSession:dataTask:didReceiveResponse:completionHandler:
URLSession:dataTask:didBecomeDownloadTask:
URLSession:dataTask:didBecomeStreamTask:
URLSession:dataTask:didReceiveData:
URLSession:dataTask:willCacheResponse:completionHandler:
handler
T@?,C,V_handler
revDbUpdateQueue
T@"NSObject<OS_dispatch_queue>",&,V_revDbUpdateQueue
transaction
T@"NSObject<OS_os_transaction>",&,V_transaction
currentUpdateServer
T@"NSString",&,V_currentUpdateServer
currentUpdateFile
T@"NSFileHandle",&,V_currentUpdateFile
currentUpdateFileURL
T@"NSURL",&,V_currentUpdateFileURL
finishedDownloading
TB,V_finishedDownloading
_finishedDownloading
_handler
_revDbUpdateQueue
_transaction
_currentUpdateServer
_currentUpdateFile
_currentUpdateFileURL
reschedule
updateDb:
versionFromTask:
setHandler:
setRevDbUpdateQueue:
setTransaction:
setCurrentUpdateServer:
setCurrentUpdateFile:
setCurrentUpdateFileURL:
setFinishedDownloading:
numberWithDouble:
timeIntervalSince1970
closeFile
logResultForEvent:hardFailure:result:
UTF8String
writeData:
cancel
fileHandleForWritingToURL:error:
expectedContentLength
MIMEType
statusCode
cStringUsingEncoding:
taskDescription
updateScheduled
Td,V_updateScheduled
backgroundSession
T@"NSURLSession",&,V_backgroundSession
ephemeralSession
T@"NSURLSession",&,V_ephemeralSession
_updateScheduled
_backgroundSession
_ephemeralSession
validUpdateConfiguration:
createSession:queue:forServer:
createSessions:forServer:
scheduleUpdateFromServer:forVersion:withQueue:
updateNowFromServer:version:queue:
setUpdateScheduled:
setBackgroundSession:
setEphemeralSession:
setTaskDescription:
dataTaskWithURL:
URLWithString:
copy
_obliterateAllBackgroundSessionsWithCompletionHandler:
setMaxConcurrentOperationCount:
setTLSMinimumSupportedProtocol:
set_requiresPowerPluggedIn:
setNetworkServiceType:
backgroundSessionConfigurationWithIdentifier:
createNextRequest:context:
setHTTPBody:
setHTTPMethod:
length
absoluteString
stringByAddingPercentEncodingWithAllowedCharacters:
removeCharactersInString:
URLPathAllowedCharacterSet
objectAtIndexedSubscript:
URIs
URIix
enumerateKeysAndObjectsUsingBlock:
addObjectsFromArray:
removeAllObjects
queue
T@"NSObject<OS_dispatch_queue>",&,V_queue
dbPath
T@"NSURL",&,V_dbPath
regexCacheLock
T{os_unfair_lock_s=I},V_regexCacheLock
regexCache
T@"NSMutableDictionary",&,V_regexCache
T^{__OpaqueSecDb=},V_db
_regexCacheLock
_queue
_dbPath
_regexCache
getSchemaVersion:error:
setSchemaVersion:error:
getContentVersion:error:
setContentVersion:dbConnection:error:
shouldUpdateContent:error:
insertRuleWithName:domainSuffix:labelRegex:policies:transparentConnection:dbConnection:error:
populateDbFromBundle:dbConnection:error:
removeAllRulesFromDb:error:
createOrAlterAdminTable:error:
createOrAlterRulesTable:error:
installDbFromURL:error:
copySystemPinningList
updateDb:error:pinningList:updateSchema:updateContent:
createAtPath
initializedDb
dealloc
clearCache
addSuffixToCache:entry:
queryCacheForSuffix:firstLabel:results:
isPinningDisabled:
queryForDomain:
queryForPolicyName:
setDb:
setQueue:
setDbPath:
setRegexCacheLock:
setRegexCache:
logHardError:withEventName:withAttributes:
numberWithBool:
propertyListWithData:options:format:error:
dataWithBytes:length:
numberOfMatchesInString:options:range:
regularExpressionWithPattern:options:error:
substringFromIndex:
substringToIndex:
rangeOfString:
appendString:
stringWithString:
boolForKey:
pinningDbPath
isEqualToNumber:
bytes
dataWithPropertyList:format:options:error:
numberWithInt:
numberWithInteger:
size
TQ,V_size
strings
T@"NSMutableArray",&,V_strings
_size
_strings
initWithSize:
values
setSize:
setStrings:
arrayWithArray:
containsObject:
_priorMitmRoots
T@"NSArray",&,V__priorMitmRoots
_rootHostnameMap
T@"NSMutableDictionary",&,V__rootHostnameMap
lastReset
T@"NSDate",&,V_lastReset
__priorMitmRoots
__rootHostnameMap
_lastReset
priorMitmRootsFileUrl
rootHostnameMap
removeAllRoots
removeRoot:
addRootUsage:forRoot:
setPriorMitmRoots:
priorMitmRoots
purgeUnusedRoots
reportMitmScores:
isMitmOperatingWithReporting:
rootUsageForRoot:
addPinningFailureForRoot:
addHostname:forRoot:
observeValueForKeyPath:ofObject:change:context:
reset
set_priorMitmRoots:
set_rootHostnameMap:
setLastReset:
isEqualToPath:
score
addHostname:
setPinningMitmDetected:
setUserTrustStore:
hostnames
T@"LRUStringCache",&,V_hostnames
gTLDPlusOne
T@"LRUStringCache",&,V_gTLDPlusOne
userTrustStore
TB,V_userTrustStore
pinningMitmDetected
TB,V_pinningMitmDetected
priorMitmRoot
TB,V_priorMitmRoot
Tq,V_score
lastUse
T@"NSDate",&,V_lastUse
_userTrustStore
_pinningMitmDetected
_priorMitmRoot
_hostnames
_gTLDPlusOne
_score
_lastUse
setHostnames:
setGTLDPlusOne:
setPriorMitmRoot:
setScore:
setLastUse:
characterAtIndex:
dateWithTimeIntervalSinceNow:
numberWithLongLong:
dictionaryWithDictionary:
addObserver:forKeyPath:options:context:
sharedDefaultEvaluator
databasePath
defaultAnalyticsDatabasePath:
logHardFailureForEventNamed:withAttributes:
setValuesForKeysWithDictionary:
code
domain
AddMultiSamplerForName:withTimeInterval:block:
logSoftFailureForEventNamed:withAttributes:
numberWithUnsignedChar:
floatValue
logHardFailureForEventNamed:withAttributes:timestampBucket:
trustd_logDetailedEventforEventNamed:attributesCallback:timestampBucket:
numberWithUnsignedInt:
hasPrefix:
trustd_logDetailedEventforEventNamed:attributesCallback:
unsignedLongValue
numberWithUnsignedLong:
_setFileNameLocalizationEnabled:
getBytes:range:
indexOfObject:
dateWithTimeIntervalSinceReferenceDate:
calendarWithIdentifier:
timeZoneForSecondsFromGMT:
setTimeZone:
components:fromDate:
dateFromComponents:
lowercaseString
hasSuffix:
setWithObjects:
stringWithCString:encoding:
initWithBytes:length:encoding:
initWithUUIDBytes:
UUIDString
numberWithLong:
numberWithFloat:
T^v,V_context
T@"NSArray",&,V_URIs
TQ,V_URIix
T@"NSMutableData",&,V_response
Td,V_expiration
numTasks
TQ,V_numTasks
_context
_URIs
_URIix
_response
_expiration
_numTasks
setURIs:
setURIix:
setResponse:
setExpiration:
setNumTasks:
lastAttemptDate
T@"NSDate",&,V_lastAttemptDate
timeoutCounter
TQ,V_timeoutCounter
_lastAttemptDate
_timeoutCounter
setLastAttemptDate:
setTimeoutCounter:
_taskContextMap
T@"NSMutableDictionary",&,V__taskContextMap
_serverMap
T@"NSMutableDictionary",&,V__serverMap
__taskContextMap
__serverMap
addTask:
removeServer:
addServer:
incrementCountForServer:
timeoutEntryForServer:
set_taskContextMap:
set_serverMap:
credentialForTrust:
serverTrust
authenticationMethod
protectionSpace
host
doubleValue
allHeaderFields
exceptionWithName:reason:userInfo:
appendData:
data
dataTaskWithRequest:
scheme
addValue:forHTTPHeaderField:
requestWithURL:
setHost:
setScheme:
componentsWithURL:resolvingAgainstBaseURL:
UUID
allHTTPHeaderFields
initWithUUIDString:
v24@0:8@?<v@?B@"NSError">16
v24@0:8@?16
B36@0:8@16S24^@28
@"TrustURLSessionDelegate"
@"NSMutableDictionary"
@"NSMutableArray"
@24@0:8@16
@16@0:8
v24@0:8@16
v16@0:8
^?16@0:8
v24@0:8^?16
B32@0:8@16@24
v40@0:8@16@24@32
B24@0:8@16
#16@0:8
@24@0:8:16
@32@0:8:16@24
@40@0:8:16@24@32
B16@0:8
B24@0:8#16
B24@0:8@"Protocol"16
B24@0:8:16
Vv16@0:8
Q16@0:8
^{_NSZone=}16@0:8
@"NSString"16@0:8
v32@0:8@"NSURLSession"16@"NSError"24
v40@0:8@"NSURLSession"16@"NSURLAuthenticationChallenge"24@?<v@?q@"NSURLCredential">32
v24@0:8@"NSURLSession"16
v32@0:8@16@24
v40@0:8@16@24@?32
v48@0:8@"NSURLSession"16@"NSURLSessionTask"24@"NSURLRequest"32@?<v@?q@"NSURLRequest">40
v32@0:8@"NSURLSession"16@"NSURLSessionTask"24
v56@0:8@"NSURLSession"16@"NSURLSessionTask"24@"NSHTTPURLResponse"32@"NSURLRequest"40@?<v@?@"NSURLRequest">48
v48@0:8@"NSURLSession"16@"NSURLSessionTask"24@"NSURLAuthenticationChallenge"32@?<v@?q@"NSURLCredential">40
v40@0:8@"NSURLSession"16@"NSURLSessionTask"24@?<v@?@"NSInputStream">32
v56@0:8@"NSURLSession"16@"NSURLSessionTask"24q32q40q48
v40@0:8@"NSURLSession"16@"NSURLSessionTask"24@"NSURLSessionTaskMetrics"32
v40@0:8@"NSURLSession"16@"NSURLSessionTask"24@"NSError"32
v48@0:8@16@24@32@?40
v56@0:8@16@24@32@40@?48
v56@0:8@16@24q32q40q48
v48@0:8@"NSURLSession"16@"NSURLSessionDataTask"24@"NSURLResponse"32@?<v@?q>40
v40@0:8@"NSURLSession"16@"NSURLSessionDataTask"24@"NSURLSessionDownloadTask"32
v40@0:8@"NSURLSession"16@"NSURLSessionDataTask"24@"NSURLSessionStreamTask"32
v40@0:8@"NSURLSession"16@"NSURLSessionDataTask"24@"NSData"32
v48@0:8@"NSURLSession"16@"NSURLSessionDataTask"24@"NSCachedURLResponse"32@?<v@?@"NSCachedURLResponse">40
@"NSObject<OS_dispatch_queue>"
@"NSObject<OS_os_transaction>"
@"NSString"
@"NSFileHandle"
@"NSURL"
v24@0:8Q16
q24@0:8@16
@?16@0:8
v20@0:8B16
@"NSURLSession"
@20@0:8B16
@36@0:8B16@20@28
B40@0:8@16Q24@32
d16@0:8
v24@0:8d16
@32@0:8@16@24
{os_unfair_lock_s="_os_unfair_lock_opaque"I}
^{__OpaqueSecDb=}
@32@0:8^{__OpaqueSecDbConnection=}16^^{__CFError}24
B32@0:8^{__OpaqueSecDbConnection=}16^^{__CFError}24
B40@0:8@16^{__OpaqueSecDbConnection=}24^^{__CFError}32
B32@0:8@16^@24
B72@0:8@16@24@32@40@48^{__OpaqueSecDbConnection=}56^^{__CFError}64
B48@0:8^{__OpaqueSecDbConnection=}16^^{__CFError}24@32B40B44
^{__OpaqueSecDb=}16@0:8
B40@0:8@16@24^@32
v24@0:8^{__OpaqueSecDb=}16
{os_unfair_lock_s=I}16@0:8
v20@0:8{os_unfair_lock_s=I}16
@24@0:8Q16
@"NSArray"
@"NSDate"
v24@0:8q16
B20@0:8B16
@24@0:8^{__SecCertificate=}16
v24@0:8^{__SecCertificate=}16
B32@0:8@16^{__SecCertificate=}24
v48@0:8@16@24@32^v40
@"LRUStringCache"
q16@0:8
v36@0:8@16@?24I32
v32@0:8@16@?24
@"NSMutableData"
@32@0:8^v16@24
^v16@0:8
v24@0:8^v16
zPLR
