_9Exception
NSt3__119basic_ostringstreamIcNS_11char_traitsIcEENS_9allocatorIcEEEE
NSt3__115basic_stringbufIcNS_11char_traitsIcEENS_9allocatorIcEEEE
13CSCppFakeTask
9CSCppTask
NSt3__110__function6__funcIPFmPK16CSCppSymbolOwnerENS_9allocatorIS6_EES5_EE
NSt3__110__function6__baseIFmPK16CSCppSymbolOwnerEEE
PFmPK16CSCppSymbolOwnerE
FmPK16CSCppSymbolOwnerE
NSt3__110__function6__funcIPFbPK16CSCppSymbolOwnerS4_ENS_9allocatorIS6_EES5_EE
NSt3__110__function6__baseIFbPK16CSCppSymbolOwnerS4_EEE
PFbPK16CSCppSymbolOwnerS1_E
FbPK16CSCppSymbolOwnerS1_E
NSt3__117bad_function_callE
15CSCppAddressSet
19CSCppReferenceCount
16CSCppDwarfAbbrev
21CSCppDwarfAbbrevTable
20TExtendedMachOHeaderI17SizeAndEndiannessI9Pointer3212LittleEndianEE
20TExtendedMachOHeaderI17SizeAndEndiannessI9Pointer6412LittleEndianEE
15CSCppFileMemory
11CSCppMemory
20MappedFileTableEntry
22CSCppMachTaskContainer
16CSCppStringCache
17CSCppSymbolicator
16CSCppSymbolOwner
Y@20TMMapSymbolOwnerDataI9Pointer32E
20CSCppSymbolOwnerData
NSt3__120__shared_ptr_emplaceI17TDwarfAbbrevTableI5DwarfI7Dwarf329Pointer3212LittleEndianEENS_9allocatorIS7_EEEE
17TDwarfAbbrevTableI5DwarfI7Dwarf329Pointer3212LittleEndianEE
18TDwarfSymbolAbbrevI5DwarfI7Dwarf329Pointer3212LittleEndianEE
37TDwarfReadDW_FORM_AddrAttributeActionI5DwarfI7Dwarf329Pointer3212LittleEndianEE
25CSCppDwarfAttributeAction
46TDwarfReadDW_FORM_Data1ToOffsetAttributeActionI5DwarfI7Dwarf329Pointer3212LittleEndianEE
38TDwarfReadDW_FORM_Data2AttributeActionI5DwarfI7Dwarf329Pointer3212LittleEndianEE
38TDwarfReadDW_FORM_Data4AttributeActionI5DwarfI7Dwarf329Pointer3212LittleEndianEE
38TDwarfReadDW_FORM_Data8AttributeActionI5DwarfI7Dwarf329Pointer3212LittleEndianEE
43TDwarfReadDW_FORM_Sec_OffsetAttributeActionI5DwarfI7Dwarf329Pointer3212LittleEndianEE
38TDwarfReadDW_FORM_UdataAttributeActionI5DwarfI7Dwarf329Pointer3212LittleEndianEE
38TDwarfReadDW_FORM_SdataAttributeActionI5DwarfI7Dwarf329Pointer3212LittleEndianEE
37TDwarfReadDW_FORM_StrpAttributeActionI5DwarfI7Dwarf329Pointer3212LittleEndianEE
39TDwarfReadDW_FORM_StringAttributeActionI5DwarfI7Dwarf329Pointer3212LittleEndianEE
40TDwarfReadDW_FORM_RefAddrAttributeActionI5DwarfI7Dwarf329Pointer3212LittleEndianEE
37TDwarfReadDW_FORM_Ref1AttributeActionI5DwarfI7Dwarf329Pointer3212LittleEndianEE
37TDwarfReadDW_FORM_Ref2AttributeActionI5DwarfI7Dwarf329Pointer3212LittleEndianEE
37TDwarfReadDW_FORM_Ref4AttributeActionI5DwarfI7Dwarf329Pointer3212LittleEndianEE
37TDwarfReadDW_FORM_Ref8AttributeActionI5DwarfI7Dwarf329Pointer3212LittleEndianEE
42TDwarfReadDW_FORM_Ref_UdataAttributeActionI5DwarfI7Dwarf329Pointer3212LittleEndianEE
38TDwarfReadDW_FORM_Data1AttributeActionI5DwarfI7Dwarf329Pointer3212LittleEndianEE
37TDwarfReadDW_FORM_FlagAttributeActionI5DwarfI7Dwarf329Pointer3212LittleEndianEE
44TDwarfReadDW_FORM_FlagPresentAttributeActionI5DwarfI7Dwarf329Pointer3212LittleEndianEE
33TDwarfSkipConstantAttributeActionI5DwarfI7Dwarf329Pointer3212LittleEndianEE
40TDwarfSkipDW_FORM_RefAddrAttributeActionI5DwarfI7Dwarf329Pointer3212LittleEndianEE
39TDwarfSkipDW_FORM_Block1AttributeActionI5DwarfI7Dwarf329Pointer3212LittleEndianEE
39TDwarfSkipDW_FORM_Block2AttributeActionI5DwarfI7Dwarf329Pointer3212LittleEndianEE
39TDwarfSkipDW_FORM_Block4AttributeActionI5DwarfI7Dwarf329Pointer3212LittleEndianEE
39TDwarfSkipDW_FORM_StringAttributeActionI5DwarfI7Dwarf329Pointer3212LittleEndianEE
38TDwarfSkipDW_FORM_BlockAttributeActionI5DwarfI7Dwarf329Pointer3212LittleEndianEE
29TDwarfSkipULEBAttributeActionI5DwarfI7Dwarf329Pointer3212LittleEndianEE
22TDwarfSourceInfoAbbrevI5DwarfI7Dwarf329Pointer3212LittleEndianEE
16TDwarfSkipAbbrevI5DwarfI7Dwarf329Pointer3212LittleEndianEE
41TDwarfReadDW_FORM_LineStrpAttributeActionI5DwarfI7Dwarf329Pointer3212LittleEndianEE
24CSCppNullPathTransformer
20CSCppPathTransformer
20TMMapSymbolOwnerDataI9Pointer64E
19TRawSymbolOwnerDataI9Pointer64E
NSt3__120__shared_ptr_emplaceI17TDwarfAbbrevTableI5DwarfI7Dwarf329Pointer6412LittleEndianEENS_9allocatorIS7_EEEE
17TDwarfAbbrevTableI5DwarfI7Dwarf329Pointer6412LittleEndianEE
18TDwarfSymbolAbbrevI5DwarfI7Dwarf329Pointer6412LittleEndianEE
37TDwarfReadDW_FORM_AddrAttributeActionI5DwarfI7Dwarf329Pointer6412LittleEndianEE
46TDwarfReadDW_FORM_Data1ToOffsetAttributeActionI5DwarfI7Dwarf329Pointer6412LittleEndianEE
38TDwarfReadDW_FORM_Data2AttributeActionI5DwarfI7Dwarf329Pointer6412LittleEndianEE
38TDwarfReadDW_FORM_Data4AttributeActionI5DwarfI7Dwarf329Pointer6412LittleEndianEE
38TDwarfReadDW_FORM_Data8AttributeActionI5DwarfI7Dwarf329Pointer6412LittleEndianEE
43TDwarfReadDW_FORM_Sec_OffsetAttributeActionI5DwarfI7Dwarf329Pointer6412LittleEndianEE
38TDwarfReadDW_FORM_UdataAttributeActionI5DwarfI7Dwarf329Pointer6412LittleEndianEE
38TDwarfReadDW_FORM_SdataAttributeActionI5DwarfI7Dwarf329Pointer6412LittleEndianEE
37TDwarfReadDW_FORM_StrpAttributeActionI5DwarfI7Dwarf329Pointer6412LittleEndianEE
39TDwarfReadDW_FORM_StringAttributeActionI5DwarfI7Dwarf329Pointer6412LittleEndianEE
40TDwarfReadDW_FORM_RefAddrAttributeActionI5DwarfI7Dwarf329Pointer6412LittleEndianEE
37TDwarfReadDW_FORM_Ref1AttributeActionI5DwarfI7Dwarf329Pointer6412LittleEndianEE
37TDwarfReadDW_FORM_Ref2AttributeActionI5DwarfI7Dwarf329Pointer6412LittleEndianEE
37TDwarfReadDW_FORM_Ref4AttributeActionI5DwarfI7Dwarf329Pointer6412LittleEndianEE
37TDwarfReadDW_FORM_Ref8AttributeActionI5DwarfI7Dwarf329Pointer6412LittleEndianEE
42TDwarfReadDW_FORM_Ref_UdataAttributeActionI5DwarfI7Dwarf329Pointer6412LittleEndianEE
38TDwarfReadDW_FORM_Data1AttributeActionI5DwarfI7Dwarf329Pointer6412LittleEndianEE
37TDwarfReadDW_FORM_FlagAttributeActionI5DwarfI7Dwarf329Pointer6412LittleEndianEE
44TDwarfReadDW_FORM_FlagPresentAttributeActionI5DwarfI7Dwarf329Pointer6412LittleEndianEE
33TDwarfSkipConstantAttributeActionI5DwarfI7Dwarf329Pointer6412LittleEndianEE
40TDwarfSkipDW_FORM_RefAddrAttributeActionI5DwarfI7Dwarf329Pointer6412LittleEndianEE
39TDwarfSkipDW_FORM_Block1AttributeActionI5DwarfI7Dwarf329Pointer6412LittleEndianEE
39TDwarfSkipDW_FORM_Block2AttributeActionI5DwarfI7Dwarf329Pointer6412LittleEndianEE
39TDwarfSkipDW_FORM_Block4AttributeActionI5DwarfI7Dwarf329Pointer6412LittleEndianEE
39TDwarfSkipDW_FORM_StringAttributeActionI5DwarfI7Dwarf329Pointer6412LittleEndianEE
38TDwarfSkipDW_FORM_BlockAttributeActionI5DwarfI7Dwarf329Pointer6412LittleEndianEE
29TDwarfSkipULEBAttributeActionI5DwarfI7Dwarf329Pointer6412LittleEndianEE
22TDwarfSourceInfoAbbrevI5DwarfI7Dwarf329Pointer6412LittleEndianEE
16TDwarfSkipAbbrevI5DwarfI7Dwarf329Pointer6412LittleEndianEE
41TDwarfReadDW_FORM_LineStrpAttributeActionI5DwarfI7Dwarf329Pointer6412LittleEndianEE
19TRawSymbolOwnerDataI9Pointer32E
24CSCppSymbolOwnerTimeline
15CSCppTaskMemory
A13CSCppMachTask
17DyldOwnerIteratorI17SizeAndEndiannessI9Pointer6412LittleEndianEE
19SymbolOwnerIteratorI17SizeAndEndiannessI9Pointer6412LittleEndianEE
26TMachOHeaderIteratorHelperI17SizeAndEndiannessI9Pointer6412LittleEndianEE
17DyldOwnerIteratorI17SizeAndEndiannessI9Pointer3212LittleEndianEE
19SymbolOwnerIteratorI17SizeAndEndiannessI9Pointer3212LittleEndianEE
26TMachOHeaderIteratorHelperI17SizeAndEndiannessI9Pointer3212LittleEndianEE
20NonDyldOwnerIteratorI17SizeAndEndiannessI9Pointer6412LittleEndianEE
20NonDyldOwnerIteratorI17SizeAndEndiannessI9Pointer3212LittleEndianEE
11CFIIteratorI17SizeAndEndiannessI9Pointer6412LittleEndianEE
11CFIIteratorI17SizeAndEndiannessI9Pointer3212LittleEndianEE
17CSDwarfExpression
17CSCppCFDataMemory
28CSCppInternedPathTransformer
26CSCppDyldSharedCacheMemory
14ArchiveWrapper
$@21MMapArchiveFileSystem
N21MMapArchiveFileSystem10MMapMemoryE
NSt3__110__function6__funcIZN21MMapArchiveFileSystem15delete_archivesERNS_6vectorINS2_12ArchiveEntryENS_9allocatorIS4_EEEEbE3$_3NS5_IS9_EEFbRS4_EEE
NSt3__110__function6__baseIFbRN21MMapArchiveFileSystem12ArchiveEntryEEEE
ZN21MMapArchiveFileSystem15delete_archivesERNSt3__16vectorINS_12ArchiveEntryENS0_9allocatorIS2_EEEEbE3$_3
NSt3__110__function6__funcIZN21MMapArchiveFileSystem19delete_old_archivesEyE3$_4NS_9allocatorIS3_EEFbRNS2_12ArchiveEntryEEEE
ZN21MMapArchiveFileSystem19delete_old_archivesEyE3$_4
@(#)PROGRAM:CoreSymbolicationDT  PROJECT:CoreSymbolication-64532.4
v16@?0^{CSCppSymbolOwner=^^?{atomic<int>=Ai}^{CSCppSymbolicator}{UUID=[16C]}{vector<CSCppMemoryRelocation, std::__1::allocator<CSCppMemoryRelocation> >=^{CSCppMemoryRelocation}^{CSCppMemoryRelocation}{__compressed_pair<CSCppMemoryRelocation *, std::__1::allocator<CSCppMemoryRelocation> >=^{CSCppMemoryRelocation}}}^{CSCppSymbolOwnerData}QQII{CSCppArchitecture=ii}***Q{TRange<Pointer64>=QQ}}8
ERROR, unhandled signature version
Error decoding symbol owner from signature
Error decoding symbolicator from signature
v24@?0{_CSTypeRef=QQ}8
v16@?0^v8
v32@?0^Q8^Q16*24
v24@?0r^{UUID=[16C]}8^{vector<CSCppSymbolOwner *, std::__1::allocator<CSCppSymbolOwner *> >=^^{CSCppSymbolOwner}^^{CSCppSymbolOwner}{__compressed_pair<CSCppSymbolOwner **, std::__1::allocator<CSCppSymbolOwner *> >=^^{CSCppSymbolOwner}}}16
/mach_kernel
Could not read UUID of running kernel
Unable to create any kext symbol owners.
<CSSymbolicator: %p> %s (pid:%d%s) {
 LIVE
 SEGMENT
ASSERT(%s) %s %d, %s
test_value != 0
/Library/Caches/com.apple.xbs/Sources/CoreSymbolication/CoreSymbolication-64532.4/CoreSymbolication/CSCppReferenceCount.hpp
attempted object resurrection
__crashreporter_info__: %s
CSSymbolicatorCreateWithCSCppMachTaskFlagsAndNotification exception failure: %s
test_value >= 1
over release
kern.uuid
/System/Library/Kernels
%s/%s
Failed to find matching kernel in %s%s%s
Error reading kernels directory: %s
OSBundleLoadAddress
OSBundleMachOHeaders
OSBundleExecutablePath
OSBundlePath
__kernel__
v24@?0^v8^v16
allocator<T>::allocate(size_t n) 'n' exceeds maximum supported size
null-uuid                           
[0x%016llx 0x%016llx] 
<CSSymbolOwner: %p> %s %s%s
proto
i386
x86_64h
x86_64
armv4t
armv5tej
armv6
armv7
armv7f
armv7k
armv7s
arm64e
arm64_32
arm64
unknown
any64bit
current
arm64v8
arm64_32v8
Unimplemented: 
/Library/Caches/com.apple.xbs/Sources/CoreSymbolication/CoreSymbolication-64532.4/CoreSymbolication/CSBase.cpp
Attempt to release an unhandled typeID
MACH_HEADER
Unhandled CSCppSymbolOwnerData type_id: 
<Invalid region name>
<Invalid path>
<No path>
<Invalid filename>
<CSSymbol: %p> %s
[0x%08x -> 0x%08x) %s [%s]
[0x%016llx -> 0x%016llx) %s [%s]
<Invalid symbol name>
hw.cpu64bit_capable
CSCppArchitecture: cannot answer isLittleEndian for cpu_type 
 cpuSubtype 
CSCppArchitecture: cannot answer is64Bit for cpu_type 
/private/var/db/dyld/
dyld_shared_cache_
.development
v24@?0r*8^{CSCppFileMemory=^^?{atomic<int>=Ai}*Q*QQI{basic_string<char, std::__1::char_traits<char>, std::__1::allocator<char> >={__compressed_pair<std::__1::basic_string<char, std::__1::char_traits<char>, std::__1::allocator<char> >::__rep, std::__1::allocator<char> >={__rep=(?={__long=QQ*}{__short=(?=Cc)[23c]}{__raw=[3Q]})}}}Q{basic_string<char, std::__1::char_traits<char>, std::__1::allocator<char> >={__compressed_pair<std::__1::basic_string<char, std::__1::char_traits<char>, std::__1::allocator<char> >::__rep, std::__1::allocator<char> >={__rep=(?={__long=QQ*}{__short=(?=Cc)[23c]}{__raw=[3Q]})}}}}16
v24@?0r^{macho_fat_arch={fat_arch=iiIII}}8^B16
v48@?0^{CSCppFileMemory=^^?{atomic<int>=Ai}*Q*QQI{basic_string<char, std::__1::char_traits<char>, std::__1::allocator<char> >={__compressed_pair<std::__1::basic_string<char, std::__1::char_traits<char>, std::__1::allocator<char> >::__rep, std::__1::allocator<char> >={__rep=(?={__long=QQ*}{__short=(?=Cc)[23c]}{__raw=[3Q]})}}}Q{basic_string<char, std::__1::char_traits<char>, std::__1::allocator<char> >={__compressed_pair<std::__1::basic_string<char, std::__1::char_traits<char>, std::__1::allocator<char> >::__rep, std::__1::allocator<char> >={__rep=(?={__long=QQ*}{__short=(?=Cc)[23c]}{__raw=[3Q]})}}}}8r^{CSCppArchiveEntry=[16c][12c][6c][6c][8c][10c][2c]}16Q24^B32^B40
Q16@?0^{CSCppFileMemory=^^?{atomic<int>=Ai}*Q*QQI{basic_string<char, std::__1::char_traits<char>, std::__1::allocator<char> >={__compressed_pair<std::__1::basic_string<char, std::__1::char_traits<char>, std::__1::allocator<char> >::__rep, std::__1::allocator<char> >={__rep=(?={__long=QQ*}{__short=(?=Cc)[23c]}{__raw=[3Q]})}}}Q{basic_string<char, std::__1::char_traits<char>, std::__1::allocator<char> >={__compressed_pair<std::__1::basic_string<char, std::__1::char_traits<char>, std::__1::allocator<char> >::__rep, std::__1::allocator<char> >={__rep=(?={__long=QQ*}{__short=(?=Cc)[23c]}{__raw=[3Q]})}}}}8
!<arch>
__.SYMDEF
__TEXT
__RESTRICT
__restrict
libc++.
libstdc++.
__PAGEZERO
__UNIXSTACK
Attempt to mmap %s failed, Unknown Error %d
Attempt to mmap %s failed, %s
v8@?0
Attempting to map range %llu-%llu length %llu past end of file %llu in: %s
CSCppFileMemory 
CSCppMachTaskContainer pid_for_task failed for task %u, err %d
LOAD
UNLOAD
FAILED: dyld %s of %s
__LINKEDIT
.dSYM/Contents/Resources/DWARF/
create_symbol_owner_data -- UUID: 
, Path: 
<none>
, DSYM Path: 
, is_dyld_shared_cache: 
Missing page in pid %d, create of symbol owner data for [%s] failed, err code %d
%05.2f%% hit rate (%zd of %zd lookups hit, with %zd waits)
%zd misses (%zd create, %zd failed)
%zd resymbolications attempted. (%zd replacements)
%zd entries, %zdMB footprint (%zdMB requested limit)
%zd peak entries, %zdMB peak footprint
%5.5fs create time
ENTRY COUNT: %zd
PRIVATE_KEY:0x%llx 
%s %s %sDATA:%p retain count (%d)
Attempt to use ISA32Big when it is not defined
Attempt to use ISA64Big when it is not defined
cl_kernels
/usr/
/System/
/Applications/
/mach
system
traw_symbol_owner_data.raw_ptr()->retain_count() == 2
/Library/Caches/com.apple.xbs/Sources/CoreSymbolication/CoreSymbolication-64532.4/CoreSymbolication/CSCppSymbolOwnerCache.cpp
Wrong refcount on traw_symbol_owner_data
Encountered symbol with bad name reference during binary search
kCSSymbolOwnerDataFaultedFromDisk
kCSSymbolOwnerDataFaultedFromTask
kCSSymbolOwnerDataFaultedFromSelfDyldSharedCache
kCSSymbolOwnerDataFaultedFromDiskDyldSharedCache
kCSSymbolOwnerDataFoundDsym
kCSSymbolOwnerDataFoundBinaryNextToDsym
kCSSymbolOwnerDataFoundBinaryViaDsymPlist
kCSSymbolOwnerDataEmpty
KCSSymbolOwnerDataIsTextSegmentOnly
kCSSymbolOwnerDataIsObjCRetainReleaseSupported
kCSSymbolOwnerDataIsObjCGCSupported
Obtaining DSC stripped locals from offset 
, with size 
Dyld shared cache binary not found in dsc text segment: %p
.dSYM
%u.%u.%u.%u.%u
%u.%u.%u.%u
%u.%u.%u
%u.%u
Provided dSYM: [%s] does not match symbol owner %p
dyld_v
CSCppFileMemory *new_file_memory_for_uuid_and_arch(const char *, const UUID &, CSCppArchitecture, uint32_t)
Caught exception in %s:
UNIVERSE
SEGMENT
__DWARF
Segments in dSYM [%s] could not be matched to task header
__DWARFA
__debug_info
__debug_abbrev
__debug_line
__debug_str
__debug_line_str
Bad abbrev table offset in compile unit
DT_ENABLE_DWARF_5
Compile unit with bad address_size
Unsupported compile unit type
Out of bounds compile unit
Attempt to set cursor outside bounds
Cursor overflow, attempt to read ULEB
Cursor overflow, attempt to read uint8
Cursor overflow, attempt to read dwarf_address
Unhandled form in read data binding 
Cursor overflow, attempt to read uint16
Cursor overflow, attempt to read uint32
Cursor overflow, attempt to read uint64
Cursor overflow, attempt to read dwarf_offset
Cursor overflow, attempt to skip ULEB
Cursor overflow, attempt to read LEB
Unhandled form in read string binding 
Cursor overflow, attempt to skip FORM_string
Cursor overflow, attempt to read FORM_string
Unhandled form in read ref binding 
Unhandled form in read flag binding 
DW_FORM_indirect not handled yet... 
Unhandled dwarf attribute 
Cursor overflow, attempt to skip FORM_block1
Cursor overflow, attempt to skip FORM_block2
Cursor overflow, attempt to skip FORM_block4
Cursor overflow, attempt to skip FORM_block
Possible reference cycle in DIE
Ref addr is not within the bounds of any compile unit
Out-of-bounds abstract origin or specification offset
Attempt to relocate address [0x%llx], which is outside segment deltas
[CoreSymbolication] In DWARF data from %s:
  .debug_line[%llx] file = %d is not a valid index
<Bad file name in .debug_info>
$$$bad-name-in-nlist$$$
<redacted>
$$$function-starts-fake-name$$$
$$$function-starts-fake-mangled-name$$$
Empty object_file_path in mach-o header: %s
Empty function_name in mach-o header: %s
$$$debug-map-fake-name$$$
$$$debug-map-fake-mangled-name$$$
out of range index into nlist array
__text
__OBJC
__DATA
__image_info
__objc_imageinfo
%03d: -> %s
%03d:    %s
MERGED: %s
TEXT_text_location %llx outside of relocations in mmap SOD
Region %s [%llx -> %llx) outside of relocations in mmap SOD
Source info %s [%llx -> %llx) outside of relocations in mmap SOD
create_mmap_archive_arch_specific (TEXT_text) -- UUID: 
, archive_TEXT_text: 
, raw_bytes_for_text: 
, text_len: 
, raw_TEXT_text_section: (
, max_TEXT_text_section: (
, TEXT_text_section.value(): 
, flags:
 kCSSymbolOwnerDataFaultedFromSelfDyldSharedCache
 kCSSymbolOwnerDataFaultedFromDisk
 kCSSymbolOwnerDataFaultedFromDiskDyldSharedCache
 kCSSymbolOwnerDataFoundBinaryNextToDsym
 kCSSymbolOwnerDataFoundBinaryViaDsymPlist
 kCSSymbolOwnerDataFaultedFromTask
 kCSSymbolOwnerDataEmpty
UNNAMED
Symbol %s [%llx -> %llx) outside of relocations in mmap SOD
Cache stats:
Merging duplicate symbols...
CSCppTaskMemory pid:
CSCppTaskMemory: range values must not overlap
CSCppTaskMemory: retired memory must be contained by live memory
%s: %6.6f seconds
%s: %lld ms
/CoreSymbolicationDT.framework/
___Z
DYLD-STUB$$
swift_demangle_getSimplifiedDemangledName
CS_DO_NOT_DEMANGLE_SWIFT
../../Developer/Toolchains/XcodeDefault.xctoolchain/usr/lib/libswiftDemangle.dylib
../../usr/lib/libswiftDemangle.dylib
/usr/lib/swift/libswiftDemangle.dylib
/System/Library/PrivateFrameworks/Swift/libswiftDemangle.dylib
kCSNull
Unknown typeRef
<CSRegion: %p> [0x%016llx -> 0x%016llx) %s
<CSRegion: %p> [0x%08llx -> 0x%08llx) %s
<CSSourceInfo: %p> [0x%016llx -> 0x%016llx) %s:%d
<CSSourceInfo: %p> [0x%08llx -> 0x%08llx) %s:%d
Failed to read dyld info for process %d (%d)
CoreSymbolication - creating symbolicator for current process
CoreSymbolication - creating symbolicator for remote process
CoreSymbolication target process: %s  pid: %d  path: %s
                  parent process: %s  pid: %d  path: %s
CoreSymbolication target process: %s  pid: %d  path: %s
Couldn't determine parent process ID
__FAILED
/usr/lib/dyld
Missing page in pid %d, read of header data for [%s] failed, err code %#x
Processing header for %s
v32@?0Q8r*16r*24
CoreSymbolication dyld load/unload notifier queue
v44@?0B8Q12Q20r*28r*36
Failed to start process notifications for pid %d (%d)
%s0x%8.8x:
 %2.2x
 %4.4x
 %8.8x
 %16.16llx
 0x%llx
 %lld
%s bit
  %6s = %8.8llx
  %6s = ?
rflags
eflags
flags
bitset set argument out of range
bitset reset argument out of range
<CIE %p> vers=%2.2x codeAlign=%2u dataAlign=%2d raReg=%-6s instr=[%8.8x + %3u) enc=%02x
<FDE %p> cie=0x%8.8x range=[0x%8.8llx - 0x%8.8llx) instr=[%8.8x + %3u)
?     
u     
s     
[%-+3lld] 
CFA   
CFA%-+2lld 
%5s 
[EXPR] 
EXPR 
                    
%-5u 
Address     CFA   
CIE parse error: CIE augmentation string was too large for the fixed sized buffer of %d bytes.
CoreSymbolication warning: Unable to locate CIE at 0x%8.8x = 0x%8.8x - (0x%8.8x + 4)
CoreSymbolication warning: Unable to locate CIE with ID 0x%8.8x
CoreSymbolication warning: fde.addrRange.location 0x%8.8llx isn't in the the __TEXT segment [0x%8.8llx - 0x%8.8llx)
<CSCallFrameInfo %p> CIEs: %5ld  FDEs: %5ld
CIEs:
0x%8.8x: 
FDEs:
[%6ld]: 
FDEs sorted by address:
[%6d]: %20s 
mFDEs[%6d] address isn't contained in header
 '%s' with __TEXT [0x%8.8llx - 0x%8.8llx)
mFDEs[%6d] and mFDEs[%6d] ranges out of order
mFDEs[%6d] and mFDEs[%6d] ranges overlap
mFDEs[%6d] is from 0x%8.8llx in '%s'
mFDEs[%6d] is from 0x%8.8llx/0x%8.8llx in '%s'
memory read of %u bytes at address 0x%8.8llx failed: %s
memory read of %u bytes at address 0x%8.8llx failed: 0x%8.8x
memory read of %u bytes at address 0x%8.8llx failed: NULL data returned
Unsupported DW_ATE encoding in value argument: %u
failed to read register number: %llu
0x%8.8llx: %s%-+4d 
__IMPORT
__jump_table
__eh_frame
CoreSymbolication warning: error parsing %s at 0x%8.8llx in:
__TEXT [0x%8.8llx - 0x%8.8llx) __eh_frame [0x%8.8llx - 0x%8.8llx) %s
NULL
pid %d Failure reading CFI info at %s
Caught exception in create_sampling_context_for_task:
Missing page in pid %d, sampling of thread failed, err code %d
dispatch_queue_offsets
libdispatch.dylib
_sigtramp
libsystem_platform.dylib
start_wqthread
libsystem_pthread.dylib
get_remote_thread_dispatch_queue2 thread_info(THREAD_IDENTIFIER_INFO) call failed for pid %u thread %u, err %d
get_remote_thread_dispatch_queue2 thread_info(THREAD_EXTENDED_INFO) call failed for pid %u thread %u, err %d
Caught exception in get_remote_thread_dispatch_queue2:
Caught exception in get_remote_thread_dispatch_queue2 for pid %u: %s
Couldn't find _sigtramp symbol in expected dylibs
Found _sigtramp symbol after %u tries
sample_remote_thread_with_dispatch_queue2 failed to get thread state for pid %u thread %u
Caught exception in sample_remote_thread2:
Caught exception in sample_remote_thread_with_dispatch_queue2 for pid %u: %s
sample_remote_thread_with_dispatch_queue2 got zero frames for pid %u thread %u
Missing page in pid %d, checking for second frame failed, err code %d
x86_64-apple-macosx
i686-apple-macosx
Resources/libCoreSymbolicationLTO.dylib
libCoreSymbolicationLTO.dylib
%s backtracing failed to load library libCoreSymbolicationLTO.dylib: %s
Initialize
Create
Dispose
Handler
%s backtracing failed to load symbol from library libCoreSymbolicationLTO.dylib: %s
libsystem_kernel.dylib
_sysenter_trap
_objc_msgSend
mach_vm_remap failed: %s
Call to mach_vm_remap failed
mach_vm_remap could not map pages r/w: %#x
addr(0x%8.8llx) 
deref
const1u(0x%2.2x) 
const1s(0x%2.2x) 
const2u(0x%4.4x) 
const2s(0x%4.4x) 
const4u(0x%8.8x) 
const4s(0x%8.8x) 
const8u(0x%16.16llx) 
const8s(0x%16.16llx) 
constu(0x%llx) 
consts(0x%llx) 
drop
over
pick(0x%2.2x) 
swap
xderef
minus
plus
plus_uconst(0x%llx) 
shra
skip
lit%i
reg%i
breg%i(0x%llx)
regx(0x%llx)
fbreg(0x%llx)
bregx(0x%llx, 0x%llx)
piece(0x%llx)
deref_size(0x%2.2x)
xderef_size(0x%2.2x)
push_object_address
call2(0x%4.4x)
call4(0x%8.8x)
call_ref(0x%8.8llx)
lo_user
hi_user
[0x%8.8llx - 0x%8.8llx){
base_addr = 0x%8.8llx
invalid offset and/or length for opcodes buffer
Stack empty for DW_OP_deref
DW_OP_deref: No read memory callback provided
Stack empty for DW_OP_deref_size
DW_OP_deref_size: No read memory callback provided
error: DW_OP_deref_size attempted to dereference a value with a size larger than a target address.
error: UNIMPLEMENTED opcode DW_OP_xderef_size
error: UNIMPLEMENTED opcode DW_OP_xderef
Stack empty for DW_OP_dup
Stack empty for DW_OP_drop
Stack size less than 2 elements for DW_OP_over
Index out of range for DW_OP_pick
Stack size less than 2 elements for DW_OP_swap
Stack size less than 3 elements for DW_OP_rot
Stack empty for DW_OP_abs
Stack size less than 2 elements for DW_OP_and
DW_OP_div divide by zero
Stack size less than 2 elements for DW_OP_minus
Stack size less than 2 elements for DW_OP_mod
Stack empty for DW_OP_neg
Stack empty for DW_OP_not
Stack size less than 2 elements for DW_OP_or
Stack size less than 2 elements for DW_OP_plus
Stack empty for DW_OP_plus_uconst
Stack size less than 2 elements for DW_OP_shl
Stack size less than 2 elements for DW_OP_shr
Stack size less than 2 elements for DW_OP_shra
Stack size less than 2 elements for DW_OP_xor
DW_OP_skip has invalid opcode offset
DW_OP_bra has invalid opcode offset
Stack size less than 2 elements for DW_OP_eq
Stack size less than 2 elements for DW_OP_ge
Stack size less than 2 elements for DW_OP_gt
Stack size less than 2 elements for DW_OP_le
Stack size less than 2 elements for DW_OP_lt
Stack size less than 2 elements for DW_OP_ne
DW_OP_reg: No read register callback provided
DW_OP_regx: No read register callback provided
DW_OP_breg: No read register callback provided
DW_OP_bregx: No read register callback provided
DW_OP_fbreg is not implemented
DW_OP_piece is not implemented.
DW_OP_push_object_address is not implemented.
DW_OP_call2 is not implemented.
DW_OP_call4 is not implemented.
DW_OP_call_ref is not implemented.
DW_OP_bit_piece is not implemented.
Value is not initialized
Unknown DWARF DW_OP value.
Stack empty after evaluation
Caught EXC_BAD_ACCESS at 0x%llx, valid page mapping, page query flags (0x%x)
mach_exc_server failed: %s
error replying to mach msg: %s
failure while allocating exception port: %s
/Library/Caches/com.apple.xbs/Sources/CoreSymbolication/CoreSymbolication-64532.4/CoreSymbolication/CSCppCFDataMemory.cpp
CSCppCFDataMemory
DBGSymbolRichExecutable
DBGSourcePathRemapping
/BuildRoot
DBGSourceCachePathMapping
/SourceCache
DBGBuildSourcePath
DBGSourcePath
Failed to get file system representation for url: 
Failed to get utf8 string data for: 
Attempt to transform source info path [%s] using old_prefix [%s] and new_prefix [%s] blew out the transform buffer
%02hhX%02hhX%02hhX%02hhX/%02hhX%02hhX/%02hhX%02hhX/%02hhX%02hhX/%02hhX%02hhX%02hhX%02hhX%02hhX%02hhX/
%s%s%s%s
v16@?0^{dyld_cache_mapping_info=QQQII}8
v24@?0r^{dyld_shared_cache_dylib_info=II^v*^[16C]QQ}8r^{dyld_shared_cache_segment_info=Q*QQQQ}16
v32@?0r*8Q16Q24
CSCppDyldSharedCache path:
, (symbol owner: 
IsFunction, 
IsDyldStub, 
IsObjcMethod, 
IsJavaMethod, 
IsExternal, 
IsPrivateExternal, 
IsThumb, 
IsOmitFramePointer, 
IsKnownLength, 
IsMarked, 
Lock, 
NameSourceNlist, 
NameSourceDwarf, 
NameSourceDwarfMIPSLinkage, 
NameValid, 
NameAllocated, 
MangledNameSourceNlist, 
MangledNameSourceDwarf, 
MangledNameSourceDwarfMIPSLinkage, 
MangledNameValid, 
MangledNameAllocated, 
IsObjcMethodValid, 
NList, 
Dwarf, 
DebugMap, 
FunctionStarts, 
Merged, 
%1.2f %s
0.00 B
com.apple.coresymbolicationd
Invalid connection: %s
Client side event: Unhandled xpc type
Unable to acquire mach service port, symbol cache unavailable
is_valid
timeout
version
capacity
bytes_total
count
uptime
filters
results
should_delete_precached
entry
archive_shmem
write_errno
shmem
free_capacity
success
major_version
minor_version
%02hhX%02hhX%02hhX%02hhX-%02hhX%02hhX-%02hhX%02hhX-%02hhX%02hhX-%02hhX%02hhX%02hhX%02hhX%02hhX%02hhX
Attempt to create [%s] failed. %s
Attempt to initialize fd failed. %s
Failed to execute PUNCHHOLE at offset %lld with size %lld. Reason = %s
add_archive pwrite failed: %s
page_aligned_mmap_archive_size > 8 && *reinterpret_cast<uint64_t *>(bytes) != 0
/Library/Caches/com.apple.xbs/Sources/CoreSymbolication/CoreSymbolication-64532.4/CoreSymbolication/MMapArchiveFileSystem.cpp
Empty archive
Call to extend file size to %lld failed. %s
coresymbolicationd: compact operation encountered empty archive:
dyld_v1    i386
dyld_v1  x86_64
dyld_v1 x86_64h
dyld_v1   armv5
dyld_v1   armv6
dyld_v1   armv7
dyld_v1  armv7
dyld_v1   arm64
dyld_v1arm64_32
dyld_v1  arm64e
v56@?0r*8r*16Q24Q32Q40Q48
Could not read UUID of running kernel
Succesfully created kext symbol owners.
Unable to create any kext symbol owners.
CSSymbolicatorCreateWithCSCppMachTaskFlagsAndNotification exception failure: %s
Failed to find matching kernel in %s%s%s
Error reading kernels directory: %s
Found matching kernel in %s%s%s
Found running kernel dummy entry.
Attempt to mmap %s failed, Unknown Error %d
Attempt to mmap %s failed, %s
Attempting to map range %llu-%llu length %llu past end of file %llu in: %s
CSCppMachTaskContainer pid_for_task failed for task %u, err %d
CSCppMachTaskContainer task_for_pid failed for process %u, err %d
FAILED: dyld %s of %s
Missing page in pid %d, create of symbol owner data for [%s] failed, err code %d
Dyld shared cache binary not found in dsc text segment: %p
Provided dSYM: [%s] does not match symbol owner %p
Caught exception in %s:
Segments in dSYM [%s] could not be matched to task header
Bad abbrev table offset in compile unit
Compile unit with bad address_size
Unsupported compile unit type
Out of bounds compile unit
Possible reference cycle in DIE
Ref addr is not within the bounds of any compile unit
Out-of-bounds abstract origin or specification offset
Attempt to relocate address [0x%llx], which is outside segment deltas
[CoreSymbolication] In DWARF data from %s:
  .debug_line[%llx] file = %d is not a valid index
Empty object_file_path in mach-o header: %s
Empty function_name in mach-o header: %s
TEXT_text_location %llx outside of relocations in mmap SOD
Source info %s [%llx -> %llx) outside of relocations in mmap SOD
Symbol %s [%llx -> %llx) outside of relocations in mmap SOD
Region %s [%llx -> %llx) outside of relocations in mmap SOD
Failed to read dyld info for process %d (%d)
Missing page in pid %d, read of header data for [%s] failed, err code %#x
Failed to start process notifications for pid %d (%d)
pid %d Failure reading CFI info at %s
Missing page in pid %d, sampling of thread failed, err code %d
get_remote_thread_dispatch_queue2 thread_info(THREAD_IDENTIFIER_INFO) call failed for pid %u thread %u, err %d
get_remote_thread_dispatch_queue2 thread_info(THREAD_EXTENDED_INFO) call failed for pid %u thread %u, err %d
Caught exception in get_remote_thread_dispatch_queue2 for pid %u: %s
sample_remote_thread_with_dispatch_queue2 failed to get thread state for pid %u thread %u
Caught exception in sample_remote_thread_with_dispatch_queue2 for pid %u: %s
sample_remote_thread_with_dispatch_queue2 got zero frames for pid %u thread %u
Missing page in pid %d, checking for second frame failed, err code %d
%s backtracing failed to load library libCoreSymbolicationLTO.dylib: %s
%s backtracing failed to load symbol from library libCoreSymbolicationLTO.dylib: %s
mach_vm_remap failed: %s
mach_vm_remap could not map pages r/w: %#x
Caught EXC_BAD_ACCESS at 0x%llx, valid page mapping, page query flags (0x%x)
mach_exc_server failed: %s
error replying to mach msg: %s
failure while allocating exception port: %s
Failed to get file system representation for url: 
Failed to get utf8 string data for: 
Attempt to transform source info path [%s] using old_prefix [%s] and new_prefix [%s] blew out the transform buffer
Invalid connection: %s
Client side event: Unhandled xpc type
Unable to acquire mach service port, symbol cache unavailable
Attempt to create [%s] failed. %s
Attempt to initialize fd failed. %s
Failed to execute PUNCHHOLE at offset %lld with size %lld. Reason = %s
add_archive pwrite failed: %s
Call to extend file size to %lld failed. %s
coresymbolicationd: compact operation encountered empty archive:
